/Users/sangkiko/SpikeNN/.venv/lib/python3.9/site-packages/urllib3/__init__.py:35: NotOpenSSLWarning: urllib3 v2 only supports OpenSSL 1.1.1+, currently the 'ssl' module is compiled with 'LibreSSL 2.8.3'. See: https://github.com/urllib3/urllib3/issues/3020
  warnings.warn(
neuron 16 Cannot activate next neuron, all neurons of class 3 are already active
neuron 14 Cannot activate next neuron, all neurons of class 2 are already active
neuron 21 Cannot activate next neuron, all neurons of class 4 are already active
neuron 27 Cannot activate next neuron, all neurons of class 5 are already active
neuron 3 Cannot activate next neuron, all neurons of class 0 are already active
neuron 38 Cannot activate next neuron, all neurons of class 7 are already active
neuron 48 Cannot activate next neuron, all neurons of class 9 are already active
neuron 8 Cannot activate next neuron, all neurons of class 1 are already active
neuron 44 Cannot activate next neuron, all neurons of class 8 are already active
neuron 32 Cannot activate next neuron, all neurons of class 6 are already active
Epoch 0: Train Acc 0.5540
[INFO] Active neurons total=50, per-class=[5, 5, 5, 5, 5, 5, 5, 5, 5, 5], pre=50, post_grow=50, post_prune=50, grew=0, pruned=0
[INFO] Class difficulty=[0.7070000171661377, 0.6629999876022339, 0.8209999799728394, 0.8970000147819519, 0.7699999809265137, 0.7490000128746033, 0.6169999837875366, 0.6899999976158142, 0.6460000276565552, 0.6690000295639038], hardness=[0.5559999942779541, 0.22200000286102295, 0.8889999985694885, 1.0, 0.777999997138977, 0.6669999957084656, 0.0, 0.4440000057220459, 0.11100000143051147, 0.3330000042915344], grew_per_class=[0, 0, 0, 0, 0, 0, 0, 0, 0, 0], pruned_per_class=[0, 0, 0, 0, 0, 0, 0, 0, 0, 0]
target_updates[[0 1 2 3 4]]: [ 144 1086 1086 1097 1087]
ntarget_updates[[0 1 2 3 4]]: [17096  5695  5359  6036  6314]
thresholds[[0 1 2 3 4]]: [1600. 1615. 1610. 1605. 1600.]

target_updates[[5 6 7 8 9]]: [  72 1108 1105 1117 1098]
ntarget_updates[[5 6 7 8 9]]: [16198  6447  5959  6236  5660]
thresholds[[5 6 7 8 9]]: [1600. 1600. 1610. 1605. 1615.]

target_updates[[10 11 12 13 14]]: [ 168 1085 1085 1066 1096]
ntarget_updates[[10 11 12 13 14]]: [12316  6923  7047  6708  7506]
thresholds[[10 11 12 13 14]]: [1600. 1610. 1615. 1605. 1600.]

target_updates[[15 16 17 18 19]]: [ 329 1049 1026 1049 1047]
ntarget_updates[[15 16 17 18 19]]: [13475  7134  6663  6801  6427]
thresholds[[15 16 17 18 19]]: [1600. 1605. 1610. 1600. 1615.]

target_updates[[20 21 22 23 24]]: [ 195 1081 1078 1081 1065]
ntarget_updates[[20 21 22 23 24]]: [13656  7229  5987  6646  6982]
thresholds[[20 21 22 23 24]]: [1600. 1610. 1615. 1600. 1605.]

target_updates[[25 26 27 28 29]]: [ 158 1073 1093 1091 1085]
ntarget_updates[[25 26 27 28 29]]: [14580  6341  6375  7014  6190]
thresholds[[25 26 27 28 29]]: [1600. 1615. 1610. 1600. 1605.]

target_updates[[30 31 32 33 34]]: [  55 1110 1114 1108 1113]
ntarget_updates[[30 31 32 33 34]]: [17033  5877  6296  5310  5984]
thresholds[[30 31 32 33 34]]: [1600. 1610. 1600. 1615. 1605.]

target_updates[[35 36 37 38 39]]: [ 117 1093 1089 1103 1098]
ntarget_updates[[35 36 37 38 39]]: [13755  6583  6675  6650  6837]
thresholds[[35 36 37 38 39]]: [1600. 1610. 1615. 1600. 1605.]

target_updates[[40 41 42 43 44]]: [ 104 1100 1099 1093 1104]
ntarget_updates[[40 41 42 43 44]]: [18929  5338  5575  5070  5588]
thresholds[[40 41 42 43 44]]: [1600. 1605. 1615. 1610. 1600.]

target_updates[[45 46 47 48 49]]: [  73 1104 1100 1114 1109]
ntarget_updates[[45 46 47 48 49]]: [15660  5721  6277  6363  6479]
thresholds[[45 46 47 48 49]]: [1600. 1610. 1615. 1600. 1605.]

=== Layer 0 ===
	Mean activate weights: 0.30000001192092896 +- 0.01590000092983246 (min:0.1899999976158142 ; max:0.40299999713897705)
	Min firing time: 0.8303765654563904 +- 0.026795528829097748
	Mean firing time: 0.8318167328834534 +- 0.02661682292819023
Accuracy on training set after epoch 0: 0.554
Accuracy on validation set after epoch 0: 0.6628
Accuracy on test set after epoch 0: 0.6492
neuron 17 Cannot activate next neuron, all neurons of class 3 are already active
neuron 13 Cannot activate next neuron, all neurons of class 2 are already active
neuron 29 Cannot activate next neuron, all neurons of class 5 are already active
neuron 22 Cannot activate next neuron, all neurons of class 4 are already active
neuron 2 Cannot activate next neuron, all neurons of class 0 are already active
neuron 37 Cannot activate next neuron, all neurons of class 7 are already active
neuron 49 Cannot activate next neuron, all neurons of class 9 are already active
neuron 42 Cannot activate next neuron, all neurons of class 8 are already active
neuron 7 Cannot activate next neuron, all neurons of class 1 are already active
neuron 34 Cannot activate next neuron, all neurons of class 6 are already active
Epoch 1: Train Acc 0.6194
[INFO] Active neurons total=50, per-class=[5, 5, 5, 5, 5, 5, 5, 5, 5, 5], pre=50, post_grow=50, post_prune=50, grew=0, pruned=0
[INFO] Class difficulty=[0.6850000023841858, 0.6169999837875366, 0.7730000019073486, 0.8429999947547913, 0.7300000190734863, 0.734000027179718, 0.6060000061988831, 0.6570000052452087, 0.6209999918937683, 0.6380000114440918], hardness=[0.5559999942779541, 0.11100000143051147, 0.8889999985694885, 1.0, 0.6669999957084656, 0.777999997138977, 0.0, 0.4440000057220459, 0.22200000286102295, 0.3330000042915344], grew_per_class=[0, 0, 0, 0, 0, 0, 0, 0, 0, 0], pruned_per_class=[0, 0, 0, 0, 0, 0, 0, 0, 0, 0]
target_updates[[0 1 2 3 4]]: [ 195 1061 1091 1081 1072]
ntarget_updates[[0 1 2 3 4]]: [24298  4533  3554  4069  4046]
thresholds[[0 1 2 3 4]]: [1600. 1602. 1604. 1608. 1606.]

target_updates[[5 6 7 8 9]]: [  56 1097 1123 1115 1109]
ntarget_updates[[5 6 7 8 9]]: [23316  4520  4115  4173  4376]
thresholds[[5 6 7 8 9]]: [1600. 1604. 1604. 1605. 1608.]

target_updates[[10 11 12 13 14]]: [ 257 1038 1034 1095 1076]
ntarget_updates[[10 11 12 13 14]]: [19284  5782  5466  4789  5179]
thresholds[[10 11 12 13 14]]: [1600. 1602. 1608. 1607. 1604.]

target_updates[[15 16 17 18 19]]: [ 312  991 1075 1066 1056]
ntarget_updates[[15 16 17 18 19]]: [19982  6030  4468  5078  4942]
thresholds[[15 16 17 18 19]]: [1600. 1603. 1603. 1604. 1604.]

target_updates[[20 21 22 23 24]]: [ 222 1041 1106 1051 1080]
ntarget_updates[[20 21 22 23 24]]: [20631  5950  4180  5260  4479]
thresholds[[20 21 22 23 24]]: [1600. 1605. 1604. 1605. 1606.]

target_updates[[25 26 27 28 29]]: [ 169 1067 1084 1088 1092]
ntarget_updates[[25 26 27 28 29]]: [20565  5736  4847  4656  4696]
thresholds[[25 26 27 28 29]]: [1600. 1602. 1603. 1604. 1603.]

target_updates[[30 31 32 33 34]]: [ 104 1098 1096 1096 1106]
ntarget_updates[[30 31 32 33 34]]: [24569  3583  4394  4182  3772]
thresholds[[30 31 32 33 34]]: [1600. 1604. 1603. 1604. 1606.]

target_updates[[35 36 37 38 39]]: [ 147 1099 1104 1096 1054]
ntarget_updates[[35 36 37 38 39]]: [21381  3988  4733  4449  5949]
thresholds[[35 36 37 38 39]]: [1600. 1603. 1604. 1608. 1606.]

target_updates[[40 41 42 43 44]]: [ 118 1109 1111 1090 1072]
ntarget_updates[[40 41 42 43 44]]: [24996  2811  4248  3617  4828]
thresholds[[40 41 42 43 44]]: [1600. 1604. 1610. 1608. 1604.]

target_updates[[45 46 47 48 49]]: [  71 1102 1103 1107 1117]
ntarget_updates[[45 46 47 48 49]]: [23351  4295  4682  4331  3841]
thresholds[[45 46 47 48 49]]: [1600. 1604. 1603. 1604. 1604.]

=== Layer 0 ===
	Mean activate weights: 0.30000001192092896 +- 0.020899999886751175 (min:0.15600000321865082 ; max:0.4490000009536743)
	Min firing time: 0.8295945525169373 +- 0.02687901444733143
	Mean firing time: 0.8319073915481567 +- 0.026600128039717674
Accuracy on training set after epoch 1: 0.6194
Accuracy on validation set after epoch 1: 0.7062
Accuracy on test set after epoch 1: 0.6916
neuron 17 Cannot activate next neuron, all neurons of class 3 are already active
neuron 14 Cannot activate next neuron, all neurons of class 2 are already active
neuron 29 Cannot activate next neuron, all neurons of class 5 are already active
neuron 22 Cannot activate next neuron, all neurons of class 4 are already active
neuron 2 Cannot activate next neuron, all neurons of class 0 are already active
neuron 36 Cannot activate next neuron, all neurons of class 7 are already active
neuron 47 Cannot activate next neuron, all neurons of class 9 are already active
neuron 34 Cannot activate next neuron, all neurons of class 6 are already active
neuron 42 Cannot activate next neuron, all neurons of class 8 are already active
neuron 7 Cannot activate next neuron, all neurons of class 1 are already active
Epoch 2: Train Acc 0.7122
[INFO] Active neurons total=50, per-class=[5, 5, 5, 5, 5, 5, 5, 5, 5, 5], pre=50, post_grow=50, post_prune=50, grew=0, pruned=0
[INFO] Class difficulty=[0.6430000066757202, 0.5759999752044678, 0.7089999914169312, 0.7670000195503235, 0.6700000166893005, 0.6949999928474426, 0.5820000171661377, 0.6159999966621399, 0.5809999704360962, 0.6000000238418579], hardness=[0.5559999942779541, 0.0, 0.8889999985694885, 1.0, 0.6669999957084656, 0.777999997138977, 0.22200000286102295, 0.4440000057220459, 0.11100000143051147, 0.3330000042915344], grew_per_class=[0, 0, 0, 0, 0, 0, 0, 0, 0, 0], pruned_per_class=[0, 0, 0, 0, 0, 0, 0, 0, 0, 0]
target_updates[[0 1 2 3 4]]: [ 156 1090 1114 1088 1052]
ntarget_updates[[0 1 2 3 4]]: [26064  3979  3139  3561  3757]
thresholds[[0 1 2 3 4]]: [1600. 1602. 1602. 1602. 1602.]

target_updates[[5 6 7 8 9]]: [  49 1088 1135 1124 1104]
ntarget_updates[[5 6 7 8 9]]: [26280  3562  3473  3375  3810]
thresholds[[5 6 7 8 9]]: [1600. 1601. 1603. 1602. 1601.]

target_updates[[10 11 12 13 14]]: [ 196 1060 1020 1109 1115]
ntarget_updates[[10 11 12 13 14]]: [21811  5725  4994  3885  4085]
thresholds[[10 11 12 13 14]]: [1600. 1601. 1601. 1603. 1603.]

target_updates[[15 16 17 18 19]]: [ 252  967 1114 1071 1096]
ntarget_updates[[15 16 17 18 19]]: [21529  6084  3827  4824  4236]
thresholds[[15 16 17 18 19]]: [1600. 1601. 1601. 1601. 1603.]

target_updates[[20 21 22 23 24]]: [ 150 1074 1122 1042 1112]
ntarget_updates[[20 21 22 23 24]]: [22296  5582  3273  5947  3402]
thresholds[[20 21 22 23 24]]: [1600. 1602. 1602. 1603. 1601.]

target_updates[[25 26 27 28 29]]: [ 143 1021 1093 1120 1123]
ntarget_updates[[25 26 27 28 29]]: [22385  6337  4284  3645  3849]
thresholds[[25 26 27 28 29]]: [1600. 1602. 1603. 1602. 1602.]

target_updates[[30 31 32 33 34]]: [  84 1123 1073 1093 1127]
ntarget_updates[[30 31 32 33 34]]: [26725  2949  3980  3794  3052]
thresholds[[30 31 32 33 34]]: [1600. 1602. 1601. 1602. 1603.]

target_updates[[35 36 37 38 39]]: [ 103 1118 1090 1114 1075]
ntarget_updates[[35 36 37 38 39]]: [24059  2712  4726  3302  5701]
thresholds[[35 36 37 38 39]]: [1600. 1602. 1601. 1603. 1601.]

target_updates[[40 41 42 43 44]]: [  67 1122 1142 1090 1079]
ntarget_updates[[40 41 42 43 44]]: [26795  2288  3355  3748  4314]
thresholds[[40 41 42 43 44]]: [1600. 1602. 1605. 1602. 1601.]

target_updates[[45 46 47 48 49]]: [  66 1086 1119 1113 1116]
ntarget_updates[[45 46 47 48 49]]: [26051  3777  3887  3727  3058]
thresholds[[45 46 47 48 49]]: [1600. 1600. 1601. 1602. 1602.]

=== Layer 0 ===
	Mean activate weights: 0.30000001192092896 +- 0.024700000882148743 (min:0.13600000739097595 ; max:0.4740000069141388)
	Min firing time: 0.8290973901748657 +- 0.026938948780298233
	Mean firing time: 0.83203125 +- 0.02657940238714218
Accuracy on training set after epoch 2: 0.7122
Accuracy on validation set after epoch 2: 0.7356
Accuracy on test set after epoch 2: 0.7239
neuron 19 Cannot activate next neuron, all neurons of class 3 are already active
neuron 14 Cannot activate next neuron, all neurons of class 2 are already active
neuron 29 Cannot activate next neuron, all neurons of class 5 are already active
neuron 22 Cannot activate next neuron, all neurons of class 4 are already active
neuron 1 Cannot activate next neuron, all neurons of class 0 are already active
neuron 36 Cannot activate next neuron, all neurons of class 7 are already active
neuron 47 Cannot activate next neuron, all neurons of class 9 are already active
neuron 34 Cannot activate next neuron, all neurons of class 6 are already active
neuron 42 Cannot activate next neuron, all neurons of class 8 are already active
neuron 7 Cannot activate next neuron, all neurons of class 1 are already active
Epoch 3: Train Acc 0.7730
[INFO] Active neurons total=50, per-class=[5, 5, 5, 5, 5, 5, 5, 5, 5, 5], pre=50, post_grow=50, post_prune=50, grew=0, pruned=0
[INFO] Class difficulty=[0.6110000014305115, 0.5569999814033508, 0.6690000295639038, 0.7179999947547913, 0.6259999871253967, 0.6629999876022339, 0.5659999847412109, 0.5879999995231628, 0.5600000023841858, 0.5770000219345093], hardness=[0.5559999942779541, 0.0, 0.8889999985694885, 1.0, 0.6669999957084656, 0.777999997138977, 0.22200000286102295, 0.4440000057220459, 0.11100000143051147, 0.3330000042915344], grew_per_class=[0, 0, 0, 0, 0, 0, 0, 0, 0, 0], pruned_per_class=[0, 0, 0, 0, 0, 0, 0, 0, 0, 0]
target_updates[[0 1 2 3 4]]: [ 128 1152 1138 1130  952]
ntarget_updates[[0 1 2 3 4]]: [26911  3737  3043  3421  3388]
thresholds[[0 1 2 3 4]]: [1600. 1601. 1601. 1601. 1600.]

target_updates[[5 6 7 8 9]]: [  47 1080 1187 1080 1106]
ntarget_updates[[5 6 7 8 9]]: [28024  3039  3075  2915  3447]
thresholds[[5 6 7 8 9]]: [1600. 1600. 1601. 1600. 1600.]

target_updates[[10 11 12 13 14]]: [ 157 1019  980 1170 1174]
ntarget_updates[[10 11 12 13 14]]: [23139  5357  4624  3585  3795]
thresholds[[10 11 12 13 14]]: [1600. 1600. 1600. 1601. 1601.]

target_updates[[15 16 17 18 19]]: [ 199  972 1122 1039 1168]
ntarget_updates[[15 16 17 18 19]]: [22009  6245  3569  4665  4012]
thresholds[[15 16 17 18 19]]: [1600. 1600. 1600. 1600. 1601.]

target_updates[[20 21 22 23 24]]: [ 123 1055 1133 1071 1118]
ntarget_updates[[20 21 22 23 24]]: [23579  5021  3049  5791  3060]
thresholds[[20 21 22 23 24]]: [1600. 1600. 1600. 1601. 1600.]

target_updates[[25 26 27 28 29]]: [ 124  911 1133 1150 1182]
ntarget_updates[[25 26 27 28 29]]: [23383  5911  4120  3395  3691]
thresholds[[25 26 27 28 29]]: [1600. 1600. 1601. 1601. 1601.]

target_updates[[30 31 32 33 34]]: [  70 1169  992 1048 1221]
ntarget_updates[[30 31 32 33 34]]: [27916  2711  3463  3561  2849]
thresholds[[30 31 32 33 34]]: [1600. 1601. 1600. 1600. 1602.]

target_updates[[35 36 37 38 39]]: [  89 1137 1071 1124 1079]
ntarget_updates[[35 36 37 38 39]]: [25592  2435  4236  2891  5346]
thresholds[[35 36 37 38 39]]: [1600. 1600. 1600. 1601. 1600.]

target_updates[[40 41 42 43 44]]: [  53 1129 1229  994 1095]
ntarget_updates[[40 41 42 43 44]]: [28258  2064  2924  3283  3971]
thresholds[[40 41 42 43 44]]: [1600. 1600. 1602. 1600. 1600.]

target_updates[[45 46 47 48 49]]: [  60 1053 1142 1117 1128]
ntarget_updates[[45 46 47 48 49]]: [27439  3432  3509  3377  2743]
thresholds[[45 46 47 48 49]]: [1600. 1600. 1601. 1601. 1600.]

=== Layer 0 ===
	Mean activate weights: 0.30000001192092896 +- 0.027799999341368675 (min:0.12200000137090683 ; max:0.492000013589859)
	Min firing time: 0.8288145065307617 +- 0.026968445628881454
	Mean firing time: 0.8321306705474854 +- 0.02656341716647148
Accuracy on training set after epoch 3: 0.773
Accuracy on validation set after epoch 3: 0.7452
Accuracy on test set after epoch 3: 0.7374
neuron 19 Cannot activate next neuron, all neurons of class 3 are already active
neuron 14 Cannot activate next neuron, all neurons of class 2 are already active
neuron 29 Cannot activate next neuron, all neurons of class 5 are already active
neuron 22 Cannot activate next neuron, all neurons of class 4 are already active
neuron 1 Cannot activate next neuron, all neurons of class 0 are already active
neuron 36 Cannot activate next neuron, all neurons of class 7 are already active
neuron 49 Cannot activate next neuron, all neurons of class 9 are already active
neuron 34 Cannot activate next neuron, all neurons of class 6 are already active
neuron 42 Cannot activate next neuron, all neurons of class 8 are already active
neuron 7 Cannot activate next neuron, all neurons of class 1 are already active
Epoch 4: Train Acc 0.8066
[INFO] Active neurons total=50, per-class=[5, 5, 5, 5, 5, 5, 5, 5, 5, 5], pre=50, post_grow=50, post_prune=50, grew=0, pruned=0
[INFO] Class difficulty=[0.5929999947547913, 0.5479999780654907, 0.6439999938011169, 0.6880000233650208, 0.6060000061988831, 0.6420000195503235, 0.5559999942779541, 0.5759999752044678, 0.5519999861717224, 0.5619999766349792], hardness=[0.5559999942779541, 0.0, 0.8889999985694885, 1.0, 0.6669999957084656, 0.777999997138977, 0.22200000286102295, 0.4440000057220459, 0.11100000143051147, 0.3330000042915344], grew_per_class=[0, 0, 0, 0, 0, 0, 0, 0, 0, 0], pruned_per_class=[0, 0, 0, 0, 0, 0, 0, 0, 0, 0]
target_updates[[0 1 2 3 4]]: [ 117 1164 1156 1152  911]
ntarget_updates[[0 1 2 3 4]]: [27544  3547  2895  3281  3233]
thresholds[[0 1 2 3 4]]: [1600. 1600. 1600. 1600. 1600.]

target_updates[[5 6 7 8 9]]: [  46 1078 1210 1055 1111]
ntarget_updates[[5 6 7 8 9]]: [28973  2771  2827  2693  3236]
thresholds[[5 6 7 8 9]]: [1600. 1600. 1600. 1600. 1600.]

target_updates[[10 11 12 13 14]]: [ 143 1006  945 1187 1219]
ntarget_updates[[10 11 12 13 14]]: [23991  5126  4388  3347  3648]
thresholds[[10 11 12 13 14]]: [1600. 1600. 1600. 1600. 1600.]

target_updates[[15 16 17 18 19]]: [ 179  959 1110 1003 1249]
ntarget_updates[[15 16 17 18 19]]: [22385  6212  3455  4536  3912]
thresholds[[15 16 17 18 19]]: [1600. 1600. 1600. 1600. 1600.]

target_updates[[20 21 22 23 24]]: [ 116 1056 1135 1083 1110]
ntarget_updates[[20 21 22 23 24]]: [24519  4667  2920  5514  2880]
thresholds[[20 21 22 23 24]]: [1600. 1600. 1600. 1600. 1600.]

target_updates[[25 26 27 28 29]]: [ 117  881 1159 1130 1213]
ntarget_updates[[25 26 27 28 29]]: [23990  5786  3878  3287  3559]
thresholds[[25 26 27 28 29]]: [1600. 1600. 1600. 1600. 1600.]

target_updates[[30 31 32 33 34]]: [  64 1188  963 1011 1274]
ntarget_updates[[30 31 32 33 34]]: [28652  2523  3294  3341  2690]
thresholds[[30 31 32 33 34]]: [1600. 1600. 1600. 1600. 1600.]

target_updates[[35 36 37 38 39]]: [  84 1132 1069 1127 1088]
ntarget_updates[[35 36 37 38 39]]: [26492  2331  3920  2758  4999]
thresholds[[35 36 37 38 39]]: [1600. 1600. 1600. 1600. 1600.]

target_updates[[40 41 42 43 44]]: [  50 1094 1288  981 1087]
ntarget_updates[[40 41 42 43 44]]: [29197  1915  2685  3076  3627]
thresholds[[40 41 42 43 44]]: [1600. 1600. 1600. 1600. 1600.]

target_updates[[45 46 47 48 49]]: [  57 1024 1143 1110 1166]
ntarget_updates[[45 46 47 48 49]]: [28283  3183  3276  3173  2585]
thresholds[[45 46 47 48 49]]: [1600. 1600. 1600. 1600. 1600.]

=== Layer 0 ===
	Mean activate weights: 0.30000001192092896 +- 0.03060000017285347 (min:0.10899999737739563 ; max:0.5059999823570251)
	Min firing time: 0.8286728262901306 +- 0.026979856193065643
	Mean firing time: 0.8322234153747559 +- 0.026549100875854492
Accuracy on training set after epoch 4: 0.8066
Accuracy on validation set after epoch 4: 0.7588
Accuracy on test set after epoch 4: 0.7467
neuron 19 Cannot activate next neuron, all neurons of class 3 are already active
neuron 14 Cannot activate next neuron, all neurons of class 2 are already active
neuron 29 Cannot activate next neuron, all neurons of class 5 are already active
neuron 22 Cannot activate next neuron, all neurons of class 4 are already active
neuron 1 Cannot activate next neuron, all neurons of class 0 are already active
neuron 38 Cannot activate next neuron, all neurons of class 7 are already active
neuron 49 Cannot activate next neuron, all neurons of class 9 are already active
neuron 34 Cannot activate next neuron, all neurons of class 6 are already active
neuron 42 Cannot activate next neuron, all neurons of class 8 are already active
neuron 7 Cannot activate next neuron, all neurons of class 1 are already active
Epoch 5: Train Acc 0.8295
[INFO] Active neurons total=50, per-class=[5, 5, 5, 5, 5, 5, 5, 5, 5, 5], pre=50, post_grow=50, post_prune=50, grew=0, pruned=0
[INFO] Class difficulty=[0.5820000171661377, 0.5410000085830688, 0.6290000081062317, 0.6679999828338623, 0.5929999947547913, 0.6269999742507935, 0.550000011920929, 0.5659999847412109, 0.5440000295639038, 0.5529999732971191], hardness=[0.5559999942779541, 0.0, 0.8889999985694885, 1.0, 0.6669999957084656, 0.777999997138977, 0.22200000286102295, 0.4440000057220459, 0.11100000143051147, 0.3330000042915344], grew_per_class=[0, 0, 0, 0, 0, 0, 0, 0, 0, 0], pruned_per_class=[0, 0, 0, 0, 0, 0, 0, 0, 0, 0]
target_updates[[0 1 2 3 4]]: [ 108 1167 1156 1155  914]
ntarget_updates[[0 1 2 3 4]]: [27977  3399  2805  3179  3140]
thresholds[[0 1 2 3 4]]: [1600. 1600. 1600. 1600. 1600.]

target_updates[[5 6 7 8 9]]: [  46 1076 1213 1051 1114]
ntarget_updates[[5 6 7 8 9]]: [29600  2579  2687  2553  3081]
thresholds[[5 6 7 8 9]]: [1600. 1600. 1600. 1600. 1600.]

target_updates[[10 11 12 13 14]]: [ 137 1009  939 1190 1225]
ntarget_updates[[10 11 12 13 14]]: [24638  4931  4284  3210  3437]
thresholds[[10 11 12 13 14]]: [1600. 1600. 1600. 1600. 1600.]

target_updates[[15 16 17 18 19]]: [ 167  962 1106 1002 1263]
ntarget_updates[[15 16 17 18 19]]: [22656  6166  3351  4535  3792]
thresholds[[15 16 17 18 19]]: [1600. 1600. 1600. 1600. 1600.]

target_updates[[20 21 22 23 24]]: [ 108 1062 1136 1093 1101]
ntarget_updates[[20 21 22 23 24]]: [25275  4391  2786  5302  2746]
thresholds[[20 21 22 23 24]]: [1600. 1600. 1600. 1600. 1600.]

target_updates[[25 26 27 28 29]]: [ 110  874 1164 1136 1216]
ntarget_updates[[25 26 27 28 29]]: [24424  5696  3726  3165  3489]
thresholds[[25 26 27 28 29]]: [1600. 1600. 1600. 1600. 1600.]

target_updates[[30 31 32 33 34]]: [  59 1182  966 1017 1276]
ntarget_updates[[30 31 32 33 34]]: [29109  2418  3207  3193  2573]
thresholds[[30 31 32 33 34]]: [1600. 1600. 1600. 1600. 1600.]

target_updates[[35 36 37 38 39]]: [  83 1129 1074 1129 1085]
ntarget_updates[[35 36 37 38 39]]: [27130  2292  3683  2683  4712]
thresholds[[35 36 37 38 39]]: [1600. 1600. 1600. 1600. 1600.]

target_updates[[40 41 42 43 44]]: [  49 1097 1295  970 1089]
ntarget_updates[[40 41 42 43 44]]: [29841  1838  2515  2909  3397]
thresholds[[40 41 42 43 44]]: [1600. 1600. 1600. 1600. 1600.]

target_updates[[45 46 47 48 49]]: [  54 1024 1144 1109 1169]
ntarget_updates[[45 46 47 48 49]]: [28847  3055  3132  3013  2453]
thresholds[[45 46 47 48 49]]: [1600. 1600. 1600. 1600. 1600.]

=== Layer 0 ===
	Mean activate weights: 0.30000001192092896 +- 0.0333000011742115 (min:0.0860000029206276 ; max:0.5210000276565552)
	Min firing time: 0.8285965323448181 +- 0.026984388008713722
	Mean firing time: 0.8323114514350891 +- 0.026535773649811745
Accuracy on training set after epoch 5: 0.8295
Accuracy on validation set after epoch 5: 0.7648
Accuracy on test set after epoch 5: 0.7541
neuron 19 Cannot activate next neuron, all neurons of class 3 are already active
neuron 14 Cannot activate next neuron, all neurons of class 2 are already active
neuron 29 Cannot activate next neuron, all neurons of class 5 are already active
neuron 22 Cannot activate next neuron, all neurons of class 4 are already active
neuron 1 Cannot activate next neuron, all neurons of class 0 are already active
neuron 38 Cannot activate next neuron, all neurons of class 7 are already active
neuron 49 Cannot activate next neuron, all neurons of class 9 are already active
neuron 34 Cannot activate next neuron, all neurons of class 6 are already active
neuron 42 Cannot activate next neuron, all neurons of class 8 are already active
neuron 7 Cannot activate next neuron, all neurons of class 1 are already active
Epoch 6: Train Acc 0.8476
[INFO] Active neurons total=50, per-class=[5, 5, 5, 5, 5, 5, 5, 5, 5, 5], pre=50, post_grow=50, post_prune=50, grew=0, pruned=0
[INFO] Class difficulty=[0.5730000138282776, 0.5370000004768372, 0.6159999966621399, 0.6499999761581421, 0.5809999704360962, 0.6150000095367432, 0.5450000166893005, 0.5590000152587891, 0.5389999747276306, 0.546999990940094], hardness=[0.5559999942779541, 0.0, 0.8889999985694885, 1.0, 0.6669999957084656, 0.777999997138977, 0.22200000286102295, 0.4440000057220459, 0.11100000143051147, 0.3330000042915344], grew_per_class=[0, 0, 0, 0, 0, 0, 0, 0, 0, 0], pruned_per_class=[0, 0, 0, 0, 0, 0, 0, 0, 0, 0]
target_updates[[0 1 2 3 4]]: [ 105 1163 1155 1155  922]
ntarget_updates[[0 1 2 3 4]]: [28295  3309  2718  3080  3098]
thresholds[[0 1 2 3 4]]: [1600. 1600. 1600. 1600. 1600.]

target_updates[[5 6 7 8 9]]: [  46 1075 1216 1046 1117]
ntarget_updates[[5 6 7 8 9]]: [30124  2419  2568  2443  2946]
thresholds[[5 6 7 8 9]]: [1600. 1600. 1600. 1600. 1600.]

target_updates[[10 11 12 13 14]]: [ 132 1014  941 1189 1224]
ntarget_updates[[10 11 12 13 14]]: [25166  4813  4143  3075  3303]
thresholds[[10 11 12 13 14]]: [1600. 1600. 1600. 1600. 1600.]

target_updates[[15 16 17 18 19]]: [ 165  964 1103 1000 1268]
ntarget_updates[[15 16 17 18 19]]: [22990  6080  3296  4500  3634]
thresholds[[15 16 17 18 19]]: [1600. 1600. 1600. 1600. 1600.]

target_updates[[20 21 22 23 24]]: [ 103 1072 1131 1095 1099]
ntarget_updates[[20 21 22 23 24]]: [25861  4204  2709  5054  2672]
thresholds[[20 21 22 23 24]]: [1600. 1600. 1600. 1600. 1600.]

target_updates[[25 26 27 28 29]]: [ 109  866 1160 1142 1223]
ntarget_updates[[25 26 27 28 29]]: [24827  5565  3564  3133  3411]
thresholds[[25 26 27 28 29]]: [1600. 1600. 1600. 1600. 1600.]

target_updates[[30 31 32 33 34]]: [  57 1183  962 1020 1278]
ntarget_updates[[30 31 32 33 34]]: [29501  2310  3118  3117  2454]
thresholds[[30 31 32 33 34]]: [1600. 1600. 1600. 1600. 1600.]

target_updates[[35 36 37 38 39]]: [  80 1129 1077 1129 1085]
ntarget_updates[[35 36 37 38 39]]: [27630  2218  3481  2638  4533]
thresholds[[35 36 37 38 39]]: [1600. 1600. 1600. 1600. 1600.]

target_updates[[40 41 42 43 44]]: [  44 1092 1299  974 1091]
ntarget_updates[[40 41 42 43 44]]: [30386  1789  2339  2775  3211]
thresholds[[40 41 42 43 44]]: [1600. 1600. 1600. 1600. 1600.]

target_updates[[45 46 47 48 49]]: [  53 1018 1151 1113 1165]
ntarget_updates[[45 46 47 48 49]]: [29295  2924  3038  2905  2338]
thresholds[[45 46 47 48 49]]: [1600. 1600. 1600. 1600. 1600.]

=== Layer 0 ===
	Mean activate weights: 0.30000001192092896 +- 0.03579999879002571 (min:0.06599999964237213 ; max:0.5360000133514404)
	Min firing time: 0.8285387754440308 +- 0.02698676846921444
	Mean firing time: 0.8323947787284851 +- 0.026523219421505928
Accuracy on training set after epoch 6: 0.8476
Accuracy on validation set after epoch 6: 0.7718
Accuracy on test set after epoch 6: 0.7595
neuron 19 Cannot activate next neuron, all neurons of class 3 are already active
neuron 14 Cannot activate next neuron, all neurons of class 2 are already active
neuron 29 Cannot activate next neuron, all neurons of class 5 are already active
neuron 22 Cannot activate next neuron, all neurons of class 4 are already active
neuron 1 Cannot activate next neuron, all neurons of class 0 are already active
neuron 38 Cannot activate next neuron, all neurons of class 7 are already active
neuron 34 Cannot activate next neuron, all neurons of class 6 are already active
neuron 49 Cannot activate next neuron, all neurons of class 9 are already active
neuron 42 Cannot activate next neuron, all neurons of class 8 are already active
neuron 7 Cannot activate next neuron, all neurons of class 1 are already active
Epoch 7: Train Acc 0.8631
[INFO] Active neurons total=50, per-class=[5, 5, 5, 5, 5, 5, 5, 5, 5, 5], pre=50, post_grow=50, post_prune=50, grew=0, pruned=0
[INFO] Class difficulty=[0.5659999847412109, 0.5329999923706055, 0.6050000190734863, 0.6359999775886536, 0.5720000267028809, 0.6029999852180481, 0.5410000085830688, 0.5540000200271606, 0.5350000262260437, 0.5410000085830688], hardness=[0.5559999942779541, 0.0, 0.8889999985694885, 1.0, 0.6669999957084656, 0.777999997138977, 0.3330000042915344, 0.4440000057220459, 0.11100000143051147, 0.22200000286102295], grew_per_class=[0, 0, 0, 0, 0, 0, 0, 0, 0, 0], pruned_per_class=[0, 0, 0, 0, 0, 0, 0, 0, 0, 0]
target_updates[[0 1 2 3 4]]: [ 104 1161 1159 1148  928]
ntarget_updates[[0 1 2 3 4]]: [28597  3215  2676  2991  3021]
thresholds[[0 1 2 3 4]]: [1600. 1600. 1600. 1600. 1600.]

target_updates[[5 6 7 8 9]]: [  46 1075 1216 1045 1118]
ntarget_updates[[5 6 7 8 9]]: [30516  2284  2487  2366  2847]
thresholds[[5 6 7 8 9]]: [1600. 1600. 1600. 1600. 1600.]

target_updates[[10 11 12 13 14]]: [ 127 1016  942 1190 1225]
ntarget_updates[[10 11 12 13 14]]: [25581  4654  4079  2980  3206]
thresholds[[10 11 12 13 14]]: [1600. 1600. 1600. 1600. 1600.]

target_updates[[15 16 17 18 19]]: [ 160  969 1104  996 1271]
ntarget_updates[[15 16 17 18 19]]: [23288  6000  3242  4417  3553]
thresholds[[15 16 17 18 19]]: [1600. 1600. 1600. 1600. 1600.]

target_updates[[20 21 22 23 24]]: [ 100 1073 1128 1094 1105]
ntarget_updates[[20 21 22 23 24]]: [26317  4069  2625  4882  2607]
thresholds[[20 21 22 23 24]]: [1600. 1600. 1600. 1600. 1600.]

target_updates[[25 26 27 28 29]]: [ 105  865 1162 1146 1222]
ntarget_updates[[25 26 27 28 29]]: [25133  5453  3472  3096  3346]
thresholds[[25 26 27 28 29]]: [1600. 1600. 1600. 1600. 1600.]

target_updates[[30 31 32 33 34]]: [  55 1178  966 1020 1281]
ntarget_updates[[30 31 32 33 34]]: [29794  2229  3029  3075  2373]
thresholds[[30 31 32 33 34]]: [1600. 1600. 1600. 1600. 1600.]

target_updates[[35 36 37 38 39]]: [  78 1123 1083 1128 1088]
ntarget_updates[[35 36 37 38 39]]: [28049  2188  3317  2609  4337]
thresholds[[35 36 37 38 39]]: [1600. 1600. 1600. 1600. 1600.]

target_updates[[40 41 42 43 44]]: [  44 1095 1297  973 1091]
ntarget_updates[[40 41 42 43 44]]: [30814  1713  2222  2676  3075]
thresholds[[40 41 42 43 44]]: [1600. 1600. 1600. 1600. 1600.]

target_updates[[45 46 47 48 49]]: [  53 1027 1151 1113 1156]
ntarget_updates[[45 46 47 48 49]]: [29643  2829  2941  2815  2272]
thresholds[[45 46 47 48 49]]: [1600. 1600. 1600. 1600. 1600.]

=== Layer 0 ===
	Mean activate weights: 0.30000001192092896 +- 0.038100000470876694 (min:0.04800000041723251 ; max:0.550000011920929)
	Min firing time: 0.8285046815872192 +- 0.026985634118318558
	Mean firing time: 0.8324750661849976 +- 0.026511240750551224
Accuracy on training set after epoch 7: 0.8631
Accuracy on validation set after epoch 7: 0.7754
Accuracy on test set after epoch 7: 0.7626
neuron 19 Cannot activate next neuron, all neurons of class 3 are already active
neuron 14 Cannot activate next neuron, all neurons of class 2 are already active
neuron 29 Cannot activate next neuron, all neurons of class 5 are already active
neuron 22 Cannot activate next neuron, all neurons of class 4 are already active
neuron 1 Cannot activate next neuron, all neurons of class 0 are already active
neuron 38 Cannot activate next neuron, all neurons of class 7 are already active
neuron 34 Cannot activate next neuron, all neurons of class 6 are already active
neuron 47 Cannot activate next neuron, all neurons of class 9 are already active
neuron 42 Cannot activate next neuron, all neurons of class 8 are already active
neuron 7 Cannot activate next neuron, all neurons of class 1 are already active
Epoch 8: Train Acc 0.8763
[INFO] Active neurons total=50, per-class=[5, 5, 5, 5, 5, 5, 5, 5, 5, 5], pre=50, post_grow=50, post_prune=50, grew=0, pruned=0
[INFO] Class difficulty=[0.5590000152587891, 0.5289999842643738, 0.5950000286102295, 0.6230000257492065, 0.5649999976158142, 0.5920000076293945, 0.5379999876022339, 0.5479999780654907, 0.5320000052452087, 0.5370000004768372], hardness=[0.5559999942779541, 0.0, 0.8889999985694885, 1.0, 0.6669999957084656, 0.777999997138977, 0.3330000042915344, 0.4440000057220459, 0.11100000143051147, 0.22200000286102295], grew_per_class=[0, 0, 0, 0, 0, 0, 0, 0, 0, 0], pruned_per_class=[0, 0, 0, 0, 0, 0, 0, 0, 0, 0]
target_updates[[0 1 2 3 4]]: [ 101 1161 1160 1145  933]
ntarget_updates[[0 1 2 3 4]]: [28810  3176  2627  2909  2978]
thresholds[[0 1 2 3 4]]: [1600. 1600. 1600. 1600. 1600.]

target_updates[[5 6 7 8 9]]: [  45 1076 1215 1043 1121]
ntarget_updates[[5 6 7 8 9]]: [30839  2246  2390  2275  2750]
thresholds[[5 6 7 8 9]]: [1600. 1600. 1600. 1600. 1600.]

target_updates[[10 11 12 13 14]]: [ 126 1015  945 1189 1225]
ntarget_updates[[10 11 12 13 14]]: [25944  4535  4008  2883  3130]
thresholds[[10 11 12 13 14]]: [1600. 1600. 1600. 1600. 1600.]

target_updates[[15 16 17 18 19]]: [ 155  971 1103  995 1276]
ntarget_updates[[15 16 17 18 19]]: [23557  5917  3195  4366  3465]
thresholds[[15 16 17 18 19]]: [1600. 1600. 1600. 1600. 1600.]

target_updates[[20 21 22 23 24]]: [ 100 1074 1127 1096 1103]
ntarget_updates[[20 21 22 23 24]]: [26718  3935  2538  4765  2544]
thresholds[[20 21 22 23 24]]: [1600. 1600. 1600. 1600. 1600.]

target_updates[[25 26 27 28 29]]: [ 102  866 1160 1150 1222]
ntarget_updates[[25 26 27 28 29]]: [25376  5394  3388  3029  3313]
thresholds[[25 26 27 28 29]]: [1600. 1600. 1600. 1600. 1600.]

target_updates[[30 31 32 33 34]]: [  52 1175  969 1026 1278]
ntarget_updates[[30 31 32 33 34]]: [30037  2203  2974  2977  2309]
thresholds[[30 31 32 33 34]]: [1600. 1600. 1600. 1600. 1600.]

target_updates[[35 36 37 38 39]]: [  76 1121 1084 1128 1091]
ntarget_updates[[35 36 37 38 39]]: [28423  2144  3194  2547  4192]
thresholds[[35 36 37 38 39]]: [1600. 1600. 1600. 1600. 1600.]

target_updates[[40 41 42 43 44]]: [  44 1092 1300  973 1091]
ntarget_updates[[40 41 42 43 44]]: [31122  1672  2133  2609  2964]
thresholds[[40 41 42 43 44]]: [1600. 1600. 1600. 1600. 1600.]

target_updates[[45 46 47 48 49]]: [  53 1032 1148 1119 1148]
ntarget_updates[[45 46 47 48 49]]: [29948  2775  2880  2722  2175]
thresholds[[45 46 47 48 49]]: [1600. 1600. 1600. 1600. 1600.]

=== Layer 0 ===
	Mean activate weights: 0.30000001192092896 +- 0.04039999842643738 (min:0.03200000151991844 ; max:0.5619999766349792)
	Min firing time: 0.8284819722175598 +- 0.026982486248016357
	Mean firing time: 0.8325526714324951 +- 0.026499630883336067
Accuracy on training set after epoch 8: 0.8763
Accuracy on validation set after epoch 8: 0.7786
Accuracy on test set after epoch 8: 0.7674
