/Users/sangkiko/SpikeNN/.venv/lib/python3.9/site-packages/urllib3/__init__.py:35: NotOpenSSLWarning: urllib3 v2 only supports OpenSSL 1.1.1+, currently the 'ssl' module is compiled with 'LibreSSL 2.8.3'. See: https://github.com/urllib3/urllib3/issues/3020
  warnings.warn(
Epoch 0: Train Acc 0.3715
[INFO] Active neurons total=100, per-class=[10, 10, 10, 10, 10, 10, 10, 10, 10, 10], pre=100, post_grow=100, post_prune=100, grew=0, pruned=0
[INFO] Class difficulty=[0.7820000052452087, 0.7699999809265137, 0.9110000133514404, 0.9670000076293945, 0.8730000257492065, 0.8370000123977661, 0.7089999914169312, 0.781000018119812, 0.7210000157356262, 0.7919999957084656], hardness=[0.4440000057220459, 0.22200000286102295, 0.8889999985694885, 1.0, 0.777999997138977, 0.6669999957084656, 0.0, 0.3330000042915344, 0.11100000143051147, 0.5559999942779541], grew_per_class=[0, 0, 0, 0, 0, 0, 0, 0, 0, 0], pruned_per_class=[0, 0, 0, 0, 0, 0, 0, 0, 0, 0]
target_updates[[0 1 2 3 4 5 6 7 8 9]]: [268 478 455 464 484 465 471 476 462 477]
ntarget_updates[[0 1 2 3 4 5 6 7 8 9]]: [10821  2905  3338  3522  3594  3752  3524  3026  3210  2808]
thresholds[[0 1 2 3 4 5 6 7 8 9]]: [1600. 1618. 1618. 1609. 1605. 1602. 1605. 1614. 1611. 1618.]

target_updates[[10 11 12 13 14 15 16 17 18 19]]: [169 483 484 481 486 483 491 483 466 474]
ntarget_updates[[10 11 12 13 14 15 16 17 18 19]]: [9602 3538 3358 3068 3738 3598 3571 3303 3550 3174]
thresholds[[10 11 12 13 14 15 16 17 18 19]]: [1600. 1602. 1611. 1620. 1607. 1611. 1602. 1611. 1616. 1618.]

target_updates[[20 21 22 23 24 25 26 27 28 29]]: [545 460 466 452 440 423 454 391 405 464]
ntarget_updates[[20 21 22 23 24 25 26 27 28 29]]: [7001 3845 3699 4100 3957 3494 3344 3356 3900 3804]
thresholds[[20 21 22 23 24 25 26 27 28 29]]: [1600. 1609. 1616. 1602. 1616. 1607. 1620. 1616. 1605. 1609.]

target_updates[[30 31 32 33 34 35 36 37 38 39]]: [562 422 422 461 452 435 409 430 456 451]
ntarget_updates[[30 31 32 33 34 35 36 37 38 39]]: [7883 3338 4079 3386 3842 3712 3384 3387 3880 3609]
thresholds[[30 31 32 33 34 35 36 37 38 39]]: [1600. 1602. 1607. 1616. 1609. 1609. 1614. 1616. 1622. 1602.]

target_updates[[40 41 42 43 44 45 46 47 48 49]]: [554 447 440 424 434 408 460 467 457 409]
ntarget_updates[[40 41 42 43 44 45 46 47 48 49]]: [7981 3525 3617 3327 3579 3668 3616 3924 3551 3712]
thresholds[[40 41 42 43 44 45 46 47 48 49]]: [1600. 1616. 1614. 1605. 1605. 1605. 1609. 1616. 1609. 1620.]

target_updates[[50 51 52 53 54 55 56 57 58 59]]: [506 415 451 428 457 437 425 446 476 459]
ntarget_updates[[50 51 52 53 54 55 56 57 58 59]]: [9448 3180 3244 3159 3124 3215 4021 3675 3794 3640]
thresholds[[50 51 52 53 54 55 56 57 58 59]]: [1600. 1607. 1607. 1620. 1620. 1600. 1607. 1611. 1614. 1614.]

target_updates[[60 61 62 63 64 65 66 67 68 69]]: [273 471 456 480 476 459 438 489 472 486]
ntarget_updates[[60 61 62 63 64 65 66 67 68 69]]: [10469  3143  3644  3572  3297  3329  3737  3124  3079  3106]
thresholds[[60 61 62 63 64 65 66 67 68 69]]: [1600. 1609. 1604. 1609. 1616. 1614. 1622. 1609. 1605. 1616.]

target_updates[[70 71 72 73 74 75 76 77 78 79]]: [339 447 476 461 460 459 481 474 464 439]
ntarget_updates[[70 71 72 73 74 75 76 77 78 79]]: [8003 3129 3587 3036 3868 3912 3517 3642 3987 3819]
thresholds[[70 71 72 73 74 75 76 77 78 79]]: [1600. 1607. 1605. 1611. 1611. 1602. 1611. 1616. 1616. 1620.]

target_updates[[80 81 82 83 84 85 86 87 88 89]]: [190 489 489 481 486 476 494 451 488 456]
ntarget_updates[[80 81 82 83 84 85 86 87 88 89]]: [12746  3138  3258  2880  3334  2807  3209  3032  3032  3064]
thresholds[[80 81 82 83 84 85 86 87 88 89]]: [1600. 1616. 1616. 1605. 1607. 1609. 1611. 1622. 1611. 1602.]

target_updates[[90 91 92 93 94 95 96 97 98 99]]: [224 452 472 467 487 482 483 479 476 478]
ntarget_updates[[90 91 92 93 94 95 96 97 98 99]]: [9200 3454 3461 3219 3723 3242 3404 3571 3490 3736]
thresholds[[90 91 92 93 94 95 96 97 98 99]]: [1600. 1609. 1620. 1611. 1605. 1616. 1616. 1602. 1614. 1605.]

=== Layer 0 ===
	Mean activate weights: 0.30000001192092896 +- 0.013199999928474426 (min:0.2409999966621399 ; max:0.375)
	Min firing time: 0.8309102654457092 +- 0.026726750656962395
	Mean firing time: 0.8318842053413391 +- 0.02660849504172802
Accuracy on training set after epoch 0: 0.3715
Accuracy on validation set after epoch 0: 0.6294
Accuracy on test set after epoch 0: 0.6159
neuron 1 Cannot activate next neuron, all neurons of class 0 are already active
neuron 73 Cannot activate next neuron, all neurons of class 7 are already active
neuron 12 Cannot activate next neuron, all neurons of class 1 are already active
neuron 69 Cannot activate next neuron, all neurons of class 6 are already active
Epoch 1: Train Acc 0.5753
[INFO] Active neurons total=100, per-class=[10, 10, 10, 10, 10, 10, 10, 10, 10, 10], pre=100, post_grow=100, post_prune=100, grew=0, pruned=0
[INFO] Class difficulty=[0.6990000009536743, 0.6349999904632568, 0.8019999861717224, 0.8920000195503235, 0.7649999856948853, 0.7509999871253967, 0.6110000014305115, 0.675000011920929, 0.628000020980835, 0.6660000085830688], hardness=[0.5559999942779541, 0.22200000286102295, 0.8889999985694885, 1.0, 0.777999997138977, 0.6669999957084656, 0.0, 0.4440000057220459, 0.11100000143051147, 0.3330000042915344], grew_per_class=[0, 0, 0, 0, 0, 0, 0, 0, 0, 0], pruned_per_class=[0, 0, 0, 0, 0, 0, 0, 0, 0, 0]
target_updates[[0 1 2 3 4 5 6 7 8 9]]: [157 501 465 470 489 469 490 479 493 487]
ntarget_updates[[0 1 2 3 4 5 6 7 8 9]]: [20036  1574  2845  3045  2126  2541  2305  2118  1979  1931]
thresholds[[0 1 2 3 4 5 6 7 8 9]]: [1600. 1604. 1604. 1602. 1605. 1605. 1606. 1603. 1604. 1604.]

target_updates[[10 11 12 13 14 15 16 17 18 19]]: [ 30 499 501 497 493 499 495 495 495 496]
ntarget_updates[[10 11 12 13 14 15 16 17 18 19]]: [18613  2500  2224  2477  2304  2345  2497  2016  3318  2206]
thresholds[[10 11 12 13 14 15 16 17 18 19]]: [1600. 1604. 1610. 1604. 1603. 1604. 1608. 1608. 1605. 1602.]

target_updates[[20 21 22 23 24 25 26 27 28 29]]: [176 483 498 437 484 476 483 498 479 486]
ntarget_updates[[20 21 22 23 24 25 26 27 28 29]]: [14782  2733  2429  3657  2977  2895  2673  2563  2716  3075]
thresholds[[20 21 22 23 24 25 26 27 28 29]]: [1600. 1604. 1607. 1604. 1606. 1602. 1605. 1605. 1604. 1602.]

target_updates[[30 31 32 33 34 35 36 37 38 39]]: [276 463 479 497 441 425 472 489 477 481]
ntarget_updates[[30 31 32 33 34 35 36 37 38 39]]: [16121  2830  2876  2210  3011  3066  2816  2525  2189  2856]
thresholds[[30 31 32 33 34 35 36 37 38 39]]: [1600. 1602. 1601. 1607. 1603. 1604. 1605. 1603. 1606. 1604.]

target_updates[[40 41 42 43 44 45 46 47 48 49]]: [194 487 477 491 493 401 495 480 498 484]
ntarget_updates[[40 41 42 43 44 45 46 47 48 49]]: [16044  2608  2847  2401  2245  4170  2687  2645  1882  2971]
thresholds[[40 41 42 43 44 45 46 47 48 49]]: [1600. 1604. 1605. 1603. 1604. 1605. 1604. 1605. 1603. 1604.]

target_updates[[50 51 52 53 54 55 56 57 58 59]]: [155 470 494 477 491 489 460 494 480 490]
ntarget_updates[[50 51 52 53 54 55 56 57 58 59]]: [16970  2799  1743  3398  2572  2248  3592  2245  3002  1931]
thresholds[[50 51 52 53 54 55 56 57 58 59]]: [1600. 1604. 1605. 1604. 1603. 1603. 1602. 1602. 1604. 1605.]

target_updates[[60 61 62 63 64 65 66 67 68 69]]: [ 78 482 497 494 485 497 491 486 490 500]
ntarget_updates[[60 61 62 63 64 65 66 67 68 69]]: [20313  2832  2300  2084  2560  1803  2457  2630  1828  1693]
thresholds[[60 61 62 63 64 65 66 67 68 69]]: [1600. 1607. 1604. 1603. 1604. 1602. 1603. 1606. 1604. 1606.]

target_updates[[70 71 72 73 74 75 76 77 78 79]]: [105 473 497 502 478 481 502 496 481 485]
ntarget_updates[[70 71 72 73 74 75 76 77 78 79]]: [16216  3329  2467  1674  3579  3025  1962  2061  3551  2636]
thresholds[[70 71 72 73 74 75 76 77 78 79]]: [1600. 1604. 1606. 1604. 1606. 1603. 1609. 1603. 1605. 1605.]

target_updates[[80 81 82 83 84 85 86 87 88 89]]: [ 81 490 497 480 495 498 492 499 491 477]
ntarget_updates[[80 81 82 83 84 85 86 87 88 89]]: [21082  2056  2364  2576  1911  1478  1783  1747  2304  3199]
thresholds[[80 81 82 83 84 85 86 87 88 89]]: [1600. 1603. 1603. 1608. 1603. 1602. 1602. 1610. 1606. 1607.]

target_updates[[90 91 92 93 94 95 96 97 98 99]]: [ 57 493 497 490 489 493 493 498 495 495]
ntarget_updates[[90 91 92 93 94 95 96 97 98 99]]: [19092  2373  2265  2679  2315  2489  2200  2164  2235  2688]
thresholds[[90 91 92 93 94 95 96 97 98 99]]: [1600. 1603. 1603. 1605. 1603. 1604. 1603. 1603. 1603. 1603.]

=== Layer 0 ===
	Mean activate weights: 0.30000001192092896 +- 0.016499999910593033 (min:0.2150000035762787 ; max:0.40700000524520874)
	Min firing time: 0.8300642371177673 +- 0.02682133950293064
	Mean firing time: 0.831902801990509 +- 0.02660265751183033
Accuracy on training set after epoch 1: 0.5753
Accuracy on validation set after epoch 1: 0.6896
Accuracy on test set after epoch 1: 0.6727
neuron 33 Cannot activate next neuron, all neurons of class 3 are already active
neuron 22 Cannot activate next neuron, all neurons of class 2 are already active
neuron 52 Cannot activate next neuron, all neurons of class 5 are already active
neuron 46 Cannot activate next neuron, all neurons of class 4 are already active
neuron 6 Cannot activate next neuron, all neurons of class 0 are already active
neuron 76 Cannot activate next neuron, all neurons of class 7 are already active
neuron 99 Cannot activate next neuron, all neurons of class 9 are already active
neuron 87 Cannot activate next neuron, all neurons of class 8 are already active
neuron 12 Cannot activate next neuron, all neurons of class 1 are already active
neuron 69 Cannot activate next neuron, all neurons of class 6 are already active
Epoch 2: Train Acc 0.6880
[INFO] Active neurons total=100, per-class=[10, 10, 10, 10, 10, 10, 10, 10, 10, 10], pre=100, post_grow=100, post_prune=100, grew=0, pruned=0
[INFO] Class difficulty=[0.6520000100135803, 0.5849999785423279, 0.7300000190734863, 0.796999990940094, 0.6899999976158142, 0.7020000219345093, 0.5830000042915344, 0.621999979019165, 0.5849999785423279, 0.6140000224113464], hardness=[0.5559999942779541, 0.11100000143051147, 0.8889999985694885, 1.0, 0.6669999957084656, 0.777999997138977, 0.0, 0.4440000057220459, 0.22200000286102295, 0.3330000042915344], grew_per_class=[0, 0, 0, 0, 0, 0, 0, 0, 0, 0], pruned_per_class=[0, 0, 0, 0, 0, 0, 0, 0, 0, 0]
target_updates[[0 1 2 3 4 5 6 7 8 9]]: [106 510 474 484 511 476 517 450 498 474]
ntarget_updates[[0 1 2 3 4 5 6 7 8 9]]: [22261  1128  3340  2935  1514  2706  1765  1853  1599  1399]
thresholds[[0 1 2 3 4 5 6 7 8 9]]: [1600. 1602. 1602. 1601. 1602. 1601. 1604. 1602. 1603. 1601.]

target_updates[[10 11 12 13 14 15 16 17 18 19]]: [ 24 515 527 517 451 512 498 516 442 498]
ntarget_updates[[10 11 12 13 14 15 16 17 18 19]]: [22031  2022  1982  2121  1905  1894  2494  1448  2752  1851]
thresholds[[10 11 12 13 14 15 16 17 18 19]]: [1600. 1604. 1606. 1604. 1601. 1603. 1602. 1603. 1601. 1602.]

target_updates[[20 21 22 23 24 25 26 27 28 29]]: [118 428 531 461 499 470 487 526 493 487]
ntarget_updates[[20 21 22 23 24 25 26 27 28 29]]: [17406  2669  1643  3436  2702  2757  2464  1898  2563  2962]
thresholds[[20 21 22 23 24 25 26 27 28 29]]: [1600. 1601. 1606. 1601. 1602. 1601. 1602. 1605. 1602. 1602.]

target_updates[[30 31 32 33 34 35 36 37 38 39]]: [195 475 485 509 451 416 483 488 504 494]
ntarget_updates[[30 31 32 33 34 35 36 37 38 39]]: [18200  2690  2699  1847  2807  3142  2566  2068  1814  2667]
thresholds[[30 31 32 33 34 35 36 37 38 39]]: [1600. 1602. 1602. 1603. 1601. 1601. 1602. 1601. 1602. 1601.]

target_updates[[40 41 42 43 44 45 46 47 48 49]]: [ 75 498 501 483 504 440 519 476 513 491]
ntarget_updates[[40 41 42 43 44 45 46 47 48 49]]: [17903  2250  2596  1881  2244  4882  2241  2278  1253  2972]
thresholds[[40 41 42 43 44 45 46 47 48 49]]: [1600. 1602. 1602. 1600. 1602. 1600. 1604. 1600. 1604. 1601.]

target_updates[[50 51 52 53 54 55 56 57 58 59]]: [116 488 509 472 492 484 453 502 481 503]
ntarget_updates[[50 51 52 53 54 55 56 57 58 59]]: [19063  3060  1240  3188  2265  1817  3384  1842  2924  1717]
thresholds[[50 51 52 53 54 55 56 57 58 59]]: [1600. 1602. 1602. 1601. 1601. 1602. 1601. 1601. 1601. 1602.]

target_updates[[60 61 62 63 64 65 66 67 68 69]]: [ 64 493 501 503 470 492 503 467 497 510]
ntarget_updates[[60 61 62 63 64 65 66 67 68 69]]: [23390  2485  1771  1584  2347  1231  2055  2666  1661  1310]
thresholds[[60 61 62 63 64 65 66 67 68 69]]: [1600. 1604. 1601. 1602. 1601. 1601. 1601. 1602. 1601. 1603.]

target_updates[[70 71 72 73 74 75 76 77 78 79]]: [ 64 478 471 523 485 489 539 489 494 468]
ntarget_updates[[70 71 72 73 74 75 76 77 78 79]]: [19475  3078  2180  1118  3405  3259  1352  1403  2848  2382]
thresholds[[70 71 72 73 74 75 76 77 78 79]]: [1600. 1600. 1600. 1605. 1601. 1602. 1608. 1602. 1602. 1601.]

target_updates[[80 81 82 83 84 85 86 87 88 89]]: [ 33 511 515 499 485 488 453 530 480 506]
ntarget_updates[[80 81 82 83 84 85 86 87 88 89]]: [23304  1656  1995  2751  1395   972  1725  1471  2298  2933]
thresholds[[80 81 82 83 84 85 86 87 88 89]]: [1600. 1603. 1603. 1604. 1601. 1600. 1601. 1607. 1602. 1604.]

target_updates[[90 91 92 93 94 95 96 97 98 99]]: [ 48 482 501 505 494 473 487 505 495 510]
ntarget_updates[[90 91 92 93 94 95 96 97 98 99]]: [22251  1949  1829  2291  1879  2375  1941  1802  1940  2243]
thresholds[[90 91 92 93 94 95 96 97 98 99]]: [1600. 1601. 1602. 1603. 1601. 1601. 1601. 1603. 1602. 1603.]

=== Layer 0 ===
	Mean activate weights: 0.30000001192092896 +- 0.019300000742077827 (min:0.19599999487400055 ; max:0.4309999942779541)
	Min firing time: 0.8294131755828857 +- 0.026899585500359535
	Mean firing time: 0.8319406509399414 +- 0.026595715433359146
Accuracy on training set after epoch 2: 0.688
Accuracy on validation set after epoch 2: 0.7224
Accuracy on test set after epoch 2: 0.7051
neuron 33 Cannot activate next neuron, all neurons of class 3 are already active
neuron 22 Cannot activate next neuron, all neurons of class 2 are already active
neuron 52 Cannot activate next neuron, all neurons of class 5 are already active
neuron 48 Cannot activate next neuron, all neurons of class 4 are already active
neuron 6 Cannot activate next neuron, all neurons of class 0 are already active
neuron 76 Cannot activate next neuron, all neurons of class 7 are already active
neuron 99 Cannot activate next neuron, all neurons of class 9 are already active
neuron 69 Cannot activate next neuron, all neurons of class 6 are already active
neuron 87 Cannot activate next neuron, all neurons of class 8 are already active
neuron 12 Cannot activate next neuron, all neurons of class 1 are already active
Epoch 3: Train Acc 0.7596
[INFO] Active neurons total=100, per-class=[10, 10, 10, 10, 10, 10, 10, 10, 10, 10], pre=100, post_grow=100, post_prune=100, grew=0, pruned=0
[INFO] Class difficulty=[0.6159999966621399, 0.5590000152587891, 0.6819999814033508, 0.7300000190734863, 0.640999972820282, 0.6679999828338623, 0.5669999718666077, 0.5950000286102295, 0.5600000023841858, 0.5839999914169312], hardness=[0.5559999942779541, 0.0, 0.8889999985694885, 1.0, 0.6669999957084656, 0.777999997138977, 0.22200000286102295, 0.4440000057220459, 0.11100000143051147, 0.3330000042915344], grew_per_class=[0, 0, 0, 0, 0, 0, 0, 0, 0, 0], pruned_per_class=[0, 0, 0, 0, 0, 0, 0, 0, 0, 0]
target_updates[[0 1 2 3 4 5 6 7 8 9]]: [ 90 518 476 517 568 473 600 388 488 382]
ntarget_updates[[0 1 2 3 4 5 6 7 8 9]]: [23605  1036  3128  2821  1439  2694  1647  1671  1411  1048]
thresholds[[0 1 2 3 4 5 6 7 8 9]]: [1600. 1601. 1600. 1601. 1602. 1600. 1602. 1600. 1601. 1600.]

target_updates[[10 11 12 13 14 15 16 17 18 19]]: [ 21 554 625 547 308 553 488 582 363 459]
ntarget_updates[[10 11 12 13 14 15 16 17 18 19]]: [24366  1841  1839  1946  1342  1758  2331  1231  2229  1617]
thresholds[[10 11 12 13 14 15 16 17 18 19]]: [1600. 1601. 1603. 1601. 1600. 1601. 1600. 1602. 1600. 1600.]

target_updates[[20 21 22 23 24 25 26 27 28 29]]: [101 330 682 443 525 407 404 668 458 482]
ntarget_updates[[20 21 22 23 24 25 26 27 28 29]]: [19127  2261  1707  3174  2576  2393  2052  1900  2512  2798]
thresholds[[20 21 22 23 24 25 26 27 28 29]]: [1600. 1600. 1604. 1600. 1601. 1600. 1600. 1604. 1600. 1600.]

target_updates[[30 31 32 33 34 35 36 37 38 39]]: [140 447 519 569 406 424 501 498 505 491]
ntarget_updates[[30 31 32 33 34 35 36 37 38 39]]: [18813  2658  2599  1730  2402  3758  2515  1983  1642  2400]
thresholds[[30 31 32 33 34 35 36 37 38 39]]: [1600. 1600. 1601. 1602. 1600. 1600. 1600. 1600. 1600. 1600.]

target_updates[[40 41 42 43 44 45 46 47 48 49]]: [ 51 529 531 392 488 411 598 384 607 509]
ntarget_updates[[40 41 42 43 44 45 46 47 48 49]]: [18951  2081  2517  1614  2156  4828  2282  1933  1221  2917]
thresholds[[40 41 42 43 44 45 46 47 48 49]]: [1600. 1601. 1601. 1600. 1600. 1600. 1602. 1600. 1602. 1600.]

target_updates[[50 51 52 53 54 55 56 57 58 59]]: [100 536 556 451 499 478 450 502 471 457]
ntarget_updates[[50 51 52 53 54 55 56 57 58 59]]: [20445  2957  1201  2920  2070  1610  3237  1700  2820  1540]
thresholds[[50 51 52 53 54 55 56 57 58 59]]: [1600. 1601. 1601. 1600. 1601. 1600. 1600. 1600. 1600. 1600.]

target_updates[[60 61 62 63 64 65 66 67 68 69]]: [ 54 506 499 517 411 500 558 401 481 573]
ntarget_updates[[60 61 62 63 64 65 66 67 68 69]]: [25139  2192  1537  1493  2111  1084  1905  2349  1513  1177]
thresholds[[60 61 62 63 64 65 66 67 68 69]]: [1600. 1601. 1600. 1601. 1600. 1601. 1601. 1600. 1600. 1602.]

target_updates[[70 71 72 73 74 75 76 77 78 79]]: [ 55 477 359 624 511 505 638 394 502 435]
ntarget_updates[[70 71 72 73 74 75 76 77 78 79]]: [21555  2868  1766  1066  3274  3004  1244  1050  2533  2140]
thresholds[[70 71 72 73 74 75 76 77 78 79]]: [1600. 1600. 1600. 1603. 1601. 1601. 1603. 1600. 1600. 1600.]

target_updates[[80 81 82 83 84 85 86 87 88 89]]: [ 26 578 568 494 438 444 364 632 420 536]
ntarget_updates[[80 81 82 83 84 85 86 87 88 89]]: [25130  1630  1835  2392  1155   820  1517  1372  2079  2570]
thresholds[[80 81 82 83 84 85 86 87 88 89]]: [1600. 1602. 1602. 1601. 1600. 1600. 1600. 1603. 1600. 1601.]

target_updates[[90 91 92 93 94 95 96 97 98 99]]: [ 43 433 516 484 454 463 437 577 515 578]
ntarget_updates[[90 91 92 93 94 95 96 97 98 99]]: [24188  1700  1670  2126  1569  2072  1633  1739  1774  2029]
thresholds[[90 91 92 93 94 95 96 97 98 99]]: [1600. 1600. 1601. 1600. 1600. 1600. 1600. 1602. 1601. 1602.]

=== Layer 0 ===
	Mean activate weights: 0.30000001192092896 +- 0.02160000056028366 (min:0.17499999701976776 ; max:0.44999998807907104)
	Min firing time: 0.8289497494697571 +- 0.026954688131809235
	Mean firing time: 0.8319677114486694 +- 0.02659112773835659
Accuracy on training set after epoch 3: 0.7596
Accuracy on validation set after epoch 3: 0.7396
Accuracy on test set after epoch 3: 0.7222
neuron 33 Cannot activate next neuron, all neurons of class 3 are already active
neuron 22 Cannot activate next neuron, all neurons of class 2 are already active
neuron 52 Cannot activate next neuron, all neurons of class 5 are already active
neuron 48 Cannot activate next neuron, all neurons of class 4 are already active
neuron 6 Cannot activate next neuron, all neurons of class 0 are already active
neuron 73 Cannot activate next neuron, all neurons of class 7 are already active
neuron 97 Cannot activate next neuron, all neurons of class 9 are already active
neuron 69 Cannot activate next neuron, all neurons of class 6 are already active
neuron 87 Cannot activate next neuron, all neurons of class 8 are already active
neuron 12 Cannot activate next neuron, all neurons of class 1 are already active
Epoch 4: Train Acc 0.7984
[INFO] Active neurons total=100, per-class=[10, 10, 10, 10, 10, 10, 10, 10, 10, 10], pre=100, post_grow=100, post_prune=100, grew=0, pruned=0
[INFO] Class difficulty=[0.5960000157356262, 0.546999990940094, 0.6549999713897705, 0.6919999718666077, 0.6159999966621399, 0.6449999809265137, 0.5590000152587891, 0.5799999833106995, 0.550000011920929, 0.5680000185966492], hardness=[0.5559999942779541, 0.0, 0.8889999985694885, 1.0, 0.6669999957084656, 0.777999997138977, 0.22200000286102295, 0.4440000057220459, 0.11100000143051147, 0.3330000042915344], grew_per_class=[0, 0, 0, 0, 0, 0, 0, 0, 0, 0], pruned_per_class=[0, 0, 0, 0, 0, 0, 0, 0, 0, 0]
target_updates[[0 1 2 3 4 5 6 7 8 9]]: [ 83 502 481 514 603 469 634 384 475 355]
ntarget_updates[[0 1 2 3 4 5 6 7 8 9]]: [24581   927  2955  2600  1349  2568  1526  1697  1304   993]
thresholds[[0 1 2 3 4 5 6 7 8 9]]: [1600. 1600. 1600. 1600. 1600. 1600. 1600. 1600. 1600. 1600.]

target_updates[[10 11 12 13 14 15 16 17 18 19]]: [ 22 561 672 556 257 560 486 614 344 428]
ntarget_updates[[10 11 12 13 14 15 16 17 18 19]]: [25862  1646  1701  1746  1174  1623  2226  1179  1909  1434]
thresholds[[10 11 12 13 14 15 16 17 18 19]]: [1600. 1600. 1600. 1600. 1600. 1600. 1600. 1600. 1600. 1600.]

target_updates[[20 21 22 23 24 25 26 27 28 29]]: [ 85 306 806 438 514 358 358 737 430 468]
ntarget_updates[[20 21 22 23 24 25 26 27 28 29]]: [20261  2205  1730  2990  2351  2176  1996  1814  2335  2642]
thresholds[[20 21 22 23 24 25 26 27 28 29]]: [1600. 1600. 1601. 1600. 1600. 1600. 1600. 1600. 1600. 1600.]

target_updates[[30 31 32 33 34 35 36 37 38 39]]: [121 436 519 610 389 433 509 492 503 488]
ntarget_updates[[30 31 32 33 34 35 36 37 38 39]]: [19252  2698  2446  1709  2281  3924  2438  1903  1562  2287]
thresholds[[30 31 32 33 34 35 36 37 38 39]]: [1600. 1600. 1600. 1600. 1600. 1600. 1600. 1600. 1600. 1600.]

target_updates[[40 41 42 43 44 45 46 47 48 49]]: [ 48 541 520 336 474 401 638 356 671 515]
ntarget_updates[[40 41 42 43 44 45 46 47 48 49]]: [20024  1949  2343  1584  2102  4572  2141  1816  1142  2827]
thresholds[[40 41 42 43 44 45 46 47 48 49]]: [1600. 1600. 1600. 1600. 1600. 1600. 1600. 1600. 1600. 1600.]

target_updates[[50 51 52 53 54 55 56 57 58 59]]: [ 92 556 630 450 493 468 442 490 458 421]
ntarget_updates[[50 51 52 53 54 55 56 57 58 59]]: [21373  2723  1260  2781  1969  1556  3022  1583  2731  1502]
thresholds[[50 51 52 53 54 55 56 57 58 59]]: [1600. 1600. 1600. 1600. 1600. 1600. 1600. 1600. 1600. 1600.]

target_updates[[60 61 62 63 64 65 66 67 68 69]]: [ 50 505 464 510 389 482 613 385 460 642]
ntarget_updates[[60 61 62 63 64 65 66 67 68 69]]: [26147  1997  1393  1410  2024  1024  1710  2287  1400  1108]
thresholds[[60 61 62 63 64 65 66 67 68 69]]: [1600. 1600. 1600. 1600. 1600. 1600. 1600. 1600. 1600. 1600.]

target_updates[[70 71 72 73 74 75 76 77 78 79]]: [ 52 471 332 681 521 507 677 335 504 420]
ntarget_updates[[70 71 72 73 74 75 76 77 78 79]]: [23022  2652  1622  1012  3053  2738  1178   938  2308  1977]
thresholds[[70 71 72 73 74 75 76 77 78 79]]: [1600. 1600. 1600. 1600. 1600. 1600. 1600. 1600. 1600. 1600.]

target_updates[[80 81 82 83 84 85 86 87 88 89]]: [ 25 640 600 489 399 404 335 681 384 543]
ntarget_updates[[80 81 82 83 84 85 86 87 88 89]]: [26359  1585  1642  2126  1039   763  1443  1262  1949  2332]
thresholds[[80 81 82 83 84 85 86 87 88 89]]: [1600. 1600. 1600. 1600. 1600. 1600. 1600. 1600. 1600. 1600.]

target_updates[[90 91 92 93 94 95 96 97 98 99]]: [ 40 413 531 444 425 452 394 664 518 619]
ntarget_updates[[90 91 92 93 94 95 96 97 98 99]]: [25478  1584  1500  1993  1428  1914  1510  1680  1609  1804]
thresholds[[90 91 92 93 94 95 96 97 98 99]]: [1600. 1600. 1600. 1600. 1600. 1600. 1600. 1600. 1600. 1600.]

=== Layer 0 ===
	Mean activate weights: 0.30000001192092896 +- 0.023600000888109207 (min:0.14900000393390656 ; max:0.4659999907016754)
	Min firing time: 0.8286621570587158 +- 0.02698499895632267
	Mean firing time: 0.8319966197013855 +- 0.02658657170832157
Accuracy on training set after epoch 4: 0.7984
Accuracy on validation set after epoch 4: 0.7502
Accuracy on test set after epoch 4: 0.7339
