/Users/sangkiko/SpikeNN/.venv/lib/python3.9/site-packages/urllib3/__init__.py:35: NotOpenSSLWarning: urllib3 v2 only supports OpenSSL 1.1.1+, currently the 'ssl' module is compiled with 'LibreSSL 2.8.3'. See: https://github.com/urllib3/urllib3/issues/3020
  warnings.warn(
Epoch 0: Train Acc 0.4678
[INFO] Active neurons total=60, per-class=[12, 12, 12, 12, 12], pre=60, post_grow=60, post_prune=60, grew=0, pruned=0
[INFO] Class difficulty=[0.859000027179718, 0.8600000143051147, 0.8299999833106995, 0.652999997138977, 0.6290000081062317], hardness=[0.75, 1.0, 0.5, 0.25, 0.0], grew_per_class=[0, 0, 0, 0, 0], pruned_per_class=[0, 0, 0, 0, 0]
target_updates[[ 0  1  2  3  4  5  6  7  8  9 10 11]]: [292 390 367 389 379 387 383 369 398 386 385 375]
ntarget_updates[[ 0  1  2  3  4  5  6  7  8  9 10 11]]: [1279 1547 1443 1716 1652 1759 1592 1361 1485 1214 1449 1503]
thresholds[[ 0  1  2  3  4  5  6  7  8  9 10 11]]: [1600. 1609. 1615. 1604. 1602. 1609. 1620. 1615. 1607. 1616. 1611. 1618.]

target_updates[[12 13 14 15 16 17 18 19 20 21 22 23]]: [397 377 375 336 373 372 357 390 386 383 375 379]
ntarget_updates[[12 13 14 15 16 17 18 19 20 21 22 23]]: [1137 1446 1697 1571 1604 1499 1550 1511 1546 1529 1421 1489]
thresholds[[12 13 14 15 16 17 18 19 20 21 22 23]]: [1600. 1615. 1605. 1622. 1613. 1602. 1618. 1616. 1609. 1605. 1605. 1611.]

target_updates[[24 25 26 27 28 29 30 31 32 33 34 35]]: [440 366 347 368 386 348 377 365 391 371 372 369]
ntarget_updates[[24 25 26 27 28 29 30 31 32 33 34 35]]: [1781 1486 1320 1397 1719 1462 1493 1403 1792 1224 1477 1446]
thresholds[[24 25 26 27 28 29 30 31 32 33 34 35]]: [1600. 1604. 1611. 1607. 1600. 1616. 1607. 1607. 1620. 1616. 1613. 1616.]

target_updates[[36 37 38 39 40 41 42 43 44 45 46 47]]: [149 395 395 396 394 405 395 396 399 391 399 386]
ntarget_updates[[36 37 38 39 40 41 42 43 44 45 46 47]]: [2252 1404 1429 1391 1465 1386 1471 1395 1522 1485 1309 1491]
thresholds[[36 37 38 39 40 41 42 43 44 45 46 47]]: [1600. 1604. 1609. 1613. 1616. 1616. 1613. 1605. 1607. 1620. 1618. 1604.]

target_updates[[48 49 50 51 52 53 54 55 56 57 58 59]]: [147 401 401 388 387 395 400 392 405 396 393 395]
ntarget_updates[[48 49 50 51 52 53 54 55 56 57 58 59]]: [3249 1531 1296 1389 1322 1156 1258 1146 1342 1476 1357 1478]
thresholds[[48 49 50 51 52 53 54 55 56 57 58 59]]: [1600. 1604. 1615. 1620. 1607. 1618. 1614. 1611. 1604. 1604. 1611. 1618.]

=== Layer 0 ===
	Mean activate weights: 0.30000001192092896 +- 0.012900000438094139 (min:0.22200000286102295 ; max:0.375)
	Min firing time: 0.8319911360740662 +- 0.026995548978447914
	Mean firing time: 0.8329359292984009 +- 0.026906611397862434
Accuracy on training set after epoch 0: 0.4678
Accuracy on validation set after epoch 0: 0.686
Accuracy on test set after epoch 0: 0.6772
Epoch 1: Train Acc 0.6610
[INFO] Active neurons total=60, per-class=[12, 12, 12, 12, 12], pre=60, post_grow=60, post_prune=60, grew=0, pruned=0
[INFO] Class difficulty=[0.7120000123977661, 0.7559999823570251, 0.7149999737739563, 0.5849999785423279, 0.5799999833106995], hardness=[0.5, 1.0, 0.75, 0.25, 0.0], grew_per_class=[0, 0, 0, 0, 0], pruned_per_class=[0, 0, 0, 0, 0]
target_updates[[ 0  1  2  3  4  5  6  7  8  9 10 11]]: [ 25 406 406 401 410 411 407 406 407 409 407 405]
ntarget_updates[[ 0  1  2  3  4  5  6  7  8  9 10 11]]: [3710 1148 1299 1640 1829 1521 1249  990  994  992 1393 1235]
thresholds[[ 0  1  2  3  4  5  6  7  8  9 10 11]]: [1600. 1604. 1606. 1605. 1606. 1607. 1604. 1603. 1603. 1605. 1606. 1603.]

target_updates[[12 13 14 15 16 17 18 19 20 21 22 23]]: [ 65 406 393 406 400 403 410 388 402 411 413 403]
ntarget_updates[[12 13 14 15 16 17 18 19 20 21 22 23]]: [3570 1544 1656 1220 1179 1435 1172 1623 1380  991  979 1251]
thresholds[[12 13 14 15 16 17 18 19 20 21 22 23]]: [1600. 1604. 1605. 1602. 1603. 1602. 1607. 1603. 1605. 1605. 1611. 1604.]

target_updates[[24 25 26 27 28 29 30 31 32 33 34 35]]: [ 99 403 382 407 396 382 405 401 404 406 405 410]
ntarget_updates[[24 25 26 27 28 29 30 31 32 33 34 35]]: [5141 1155 1960  824 1441 1406 1192  976 1273  806 1038  788]
thresholds[[24 25 26 27 28 29 30 31 32 33 34 35]]: [1600. 1604. 1604. 1604. 1604. 1603. 1608. 1603. 1605. 1603. 1605. 1605.]

target_updates[[36 37 38 39 40 41 42 43 44 45 46 47]]: [ 21 408 406 408 403 409 407 406 407 408 411 406]
ntarget_updates[[36 37 38 39 40 41 42 43 44 45 46 47]]: [6226  903 1482  992 1283  764 1480 1093  981 1013  827  956]
thresholds[[36 37 38 39 40 41 42 43 44 45 46 47]]: [1600. 1605. 1603. 1604. 1604. 1603. 1607. 1602. 1602. 1603. 1606. 1602.]

target_updates[[48 49 50 51 52 53 54 55 56 57 58 59]]: [ 28 403 407 401 409 408 409 411 412 405 405 402]
ntarget_updates[[48 49 50 51 52 53 54 55 56 57 58 59]]: [7600 1049 1120 1409  835  724  840  654  762  885 1108 1014]
thresholds[[48 49 50 51 52 53 54 55 56 57 58 59]]: [1600. 1602. 1607. 1605. 1603. 1602. 1603. 1605. 1608. 1604. 1607. 1602.]

=== Layer 0 ===
	Mean activate weights: 0.30000001192092896 +- 0.015799999237060547 (min:0.19699999690055847 ; max:0.3930000066757202)
	Min firing time: 0.8311111927032471 +- 0.02709319442510605
	Mean firing time: 0.8328478932380676 +- 0.026919202879071236
Accuracy on training set after epoch 1: 0.661
Accuracy on validation set after epoch 1: 0.7424
Accuracy on test set after epoch 1: 0.7362
Epoch 2: Train Acc 0.7526
[INFO] Active neurons total=60, per-class=[12, 12, 12, 12, 12], pre=60, post_grow=60, post_prune=60, grew=0, pruned=0
[INFO] Class difficulty=[0.6389999985694885, 0.6890000104904175, 0.6570000052452087, 0.5730000138282776, 0.5600000023841858], hardness=[0.5, 1.0, 0.75, 0.25, 0.0], grew_per_class=[0, 0, 0, 0, 0], pruned_per_class=[0, 0, 0, 0, 0]
target_updates[[ 0  1  2  3  4  5  6  7  8  9 10 11]]: [ 12 420 420 385 447 429 397 381 353 421 408 427]
ntarget_updates[[ 0  1  2  3  4  5  6  7  8  9 10 11]]: [5559  878 1187 1596 1856 1202 1050  807  744  701 1262 1158]
thresholds[[ 0  1  2  3  4  5  6  7  8  9 10 11]]: [1600. 1602. 1603. 1602. 1608. 1604. 1601. 1601. 1600. 1602. 1601. 1604.]

target_updates[[12 13 14 15 16 17 18 19 20 21 22 23]]: [ 32 406 403 413 393 415 418 372 408 437 438 365]
ntarget_updates[[12 13 14 15 16 17 18 19 20 21 22 23]]: [5270 1475 1648 1271  767 1450 1051 1504 1089  718  775  982]
thresholds[[12 13 14 15 16 17 18 19 20 21 22 23]]: [1600. 1601. 1601. 1602. 1601. 1601. 1604. 1603. 1602. 1606. 1606. 1601.]

target_updates[[24 25 26 27 28 29 30 31 32 33 34 35]]: [ 64 408 364 411 397 361 425 406 412 420 410 422]
ntarget_updates[[24 25 26 27 28 29 30 31 32 33 34 35]]: [6254 1029 2387  633 1437 1122 1021  976 1165  483  915  578]
thresholds[[24 25 26 27 28 29 30 31 32 33 34 35]]: [1600. 1602. 1600. 1602. 1602. 1600. 1603. 1602. 1603. 1602. 1601. 1603.]

target_updates[[36 37 38 39 40 41 42 43 44 45 46 47]]: [ 18 407 418 420 410 426 425 417 398 316 425 420]
ntarget_updates[[36 37 38 39 40 41 42 43 44 45 46 47]]: [8134  677 1302  983 1045  562 1258  936  784 1045  539  735]
thresholds[[36 37 38 39 40 41 42 43 44 45 46 47]]: [1600. 1601. 1603. 1603. 1602. 1603. 1604. 1602. 1601. 1601. 1603. 1602.]

target_updates[[48 49 50 51 52 53 54 55 56 57 58 59]]: [ 15 391 417 420 367 405 423 396 444 405 422 395]
ntarget_updates[[48 49 50 51 52 53 54 55 56 57 58 59]]: [9038  809 1068 1500  575  488  691  485  622  660 1300  764]
thresholds[[48 49 50 51 52 53 54 55 56 57 58 59]]: [1600. 1602. 1602. 1603. 1601. 1600. 1603. 1601. 1607. 1600. 1604. 1601.]

=== Layer 0 ===
	Mean activate weights: 0.30000001192092896 +- 0.018200000748038292 (min:0.18299999833106995 ; max:0.40799999237060547)
	Min firing time: 0.8303864598274231 +- 0.027190793305635452
	Mean firing time: 0.8328409790992737 +- 0.026919804513454437
Accuracy on training set after epoch 2: 0.7526
Accuracy on validation set after epoch 2: 0.77
Accuracy on test set after epoch 2: 0.7644
neuron 21 Cannot activate next neuron, all neurons of class 1 are already active
neuron 4 Cannot activate next neuron, all neurons of class 0 are already active
neuron 41 Cannot activate next neuron, all neurons of class 3 are already active
neuron 56 Cannot activate next neuron, all neurons of class 4 are already active
Epoch 3: Train Acc 0.8164
[INFO] Active neurons total=60, per-class=[12, 12, 12, 12, 12], pre=60, post_grow=60, post_prune=60, grew=0, pruned=0
[INFO] Class difficulty=[0.5950000286102295, 0.6449999809265137, 0.6179999709129333, 0.5569999814033508, 0.5440000295639038], hardness=[0.5, 1.0, 0.75, 0.25, 0.0], grew_per_class=[0, 0, 0, 0, 0], pruned_per_class=[0, 0, 0, 0, 0]
target_updates[[ 0  1  2  3  4  5  6  7  8  9 10 11]]: [  9 452 492 323 579 494 307 284 271 497 334 458]
ntarget_updates[[ 0  1  2  3  4  5  6  7  8  9 10 11]]: [6682  750 1196 1432 1869 1119  891  628  607  611 1014 1201]
thresholds[[ 0  1  2  3  4  5  6  7  8  9 10 11]]: [1600. 1601. 1602. 1600. 1603. 1602. 1600. 1600. 1600. 1602. 1600. 1601.]

target_updates[[12 13 14 15 16 17 18 19 20 21 22 23]]: [ 25 425 402 427 381 428 425 311 403 525 503 245]
ntarget_updates[[12 13 14 15 16 17 18 19 20 21 22 23]]: [6101 1371 1588 1195  705 1421  930 1363 1042  677  791  816]
thresholds[[12 13 14 15 16 17 18 19 20 21 22 23]]: [1600. 1600. 1600. 1600. 1600. 1601. 1601. 1600. 1600. 1602. 1602. 1600.]

target_updates[[24 25 26 27 28 29 30 31 32 33 34 35]]: [ 51 374 374 388 393 323 465 395 447 435 375 480]
ntarget_updates[[24 25 26 27 28 29 30 31 32 33 34 35]]: [6816  959 2490  570 1357  940  947  932 1191  408  829  561]
thresholds[[24 25 26 27 28 29 30 31 32 33 34 35]]: [1600. 1600. 1600. 1600. 1600. 1600. 1601. 1600. 1601. 1600. 1600. 1601.]

target_updates[[36 37 38 39 40 41 42 43 44 45 46 47]]: [ 12 412 442 464 414 512 440 476 237 162 481 448]
ntarget_updates[[36 37 38 39 40 41 42 43 44 45 46 47]]: [9011  573 1220 1047  945  510 1149  906  589  909  484  657]
thresholds[[36 37 38 39 40 41 42 43 44 45 46 47]]: [1600. 1600. 1601. 1601. 1601. 1602. 1601. 1601. 1600. 1600. 1601. 1601.]

target_updates[[48 49 50 51 52 53 54 55 56 57 58 59]]: [ 13 309 446 472 303 380 527 225 582 380 461 402]
ntarget_updates[[48 49 50 51 52 53 54 55 56 57 58 59]]: [9772  656 1041 1405  483  451  699  315  623  583 1235  737]
thresholds[[48 49 50 51 52 53 54 55 56 57 58 59]]: [1600. 1600. 1601. 1601. 1600. 1600. 1602. 1600. 1603. 1600. 1601. 1600.]

=== Layer 0 ===
	Mean activate weights: 0.30000001192092896 +- 0.020099999383091927 (min:0.17499999701976776 ; max:0.4359999895095825)
	Min firing time: 0.8298252820968628 +- 0.0272652730345726
	Mean firing time: 0.832831621170044 +- 0.026921505108475685
Accuracy on training set after epoch 3: 0.8164
Accuracy on validation set after epoch 3: 0.7924
Accuracy on test set after epoch 3: 0.782
neuron 21 Cannot activate next neuron, all neurons of class 1 are already active
neuron 35 Cannot activate next neuron, all neurons of class 2 are already active
neuron 4 Cannot activate next neuron, all neurons of class 0 are already active
neuron 41 Cannot activate next neuron, all neurons of class 3 are already active
neuron 56 Cannot activate next neuron, all neurons of class 4 are already active
Epoch 4: Train Acc 0.8461
[INFO] Active neurons total=60, per-class=[12, 12, 12, 12, 12], pre=60, post_grow=60, post_prune=60, grew=0, pruned=0
[INFO] Class difficulty=[0.5740000009536743, 0.6240000128746033, 0.5989999771118164, 0.5509999990463257, 0.5360000133514404], hardness=[0.5, 1.0, 0.75, 0.25, 0.0], grew_per_class=[0, 0, 0, 0, 0], pruned_per_class=[0, 0, 0, 0, 0]
target_updates[[ 0  1  2  3  4  5  6  7  8  9 10 11]]: [ 10 441 545 283 644 511 269 254 252 530 300 461]
ntarget_updates[[ 0  1  2  3  4  5  6  7  8  9 10 11]]: [7332  669 1140 1312 1849 1034  822  580  599  543  953 1167]
thresholds[[ 0  1  2  3  4  5  6  7  8  9 10 11]]: [1600. 1600. 1601. 1600. 1601. 1600. 1600. 1600. 1600. 1600. 1600. 1600.]

target_updates[[12 13 14 15 16 17 18 19 20 21 22 23]]: [ 24 424 399 436 381 430 429 295 406 536 512 228]
ntarget_updates[[12 13 14 15 16 17 18 19 20 21 22 23]]: [6532 1315 1522 1151  641 1365  920 1313 1036  629  734  842]
thresholds[[12 13 14 15 16 17 18 19 20 21 22 23]]: [1600. 1600. 1600. 1600. 1600. 1600. 1600. 1600. 1600. 1600. 1600. 1600.]

target_updates[[24 25 26 27 28 29 30 31 32 33 34 35]]: [ 48 359 375 369 387 325 490 375 457 421 356 538]
ntarget_updates[[24 25 26 27 28 29 30 31 32 33 34 35]]: [7246  911 2432  553 1259  918  898  897 1172  356  785  573]
thresholds[[24 25 26 27 28 29 30 31 32 33 34 35]]: [1600. 1600. 1600. 1600. 1600. 1600. 1600. 1600. 1600. 1600. 1600. 1601.]

target_updates[[36 37 38 39 40 41 42 43 44 45 46 47]]: [ 12 400 454 483 418 530 436 487 211 137 473 459]
ntarget_updates[[36 37 38 39 40 41 42 43 44 45 46 47]]: [9400  552 1159 1017  924  482 1105  832  575  868  437  649]
thresholds[[36 37 38 39 40 41 42 43 44 45 46 47]]: [1600. 1600. 1600. 1600. 1600. 1600. 1600. 1600. 1600. 1600. 1600. 1600.]

target_updates[[48 49 50 51 52 53 54 55 56 57 58 59]]: [ 11 248 442 485 283 303 676  81 723 363 458 427]
ntarget_updates[[48 49 50 51 52 53 54 55 56 57 58 59]]: [10211   597  1004  1315   467   387   692   199   694   579  1142   713]
thresholds[[48 49 50 51 52 53 54 55 56 57 58 59]]: [1600. 1600. 1600. 1600. 1600. 1600. 1601. 1600. 1601. 1600. 1600. 1600.]

=== Layer 0 ===
	Mean activate weights: 0.30000001192092896 +- 0.021800000220537186 (min:0.17000000178813934 ; max:0.4620000123977661)
	Min firing time: 0.8294724225997925 +- 0.027305133640766144
	Mean firing time: 0.8328371644020081 +- 0.026920927688479424
Accuracy on training set after epoch 4: 0.8461
Accuracy on validation set after epoch 4: 0.808
Accuracy on test set after epoch 4: 0.7952
neuron 21 Cannot activate next neuron, all neurons of class 1 are already active
neuron 35 Cannot activate next neuron, all neurons of class 2 are already active
neuron 4 Cannot activate next neuron, all neurons of class 0 are already active
neuron 41 Cannot activate next neuron, all neurons of class 3 are already active
neuron 56 Cannot activate next neuron, all neurons of class 4 are already active
Epoch 5: Train Acc 0.8651
[INFO] Active neurons total=60, per-class=[12, 12, 12, 12, 12], pre=60, post_grow=60, post_prune=60, grew=0, pruned=0
[INFO] Class difficulty=[0.5630000233650208, 0.6100000143051147, 0.5860000252723694, 0.5460000038146973, 0.5320000052452087], hardness=[0.5, 1.0, 0.75, 0.25, 0.0], grew_per_class=[0, 0, 0, 0, 0], pruned_per_class=[0, 0, 0, 0, 0]
target_updates[[ 0  1  2  3  4  5  6  7  8  9 10 11]]: [ 10 436 557 282 656 514 260 248 246 535 293 463]
ntarget_updates[[ 0  1  2  3  4  5  6  7  8  9 10 11]]: [7772  626 1055 1310 1756  948  780  605  586  506  928 1128]
thresholds[[ 0  1  2  3  4  5  6  7  8  9 10 11]]: [1600. 1600. 1600. 1600. 1600. 1600. 1600. 1600. 1600. 1600. 1600. 1600.]

target_updates[[12 13 14 15 16 17 18 19 20 21 22 23]]: [ 23 424 399 433 380 436 435 294 415 529 507 225]
ntarget_updates[[12 13 14 15 16 17 18 19 20 21 22 23]]: [6852 1245 1503 1075  630 1299  907 1313 1003  617  705  851]
thresholds[[12 13 14 15 16 17 18 19 20 21 22 23]]: [1600. 1600. 1600. 1600. 1600. 1600. 1600. 1600. 1600. 1600. 1600. 1600.]

target_updates[[24 25 26 27 28 29 30 31 32 33 34 35]]: [ 46 358 380 360 383 322 494 377 460 407 359 554]
ntarget_updates[[24 25 26 27 28 29 30 31 32 33 34 35]]: [7499  890 2392  550 1229  899  867  889 1120  338  792  535]
thresholds[[24 25 26 27 28 29 30 31 32 33 34 35]]: [1600. 1600. 1600. 1600. 1600. 1600. 1600. 1600. 1600. 1600. 1600. 1600.]

target_updates[[36 37 38 39 40 41 42 43 44 45 46 47]]: [ 10 411 461 501 438 514 436 485 206 132 444 462]
ntarget_updates[[36 37 38 39 40 41 42 43 44 45 46 47]]: [9690  529 1114  929  899  453 1056  807  573  886  433  631]
thresholds[[36 37 38 39 40 41 42 43 44 45 46 47]]: [1600. 1600. 1600. 1600. 1600. 1600. 1600. 1600. 1600. 1600. 1600. 1600.]

target_updates[[48 49 50 51 52 53 54 55 56 57 58 59]]: [  9 246 442 484 278 285 695  56 752 365 457 431]
ntarget_updates[[48 49 50 51 52 53 54 55 56 57 58 59]]: [10521   587   988  1219   445   369   633   192   678   583  1080   705]
thresholds[[48 49 50 51 52 53 54 55 56 57 58 59]]: [1600. 1600. 1600. 1600. 1600. 1600. 1600. 1600. 1600. 1600. 1600. 1600.]

=== Layer 0 ===
	Mean activate weights: 0.30000001192092896 +- 0.02329999953508377 (min:0.16599999368190765 ; max:0.4830000102519989)
	Min firing time: 0.8292196989059448 +- 0.02733306959271431
	Mean firing time: 0.8328455090522766 +- 0.026919947937130928
Accuracy on training set after epoch 5: 0.8651
Accuracy on validation set after epoch 5: 0.8164
Accuracy on test set after epoch 5: 0.8044
neuron 21 Cannot activate next neuron, all neurons of class 1 are already active
neuron 35 Cannot activate next neuron, all neurons of class 2 are already active
neuron 4 Cannot activate next neuron, all neurons of class 0 are already active
neuron 39 Cannot activate next neuron, all neurons of class 3 are already active
neuron 56 Cannot activate next neuron, all neurons of class 4 are already active
Epoch 6: Train Acc 0.8808
[INFO] Active neurons total=60, per-class=[12, 12, 12, 12, 12], pre=60, post_grow=60, post_prune=60, grew=0, pruned=0
[INFO] Class difficulty=[0.5569999814033508, 0.5960000157356262, 0.5759999752044678, 0.5400000214576721, 0.527999997138977], hardness=[0.5, 1.0, 0.75, 0.25, 0.0], grew_per_class=[0, 0, 0, 0, 0], pruned_per_class=[0, 0, 0, 0, 0]
target_updates[[ 0  1  2  3  4  5  6  7  8  9 10 11]]: [ 10 427 565 282 661 518 265 243 246 527 292 464]
ntarget_updates[[ 0  1  2  3  4  5  6  7  8  9 10 11]]: [8051  580 1011 1302 1701  916  768  612  604  465  899 1091]
thresholds[[ 0  1  2  3  4  5  6  7  8  9 10 11]]: [1600. 1600. 1600. 1600. 1600. 1600. 1600. 1600. 1600. 1600. 1600. 1600.]

target_updates[[12 13 14 15 16 17 18 19 20 21 22 23]]: [ 21 424 398 433 382 436 446 294 416 526 499 225]
ntarget_updates[[12 13 14 15 16 17 18 19 20 21 22 23]]: [7114 1223 1443 1046  604 1244  892 1299  957  605  695  878]
thresholds[[12 13 14 15 16 17 18 19 20 21 22 23]]: [1600. 1600. 1600. 1600. 1600. 1600. 1600. 1600. 1600. 1600. 1600. 1600.]

target_updates[[24 25 26 27 28 29 30 31 32 33 34 35]]: [ 45 356 380 361 384 324 498 376 459 397 362 558]
ntarget_updates[[24 25 26 27 28 29 30 31 32 33 34 35]]: [7743  854 2376  540 1189  878  822  860 1089  346  791  512]
thresholds[[24 25 26 27 28 29 30 31 32 33 34 35]]: [1600. 1600. 1600. 1600. 1600. 1600. 1600. 1600. 1600. 1600. 1600. 1600.]

target_updates[[36 37 38 39 40 41 42 43 44 45 46 47]]: [ 10 420 461 510 451 506 438 481 205 132 430 456]
ntarget_updates[[36 37 38 39 40 41 42 43 44 45 46 47]]: [9892  535 1052  912  843  444 1029  775  561  908  427  622]
thresholds[[36 37 38 39 40 41 42 43 44 45 46 47]]: [1600. 1600. 1600. 1600. 1600. 1600. 1600. 1600. 1600. 1600. 1600. 1600.]

target_updates[[48 49 50 51 52 53 54 55 56 57 58 59]]: [  9 247 443 485 282 282 700  43 758 361 455 435]
ntarget_updates[[48 49 50 51 52 53 54 55 56 57 58 59]]: [10765   583   952  1150   461   363   620   182   653   585  1022   664]
thresholds[[48 49 50 51 52 53 54 55 56 57 58 59]]: [1600. 1600. 1600. 1600. 1600. 1600. 1600. 1600. 1600. 1600. 1600. 1600.]

=== Layer 0 ===
	Mean activate weights: 0.30000001192092896 +- 0.024700000882148743 (min:0.164000004529953 ; max:0.5)
	Min firing time: 0.8290293216705322 +- 0.02735207788646221
	Mean firing time: 0.8328545093536377 +- 0.02691880613565445
Accuracy on training set after epoch 6: 0.8808
Accuracy on validation set after epoch 6: 0.8228
Accuracy on test set after epoch 6: 0.8086
neuron 21 Cannot activate next neuron, all neurons of class 1 are already active
neuron 35 Cannot activate next neuron, all neurons of class 2 are already active
neuron 4 Cannot activate next neuron, all neurons of class 0 are already active
neuron 39 Cannot activate next neuron, all neurons of class 3 are already active
neuron 56 Cannot activate next neuron, all neurons of class 4 are already active
Epoch 7: Train Acc 0.8924
[INFO] Active neurons total=60, per-class=[12, 12, 12, 12, 12], pre=60, post_grow=60, post_prune=60, grew=0, pruned=0
[INFO] Class difficulty=[0.5509999990463257, 0.5860000252723694, 0.5699999928474426, 0.5370000004768372, 0.5260000228881836], hardness=[0.5, 1.0, 0.75, 0.25, 0.0], grew_per_class=[0, 0, 0, 0, 0], pruned_per_class=[0, 0, 0, 0, 0]
target_updates[[ 0  1  2  3  4  5  6  7  8  9 10 11]]: [ 10 425 566 282 661 521 263 243 247 529 290 463]
ntarget_updates[[ 0  1  2  3  4  5  6  7  8  9 10 11]]: [8270  559  940 1318 1637  882  772  622  601  454  887 1058]
thresholds[[ 0  1  2  3  4  5  6  7  8  9 10 11]]: [1600. 1600. 1600. 1600. 1600. 1600. 1600. 1600. 1600. 1600. 1600. 1600.]

target_updates[[12 13 14 15 16 17 18 19 20 21 22 23]]: [ 20 424 399 433 382 438 451 293 418 522 495 225]
ntarget_updates[[12 13 14 15 16 17 18 19 20 21 22 23]]: [7320 1186 1417 1019  598 1201  874 1293  953  592  676  871]
thresholds[[12 13 14 15 16 17 18 19 20 21 22 23]]: [1600. 1600. 1600. 1600. 1600. 1600. 1600. 1600. 1600. 1600. 1600. 1600.]

target_updates[[24 25 26 27 28 29 30 31 32 33 34 35]]: [ 41 359 381 360 386 326 498 377 460 389 366 557]
ntarget_updates[[24 25 26 27 28 29 30 31 32 33 34 35]]: [7920  863 2328  545 1160  865  806  849 1044  327  774  519]
thresholds[[24 25 26 27 28 29 30 31 32 33 34 35]]: [1600. 1600. 1600. 1600. 1600. 1600. 1600. 1600. 1600. 1600. 1600. 1600.]

target_updates[[36 37 38 39 40 41 42 43 44 45 46 47]]: [ 10 428 461 510 461 497 439 478 207 131 419 459]
ntarget_updates[[36 37 38 39 40 41 42 43 44 45 46 47]]: [10023   516  1048   902   835   432  1001   752   560   936   414   581]
thresholds[[36 37 38 39 40 41 42 43 44 45 46 47]]: [1600. 1600. 1600. 1600. 1600. 1600. 1600. 1600. 1600. 1600. 1600. 1600.]

target_updates[[48 49 50 51 52 53 54 55 56 57 58 59]]: [  9 248 444 481 284 284 690  40 761 363 455 441]
ntarget_updates[[48 49 50 51 52 53 54 55 56 57 58 59]]: [10981   582   929  1103   449   361   567   176   621   566   982   683]
thresholds[[48 49 50 51 52 53 54 55 56 57 58 59]]: [1600. 1600. 1600. 1600. 1600. 1600. 1600. 1600. 1600. 1600. 1600. 1600.]

=== Layer 0 ===
	Mean activate weights: 0.30000001192092896 +- 0.026000000536441803 (min:0.1599999964237213 ; max:0.5149999856948853)
	Min firing time: 0.8288751840591431 +- 0.027367597445845604
	Mean firing time: 0.8328635692596436 +- 0.026917684823274612
Accuracy on training set after epoch 7: 0.8924
Accuracy on validation set after epoch 7: 0.8288
Accuracy on test set after epoch 7: 0.8122
neuron 21 Cannot activate next neuron, all neurons of class 1 are already active
neuron 35 Cannot activate next neuron, all neurons of class 2 are already active
neuron 4 Cannot activate next neuron, all neurons of class 0 are already active
neuron 39 Cannot activate next neuron, all neurons of class 3 are already active
neuron 56 Cannot activate next neuron, all neurons of class 4 are already active
Epoch 8: Train Acc 0.9035
[INFO] Active neurons total=60, per-class=[12, 12, 12, 12, 12], pre=60, post_grow=60, post_prune=60, grew=0, pruned=0
[INFO] Class difficulty=[0.5450000166893005, 0.5759999752044678, 0.5630000233650208, 0.5339999794960022, 0.5239999890327454], hardness=[0.5, 1.0, 0.75, 0.25, 0.0], grew_per_class=[0, 0, 0, 0, 0], pruned_per_class=[0, 0, 0, 0, 0]
target_updates[[ 0  1  2  3  4  5  6  7  8  9 10 11]]: [ 10 422 568 282 662 521 265 244 247 525 290 464]
ntarget_updates[[ 0  1  2  3  4  5  6  7  8  9 10 11]]: [8431  548  918 1303 1612  877  769  609  604  436  876 1017]
thresholds[[ 0  1  2  3  4  5  6  7  8  9 10 11]]: [1600. 1600. 1600. 1600. 1600. 1600. 1600. 1600. 1600. 1600. 1600. 1600.]

target_updates[[12 13 14 15 16 17 18 19 20 21 22 23]]: [ 20 424 399 434 384 440 454 293 420 518 490 224]
ntarget_updates[[12 13 14 15 16 17 18 19 20 21 22 23]]: [7468 1180 1388  996  592 1168  873 1288  925  576  649  897]
thresholds[[12 13 14 15 16 17 18 19 20 21 22 23]]: [1600. 1600. 1600. 1600. 1600. 1600. 1600. 1600. 1600. 1600. 1600. 1600.]

target_updates[[24 25 26 27 28 29 30 31 32 33 34 35]]: [ 40 360 381 358 387 327 498 378 461 386 366 558]
ntarget_updates[[24 25 26 27 28 29 30 31 32 33 34 35]]: [8084  828 2298  543 1139  856  763  843 1036  331  791  488]
thresholds[[24 25 26 27 28 29 30 31 32 33 34 35]]: [1600. 1600. 1600. 1600. 1600. 1600. 1600. 1600. 1600. 1600. 1600. 1600.]

target_updates[[36 37 38 39 40 41 42 43 44 45 46 47]]: [ 10 428 462 508 471 496 436 473 209 131 422 454]
ntarget_updates[[36 37 38 39 40 41 42 43 44 45 46 47]]: [10120   505  1025   867   838   429   991   733   545   961   413   573]
thresholds[[36 37 38 39 40 41 42 43 44 45 46 47]]: [1600. 1600. 1600. 1600. 1600. 1600. 1600. 1600. 1600. 1600. 1600. 1600.]

target_updates[[48 49 50 51 52 53 54 55 56 57 58 59]]: [  8 253 446 483 282 284 693  36 762 363 454 436]
ntarget_updates[[48 49 50 51 52 53 54 55 56 57 58 59]]: [11151   573   907  1053   435   370   554   187   606   562   955   647]
thresholds[[48 49 50 51 52 53 54 55 56 57 58 59]]: [1600. 1600. 1600. 1600. 1600. 1600. 1600. 1600. 1600. 1600. 1600. 1600.]

=== Layer 0 ===
	Mean activate weights: 0.30000001192092896 +- 0.02710000053048134 (min:0.15199999511241913 ; max:0.5289999842643738)
	Min firing time: 0.8287447690963745 +- 0.027379948645830154
	Mean firing time: 0.8328720331192017 +- 0.02691664546728134
Accuracy on training set after epoch 8: 0.9035
Accuracy on validation set after epoch 8: 0.8304
Accuracy on test set after epoch 8: 0.8152
neuron 21 Cannot activate next neuron, all neurons of class 1 are already active
neuron 35 Cannot activate next neuron, all neurons of class 2 are already active
neuron 4 Cannot activate next neuron, all neurons of class 0 are already active
neuron 39 Cannot activate next neuron, all neurons of class 3 are already active
neuron 56 Cannot activate next neuron, all neurons of class 4 are already active
Epoch 9: Train Acc 0.9128
[INFO] Active neurons total=60, per-class=[12, 12, 12, 12, 12], pre=60, post_grow=60, post_prune=60, grew=0, pruned=0
[INFO] Class difficulty=[0.5410000085830688, 0.5699999928474426, 0.5559999942779541, 0.5299999713897705, 0.5220000147819519], hardness=[0.5, 1.0, 0.75, 0.25, 0.0], grew_per_class=[0, 0, 0, 0, 0], pruned_per_class=[0, 0, 0, 0, 0]
target_updates[[ 0  1  2  3  4  5  6  7  8  9 10 11]]: [ 10 418 568 281 662 524 269 244 249 521 290 464]
ntarget_updates[[ 0  1  2  3  4  5  6  7  8  9 10 11]]: [8571  531  892 1295 1589  837  752  617  611  430  866 1009]
thresholds[[ 0  1  2  3  4  5  6  7  8  9 10 11]]: [1600. 1600. 1600. 1600. 1600. 1600. 1600. 1600. 1600. 1600. 1600. 1600.]

target_updates[[12 13 14 15 16 17 18 19 20 21 22 23]]: [ 20 423 399 434 383 443 460 293 421 512 488 224]
ntarget_updates[[12 13 14 15 16 17 18 19 20 21 22 23]]: [7614 1157 1364  984  560 1127  877 1267  923  589  638  900]
thresholds[[12 13 14 15 16 17 18 19 20 21 22 23]]: [1600. 1600. 1600. 1600. 1600. 1600. 1600. 1600. 1600. 1600. 1600. 1600.]

target_updates[[24 25 26 27 28 29 30 31 32 33 34 35]]: [ 39 359 380 361 389 328 499 379 461 381 366 558]
ntarget_updates[[24 25 26 27 28 29 30 31 32 33 34 35]]: [8222  816 2270  548 1126  825  743  842 1004  323  785  496]
thresholds[[24 25 26 27 28 29 30 31 32 33 34 35]]: [1600. 1600. 1600. 1600. 1600. 1600. 1600. 1600. 1600. 1600. 1600. 1600.]

target_updates[[36 37 38 39 40 41 42 43 44 45 46 47]]: [ 10 435 460 517 476 489 436 473 209 131 410 454]
ntarget_updates[[36 37 38 39 40 41 42 43 44 45 46 47]]: [10208   505  1017   852   805   406   989   742   534   966   411   565]
thresholds[[36 37 38 39 40 41 42 43 44 45 46 47]]: [1600. 1600. 1600. 1600. 1600. 1600. 1600. 1600. 1600. 1600. 1600. 1600.]

target_updates[[48 49 50 51 52 53 54 55 56 57 58 59]]: [  8 254 445 481 286 281 696  31 764 363 454 437]
ntarget_updates[[48 49 50 51 52 53 54 55 56 57 58 59]]: [11271   582   868  1035   448   349   541   187   588   563   920   648]
thresholds[[48 49 50 51 52 53 54 55 56 57 58 59]]: [1600. 1600. 1600. 1600. 1600. 1600. 1600. 1600. 1600. 1600. 1600. 1600.]

=== Layer 0 ===
	Mean activate weights: 0.30000001192092896 +- 0.028200000524520874 (min:0.14499999582767487 ; max:0.5400000214576721)
	Min firing time: 0.8286333084106445 +- 0.02738974057137966
	Mean firing time: 0.8328803181648254 +- 0.026915621012449265
Accuracy on training set after epoch 9: 0.9128
Accuracy on validation set after epoch 9: 0.8328
Accuracy on test set after epoch 9: 0.8186
neuron 21 Cannot activate next neuron, all neurons of class 1 are already active
neuron 35 Cannot activate next neuron, all neurons of class 2 are already active
neuron 4 Cannot activate next neuron, all neurons of class 0 are already active
neuron 39 Cannot activate next neuron, all neurons of class 3 are already active
neuron 56 Cannot activate next neuron, all neurons of class 4 are already active
Epoch 10: Train Acc 0.9208
[INFO] Active neurons total=60, per-class=[12, 12, 12, 12, 12], pre=60, post_grow=60, post_prune=60, grew=0, pruned=0
[INFO] Class difficulty=[0.5379999876022339, 0.5630000233650208, 0.5509999990463257, 0.5270000100135803, 0.5189999938011169], hardness=[0.5, 1.0, 0.75, 0.25, 0.0], grew_per_class=[0, 0, 0, 0, 0], pruned_per_class=[0, 0, 0, 0, 0]
target_updates[[ 0  1  2  3  4  5  6  7  8  9 10 11]]: [ 10 411 571 280 662 526 274 244 247 517 291 467]
ntarget_updates[[ 0  1  2  3  4  5  6  7  8  9 10 11]]: [8714  513  850 1305 1549  822  745  614  608  423  862  995]
thresholds[[ 0  1  2  3  4  5  6  7  8  9 10 11]]: [1600. 1600. 1600. 1600. 1600. 1600. 1600. 1600. 1600. 1600. 1600. 1600.]

target_updates[[12 13 14 15 16 17 18 19 20 21 22 23]]: [ 20 423 399 433 385 444 466 293 422 508 483 224]
ntarget_updates[[12 13 14 15 16 17 18 19 20 21 22 23]]: [7764 1128 1331  967  580 1110  839 1253  883  591  648  906]
thresholds[[12 13 14 15 16 17 18 19 20 21 22 23]]: [1600. 1600. 1600. 1600. 1600. 1600. 1600. 1600. 1600. 1600. 1600. 1600.]

target_updates[[24 25 26 27 28 29 30 31 32 33 34 35]]: [ 38 359 380 356 389 327 499 380 464 383 368 557]
ntarget_updates[[24 25 26 27 28 29 30 31 32 33 34 35]]: [8375  816 2207  543 1109  809  760  817  989  321  782  472]
thresholds[[24 25 26 27 28 29 30 31 32 33 34 35]]: [1600. 1600. 1600. 1600. 1600. 1600. 1600. 1600. 1600. 1600. 1600. 1600.]

target_updates[[36 37 38 39 40 41 42 43 44 45 46 47]]: [ 10 433 462 514 482 481 437 473 215 131 409 453]
ntarget_updates[[36 37 38 39 40 41 42 43 44 45 46 47]]: [10333   494   996   804   808   413   968   713   545   963   408   555]
thresholds[[36 37 38 39 40 41 42 43 44 45 46 47]]: [1600. 1600. 1600. 1600. 1600. 1600. 1600. 1600. 1600. 1600. 1600. 1600.]

target_updates[[48 49 50 51 52 53 54 55 56 57 58 59]]: [  8 255 447 480 287 284 691  29 767 366 453 433]
ntarget_updates[[48 49 50 51 52 53 54 55 56 57 58 59]]: [11382   555   865  1024   431   343   533   207   581   539   905   635]
thresholds[[48 49 50 51 52 53 54 55 56 57 58 59]]: [1600. 1600. 1600. 1600. 1600. 1600. 1600. 1600. 1600. 1600. 1600. 1600.]

=== Layer 0 ===
	Mean activate weights: 0.30000001192092896 +- 0.02930000051856041 (min:0.1379999965429306 ; max:0.550000011920929)
	Min firing time: 0.8285377025604248 +- 0.02739863097667694
	Mean firing time: 0.8328883647918701 +- 0.026914658024907112
Accuracy on training set after epoch 10: 0.9208
Accuracy on validation set after epoch 10: 0.8368
Accuracy on test set after epoch 10: 0.8222
neuron 21 Cannot activate next neuron, all neurons of class 1 are already active
neuron 35 Cannot activate next neuron, all neurons of class 2 are already active
neuron 4 Cannot activate next neuron, all neurons of class 0 are already active
neuron 39 Cannot activate next neuron, all neurons of class 3 are already active
neuron 56 Cannot activate next neuron, all neurons of class 4 are already active
Epoch 11: Train Acc 0.9281
[INFO] Active neurons total=60, per-class=[12, 12, 12, 12, 12], pre=60, post_grow=60, post_prune=60, grew=0, pruned=0
[INFO] Class difficulty=[0.5329999923706055, 0.5569999814033508, 0.546999990940094, 0.5249999761581421, 0.5180000066757202], hardness=[0.5, 1.0, 0.75, 0.25, 0.0], grew_per_class=[0, 0, 0, 0, 0], pruned_per_class=[0, 0, 0, 0, 0]
target_updates[[ 0  1  2  3  4  5  6  7  8  9 10 11]]: [ 10 412 569 280 661 522 276 245 250 515 292 468]
ntarget_updates[[ 0  1  2  3  4  5  6  7  8  9 10 11]]: [8825  489  832 1300 1517  814  743  635  623  405  837  980]
thresholds[[ 0  1  2  3  4  5  6  7  8  9 10 11]]: [1600. 1600. 1600. 1600. 1600. 1600. 1600. 1600. 1600. 1600. 1600. 1600.]

target_updates[[12 13 14 15 16 17 18 19 20 21 22 23]]: [ 19 423 399 433 387 446 473 293 421 504 479 223]
ntarget_updates[[12 13 14 15 16 17 18 19 20 21 22 23]]: [7870 1121 1303  954  571 1083  836 1249  883  589  632  909]
thresholds[[12 13 14 15 16 17 18 19 20 21 22 23]]: [1600. 1600. 1600. 1600. 1600. 1600. 1600. 1600. 1600. 1600. 1600. 1600.]

target_updates[[24 25 26 27 28 29 30 31 32 33 34 35]]: [ 36 360 381 356 389 327 498 381 463 383 368 558]
ntarget_updates[[24 25 26 27 28 29 30 31 32 33 34 35]]: [8479  808 2170  550 1101  819  714  815  965  319  779  481]
thresholds[[24 25 26 27 28 29 30 31 32 33 34 35]]: [1600. 1600. 1600. 1600. 1600. 1600. 1600. 1600. 1600. 1600. 1600. 1600.]

target_updates[[36 37 38 39 40 41 42 43 44 45 46 47]]: [  9 437 460 519 485 479 437 471 213 132 402 456]
ntarget_updates[[36 37 38 39 40 41 42 43 44 45 46 47]]: [10422   487   981   815   794   407   940   706   537   974   404   533]
thresholds[[36 37 38 39 40 41 42 43 44 45 46 47]]: [1600. 1600. 1600. 1600. 1600. 1600. 1600. 1600. 1600. 1600. 1600. 1600.]

target_updates[[48 49 50 51 52 53 54 55 56 57 58 59]]: [  8 257 447 482 289 283 689  29 767 368 452 429]
ntarget_updates[[48 49 50 51 52 53 54 55 56 57 58 59]]: [11479   570   841   994   445   337   520   191   575   555   887   606]
thresholds[[48 49 50 51 52 53 54 55 56 57 58 59]]: [1600. 1600. 1600. 1600. 1600. 1600. 1600. 1600. 1600. 1600. 1600. 1600.]

=== Layer 0 ===
	Mean activate weights: 0.30000001192092896 +- 0.030300000682473183 (min:0.13300000131130219 ; max:0.5580000281333923)
	Min firing time: 0.8284534811973572 +- 0.02740544080734253
	Mean firing time: 0.8328961730003357 +- 0.0269137192517519
Accuracy on training set after epoch 11: 0.9281
Accuracy on validation set after epoch 11: 0.8408
Accuracy on test set after epoch 11: 0.825
neuron 21 Cannot activate next neuron, all neurons of class 1 are already active
neuron 35 Cannot activate next neuron, all neurons of class 2 are already active
neuron 4 Cannot activate next neuron, all neurons of class 0 are already active
neuron 39 Cannot activate next neuron, all neurons of class 3 are already active
neuron 56 Cannot activate next neuron, all neurons of class 4 are already active
Epoch 12: Train Acc 0.9351
[INFO] Active neurons total=60, per-class=[12, 12, 12, 12, 12], pre=60, post_grow=60, post_prune=60, grew=0, pruned=0
[INFO] Class difficulty=[0.5299999713897705, 0.5519999861717224, 0.5429999828338623, 0.5220000147819519, 0.5149999856948853], hardness=[0.5, 1.0, 0.75, 0.25, 0.0], grew_per_class=[0, 0, 0, 0, 0], pruned_per_class=[0, 0, 0, 0, 0]
target_updates[[ 0  1  2  3  4  5  6  7  8  9 10 11]]: [ 10 409 571 280 661 524 279 244 251 511 292 468]
ntarget_updates[[ 0  1  2  3  4  5  6  7  8  9 10 11]]: [8901  486  823 1303 1505  807  730  630  618  405  835  957]
thresholds[[ 0  1  2  3  4  5  6  7  8  9 10 11]]: [1600. 1600. 1600. 1600. 1600. 1600. 1600. 1600. 1600. 1600. 1600. 1600.]

target_updates[[12 13 14 15 16 17 18 19 20 21 22 23]]: [ 19 423 399 433 387 447 474 293 423 501 478 223]
ntarget_updates[[12 13 14 15 16 17 18 19 20 21 22 23]]: [7967 1097 1308  941  575 1072  830 1233  845  598  628  906]
thresholds[[12 13 14 15 16 17 18 19 20 21 22 23]]: [1600. 1600. 1600. 1600. 1600. 1600. 1600. 1600. 1600. 1600. 1600. 1600.]

target_updates[[24 25 26 27 28 29 30 31 32 33 34 35]]: [ 35 360 382 356 390 327 498 382 465 380 369 556]
ntarget_updates[[24 25 26 27 28 29 30 31 32 33 34 35]]: [8564  779 2167  556 1079  802  720  808  956  326  765  478]
thresholds[[24 25 26 27 28 29 30 31 32 33 34 35]]: [1600. 1600. 1600. 1600. 1600. 1600. 1600. 1600. 1600. 1600. 1600. 1600.]

target_updates[[36 37 38 39 40 41 42 43 44 45 46 47]]: [  9 430 460 516 488 478 437 470 219 132 406 455]
ntarget_updates[[36 37 38 39 40 41 42 43 44 45 46 47]]: [10489   479   956   808   769   428   939   715   542   955   388   532]
thresholds[[36 37 38 39 40 41 42 43 44 45 46 47]]: [1600. 1600. 1600. 1600. 1600. 1600. 1600. 1600. 1600. 1600. 1600. 1600.]

target_updates[[48 49 50 51 52 53 54 55 56 57 58 59]]: [  8 258 444 480 290 284 687  29 767 371 452 430]
ntarget_updates[[48 49 50 51 52 53 54 55 56 57 58 59]]: [11565   564   800   992   426   344   501   206   574   544   873   611]
thresholds[[48 49 50 51 52 53 54 55 56 57 58 59]]: [1600. 1600. 1600. 1600. 1600. 1600. 1600. 1600. 1600. 1600. 1600. 1600.]

=== Layer 0 ===
	Mean activate weights: 0.30000001192092896 +- 0.031199999153614044 (min:0.12700000405311584 ; max:0.5659999847412109)
	Min firing time: 0.8283776044845581 +- 0.027411464601755142
	Mean firing time: 0.8329036235809326 +- 0.02691281959414482
Accuracy on training set after epoch 12: 0.9351
Accuracy on validation set after epoch 12: 0.8424
Accuracy on test set after epoch 12: 0.8274
neuron 21 Cannot activate next neuron, all neurons of class 1 are already active
neuron 35 Cannot activate next neuron, all neurons of class 2 are already active
neuron 4 Cannot activate next neuron, all neurons of class 0 are already active
neuron 39 Cannot activate next neuron, all neurons of class 3 are already active
neuron 56 Cannot activate next neuron, all neurons of class 4 are already active
Epoch 13: Train Acc 0.9407
[INFO] Active neurons total=60, per-class=[12, 12, 12, 12, 12], pre=60, post_grow=60, post_prune=60, grew=0, pruned=0
[INFO] Class difficulty=[0.5270000100135803, 0.5479999780654907, 0.5389999747276306, 0.5199999809265137, 0.5139999985694885], hardness=[0.5, 1.0, 0.75, 0.25, 0.0], grew_per_class=[0, 0, 0, 0, 0], pruned_per_class=[0, 0, 0, 0, 0]
target_updates[[ 0  1  2  3  4  5  6  7  8  9 10 11]]: [ 10 410 572 280 661 523 278 244 250 512 292 468]
ntarget_updates[[ 0  1  2  3  4  5  6  7  8  9 10 11]]: [9000  487  793 1290 1475  805  729  614  615  401  832  959]
thresholds[[ 0  1  2  3  4  5  6  7  8  9 10 11]]: [1600. 1600. 1600. 1600. 1600. 1600. 1600. 1600. 1600. 1600. 1600. 1600.]

target_updates[[12 13 14 15 16 17 18 19 20 21 22 23]]: [ 19 423 399 433 387 448 474 293 423 500 478 223]
ntarget_updates[[12 13 14 15 16 17 18 19 20 21 22 23]]: [8055 1094 1275  932  574 1053  825 1228  842  591  627  904]
thresholds[[12 13 14 15 16 17 18 19 20 21 22 23]]: [1600. 1600. 1600. 1600. 1600. 1600. 1600. 1600. 1600. 1600. 1600. 1600.]

target_updates[[24 25 26 27 28 29 30 31 32 33 34 35]]: [ 35 360 382 356 390 327 499 381 463 380 372 555]
ntarget_updates[[24 25 26 27 28 29 30 31 32 33 34 35]]: [8626  795 2148  548 1076  789  718  802  943  322  765  468]
thresholds[[24 25 26 27 28 29 30 31 32 33 34 35]]: [1600. 1600. 1600. 1600. 1600. 1600. 1600. 1600. 1600. 1600. 1600. 1600.]

target_updates[[36 37 38 39 40 41 42 43 44 45 46 47]]: [  8 436 460 518 493 475 438 470 218 132 400 452]
ntarget_updates[[36 37 38 39 40 41 42 43 44 45 46 47]]: [10577   500   939   781   793   390   933   693   531   960   382   521]
thresholds[[36 37 38 39 40 41 42 43 44 45 46 47]]: [1600. 1600. 1600. 1600. 1600. 1600. 1600. 1600. 1600. 1600. 1600. 1600.]

target_updates[[48 49 50 51 52 53 54 55 56 57 58 59]]: [  8 259 446 482 296 285 684  29 764 369 450 428]
ntarget_updates[[48 49 50 51 52 53 54 55 56 57 58 59]]: [11632   569   797   968   445   320   514   205   549   548   844   609]
thresholds[[48 49 50 51 52 53 54 55 56 57 58 59]]: [1600. 1600. 1600. 1600. 1600. 1600. 1600. 1600. 1600. 1600. 1600. 1600.]

=== Layer 0 ===
	Mean activate weights: 0.30000001192092896 +- 0.032099999487400055 (min:0.12200000137090683 ; max:0.5720000267028809)
	Min firing time: 0.8283100724220276 +- 0.02741704136133194
	Mean firing time: 0.8329108357429504 +- 0.02691195160150528
Accuracy on training set after epoch 13: 0.9407
Accuracy on validation set after epoch 13: 0.8428
Accuracy on test set after epoch 13: 0.8292
neuron 21 Cannot activate next neuron, all neurons of class 1 are already active
neuron 35 Cannot activate next neuron, all neurons of class 2 are already active
neuron 4 Cannot activate next neuron, all neurons of class 0 are already active
neuron 39 Cannot activate next neuron, all neurons of class 3 are already active
neuron 56 Cannot activate next neuron, all neurons of class 4 are already active
Epoch 14: Train Acc 0.9459
[INFO] Active neurons total=60, per-class=[12, 12, 12, 12, 12], pre=60, post_grow=60, post_prune=60, grew=0, pruned=0
[INFO] Class difficulty=[0.5260000228881836, 0.5440000295639038, 0.5360000133514404, 0.5180000066757202, 0.5120000243186951], hardness=[0.5, 1.0, 0.75, 0.25, 0.0], grew_per_class=[0, 0, 0, 0, 0], pruned_per_class=[0, 0, 0, 0, 0]
target_updates[[ 0  1  2  3  4  5  6  7  8  9 10 11]]: [ 10 410 571 280 661 523 281 245 250 509 292 468]
ntarget_updates[[ 0  1  2  3  4  5  6  7  8  9 10 11]]: [9068  481  777 1289 1464  786  735  616  627  384  831  942]
thresholds[[ 0  1  2  3  4  5  6  7  8  9 10 11]]: [1600. 1600. 1600. 1600. 1600. 1600. 1600. 1600. 1600. 1600. 1600. 1600.]

target_updates[[12 13 14 15 16 17 18 19 20 21 22 23]]: [ 19 423 399 433 387 448 476 293 423 500 476 223]
ntarget_updates[[12 13 14 15 16 17 18 19 20 21 22 23]]: [8142 1088 1277  912  556 1039  815 1211  821  601  626  912]
thresholds[[12 13 14 15 16 17 18 19 20 21 22 23]]: [1600. 1600. 1600. 1600. 1600. 1600. 1600. 1600. 1600. 1600. 1600. 1600.]

target_updates[[24 25 26 27 28 29 30 31 32 33 34 35]]: [ 35 360 382 353 390 327 498 382 464 384 370 555]
ntarget_updates[[24 25 26 27 28 29 30 31 32 33 34 35]]: [8731  797 2123  560 1055  790  700  782  935  308  758  461]
thresholds[[24 25 26 27 28 29 30 31 32 33 34 35]]: [1600. 1600. 1600. 1600. 1600. 1600. 1600. 1600. 1600. 1600. 1600. 1600.]

target_updates[[36 37 38 39 40 41 42 43 44 45 46 47]]: [  8 436 460 517 497 473 434 470 218 132 401 454]
ntarget_updates[[36 37 38 39 40 41 42 43 44 45 46 47]]: [10652   486   932   764   738   397   933   696   538   965   386   513]
thresholds[[36 37 38 39 40 41 42 43 44 45 46 47]]: [1600. 1600. 1600. 1600. 1600. 1600. 1600. 1600. 1600. 1600. 1600. 1600.]

target_updates[[48 49 50 51 52 53 54 55 56 57 58 59]]: [  8 259 447 480 296 288 679  29 765 369 450 430]
ntarget_updates[[48 49 50 51 52 53 54 55 56 57 58 59]]: [11697   542   784   971   434   340   506   210   545   532   853   586]
thresholds[[48 49 50 51 52 53 54 55 56 57 58 59]]: [1600. 1600. 1600. 1600. 1600. 1600. 1600. 1600. 1600. 1600. 1600. 1600.]

=== Layer 0 ===
	Mean activate weights: 0.30000001192092896 +- 0.03290000185370445 (min:0.11699999868869781 ; max:0.5799999833106995)
	Min firing time: 0.8282496333122253 +- 0.027421096339821815
	Mean firing time: 0.8329178094863892 +- 0.026911132037639618
Accuracy on training set after epoch 14: 0.9459
Accuracy on validation set after epoch 14: 0.8432
Accuracy on test set after epoch 14: 0.8302
neuron 35 Cannot activate next neuron, all neurons of class 2 are already active
neuron 4 Cannot activate next neuron, all neurons of class 0 are already active
neuron 39 Cannot activate next neuron, all neurons of class 3 are already active
neuron 56 Cannot activate next neuron, all neurons of class 4 are already active
Epoch 15: Train Acc 0.9504
[INFO] Active neurons total=60, per-class=[12, 12, 12, 12, 12], pre=60, post_grow=60, post_prune=60, grew=0, pruned=0
[INFO] Class difficulty=[0.5239999890327454, 0.5400000214576721, 0.5329999923706055, 0.5170000195503235, 0.5109999775886536], hardness=[0.5, 1.0, 0.75, 0.25, 0.0], grew_per_class=[0, 0, 0, 0, 0], pruned_per_class=[0, 0, 0, 0, 0]
target_updates[[ 0  1  2  3  4  5  6  7  8  9 10 11]]: [ 10 406 573 280 661 523 284 243 253 506 293 468]
ntarget_updates[[ 0  1  2  3  4  5  6  7  8  9 10 11]]: [9135  480  754 1287 1457  765  722  625  614  402  830  929]
thresholds[[ 0  1  2  3  4  5  6  7  8  9 10 11]]: [1600. 1600. 1600. 1600. 1600. 1600. 1600. 1600. 1600. 1600. 1600. 1600.]

target_updates[[12 13 14 15 16 17 18 19 20 21 22 23]]: [ 19 424 399 433 389 449 475 294 424 498 473 223]
ntarget_updates[[12 13 14 15 16 17 18 19 20 21 22 23]]: [8218 1073 1266  901  557 1025  801 1212  830  607  614  896]
thresholds[[12 13 14 15 16 17 18 19 20 21 22 23]]: [1600. 1600. 1600. 1600. 1600. 1600. 1600. 1600. 1600. 1600. 1600. 1600.]

target_updates[[24 25 26 27 28 29 30 31 32 33 34 35]]: [ 35 360 382 353 389 327 499 382 464 378 374 557]
ntarget_updates[[24 25 26 27 28 29 30 31 32 33 34 35]]: [8808  780 2097  548 1050  783  699  775  930  331  754  445]
thresholds[[24 25 26 27 28 29 30 31 32 33 34 35]]: [1600. 1600. 1600. 1600. 1600. 1600. 1600. 1600. 1600. 1600. 1600. 1600.]

target_updates[[36 37 38 39 40 41 42 43 44 45 46 47]]: [  8 434 459 518 494 472 435 470 220 132 402 456]
ntarget_updates[[36 37 38 39 40 41 42 43 44 45 46 47]]: [10716   475   914   751   765   393   902   705   544   948   375   512]
thresholds[[36 37 38 39 40 41 42 43 44 45 46 47]]: [1600. 1600. 1600. 1600. 1600. 1600. 1600. 1600. 1600. 1600. 1600. 1600.]

target_updates[[48 49 50 51 52 53 54 55 56 57 58 59]]: [  7 263 446 482 295 287 679  29 764 371 451 426]
ntarget_updates[[48 49 50 51 52 53 54 55 56 57 58 59]]: [11753   553   765   953   425   341   498   195   542   540   840   595]
thresholds[[48 49 50 51 52 53 54 55 56 57 58 59]]: [1600. 1600. 1600. 1600. 1600. 1600. 1600. 1600. 1600. 1600. 1600. 1600.]

=== Layer 0 ===
	Mean activate weights: 0.30000001192092896 +- 0.033799998462200165 (min:0.1120000034570694 ; max:0.5860000252723694)
	Min firing time: 0.828193724155426 +- 0.027424536645412445
	Mean firing time: 0.8329246640205383 +- 0.02691037766635418
Accuracy on training set after epoch 15: 0.9504
Accuracy on validation set after epoch 15: 0.8428
Accuracy on test set after epoch 15: 0.831
neuron 35 Cannot activate next neuron, all neurons of class 2 are already active
neuron 4 Cannot activate next neuron, all neurons of class 0 are already active
neuron 39 Cannot activate next neuron, all neurons of class 3 are already active
neuron 56 Cannot activate next neuron, all neurons of class 4 are already active
Epoch 16: Train Acc 0.9540
[INFO] Active neurons total=60, per-class=[12, 12, 12, 12, 12], pre=60, post_grow=60, post_prune=60, grew=0, pruned=0
[INFO] Class difficulty=[0.5220000147819519, 0.5370000004768372, 0.531000018119812, 0.515999972820282, 0.5099999904632568], hardness=[0.5, 1.0, 0.75, 0.25, 0.0], grew_per_class=[0, 0, 0, 0, 0], pruned_per_class=[0, 0, 0, 0, 0]
target_updates[[ 0  1  2  3  4  5  6  7  8  9 10 11]]: [ 10 406 573 280 661 522 282 244 254 508 293 467]
ntarget_updates[[ 0  1  2  3  4  5  6  7  8  9 10 11]]: [9184  460  759 1268 1441  774  722  613  616  391  842  930]
thresholds[[ 0  1  2  3  4  5  6  7  8  9 10 11]]: [1600. 1600. 1600. 1600. 1600. 1600. 1600. 1600. 1600. 1600. 1600. 1600.]

target_updates[[12 13 14 15 16 17 18 19 20 21 22 23]]: [ 19 424 399 433 388 451 479 294 425 493 472 223]
ntarget_updates[[12 13 14 15 16 17 18 19 20 21 22 23]]: [8310 1070 1258  898  564 1019  798 1183  796  602  610  892]
thresholds[[12 13 14 15 16 17 18 19 20 21 22 23]]: [1600. 1600. 1600. 1600. 1600. 1600. 1600. 1600. 1600. 1600. 1600. 1600.]

target_updates[[24 25 26 27 28 29 30 31 32 33 34 35]]: [ 35 360 382 352 389 327 500 382 464 381 372 556]
ntarget_updates[[24 25 26 27 28 29 30 31 32 33 34 35]]: [8889  766 2077  552 1035  769  699  781  916  316  726  474]
thresholds[[24 25 26 27 28 29 30 31 32 33 34 35]]: [1600. 1600. 1600. 1600. 1600. 1600. 1600. 1600. 1600. 1600. 1600. 1600.]

target_updates[[36 37 38 39 40 41 42 43 44 45 46 47]]: [  8 442 461 515 502 473 433 468 220 132 394 452]
ntarget_updates[[36 37 38 39 40 41 42 43 44 45 46 47]]: [10757   480   919   754   733   391   899   698   536   958   371   504]
thresholds[[36 37 38 39 40 41 42 43 44 45 46 47]]: [1600. 1600. 1600. 1600. 1600. 1600. 1600. 1600. 1600. 1600. 1600. 1600.]

target_updates[[48 49 50 51 52 53 54 55 56 57 58 59]]: [  7 264 446 480 294 289 676  29 767 369 451 428]
ntarget_updates[[48 49 50 51 52 53 54 55 56 57 58 59]]: [11807   556   752   941   431   327   492   207   545   531   834   577]
thresholds[[48 49 50 51 52 53 54 55 56 57 58 59]]: [1600. 1600. 1600. 1600. 1600. 1600. 1600. 1600. 1600. 1600. 1600. 1600.]

=== Layer 0 ===
	Mean activate weights: 0.30000001192092896 +- 0.03449999913573265 (min:0.10899999737739563 ; max:0.5910000205039978)
	Min firing time: 0.828142523765564 +- 0.02742784656584263
	Mean firing time: 0.8329312205314636 +- 0.02690962143242359
Accuracy on training set after epoch 16: 0.954
Accuracy on validation set after epoch 16: 0.844
Accuracy on test set after epoch 16: 0.832
neuron 35 Cannot activate next neuron, all neurons of class 2 are already active
neuron 4 Cannot activate next neuron, all neurons of class 0 are already active
neuron 39 Cannot activate next neuron, all neurons of class 3 are already active
neuron 56 Cannot activate next neuron, all neurons of class 4 are already active
Epoch 17: Train Acc 0.9578
[INFO] Active neurons total=60, per-class=[12, 12, 12, 12, 12], pre=60, post_grow=60, post_prune=60, grew=0, pruned=0
[INFO] Class difficulty=[0.5189999938011169, 0.5350000262260437, 0.5289999842643738, 0.5139999985694885, 0.5090000033378601], hardness=[0.5, 1.0, 0.75, 0.25, 0.0], grew_per_class=[0, 0, 0, 0, 0], pruned_per_class=[0, 0, 0, 0, 0]
target_updates[[ 0  1  2  3  4  5  6  7  8  9 10 11]]: [ 10 407 574 280 661 520 287 245 253 503 293 467]
ntarget_updates[[ 0  1  2  3  4  5  6  7  8  9 10 11]]: [9219  486  741 1266 1445  759  728  617  616  385  823  915]
thresholds[[ 0  1  2  3  4  5  6  7  8  9 10 11]]: [1600. 1600. 1600. 1600. 1600. 1600. 1600. 1600. 1600. 1600. 1600. 1600.]

target_updates[[12 13 14 15 16 17 18 19 20 21 22 23]]: [ 19 424 399 433 390 451 480 294 425 493 470 222]
ntarget_updates[[12 13 14 15 16 17 18 19 20 21 22 23]]: [8372 1066 1220  894  542 1012  797 1187  804  583  615  908]
thresholds[[12 13 14 15 16 17 18 19 20 21 22 23]]: [1600. 1600. 1600. 1600. 1600. 1600. 1600. 1600. 1600. 1600. 1600. 1600.]

target_updates[[24 25 26 27 28 29 30 31 32 33 34 35]]: [ 35 360 382 349 389 327 499 386 463 383 374 553]
ntarget_updates[[24 25 26 27 28 29 30 31 32 33 34 35]]: [8934  760 2071  554 1035  776  683  762  889  324  752  460]
thresholds[[24 25 26 27 28 29 30 31 32 33 34 35]]: [1600. 1600. 1600. 1600. 1600. 1600. 1600. 1600. 1600. 1600. 1600. 1600.]

target_updates[[36 37 38 39 40 41 42 43 44 45 46 47]]: [  7 442 458 518 507 464 436 471 220 132 397 448]
ntarget_updates[[36 37 38 39 40 41 42 43 44 45 46 47]]: [10799   466   910   730   736   390   899   696   543   953   371   507]
thresholds[[36 37 38 39 40 41 42 43 44 45 46 47]]: [1600. 1600. 1600. 1600. 1600. 1600. 1600. 1600. 1600. 1600. 1600. 1600.]

target_updates[[48 49 50 51 52 53 54 55 56 57 58 59]]: [  7 262 447 480 295 287 676  29 768 369 451 429]
ntarget_updates[[48 49 50 51 52 53 54 55 56 57 58 59]]: [11845   537   765   936   439   333   482   194   539   529   831   570]
thresholds[[48 49 50 51 52 53 54 55 56 57 58 59]]: [1600. 1600. 1600. 1600. 1600. 1600. 1600. 1600. 1600. 1600. 1600. 1600.]

=== Layer 0 ===
	Mean activate weights: 0.30000001192092896 +- 0.03530000150203705 (min:0.10400000214576721 ; max:0.5960000157356262)
	Min firing time: 0.8280958533287048 +- 0.027430936694145203
	Mean firing time: 0.8329378366470337 +- 0.026908880099654198
Accuracy on training set after epoch 17: 0.9578
Accuracy on validation set after epoch 17: 0.8452
Accuracy on test set after epoch 17: 0.8322
neuron 35 Cannot activate next neuron, all neurons of class 2 are already active
neuron 4 Cannot activate next neuron, all neurons of class 0 are already active
neuron 39 Cannot activate next neuron, all neurons of class 3 are already active
neuron 56 Cannot activate next neuron, all neurons of class 4 are already active
Epoch 18: Train Acc 0.9616
[INFO] Active neurons total=60, per-class=[12, 12, 12, 12, 12], pre=60, post_grow=60, post_prune=60, grew=0, pruned=0
[INFO] Class difficulty=[0.5180000066757202, 0.531000018119812, 0.5270000100135803, 0.5120000243186951, 0.5080000162124634], hardness=[0.5, 1.0, 0.75, 0.25, 0.0], grew_per_class=[0, 0, 0, 0, 0], pruned_per_class=[0, 0, 0, 0, 0]
target_updates[[ 0  1  2  3  4  5  6  7  8  9 10 11]]: [ 10 406 575 280 661 522 286 242 255 503 293 467]
ntarget_updates[[ 0  1  2  3  4  5  6  7  8  9 10 11]]: [9258  469  734 1264 1429  756  709  614  629  394  832  912]
thresholds[[ 0  1  2  3  4  5  6  7  8  9 10 11]]: [1600. 1600. 1600. 1600. 1600. 1600. 1600. 1600. 1600. 1600. 1600. 1600.]

target_updates[[12 13 14 15 16 17 18 19 20 21 22 23]]: [ 19 425 399 433 389 451 481 294 425 492 470 222]
ntarget_updates[[12 13 14 15 16 17 18 19 20 21 22 23]]: [8419 1061 1239  884  555  971  816 1153  801  598  615  888]
thresholds[[12 13 14 15 16 17 18 19 20 21 22 23]]: [1600. 1600. 1600. 1600. 1600. 1600. 1600. 1600. 1600. 1600. 1600. 1600.]

target_updates[[24 25 26 27 28 29 30 31 32 33 34 35]]: [ 35 360 382 352 390 327 499 383 463 381 373 555]
ntarget_updates[[24 25 26 27 28 29 30 31 32 33 34 35]]: [9005  761 2051  550 1025  761  682  777  898  315  726  449]
thresholds[[24 25 26 27 28 29 30 31 32 33 34 35]]: [1600. 1600. 1600. 1600. 1600. 1600. 1600. 1600. 1600. 1600. 1600. 1600.]

target_updates[[36 37 38 39 40 41 42 43 44 45 46 47]]: [  7 436 463 518 498 467 435 471 221 132 399 453]
ntarget_updates[[36 37 38 39 40 41 42 43 44 45 46 47]]: [10839   474   908   743   731   376   892   687   542   939   358   511]
thresholds[[36 37 38 39 40 41 42 43 44 45 46 47]]: [1600. 1600. 1600. 1600. 1600. 1600. 1600. 1600. 1600. 1600. 1600. 1600.]

target_updates[[48 49 50 51 52 53 54 55 56 57 58 59]]: [  7 264 444 478 297 286 679  29 766 370 451 429]
ntarget_updates[[48 49 50 51 52 53 54 55 56 57 58 59]]: [11891   545   734   937   416   339   482   210   529   528   822   567]
thresholds[[48 49 50 51 52 53 54 55 56 57 58 59]]: [1600. 1600. 1600. 1600. 1600. 1600. 1600. 1600. 1600. 1600. 1600. 1600.]

=== Layer 0 ===
	Mean activate weights: 0.30000001192092896 +- 0.035999998450279236 (min:0.10100000351667404 ; max:0.6019999980926514)
	Min firing time: 0.828052282333374 +- 0.027433332055807114
	Mean firing time: 0.8329440951347351 +- 0.026908205822110176
Accuracy on training set after epoch 18: 0.9616
Accuracy on validation set after epoch 18: 0.8468
Accuracy on test set after epoch 18: 0.8336
neuron 35 Cannot activate next neuron, all neurons of class 2 are already active
neuron 4 Cannot activate next neuron, all neurons of class 0 are already active
neuron 39 Cannot activate next neuron, all neurons of class 3 are already active
neuron 56 Cannot activate next neuron, all neurons of class 4 are already active
Epoch 19: Train Acc 0.9646
[INFO] Active neurons total=60, per-class=[12, 12, 12, 12, 12], pre=60, post_grow=60, post_prune=60, grew=0, pruned=0
[INFO] Class difficulty=[0.515999972820282, 0.5299999713897705, 0.5239999890327454, 0.5109999775886536, 0.5070000290870667], hardness=[0.5, 1.0, 0.75, 0.25, 0.0], grew_per_class=[0, 0, 0, 0, 0], pruned_per_class=[0, 0, 0, 0, 0]
target_updates[[ 0  1  2  3  4  5  6  7  8  9 10 11]]: [ 10 409 575 280 661 520 288 243 254 501 293 466]
ntarget_updates[[ 0  1  2  3  4  5  6  7  8  9 10 11]]: [9298  462  735 1265 1428  744  714  622  610  393  833  896]
thresholds[[ 0  1  2  3  4  5  6  7  8  9 10 11]]: [1600. 1600. 1600. 1600. 1600. 1600. 1600. 1600. 1600. 1600. 1600. 1600.]

target_updates[[12 13 14 15 16 17 18 19 20 21 22 23]]: [ 19 424 399 433 389 453 481 294 425 490 471 222]
ntarget_updates[[12 13 14 15 16 17 18 19 20 21 22 23]]: [8458 1056 1233  884  535  984  771 1178  786  605  616  894]
thresholds[[12 13 14 15 16 17 18 19 20 21 22 23]]: [1600. 1600. 1600. 1600. 1600. 1600. 1600. 1600. 1600. 1600. 1600. 1600.]

target_updates[[24 25 26 27 28 29 30 31 32 33 34 35]]: [ 35 361 382 351 390 327 499 385 464 379 375 552]
ntarget_updates[[24 25 26 27 28 29 30 31 32 33 34 35]]: [9061  765 2020  542 1010  765  680  768  867  321  753  448]
thresholds[[24 25 26 27 28 29 30 31 32 33 34 35]]: [1600. 1600. 1600. 1600. 1600. 1600. 1600. 1600. 1600. 1600. 1600. 1600.]

target_updates[[36 37 38 39 40 41 42 43 44 45 46 47]]: [  7 445 459 521 507 461 435 470 222 132 390 451]
ntarget_updates[[36 37 38 39 40 41 42 43 44 45 46 47]]: [10869   482   885   731   712   384   899   695   531   949   366   497]
thresholds[[36 37 38 39 40 41 42 43 44 45 46 47]]: [1600. 1600. 1600. 1600. 1600. 1600. 1600. 1600. 1600. 1600. 1600. 1600.]

target_updates[[48 49 50 51 52 53 54 55 56 57 58 59]]: [  7 262 444 479 297 291 675  29 765 371 451 429]
ntarget_updates[[48 49 50 51 52 53 54 55 56 57 58 59]]: [11934   545   737   920   417   322   473   212   524   530   820   566]
thresholds[[48 49 50 51 52 53 54 55 56 57 58 59]]: [1600. 1600. 1600. 1600. 1600. 1600. 1600. 1600. 1600. 1600. 1600. 1600.]

=== Layer 0 ===
	Mean activate weights: 0.30000001192092896 +- 0.03669999912381172 (min:0.09700000286102295 ; max:0.6060000061988831)
	Min firing time: 0.8280118107795715 +- 0.02743527665734291
	Mean firing time: 0.8329503536224365 +- 0.026907511055469513
Accuracy on training set after epoch 19: 0.9646
Accuracy on validation set after epoch 19: 0.848
Accuracy on test set after epoch 19: 0.835
neuron 35 Cannot activate next neuron, all neurons of class 2 are already active
neuron 4 Cannot activate next neuron, all neurons of class 0 are already active
neuron 39 Cannot activate next neuron, all neurons of class 3 are already active
neuron 56 Cannot activate next neuron, all neurons of class 4 are already active
Epoch 20: Train Acc 0.9671
[INFO] Active neurons total=60, per-class=[12, 12, 12, 12, 12], pre=60, post_grow=60, post_prune=60, grew=0, pruned=0
[INFO] Class difficulty=[0.5149999856948853, 0.5270000100135803, 0.5230000019073486, 0.5099999904632568, 0.5070000290870667], hardness=[0.5, 1.0, 0.75, 0.25, 0.0], grew_per_class=[0, 0, 0, 0, 0], pruned_per_class=[0, 0, 0, 0, 0]
target_updates[[ 0  1  2  3  4  5  6  7  8  9 10 11]]: [ 10 408 575 280 661 521 284 243 254 505 293 466]
ntarget_updates[[ 0  1  2  3  4  5  6  7  8  9 10 11]]: [9353  453  735 1247 1417  758  707  620  622  381  800  907]
thresholds[[ 0  1  2  3  4  5  6  7  8  9 10 11]]: [1600. 1600. 1600. 1600. 1600. 1600. 1600. 1600. 1600. 1600. 1600. 1600.]

target_updates[[12 13 14 15 16 17 18 19 20 21 22 23]]: [ 17 425 400 433 388 452 483 294 425 491 470 222]
ntarget_updates[[12 13 14 15 16 17 18 19 20 21 22 23]]: [8515 1054 1238  865  537  985  787 1158  776  596  610  879]
thresholds[[12 13 14 15 16 17 18 19 20 21 22 23]]: [1600. 1600. 1600. 1600. 1600. 1600. 1600. 1600. 1600. 1600. 1600. 1600.]

target_updates[[24 25 26 27 28 29 30 31 32 33 34 35]]: [ 34 362 382 353 390 327 499 386 463 381 375 548]
ntarget_updates[[24 25 26 27 28 29 30 31 32 33 34 35]]: [9096  755 2015  556 1007  749  673  767  877  329  728  448]
thresholds[[24 25 26 27 28 29 30 31 32 33 34 35]]: [1600. 1600. 1600. 1600. 1600. 1600. 1600. 1600. 1600. 1600. 1600. 1600.]

target_updates[[36 37 38 39 40 41 42 43 44 45 46 47]]: [  7 438 463 518 502 469 435 467 222 132 395 452]
ntarget_updates[[36 37 38 39 40 41 42 43 44 45 46 47]]: [10894   480   886   723   737   378   886   683   536   943   357   497]
thresholds[[36 37 38 39 40 41 42 43 44 45 46 47]]: [1600. 1600. 1600. 1600. 1600. 1600. 1600. 1600. 1600. 1600. 1600. 1600.]

target_updates[[48 49 50 51 52 53 54 55 56 57 58 59]]: [  7 263 445 480 296 292 672  29 767 371 451 427]
ntarget_updates[[48 49 50 51 52 53 54 55 56 57 58 59]]: [11966   555   731   926   428   317   456   217   524   527   805   548]
thresholds[[48 49 50 51 52 53 54 55 56 57 58 59]]: [1600. 1600. 1600. 1600. 1600. 1600. 1600. 1600. 1600. 1600. 1600. 1600.]

=== Layer 0 ===
	Mean activate weights: 0.30000001192092896 +- 0.037300001829862595 (min:0.09300000220537186 ; max:0.6100000143051147)
	Min firing time: 0.8279742002487183 +- 0.027437401935458183
	Mean firing time: 0.8329563140869141 +- 0.026906870305538177
Accuracy on training set after epoch 20: 0.9671
Accuracy on validation set after epoch 20: 0.8492
Accuracy on test set after epoch 20: 0.8352
neuron 35 Cannot activate next neuron, all neurons of class 2 are already active
neuron 4 Cannot activate next neuron, all neurons of class 0 are already active
neuron 39 Cannot activate next neuron, all neurons of class 3 are already active
neuron 56 Cannot activate next neuron, all neurons of class 4 are already active
Epoch 21: Train Acc 0.9696
[INFO] Active neurons total=60, per-class=[12, 12, 12, 12, 12], pre=60, post_grow=60, post_prune=60, grew=0, pruned=0
[INFO] Class difficulty=[0.5139999985694885, 0.5249999761581421, 0.5210000276565552, 0.5090000033378601, 0.5059999823570251], hardness=[0.5, 1.0, 0.75, 0.25, 0.0], grew_per_class=[0, 0, 0, 0, 0], pruned_per_class=[0, 0, 0, 0, 0]
target_updates[[ 0  1  2  3  4  5  6  7  8  9 10 11]]: [ 10 406 575 280 661 520 288 244 256 501 293 466]
ntarget_updates[[ 0  1  2  3  4  5  6  7  8  9 10 11]]: [9372  458  714 1240 1416  744  712  621  614  384  816  909]
thresholds[[ 0  1  2  3  4  5  6  7  8  9 10 11]]: [1600. 1600. 1600. 1600. 1600. 1600. 1600. 1600. 1600. 1600. 1600. 1600.]

target_updates[[12 13 14 15 16 17 18 19 20 21 22 23]]: [ 16 425 400 433 388 454 482 295 427 489 468 223]
ntarget_updates[[12 13 14 15 16 17 18 19 20 21 22 23]]: [8548 1033 1232  862  543  961  785 1150  787  592  620  887]
thresholds[[12 13 14 15 16 17 18 19 20 21 22 23]]: [1600. 1600. 1600. 1600. 1600. 1600. 1600. 1600. 1600. 1600. 1600. 1600.]

target_updates[[24 25 26 27 28 29 30 31 32 33 34 35]]: [ 34 362 382 351 390 327 500 387 463 378 375 551]
ntarget_updates[[24 25 26 27 28 29 30 31 32 33 34 35]]: [9142  743 1987  554  990  756  672  761  876  330  744  445]
thresholds[[24 25 26 27 28 29 30 31 32 33 34 35]]: [1600. 1600. 1600. 1600. 1600. 1600. 1600. 1600. 1600. 1600. 1600. 1600.]

target_updates[[36 37 38 39 40 41 42 43 44 45 46 47]]: [  7 440 462 520 509 465 434 467 225 132 392 447]
ntarget_updates[[36 37 38 39 40 41 42 43 44 45 46 47]]: [10933   462   868   725   727   379   880   687   539   952   356   492]
thresholds[[36 37 38 39 40 41 42 43 44 45 46 47]]: [1600. 1600. 1600. 1600. 1600. 1600. 1600. 1600. 1600. 1600. 1600. 1600.]

target_updates[[48 49 50 51 52 53 54 55 56 57 58 59]]: [  7 262 443 478 296 291 675  29 768 372 451 428]
ntarget_updates[[48 49 50 51 52 53 54 55 56 57 58 59]]: [12013   537   729   908   398   325   473   201   518   540   807   551]
thresholds[[48 49 50 51 52 53 54 55 56 57 58 59]]: [1600. 1600. 1600. 1600. 1600. 1600. 1600. 1600. 1600. 1600. 1600. 1600.]

=== Layer 0 ===
	Mean activate weights: 0.30000001192092896 +- 0.03799999877810478 (min:0.08799999952316284 ; max:0.6150000095367432)
	Min firing time: 0.8279387354850769 +- 0.02743888832628727
	Mean firing time: 0.8329620957374573 +- 0.026906227692961693
Accuracy on training set after epoch 21: 0.9696
Accuracy on validation set after epoch 21: 0.8488
Accuracy on test set after epoch 21: 0.8368
neuron 35 Cannot activate next neuron, all neurons of class 2 are already active
neuron 4 Cannot activate next neuron, all neurons of class 0 are already active
neuron 39 Cannot activate next neuron, all neurons of class 3 are already active
neuron 56 Cannot activate next neuron, all neurons of class 4 are already active
Epoch 22: Train Acc 0.9716
[INFO] Active neurons total=60, per-class=[12, 12, 12, 12, 12], pre=60, post_grow=60, post_prune=60, grew=0, pruned=0
[INFO] Class difficulty=[0.5139999985694885, 0.5239999890327454, 0.5199999809265137, 0.5080000162124634, 0.5049999952316284], hardness=[0.5, 1.0, 0.75, 0.25, 0.0], grew_per_class=[0, 0, 0, 0, 0], pruned_per_class=[0, 0, 0, 0, 0]
target_updates[[ 0  1  2  3  4  5  6  7  8  9 10 11]]: [ 10 405 576 280 661 520 290 246 255 499 293 465]
ntarget_updates[[ 0  1  2  3  4  5  6  7  8  9 10 11]]: [9427  463  706 1230 1414  732  710  620  612  380  821  885]
thresholds[[ 0  1  2  3  4  5  6  7  8  9 10 11]]: [1600. 1600. 1600. 1600. 1600. 1600. 1600. 1600. 1600. 1600. 1600. 1600.]

target_updates[[12 13 14 15 16 17 18 19 20 21 22 23]]: [ 16 425 400 433 390 453 485 295 427 488 466 222]
ntarget_updates[[12 13 14 15 16 17 18 19 20 21 22 23]]: [8588 1043 1218  860  532  960  790 1165  769  588  604  883]
thresholds[[12 13 14 15 16 17 18 19 20 21 22 23]]: [1600. 1600. 1600. 1600. 1600. 1600. 1600. 1600. 1600. 1600. 1600. 1600.]

target_updates[[24 25 26 27 28 29 30 31 32 33 34 35]]: [ 34 363 382 349 390 327 503 387 464 374 377 550]
ntarget_updates[[24 25 26 27 28 29 30 31 32 33 34 35]]: [9185  762 1987  548  988  754  677  749  858  320  733  439]
thresholds[[24 25 26 27 28 29 30 31 32 33 34 35]]: [1600. 1600. 1600. 1600. 1600. 1600. 1600. 1600. 1600. 1600. 1600. 1600.]

target_updates[[36 37 38 39 40 41 42 43 44 45 46 47]]: [  7 438 462 521 504 465 434 468 225 132 392 452]
ntarget_updates[[36 37 38 39 40 41 42 43 44 45 46 47]]: [10955   479   886   711   706   372   872   686   547   930   355   501]
thresholds[[36 37 38 39 40 41 42 43 44 45 46 47]]: [1600. 1600. 1600. 1600. 1600. 1600. 1600. 1600. 1600. 1600. 1600. 1600.]

target_updates[[48 49 50 51 52 53 54 55 56 57 58 59]]: [  7 264 443 478 297 291 674  29 768 369 451 429]
ntarget_updates[[48 49 50 51 52 53 54 55 56 57 58 59]]: [12036   548   710   897   412   328   465   215   513   521   796   559]
thresholds[[48 49 50 51 52 53 54 55 56 57 58 59]]: [1600. 1600. 1600. 1600. 1600. 1600. 1600. 1600. 1600. 1600. 1600. 1600.]

=== Layer 0 ===
	Mean activate weights: 0.30000001192092896 +- 0.038600001484155655 (min:0.08399999886751175 ; max:0.6190000176429749)
	Min firing time: 0.8279058933258057 +- 0.027439869940280914
	Mean firing time: 0.8329678177833557 +- 0.026905670762062073
Accuracy on training set after epoch 22: 0.9716
Accuracy on validation set after epoch 22: 0.8492
Accuracy on test set after epoch 22: 0.836
neuron 35 Cannot activate next neuron, all neurons of class 2 are already active
neuron 4 Cannot activate next neuron, all neurons of class 0 are already active
neuron 39 Cannot activate next neuron, all neurons of class 3 are already active
neuron 56 Cannot activate next neuron, all neurons of class 4 are already active
Epoch 23: Train Acc 0.9733
[INFO] Active neurons total=60, per-class=[12, 12, 12, 12, 12], pre=60, post_grow=60, post_prune=60, grew=0, pruned=0
[INFO] Class difficulty=[0.5130000114440918, 0.5230000019073486, 0.5180000066757202, 0.5070000290870667, 0.5049999952316284], hardness=[0.5, 1.0, 0.75, 0.25, 0.0], grew_per_class=[0, 0, 0, 0, 0], pruned_per_class=[0, 0, 0, 0, 0]
target_updates[[ 0  1  2  3  4  5  6  7  8  9 10 11]]: [ 10 406 576 280 661 521 289 244 254 500 293 466]
ntarget_updates[[ 0  1  2  3  4  5  6  7  8  9 10 11]]: [9451  464  706 1237 1400  728  701  620  614  375  820  884]
thresholds[[ 0  1  2  3  4  5  6  7  8  9 10 11]]: [1600. 1600. 1600. 1600. 1600. 1600. 1600. 1600. 1600. 1600. 1600. 1600.]

target_updates[[12 13 14 15 16 17 18 19 20 21 22 23]]: [ 16 425 400 433 389 453 484 295 427 488 468 222]
ntarget_updates[[12 13 14 15 16 17 18 19 20 21 22 23]]: [8609 1036 1210  860  551  950  785 1149  759  610  612  869]
thresholds[[12 13 14 15 16 17 18 19 20 21 22 23]]: [1600. 1600. 1600. 1600. 1600. 1600. 1600. 1600. 1600. 1600. 1600. 1600.]

target_updates[[24 25 26 27 28 29 30 31 32 33 34 35]]: [ 34 363 382 349 390 327 502 387 463 376 375 552]
ntarget_updates[[24 25 26 27 28 29 30 31 32 33 34 35]]: [9232  757 1981  531  977  753  660  743  860  332  722  452]
thresholds[[24 25 26 27 28 29 30 31 32 33 34 35]]: [1600. 1600. 1600. 1600. 1600. 1600. 1600. 1600. 1600. 1600. 1600. 1600.]

target_updates[[36 37 38 39 40 41 42 43 44 45 46 47]]: [  7 439 461 517 504 464 433 471 226 132 395 451]
ntarget_updates[[36 37 38 39 40 41 42 43 44 45 46 47]]: [10990   471   876   711   713   378   875   683   513   937   362   491]
thresholds[[36 37 38 39 40 41 42 43 44 45 46 47]]: [1600. 1600. 1600. 1600. 1600. 1600. 1600. 1600. 1600. 1600. 1600. 1600.]

target_updates[[48 49 50 51 52 53 54 55 56 57 58 59]]: [  7 261 444 476 299 291 673  29 766 370 451 433]
ntarget_updates[[48 49 50 51 52 53 54 55 56 57 58 59]]: [12061   540   734   900   406   325   470   214   501   526   782   541]
thresholds[[48 49 50 51 52 53 54 55 56 57 58 59]]: [1600. 1600. 1600. 1600. 1600. 1600. 1600. 1600. 1600. 1600. 1600. 1600.]

=== Layer 0 ===
	Mean activate weights: 0.30000001192092896 +- 0.03920000046491623 (min:0.07900000363588333 ; max:0.6230000257492065)
	Min firing time: 0.8278747200965881 +- 0.02744135633111
	Mean firing time: 0.8329732418060303 +- 0.026905043050646782
Accuracy on training set after epoch 23: 0.9733
Accuracy on validation set after epoch 23: 0.8504
Accuracy on test set after epoch 23: 0.837
neuron 35 Cannot activate next neuron, all neurons of class 2 are already active
neuron 4 Cannot activate next neuron, all neurons of class 0 are already active
neuron 39 Cannot activate next neuron, all neurons of class 3 are already active
neuron 56 Cannot activate next neuron, all neurons of class 4 are already active
Epoch 24: Train Acc 0.9750
[INFO] Active neurons total=60, per-class=[12, 12, 12, 12, 12], pre=60, post_grow=60, post_prune=60, grew=0, pruned=0
[INFO] Class difficulty=[0.5120000243186951, 0.5220000147819519, 0.5170000195503235, 0.5059999823570251, 0.5049999952316284], hardness=[0.5, 1.0, 0.75, 0.25, 0.0], grew_per_class=[0, 0, 0, 0, 0], pruned_per_class=[0, 0, 0, 0, 0]
target_updates[[ 0  1  2  3  4  5  6  7  8  9 10 11]]: [ 10 406 574 280 661 519 288 247 255 501 293 466]
ntarget_updates[[ 0  1  2  3  4  5  6  7  8  9 10 11]]: [9468  452  711 1227 1401  723  721  597  617  373  813  897]
thresholds[[ 0  1  2  3  4  5  6  7  8  9 10 11]]: [1600. 1600. 1600. 1600. 1600. 1600. 1600. 1600. 1600. 1600. 1600. 1600.]

target_updates[[12 13 14 15 16 17 18 19 20 21 22 23]]: [ 16 425 400 433 389 453 483 295 427 490 467 222]
ntarget_updates[[12 13 14 15 16 17 18 19 20 21 22 23]]: [8629 1032 1203  848  540  956  780 1154  767  596  607  888]
thresholds[[12 13 14 15 16 17 18 19 20 21 22 23]]: [1600. 1600. 1600. 1600. 1600. 1600. 1600. 1600. 1600. 1600. 1600. 1600.]

target_updates[[24 25 26 27 28 29 30 31 32 33 34 35]]: [ 34 362 382 352 390 327 502 385 463 375 379 549]
ntarget_updates[[24 25 26 27 28 29 30 31 32 33 34 35]]: [9283  759 1945  547  976  750  643  735  862  315  730  455]
thresholds[[24 25 26 27 28 29 30 31 32 33 34 35]]: [1600. 1600. 1600. 1600. 1600. 1600. 1600. 1600. 1600. 1600. 1600. 1600.]

target_updates[[36 37 38 39 40 41 42 43 44 45 46 47]]: [  7 438 462 523 509 469 432 467 223 132 389 449]
ntarget_updates[[36 37 38 39 40 41 42 43 44 45 46 47]]: [11019   469   880   714   714   381   849   676   532   944   346   476]
thresholds[[36 37 38 39 40 41 42 43 44 45 46 47]]: [1600. 1600. 1600. 1600. 1600. 1600. 1600. 1600. 1600. 1600. 1600. 1600.]

target_updates[[48 49 50 51 52 53 54 55 56 57 58 59]]: [  7 263 442 477 299 292 670  29 770 373 450 428]
ntarget_updates[[48 49 50 51 52 53 54 55 56 57 58 59]]: [12089   527   718   889   420   327   454   198   517   530   784   547]
thresholds[[48 49 50 51 52 53 54 55 56 57 58 59]]: [1600. 1600. 1600. 1600. 1600. 1600. 1600. 1600. 1600. 1600. 1600. 1600.]

=== Layer 0 ===
	Mean activate weights: 0.30000001192092896 +- 0.039799999445676804 (min:0.07500000298023224 ; max:0.6269999742507935)
	Min firing time: 0.8278453350067139 +- 0.02744206041097641
	Mean firing time: 0.8329788446426392 +- 0.026904484257102013
Accuracy on training set after epoch 24: 0.975
Accuracy on validation set after epoch 24: 0.852
Accuracy on test set after epoch 24: 0.8382
neuron 35 Cannot activate next neuron, all neurons of class 2 are already active
neuron 4 Cannot activate next neuron, all neurons of class 0 are already active
neuron 39 Cannot activate next neuron, all neurons of class 3 are already active
neuron 56 Cannot activate next neuron, all neurons of class 4 are already active
Epoch 25: Train Acc 0.9762
[INFO] Active neurons total=60, per-class=[12, 12, 12, 12, 12], pre=60, post_grow=60, post_prune=60, grew=0, pruned=0
[INFO] Class difficulty=[0.5120000243186951, 0.5199999809265137, 0.5170000195503235, 0.5059999823570251, 0.5049999952316284], hardness=[0.5, 1.0, 0.75, 0.25, 0.0], grew_per_class=[0, 0, 0, 0, 0], pruned_per_class=[0, 0, 0, 0, 0]
target_updates[[ 0  1  2  3  4  5  6  7  8  9 10 11]]: [ 10 405 575 280 661 519 292 247 254 497 293 467]
ntarget_updates[[ 0  1  2  3  4  5  6  7  8  9 10 11]]: [9482  449  704 1230 1389  725  702  635  610  373  822  879]
thresholds[[ 0  1  2  3  4  5  6  7  8  9 10 11]]: [1600. 1600. 1600. 1600. 1600. 1600. 1600. 1600. 1600. 1600. 1600. 1600.]

target_updates[[12 13 14 15 16 17 18 19 20 21 22 23]]: [ 15 425 400 433 389 453 486 295 427 487 468 222]
ntarget_updates[[12 13 14 15 16 17 18 19 20 21 22 23]]: [8680 1023 1208  852  529  935  778 1163  764  602  597  869]
thresholds[[12 13 14 15 16 17 18 19 20 21 22 23]]: [1600. 1600. 1600. 1600. 1600. 1600. 1600. 1600. 1600. 1600. 1600. 1600.]

target_updates[[24 25 26 27 28 29 30 31 32 33 34 35]]: [ 34 363 382 351 391 327 502 387 462 374 378 549]
ntarget_updates[[24 25 26 27 28 29 30 31 32 33 34 35]]: [9321  750 1947  544  957  745  660  745  831  318  739  443]
thresholds[[24 25 26 27 28 29 30 31 32 33 34 35]]: [1600. 1600. 1600. 1600. 1600. 1600. 1600. 1600. 1600. 1600. 1600. 1600.]

target_updates[[36 37 38 39 40 41 42 43 44 45 46 47]]: [  7 441 463 522 505 468 432 468 226 132 388 448]
ntarget_updates[[36 37 38 39 40 41 42 43 44 45 46 47]]: [11038   454   876   716   694   371   854   694   521   957   352   473]
thresholds[[36 37 38 39 40 41 42 43 44 45 46 47]]: [1600. 1600. 1600. 1600. 1600. 1600. 1600. 1600. 1600. 1600. 1600. 1600.]

target_updates[[48 49 50 51 52 53 54 55 56 57 58 59]]: [  7 262 444 477 300 292 674  29 765 368 450 432]
ntarget_updates[[48 49 50 51 52 53 54 55 56 57 58 59]]: [12119   540   717   880   409   328   459   208   505   522   787   526]
thresholds[[48 49 50 51 52 53 54 55 56 57 58 59]]: [1600. 1600. 1600. 1600. 1600. 1600. 1600. 1600. 1600. 1600. 1600. 1600.]

=== Layer 0 ===
	Mean activate weights: 0.30000001192092896 +- 0.040300000458955765 (min:0.07100000232458115 ; max:0.6299999952316284)
	Min firing time: 0.8278181552886963 +- 0.027442563325166702
	Mean firing time: 0.8329840898513794 +- 0.02690393291413784
Accuracy on training set after epoch 25: 0.9762
Accuracy on validation set after epoch 25: 0.8516
Accuracy on test set after epoch 25: 0.8392
neuron 35 Cannot activate next neuron, all neurons of class 2 are already active
neuron 4 Cannot activate next neuron, all neurons of class 0 are already active
neuron 39 Cannot activate next neuron, all neurons of class 3 are already active
neuron 56 Cannot activate next neuron, all neurons of class 4 are already active
Epoch 26: Train Acc 0.9786
[INFO] Active neurons total=60, per-class=[12, 12, 12, 12, 12], pre=60, post_grow=60, post_prune=60, grew=0, pruned=0
[INFO] Class difficulty=[0.5099999904632568, 0.5189999938011169, 0.5149999856948853, 0.5049999952316284, 0.5040000081062317], hardness=[0.5, 1.0, 0.75, 0.25, 0.0], grew_per_class=[0, 0, 0, 0, 0], pruned_per_class=[0, 0, 0, 0, 0]
target_updates[[ 0  1  2  3  4  5  6  7  8  9 10 11]]: [ 10 407 573 280 661 518 287 245 257 502 294 466]
ntarget_updates[[ 0  1  2  3  4  5  6  7  8  9 10 11]]: [9504  453  688 1225 1382  727  703  617  617  369  820  895]
thresholds[[ 0  1  2  3  4  5  6  7  8  9 10 11]]: [1600. 1600. 1600. 1600. 1600. 1600. 1600. 1600. 1600. 1600. 1600. 1600.]

target_updates[[12 13 14 15 16 17 18 19 20 21 22 23]]: [ 15 425 400 433 390 454 487 295 426 488 465 222]
ntarget_updates[[12 13 14 15 16 17 18 19 20 21 22 23]]: [8702 1022 1200  836  535  931  775 1132  748  611  600  908]
thresholds[[12 13 14 15 16 17 18 19 20 21 22 23]]: [1600. 1600. 1600. 1600. 1600. 1600. 1600. 1600. 1600. 1600. 1600. 1600.]

target_updates[[24 25 26 27 28 29 30 31 32 33 34 35]]: [ 34 361 382 351 391 327 503 386 462 378 378 547]
ntarget_updates[[24 25 26 27 28 29 30 31 32 33 34 35]]: [9358  745 1932  547  964  744  649  736  857  319  714  435]
thresholds[[24 25 26 27 28 29 30 31 32 33 34 35]]: [1600. 1600. 1600. 1600. 1600. 1600. 1600. 1600. 1600. 1600. 1600. 1600.]

target_updates[[36 37 38 39 40 41 42 43 44 45 46 47]]: [  6 440 462 520 504 468 432 464 226 133 394 451]
ntarget_updates[[36 37 38 39 40 41 42 43 44 45 46 47]]: [11053   463   851   706   701   376   860   674   520   951   347   498]
thresholds[[36 37 38 39 40 41 42 43 44 45 46 47]]: [1600. 1600. 1600. 1600. 1600. 1600. 1600. 1600. 1600. 1600. 1600. 1600.]

target_updates[[48 49 50 51 52 53 54 55 56 57 58 59]]: [  7 263 444 477 301 293 674  29 764 373 450 425]
ntarget_updates[[48 49 50 51 52 53 54 55 56 57 58 59]]: [12145   522   706   879   392   321   470   213   499   529   779   545]
thresholds[[48 49 50 51 52 53 54 55 56 57 58 59]]: [1600. 1600. 1600. 1600. 1600. 1600. 1600. 1600. 1600. 1600. 1600. 1600.]

=== Layer 0 ===
	Mean activate weights: 0.30000001192092896 +- 0.040800001472234726 (min:0.06700000166893005 ; max:0.6330000162124634)
	Min firing time: 0.8277925252914429 +- 0.027443209663033485
	Mean firing time: 0.8329892158508301 +- 0.026903383433818817
Accuracy on training set after epoch 26: 0.9786
Accuracy on validation set after epoch 26: 0.8512
Accuracy on test set after epoch 26: 0.8386
neuron 35 Cannot activate next neuron, all neurons of class 2 are already active
neuron 4 Cannot activate next neuron, all neurons of class 0 are already active
neuron 39 Cannot activate next neuron, all neurons of class 3 are already active
neuron 56 Cannot activate next neuron, all neurons of class 4 are already active
Epoch 27: Train Acc 0.9802
[INFO] Active neurons total=60, per-class=[12, 12, 12, 12, 12], pre=60, post_grow=60, post_prune=60, grew=0, pruned=0
[INFO] Class difficulty=[0.5099999904632568, 0.5180000066757202, 0.5139999985694885, 0.5040000081062317, 0.5040000081062317], hardness=[0.5, 1.0, 0.75, 0.25, 0.0], grew_per_class=[0, 0, 0, 0, 0], pruned_per_class=[0, 0, 0, 0, 0]
target_updates[[ 0  1  2  3  4  5  6  7  8  9 10 11]]: [ 10 408 573 280 661 518 289 246 257 499 293 466]
ntarget_updates[[ 0  1  2  3  4  5  6  7  8  9 10 11]]: [9521  466  705 1230 1374  700  722  626  600  375  809  872]
thresholds[[ 0  1  2  3  4  5  6  7  8  9 10 11]]: [1600. 1600. 1600. 1600. 1600. 1600. 1600. 1600. 1600. 1600. 1600. 1600.]

target_updates[[12 13 14 15 16 17 18 19 20 21 22 23]]: [ 15 425 400 433 389 453 486 295 427 488 466 223]
ntarget_updates[[12 13 14 15 16 17 18 19 20 21 22 23]]: [8730 1018 1198  847  517  943  774 1132  752  590  611  888]
thresholds[[12 13 14 15 16 17 18 19 20 21 22 23]]: [1600. 1600. 1600. 1600. 1600. 1600. 1600. 1600. 1600. 1600. 1600. 1600.]

target_updates[[24 25 26 27 28 29 30 31 32 33 34 35]]: [ 33 362 382 350 391 327 502 389 463 376 375 550]
ntarget_updates[[24 25 26 27 28 29 30 31 32 33 34 35]]: [9386  745 1907  538  945  741  650  748  848  305  743  444]
thresholds[[24 25 26 27 28 29 30 31 32 33 34 35]]: [1600. 1600. 1600. 1600. 1600. 1600. 1600. 1600. 1600. 1600. 1600. 1600.]

target_updates[[36 37 38 39 40 41 42 43 44 45 46 47]]: [  6 440 463 520 504 468 432 467 228 133 389 450]
ntarget_updates[[36 37 38 39 40 41 42 43 44 45 46 47]]: [11075   477   859   707   705   375   843   664   525   951   335   484]
thresholds[[36 37 38 39 40 41 42 43 44 45 46 47]]: [1600. 1600. 1600. 1600. 1600. 1600. 1600. 1600. 1600. 1600. 1600. 1600.]

target_updates[[48 49 50 51 52 53 54 55 56 57 58 59]]: [  7 264 444 476 299 293 672  29 766 369 450 431]
ntarget_updates[[48 49 50 51 52 53 54 55 56 57 58 59]]: [12156   534   703   868   412   316   453   204   500   520   788   546]
thresholds[[48 49 50 51 52 53 54 55 56 57 58 59]]: [1600. 1600. 1600. 1600. 1600. 1600. 1600. 1600. 1600. 1600. 1600. 1600.]

=== Layer 0 ===
	Mean activate weights: 0.30000001192092896 +- 0.0414000004529953 (min:0.06300000101327896 ; max:0.6370000243186951)
	Min firing time: 0.8277679085731506 +- 0.027443602681159973
	Mean firing time: 0.832994282245636 +- 0.02690289542078972
Accuracy on training set after epoch 27: 0.9802
Accuracy on validation set after epoch 27: 0.8516
Accuracy on test set after epoch 27: 0.8394
neuron 35 Cannot activate next neuron, all neurons of class 2 are already active
neuron 4 Cannot activate next neuron, all neurons of class 0 are already active
neuron 39 Cannot activate next neuron, all neurons of class 3 are already active
neuron 56 Cannot activate next neuron, all neurons of class 4 are already active
Epoch 28: Train Acc 0.9813
[INFO] Active neurons total=60, per-class=[12, 12, 12, 12, 12], pre=60, post_grow=60, post_prune=60, grew=0, pruned=0
[INFO] Class difficulty=[0.5090000033378601, 0.5170000195503235, 0.5130000114440918, 0.5040000081062317, 0.5040000081062317], hardness=[0.5, 1.0, 0.75, 0.25, 0.0], grew_per_class=[0, 0, 0, 0, 0], pruned_per_class=[0, 0, 0, 0, 0]
target_updates[[ 0  1  2  3  4  5  6  7  8  9 10 11]]: [ 10 409 572 279 661 519 292 245 257 496 293 467]
ntarget_updates[[ 0  1  2  3  4  5  6  7  8  9 10 11]]: [9533  449  686 1223 1370  729  706  605  618  368  832  881]
thresholds[[ 0  1  2  3  4  5  6  7  8  9 10 11]]: [1600. 1600. 1600. 1600. 1600. 1600. 1600. 1600. 1600. 1600. 1600. 1600.]

target_updates[[12 13 14 15 16 17 18 19 20 21 22 23]]: [ 15 425 400 433 391 453 489 295 427 486 464 222]
ntarget_updates[[12 13 14 15 16 17 18 19 20 21 22 23]]: [8759 1016 1190  847  531  933  782 1135  728  588  604  887]
thresholds[[12 13 14 15 16 17 18 19 20 21 22 23]]: [1600. 1600. 1600. 1600. 1600. 1600. 1600. 1600. 1600. 1600. 1600. 1600.]

target_updates[[24 25 26 27 28 29 30 31 32 33 34 35]]: [ 33 361 382 350 391 329 502 387 462 375 378 550]
ntarget_updates[[24 25 26 27 28 29 30 31 32 33 34 35]]: [9412  730 1910  541  974  752  635  715  840  315  742  434]
thresholds[[24 25 26 27 28 29 30 31 32 33 34 35]]: [1600. 1600. 1600. 1600. 1600. 1600. 1600. 1600. 1600. 1600. 1600. 1600.]

target_updates[[36 37 38 39 40 41 42 43 44 45 46 47]]: [  6 439 464 524 510 467 431 464 224 133 391 447]
ntarget_updates[[36 37 38 39 40 41 42 43 44 45 46 47]]: [11101   462   856   701   694   358   857   676   513   960   352   470]
thresholds[[36 37 38 39 40 41 42 43 44 45 46 47]]: [1600. 1600. 1600. 1600. 1600. 1600. 1600. 1600. 1600. 1600. 1600. 1600.]

target_updates[[48 49 50 51 52 53 54 55 56 57 58 59]]: [  7 264 444 475 303 293 669  29 766 373 450 427]
ntarget_updates[[48 49 50 51 52 53 54 55 56 57 58 59]]: [12178   532   705   883   400   316   455   211   502   525   761   532]
thresholds[[48 49 50 51 52 53 54 55 56 57 58 59]]: [1600. 1600. 1600. 1600. 1600. 1600. 1600. 1600. 1600. 1600. 1600. 1600.]

=== Layer 0 ===
	Mean activate weights: 0.30000001192092896 +- 0.04190000146627426 (min:0.05999999865889549 ; max:0.6399999856948853)
	Min firing time: 0.8277444243431091 +- 0.02744404785335064
	Mean firing time: 0.8329991102218628 +- 0.026902394369244576
Accuracy on training set after epoch 28: 0.9813
Accuracy on validation set after epoch 28: 0.852
Accuracy on test set after epoch 28: 0.8394
neuron 35 Cannot activate next neuron, all neurons of class 2 are already active
neuron 4 Cannot activate next neuron, all neurons of class 0 are already active
neuron 39 Cannot activate next neuron, all neurons of class 3 are already active
neuron 56 Cannot activate next neuron, all neurons of class 4 are already active
Epoch 29: Train Acc 0.9822
[INFO] Active neurons total=60, per-class=[12, 12, 12, 12, 12], pre=60, post_grow=60, post_prune=60, grew=0, pruned=0
[INFO] Class difficulty=[0.5090000033378601, 0.515999972820282, 0.5120000243186951, 0.5040000081062317, 0.503000020980835], hardness=[0.5, 1.0, 0.75, 0.25, 0.0], grew_per_class=[0, 0, 0, 0, 0], pruned_per_class=[0, 0, 0, 0, 0]
target_updates[[ 0  1  2  3  4  5  6  7  8  9 10 11]]: [ 10 408 572 279 661 521 289 246 256 499 293 466]
ntarget_updates[[ 0  1  2  3  4  5  6  7  8  9 10 11]]: [9564  457  689 1225 1357  708  696  627  608  374  807  888]
thresholds[[ 0  1  2  3  4  5  6  7  8  9 10 11]]: [1600. 1600. 1600. 1600. 1600. 1600. 1600. 1600. 1600. 1600. 1600. 1600.]

target_updates[[12 13 14 15 16 17 18 19 20 21 22 23]]: [ 15 425 400 433 390 453 486 295 427 487 466 223]
ntarget_updates[[12 13 14 15 16 17 18 19 20 21 22 23]]: [8794 1018 1187  830  540  928  780 1134  733  583  606  867]
thresholds[[12 13 14 15 16 17 18 19 20 21 22 23]]: [1600. 1600. 1600. 1600. 1600. 1600. 1600. 1600. 1600. 1600. 1600. 1600.]

target_updates[[24 25 26 27 28 29 30 31 32 33 34 35]]: [ 33 361 382 352 391 329 503 388 462 376 378 545]
ntarget_updates[[24 25 26 27 28 29 30 31 32 33 34 35]]: [9446  734 1892  549  960  740  640  727  843  312  716  441]
thresholds[[24 25 26 27 28 29 30 31 32 33 34 35]]: [1600. 1600. 1600. 1600. 1600. 1600. 1600. 1600. 1600. 1600. 1600. 1600.]

target_updates[[36 37 38 39 40 41 42 43 44 45 46 47]]: [  6 442 463 518 503 469 432 464 228 133 393 449]
ntarget_updates[[36 37 38 39 40 41 42 43 44 45 46 47]]: [11129   460   837   703   695   368   858   677   513   951   328   481]
thresholds[[36 37 38 39 40 41 42 43 44 45 46 47]]: [1600. 1600. 1600. 1600. 1600. 1600. 1600. 1600. 1600. 1600. 1600. 1600.]

target_updates[[48 49 50 51 52 53 54 55 56 57 58 59]]: [  7 263 448 476 301 291 671  29 763 371 450 430]
ntarget_updates[[48 49 50 51 52 53 54 55 56 57 58 59]]: [12190   538   702   862   398   320   460   208   488   522   770   542]
thresholds[[48 49 50 51 52 53 54 55 56 57 58 59]]: [1600. 1600. 1600. 1600. 1600. 1600. 1600. 1600. 1600. 1600. 1600. 1600.]

=== Layer 0 ===
	Mean activate weights: 0.30000001192092896 +- 0.04230000078678131 (min:0.0560000017285347 ; max:0.6430000066757202)
	Min firing time: 0.8277226686477661 +- 0.02744423970580101
	Mean firing time: 0.8330039978027344 +- 0.026901930570602417
Accuracy on training set after epoch 29: 0.9822
Accuracy on validation set after epoch 29: 0.852
[INFO] Early stopping triggered (max val_acc:0.852)
Accuracy on test set after epoch 29: 0.8402
