/Users/sangkiko/SpikeNN/.venv/lib/python3.9/site-packages/urllib3/__init__.py:35: NotOpenSSLWarning: urllib3 v2 only supports OpenSSL 1.1.1+, currently the 'ssl' module is compiled with 'LibreSSL 2.8.3'. See: https://github.com/urllib3/urllib3/issues/3020
  warnings.warn(
Epoch 0: Train Acc 0.2370
[INFO] Active neurons total=200, per-class=[40, 40, 40, 40, 40], pre=200, post_grow=200, post_prune=200, grew=0, pruned=0
[INFO] Class difficulty=[0.9419999718666077, 0.906000018119812, 0.906000018119812, 0.9520000219345093, 0.7009999752044678], hardness=[0.75, 0.25, 0.5, 1.0, 0.0], grew_per_class=[0, 0, 0, 0, 0], pruned_per_class=[0, 0, 0, 0, 0]
target_updates[[ 0  1  2  3  4  5  6  7  8  9 10 11 12 13 14 15 16 17 18 19 20 21 22 23
 24 25 26 27 28 29 30 31 32 33 34 35 36 37 38 39]]: [477  95  91  94  94  92  83  99  91  87  93  96  91  89  88  86  99  88
  96  99  87  92  96  94  84  91  93  96  85  91  88  90  91  91  94  94
  94  87  95  89]
ntarget_updates[[ 0  1  2  3  4  5  6  7  8  9 10 11 12 13 14 15 16 17 18 19 20 21 22 23
 24 25 26 27 28 29 30 31 32 33 34 35 36 37 38 39]]: [181 314 341 347 486 472 397 393 361 233 392 329 412 365 519 275 517 357
 446 373 297 330 400 331 389 370 351 407 790 326 570 403 419 948 378 340
 306 362 612 361]
thresholds[[ 0  1  2  3  4  5  6  7  8  9 10 11 12 13 14 15 16 17 18 19 20 21 22 23
 24 25 26 27 28 29 30 31 32 33 34 35 36 37 38 39]]: [400. 405. 406. 405. 416. 407. 404. 403. 402. 404. 407. 409. 407. 404.
 407. 405. 407. 409. 411. 408. 406. 408. 405. 407. 403. 407. 407. 407.
 411. 407. 407. 405. 411. 406. 409. 402. 408. 406. 409. 405.]

target_updates[[40 41 42 43 44 45 46 47 48 49 50 51 52 53 54 55 56 57 58 59 60 61 62 63
 64 65 66 67 68 69 70 71 72 73 74 75 76 77 78 79]]: [630  90  85  79  95  95  83  89  91  91  82  93  89  89  87  85  82  94
  97  83  91  71  89  79  85  92  89  97  94  92  86  93  93  79  91  77
  81  90  91  81]
ntarget_updates[[40 41 42 43 44 45 46 47 48 49 50 51 52 53 54 55 56 57 58 59 60 61 62 63
 64 65 66 67 68 69 70 71 72 73 74 75 76 77 78 79]]: [ 239  442 2428  524  334  382  673  337  373  514  467  371  398  400
  318  281  292  423  360  319  577  233  323  246  281  300  351  352
  341  305  397  312  258  240  411  205  344  331  322  196]
thresholds[[40 41 42 43 44 45 46 47 48 49 50 51 52 53 54 55 56 57 58 59 60 61 62 63
 64 65 66 67 68 69 70 71 72 73 74 75 76 77 78 79]]: [400. 412. 411. 406. 412. 406. 406. 404. 407. 414. 408. 409. 409. 407.
 404. 405. 405. 407. 406. 404. 406. 406. 412. 404. 404. 407. 404. 407.
 416. 405. 409. 405. 408. 404. 407. 408. 408. 409. 407. 404.]

target_updates[[ 80  81  82  83  84  85  86  87  88  89  90  91  92  93  94  95  96  97
  98  99 100 101 102 103 104 105 106 107 108 109 110 111 112 113 114 115
 116 117 118 119]]: [775  79  73  85  74  94  80  85  82  88  77  88  79  87  90  85  86  75
  83  86  87  86  87  90  80  86  82  83  80  85  95  89  86  82  90  80
  85  85  89  72]
ntarget_updates[[ 80  81  82  83  84  85  86  87  88  89  90  91  92  93  94  95  96  97
  98  99 100 101 102 103 104 105 106 107 108 109 110 111 112 113 114 115
 116 117 118 119]]: [ 242 1094  369  366  324  373  368  395  311  347  791  335  353  367
  424  251  391  388  326  319  343  309  352  379  282  424  318  299
  298  333  405  375  339 1117  341  359  840  332  372  249]
thresholds[[ 80  81  82  83  84  85  86  87  88  89  90  91  92  93  94  95  96  97
  98  99 100 101 102 103 104 105 106 107 108 109 110 111 112 113 114 115
 116 117 118 119]]: [400. 406. 408. 405. 406. 405. 409. 405. 404. 401. 406. 405. 408. 402.
 406. 401. 406. 407. 404. 403. 407. 406. 405. 413. 403. 403. 403. 405.
 407. 409. 411. 407. 412. 406. 411. 408. 411. 413. 407. 403.]

target_updates[[120 121 122 123 124 125 126 127 128 129 130 131 132 133 134 135 136 137
 138 139 140 141 142 143 144 145 146 147 148 149 150 151 152 153 154 155
 156 157 158 159]]: [1496   63   73   74   60   43   70   55   73   77   74   82   74   73
   83   66   70   77   24   34   80   61   71   64   70   73   64   80
   68   70   69   59   58   65   34   68   64   73   69   49]
ntarget_updates[[120 121 122 123 124 125 126 127 128 129 130 131 132 133 134 135 136 137
 138 139 140 141 142 143 144 145 146 147 148 149 150 151 152 153 154 155
 156 157 158 159]]: [1484  510  406  292 1947  236  280  207  319  362  852  342  390  291
  317  450  301  317  173  169  372  270  336  727  369  418  324  325
  248  267  344  236  542  253  111  222  255  459  247  230]
thresholds[[120 121 122 123 124 125 126 127 128 129 130 131 132 133 134 135 136 137
 138 139 140 141 142 143 144 145 146 147 148 149 150 151 152 153 154 155
 156 157 158 159]]: [400. 407. 408. 411. 411. 403. 412. 407. 409. 408. 411. 409. 403. 411.
 407. 404. 412. 407. 403. 402. 408. 403. 407. 407. 406. 407. 406. 402.
 404. 408. 406. 404. 411. 407. 405. 408. 409. 409. 411. 411.]

target_updates[[160 161 162 163 164 165 166 167 168 169 170 171 172 173 174 175 176 177
 178 179 180 181 182 183 184 185 186 187 188 189 190 191 192 193 194 195
 196 197 198 199]]: [1006   83   88   77   77   78   90   85   84   88   79   85   91   84
   82   84   34   20   84   85   85   81   74   79   80   84   11   84
   84   84   81   77   79   84   80   86   84   86   90   73]
ntarget_updates[[160 161 162 163 164 165 166 167 168 169 170 171 172 173 174 175 176 177
 178 179 180 181 182 183 184 185 186 187 188 189 190 191 192 193 194 195
 196 197 198 199]]: [ 897  423  399  336  498  321  356  250  403  357  537  305  376  376
  345  296  276  274  326  329  337  431  390  417 1160  451  261  459
  361  304  291  340  312  378  308  388  824  389  333  386]
thresholds[[160 161 162 163 164 165 166 167 168 169 170 171 172 173 174 175 176 177
 178 179 180 181 182 183 184 185 186 187 188 189 190 191 192 193 194 195
 196 197 198 199]]: [400. 407. 409. 406. 407. 403. 406. 408. 411. 410. 412. 406. 409. 408.
 409. 409. 405. 403. 407. 413. 405. 407. 404. 404. 406. 407. 406. 406.
 414. 408. 407. 409. 415. 406. 410. 408. 406. 412. 408. 408.]

=== Layer 0 ===
	Mean activate weights: 0.30000001192092896 +- 0.012299999594688416 (min:0.24400000274181366 ; max:0.3580000102519989)
	Min firing time: 0.9979984760284424 +- 0.0006438494310714304
	Mean firing time: 0.9980087876319885 +- 0.0006427078042179346
Accuracy on training set after epoch 0: 0.237
Accuracy on validation set after epoch 0: 0.3991
Accuracy on test set after epoch 0: 0.423
Epoch 1: Train Acc 0.3696
[INFO] Active neurons total=200, per-class=[40, 40, 40, 40, 40], pre=200, post_grow=200, post_prune=200, grew=0, pruned=0
[INFO] Class difficulty=[0.9120000004768372, 0.8550000190734863, 0.8180000185966492, 0.8809999823570251, 0.609000027179718], hardness=[1.0, 0.5, 0.25, 0.75, 0.0], grew_per_class=[0, 0, 0, 0, 0], pruned_per_class=[0, 0, 0, 0, 0]
target_updates[[ 0  1  2  3  4  5  6  7  8  9 10 11 12 13 14 15 16 17 18 19 20 21 22 23
 24 25 26 27 28 29 30 31 32 33 34 35 36 37 38 39]]: [ 96 102  97 104 105 100 103 104  92 100 101 107 103 101 100  99 104 100
 105 103 101 100 102 101 101  96 100 104  99 101  98 101 100 104 106 100
 104 102 104 100]
ntarget_updates[[ 0  1  2  3  4  5  6  7  8  9 10 11 12 13 14 15 16 17 18 19 20 21 22 23
 24 25 26 27 28 29 30 31 32 33 34 35 36 37 38 39]]: [144 412 410 397 595 384 384 467 403 428 375 439 310 415 347 355 571 426
 358 408 433 400 441 404 438 349 407 431 350 407 399 423 383 424 472 394
 410 380 464 363]
thresholds[[ 0  1  2  3  4  5  6  7  8  9 10 11 12 13 14 15 16 17 18 19 20 21 22 23
 24 25 26 27 28 29 30 31 32 33 34 35 36 37 38 39]]: [400. 407. 402. 403. 413. 402. 404. 405. 402. 405. 404. 408. 403. 404.
 405. 404. 411. 404. 408. 404. 403. 404. 402. 404. 403. 402. 403. 406.
 406. 405. 404. 403. 406. 403. 408. 403. 406. 405. 412. 406.]

target_updates[[40 41 42 43 44 45 46 47 48 49 50 51 52 53 54 55 56 57 58 59 60 61 62 63
 64 65 66 67 68 69 70 71 72 73 74 75 76 77 78 79]]: [215 106  98  99 102 102  97  97 101 101 100 104 106 100  98  90  95  99
 100  94 100  80 103  97  98 103 101 102  98  93  95 103 100  88  98  86
 104 103 100  94]
ntarget_updates[[40 41 42 43 44 45 46 47 48 49 50 51 52 53 54 55 56 57 58 59 60 61 62 63
 64 65 66 67 68 69 70 71 72 73 74 75 76 77 78 79]]: [192 465 977 464 400 442 430 365 386 451 371 430 519 431 368 356 343 431
 391 441 368 347 385 376 360 421 356 400 365 361 321 414 412 374 298 340
 448 391 421 389]
thresholds[[40 41 42 43 44 45 46 47 48 49 50 51 52 53 54 55 56 57 58 59 60 61 62 63
 64 65 66 67 68 69 70 71 72 73 74 75 76 77 78 79]]: [400. 410. 406. 403. 409. 410. 405. 403. 406. 409. 404. 408. 414. 406.
 406. 402. 405. 407. 406. 403. 409. 402. 405. 406. 402. 407. 402. 408.
 405. 405. 403. 409. 405. 403. 403. 404. 406. 410. 405. 406.]

target_updates[[ 80  81  82  83  84  85  86  87  88  89  90  91  92  93  94  95  96  97
  98  99 100 101 102 103 104 105 106 107 108 109 110 111 112 113 114 115
 116 117 118 119]]: [173 100  96  99  96 104  97  89 100  98  96 102  99 102 100  92  96  97
  93 102 102 102 101 105  99  98  96  99 105 103 103 100 100  99 103 101
 104  97 101 101]
ntarget_updates[[ 80  81  82  83  84  85  86  87  88  89  90  91  92  93  94  95  96  97
  98  99 100 101 102 103 104 105 106 107 108 109 110 111 112 113 114 115
 116 117 118 119]]: [141 436 472 452 462 368 420 364 371 453 479 364 458 419 376 393 419 467
 403 360 433 337 381 430 457 389 331 420 465 391 432 405 428 433 413 481
 389 363 345 400]
thresholds[[ 80  81  82  83  84  85  86  87  88  89  90  91  92  93  94  95  96  97
  98  99 100 101 102 103 104 105 106 107 108 109 110 111 112 113 114 115
 116 117 118 119]]: [400. 404. 405. 401. 405. 405. 403. 401. 405. 404. 403. 405. 403. 406.
 405. 404. 406. 410. 404. 404. 407. 406. 407. 408. 403. 402. 405. 405.
 411. 408. 408. 408. 407. 403. 410. 405. 404. 403. 405. 402.]

target_updates[[120 121 122 123 124 125 126 127 128 129 130 131 132 133 134 135 136 137
 138 139 140 141 142 143 144 145 146 147 148 149 150 151 152 153 154 155
 156 157 158 159]]: [685  90  88  87  82  77  89  83  86  83  89  89  87  88  91  88  90  92
  54  51  99  87  83  89  94  89  95  93  92  94  92  87  82  85  83  89
  89  98  91  70]
ntarget_updates[[120 121 122 123 124 125 126 127 128 129 130 131 132 133 134 135 136 137
 138 139 140 141 142 143 144 145 146 147 148 149 150 151 152 153 154 155
 156 157 158 159]]: [ 934  435  367  308 1002  441  360  415  309  454  517  326  341  338
  329  355  318  360  346  269  409  356  347  498  370  426  410  374
  350  396  404  339  384  471  327  324  358  397  356  380]
thresholds[[120 121 122 123 124 125 126 127 128 129 130 131 132 133 134 135 136 137
 138 139 140 141 142 143 144 145 146 147 148 149 150 151 152 153 154 155
 156 157 158 159]]: [400. 402. 401. 406. 409. 405. 404. 404. 409. 408. 402. 406. 404. 403.
 406. 404. 410. 405. 405. 402. 406. 401. 404. 402. 404. 404. 403. 405.
 404. 406. 404. 404. 407. 408. 408. 408. 406. 410. 408. 405.]

target_updates[[160 161 162 163 164 165 166 167 168 169 170 171 172 173 174 175 176 177
 178 179 180 181 182 183 184 185 186 187 188 189 190 191 192 193 194 195
 196 197 198 199]]: [295  96 104 104  96  97 100 102 102 103  98  98 102 102 100 100  67  61
  97 105 101 101  92  94  99  99  31 102 101 107  93  96 103 102 104 104
  96 101  99  96]
ntarget_updates[[160 161 162 163 164 165 166 167 168 169 170 171 172 173 174 175 176 177
 178 179 180 181 182 183 184 185 186 187 188 189 190 191 192 193 194 195
 196 197 198 199]]: [476 373 384 437 438 397 227 347 333 360 349 378 364 407 481 333 454 466
 431 395 403 397 554 408 398 490 388 339 421 403 451 389 405 472 374 444
 343 374 427 490]
thresholds[[160 161 162 163 164 165 166 167 168 169 170 171 172 173 174 175 176 177
 178 179 180 181 182 183 184 185 186 187 188 189 190 191 192 193 194 195
 196 197 198 199]]: [400. 410. 410. 410. 406. 406. 410. 409. 410. 412. 406. 411. 409. 414.
 408. 407. 401. 400. 407. 411. 407. 410. 400. 403. 406. 403. 400. 411.
 412. 411. 406. 408. 410. 407. 411. 412. 405. 406. 409. 405.]

=== Layer 0 ===
	Mean activate weights: 0.30000001192092896 +- 0.018200000748038292 (min:0.22499999403953552 ; max:0.3840000033378601)
	Min firing time: 0.9979863166809082 +- 0.0006460878066718578
	Mean firing time: 0.9980083107948303 +- 0.0006425220635719597
Accuracy on training set after epoch 1: 0.3696
Accuracy on validation set after epoch 1: 0.3978
Accuracy on test set after epoch 1: 0.4214
Epoch 2: Train Acc 0.3900
[INFO] Active neurons total=200, per-class=[40, 40, 40, 40, 40], pre=200, post_grow=200, post_prune=200, grew=0, pruned=0
[INFO] Class difficulty=[0.9150000214576721, 0.8659999966621399, 0.7979999780654907, 0.843999981880188, 0.6019999980926514], hardness=[1.0, 0.75, 0.25, 0.5, 0.0], grew_per_class=[0, 0, 0, 0, 0], pruned_per_class=[0, 0, 0, 0, 0]
target_updates[[ 0  1  2  3  4  5  6  7  8  9 10 11 12 13 14 15 16 17 18 19 20 21 22 23
 24 25 26 27 28 29 30 31 32 33 34 35 36 37 38 39]]: [ 22 101 102 108 114 104 102 109  85 103 104 110 102 108 100 106 112 100
 109 105  99 106 103 102 106  79 102 105 107  98  90 104 106 101 107  97
 108 105 113 106]
ntarget_updates[[ 0  1  2  3  4  5  6  7  8  9 10 11 12 13 14 15 16 17 18 19 20 21 22 23
 24 25 26 27 28 29 30 31 32 33 34 35 36 37 38 39]]: [139 423 443 417 602 361 368 471 350 469 374 456 343 430 370 376 545 422
 403 398 423 400 398 465 454 282 395 402 351 400 332 469 428 379 449 369
 414 359 471 400]
thresholds[[ 0  1  2  3  4  5  6  7  8  9 10 11 12 13 14 15 16 17 18 19 20 21 22 23
 24 25 26 27 28 29 30 31 32 33 34 35 36 37 38 39]]: [400. 402. 402. 406. 414. 404. 401. 408. 402. 403. 403. 408. 404. 407.
 403. 404. 412. 403. 407. 404. 400. 404. 403. 405. 404. 401. 404. 405.
 407. 403. 401. 403. 405. 403. 405. 405. 406. 403. 412. 405.]

target_updates[[40 41 42 43 44 45 46 47 48 49 50 51 52 53 54 55 56 57 58 59 60 61 62 63
 64 65 66 67 68 69 70 71 72 73 74 75 76 77 78 79]]: [ 67 111  99 101 107 110  97 106 107 105 103 111 108 105 106  79 102 106
 106  96 104  83 106 104  95 108  96 109 107 104 103 108 101  94  98  70
 108 109 107 104]
ntarget_updates[[40 41 42 43 44 45 46 47 48 49 50 51 52 53 54 55 56 57 58 59 60 61 62 63
 64 65 66 67 68 69 70 71 72 73 74 75 76 77 78 79]]: [138 413 390 374 439 503 385 408 383 393 372 447 523 378 402 358 428 466
 408 498 347 350 420 461 342 443 357 462 404 388 286 469 466 452 331 310
 443 424 438 501]
thresholds[[40 41 42 43 44 45 46 47 48 49 50 51 52 53 54 55 56 57 58 59 60 61 62 63
 64 65 66 67 68 69 70 71 72 73 74 75 76 77 78 79]]: [400. 409. 402. 403. 408. 409. 403. 407. 407. 406. 404. 409. 409. 407.
 404. 401. 403. 405. 407. 402. 405. 403. 405. 406. 404. 408. 403. 409.
 406. 404. 403. 407. 403. 403. 403. 402. 405. 409. 406. 403.]

target_updates[[ 80  81  82  83  84  85  86  87  88  89  90  91  92  93  94  95  96  97
  98  99 100 101 102 103 104 105 106 107 108 109 110 111 112 113 114 115
 116 117 118 119]]: [ 25 102 101 104 106 110  96  80 105 101  95 109 100 107 100  95 101 100
  91 109 106 103 108 111 105  96 103 105 113 106 112 110 108  95 110 108
 106  98 106 104]
ntarget_updates[[ 80  81  82  83  84  85  86  87  88  89  90  91  92  93  94  95  96  97
  98  99 100 101 102 103 104 105 106 107 108 109 110 111 112 113 114 115
 116 117 118 119]]: [120 297 484 452 512 409 411 354 380 442 320 373 465 402 327 410 427 478
 389 403 497 301 404 443 486 335 391 449 469 434 475 414 417 321 469 537
 319 385 375 424]
thresholds[[ 80  81  82  83  84  85  86  87  88  89  90  91  92  93  94  95  96  97
  98  99 100 101 102 103 104 105 106 107 108 109 110 111 112 113 114 115
 116 117 118 119]]: [400. 404. 403. 401. 406. 408. 401. 400. 408. 403. 401. 407. 401. 408.
 404. 401. 404. 406. 402. 408. 404. 404. 406. 409. 403. 401. 403. 405.
 412. 407. 411. 410. 406. 402. 409. 407. 406. 402. 405. 403.]

target_updates[[120 121 122 123 124 125 126 127 128 129 130 131 132 133 134 135 136 137
 138 139 140 141 142 143 144 145 146 147 148 149 150 151 152 153 154 155
 156 157 158 159]]: [230  92  97  97  98  97 102  91 102 102 101  99 102 101 100  94 104 103
  99  55 104  99 103  96  95  98 100 103  99 100 100  97  93  97  97 103
  98 102 102  98]
ntarget_updates[[120 121 122 123 124 125 126 127 128 129 130 131 132 133 134 135 136 137
 138 139 140 141 142 143 144 145 146 147 148 149 150 151 152 153 154 155
 156 157 158 159]]: [425 375 329 281 434 547 371 538 408 507 440 357 309 383 356 375 418 456
 538 311 409 357 380 333 363 488 425 391 327 403 374 327 402 575 394 381
 447 368 395 503]
thresholds[[120 121 122 123 124 125 126 127 128 129 130 131 132 133 134 135 136 137
 138 139 140 141 142 143 144 145 146 147 148 149 150 151 152 153 154 155
 156 157 158 159]]: [400. 403. 404. 403. 402. 407. 405. 402. 406. 407. 406. 403. 402. 404.
 403. 403. 405. 407. 406. 403. 406. 401. 405. 404. 403. 404. 403. 404.
 404. 405. 404. 407. 404. 406. 404. 406. 408. 406. 407. 405.]

target_updates[[160 161 162 163 164 165 166 167 168 169 170 171 172 173 174 175 176 177
 178 179 180 181 182 183 184 185 186 187 188 189 190 191 192 193 194 195
 196 197 198 199]]: [ 28 113 113 113  85 106 112 108 116 116 108 110 107 116 111 109  73  67
 105 109 108 113  97 101  99 100  15 114 106 108 106 105 112 104 113 110
  87 108 113 106]
ntarget_updates[[160 161 162 163 164 165 166 167 168 169 170 171 172 173 174 175 176 177
 178 179 180 181 182 183 184 185 186 187 188 189 190 191 192 193 194 195
 196 197 198 199]]: [319 375 375 484 428 428 252 392 334 324 387 432 334 447 475 339 523 478
 417 423 395 392 565 488 277 416 324 330 416 390 513 386 412 464 430 443
 274 393 454 472]
thresholds[[160 161 162 163 164 165 166 167 168 169 170 171 172 173 174 175 176 177
 178 179 180 181 182 183 184 185 186 187 188 189 190 191 192 193 194 195
 196 197 198 199]]: [400. 413. 413. 413. 405. 412. 411. 408. 415. 415. 407. 408. 409. 416.
 411. 409. 400. 401. 408. 408. 410. 413. 402. 402. 404. 403. 400. 413.
 408. 412. 404. 407. 411. 408. 412. 410. 405. 407. 413. 404.]

=== Layer 0 ===
	Mean activate weights: 0.30000001192092896 +- 0.025499999523162842 (min:0.20499999821186066 ; max:0.414000004529953)
	Min firing time: 0.99797123670578 +- 0.0006491688545793295
	Mean firing time: 0.9980080723762512 +- 0.0006422512233257294
Accuracy on training set after epoch 2: 0.39
Accuracy on validation set after epoch 2: 0.4053
Accuracy on test set after epoch 2: 0.4228
Epoch 3: Train Acc 0.4023
[INFO] Active neurons total=200, per-class=[40, 40, 40, 40, 40], pre=200, post_grow=200, post_prune=200, grew=0, pruned=0
[INFO] Class difficulty=[0.9169999957084656, 0.8740000128746033, 0.7929999828338623, 0.8140000104904175, 0.5960000157356262], hardness=[1.0, 0.75, 0.25, 0.5, 0.0], grew_per_class=[0, 0, 0, 0, 0], pruned_per_class=[0, 0, 0, 0, 0]
target_updates[[ 0  1  2  3  4  5  6  7  8  9 10 11 12 13 14 15 16 17 18 19 20 21 22 23
 24 25 26 27 28 29 30 31 32 33 34 35 36 37 38 39]]: [  4 100 102 114 137 105  99 120  52 103 101 114 107 114  87 101 121  99
 112 109 101 109 107 102 109  47 100 110 111  92  82 110 104 107 113  93
 114 108 121 109]
ntarget_updates[[ 0  1  2  3  4  5  6  7  8  9 10 11 12 13 14 15 16 17 18 19 20 21 22 23
 24 25 26 27 28 29 30 31 32 33 34 35 36 37 38 39]]: [137 392 446 427 732 382 375 526 239 466 339 454 364 454 293 386 520 397
 374 404 402 432 423 487 458 265 399 432 359 375 339 452 396 416 469 381
 404 398 390 416]
thresholds[[ 0  1  2  3  4  5  6  7  8  9 10 11 12 13 14 15 16 17 18 19 20 21 22 23
 24 25 26 27 28 29 30 31 32 33 34 35 36 37 38 39]]: [400. 402. 402. 407. 421. 404. 402. 410. 400. 403. 402. 406. 404. 407.
 404. 401. 411. 402. 405. 404. 403. 404. 404. 403. 404. 401. 402. 405.
 407. 403. 401. 404. 404. 405. 406. 402. 407. 405. 411. 404.]

target_updates[[40 41 42 43 44 45 46 47 48 49 50 51 52 53 54 55 56 57 58 59 60 61 62 63
 64 65 66 67 68 69 70 71 72 73 74 75 76 77 78 79]]: [  6 117  88 102 114 118  91 115 108 110  97 116 123 107 109  60 106 104
 110  96 112  81 109 110  95 115  69 117 112 100 101 114 110  94 101  59
 114 117 114 109]
ntarget_updates[[40 41 42 43 44 45 46 47 48 49 50 51 52 53 54 55 56 57 58 59 60 61 62 63
 64 65 66 67 68 69 70 71 72 73 74 75 76 77 78 79]]: [126 446 269 390 447 514 354 437 373 418 359 458 574 371 412 306 419 446
 414 472 334 350 420 468 375 471 256 472 402 408 274 498 488 459 342 308
 444 441 490 495]
thresholds[[40 41 42 43 44 45 46 47 48 49 50 51 52 53 54 55 56 57 58 59 60 61 62 63
 64 65 66 67 68 69 70 71 72 73 74 75 76 77 78 79]]: [400. 408. 402. 402. 407. 410. 401. 408. 405. 406. 403. 408. 412. 405.
 405. 400. 403. 405. 407. 402. 406. 402. 405. 404. 402. 408. 401. 409.
 406. 402. 403. 407. 405. 401. 403. 400. 406. 409. 407. 404.]

target_updates[[ 80  81  82  83  84  85  86  87  88  89  90  91  92  93  94  95  96  97
  98  99 100 101 102 103 104 105 106 107 108 109 110 111 112 113 114 115
 116 117 118 119]]: [  0  98  98 101 109 118 100  57 112  94  76 115 105 119  92  73  99  94
  85 107 112 107 116 117 110  92 104 103 128 111 122 118 115  86 120 109
 109 104 108 107]
ntarget_updates[[ 80  81  82  83  84  85  86  87  88  89  90  91  92  93  94  95  96  97
  98  99 100 101 102 103 104 105 106 107 108 109 110 111 112 113 114 115
 116 117 118 119]]: [119 229 460 447 535 446 433 306 432 417 272 354 442 424 326 352 437 498
 372 384 472 313 433 436 504 327 406 460 533 444 501 433 429 243 512 550
 301 379 422 417]
thresholds[[ 80  81  82  83  84  85  86  87  88  89  90  91  92  93  94  95  96  97
  98  99 100 101 102 103 104 105 106 107 108 109 110 111 112 113 114 115
 116 117 118 119]]: [400. 404. 402. 401. 404. 410. 402. 400. 408. 402. 400. 408. 401. 410.
 402. 400. 402. 405. 403. 405. 406. 405. 408. 408. 404. 401. 403. 405.
 415. 406. 412. 409. 407. 403. 411. 405. 406. 402. 405. 404.]

target_updates[[120 121 122 123 124 125 126 127 128 129 130 131 132 133 134 135 136 137
 138 139 140 141 142 143 144 145 146 147 148 149 150 151 152 153 154 155
 156 157 158 159]]: [ 20  86 106 109  86 109 112 103 110 100 108 114 101 108 111  86 111 116
 106  45 111 108 113  78  98 105 105 109 115 111 102 108  87 112  98 113
 106 110 111 103]
ntarget_updates[[120 121 122 123 124 125 126 127 128 129 130 131 132 133 134 135 136 137
 138 139 140 141 142 143 144 145 146 147 148 149 150 151 152 153 154 155
 156 157 158 159]]: [214 308 350 326 233 629 382 581 389 510 362 362 293 434 355 381 441 486
 610 289 435 353 418 268 359 467 412 407 383 489 319 441 254 681 438 422
 460 312 437 510]
thresholds[[120 121 122 123 124 125 126 127 128 129 130 131 132 133 134 135 136 137
 138 139 140 141 142 143 144 145 146 147 148 149 150 151 152 153 154 155
 156 157 158 159]]: [400. 403. 403. 404. 401. 404. 406. 402. 407. 404. 406. 407. 404. 404.
 405. 402. 406. 408. 403. 401. 406. 404. 406. 402. 402. 402. 403. 406.
 407. 405. 403. 406. 403. 405. 404. 407. 404. 405. 406. 403.]

target_updates[[160 161 162 163 164 165 166 167 168 169 170 171 172 173 174 175 176 177
 178 179 180 181 182 183 184 185 186 187 188 189 190 191 192 193 194 195
 196 197 198 199]]: [  1 126 127 123  41 118 124 118 129 132 116 104 107 130 116 122  45  15
 109  88 109 130  90 102  89 105   3 139 113 123 111 108 119  99 125 116
  27 117 123 111]
ntarget_updates[[160 161 162 163 164 165 166 167 168 169 170 171 172 173 174 175 176 177
 178 179 180 181 182 183 184 185 186 187 188 189 190 191 192 193 194 195
 196 197 198 199]]: [274 398 431 504 356 472 285 424 429 368 392 363 341 465 508 368 425 304
 421 285 311 430 575 577 333 408 252 376 410 401 559 436 412 365 468 448
 254 393 486 493]
thresholds[[160 161 162 163 164 165 166 167 168 169 170 171 172 173 174 175 176 177
 178 179 180 181 182 183 184 185 186 187 188 189 190 191 192 193 194 195
 196 197 198 199]]: [400. 414. 415. 412. 400. 410. 414. 410. 416. 418. 408. 410. 407. 417.
 408. 412. 400. 400. 409. 408. 410. 418. 402. 401. 405. 403. 400. 422.
 409. 416. 406. 407. 410. 411. 413. 409. 400. 409. 413. 406.]

=== Layer 0 ===
	Mean activate weights: 0.30000001192092896 +- 0.03310000151395798 (min:0.18199999630451202 ; max:0.4449999928474426)
	Min firing time: 0.9979544878005981 +- 0.0006524938507936895
	Mean firing time: 0.9980080127716064 +- 0.0006418811390176415
Accuracy on training set after epoch 3: 0.4023
Accuracy on validation set after epoch 3: 0.4111
Accuracy on test set after epoch 3: 0.426
Epoch 4: Train Acc 0.4143
[INFO] Active neurons total=200, per-class=[40, 40, 40, 40, 40], pre=200, post_grow=200, post_prune=200, grew=0, pruned=0
[INFO] Class difficulty=[0.9120000004768372, 0.878000020980835, 0.7879999876022339, 0.7940000295639038, 0.5929999947547913], hardness=[1.0, 0.75, 0.25, 0.5, 0.0], grew_per_class=[0, 0, 0, 0, 0], pruned_per_class=[0, 0, 0, 0, 0]
target_updates[[ 0  1  2  3  4  5  6  7  8  9 10 11 12 13 14 15 16 17 18 19 20 21 22 23
 24 25 26 27 28 29 30 31 32 33 34 35 36 37 38 39]]: [  1 105 104 122 165 113  96 133  22 110  89 124 110 125  61 102 138  77
 124  97 106 116 108 106 117  14  85 107 107  93  41 115 104 109 121  87
 125 119 141 111]
ntarget_updates[[ 0  1  2  3  4  5  6  7  8  9 10 11 12 13 14 15 16 17 18 19 20 21 22 23
 24 25 26 27 28 29 30 31 32 33 34 35 36 37 38 39]]: [130 381 467 443 808 426 357 580 198 500 299 484 365 490 282 377 555 308
 421 355 435 433 427 506 514 183 306 394 231 373 226 485 396 433 488 339
 429 440 527 409]
thresholds[[ 0  1  2  3  4  5  6  7  8  9 10 11 12 13 14 15 16 17 18 19 20 21 22 23
 24 25 26 27 28 29 30 31 32 33 34 35 36 37 38 39]]: [400. 401. 402. 406. 419. 403. 402. 409. 400. 403. 403. 406. 403. 407.
 401. 403. 412. 400. 406. 403. 403. 404. 403. 403. 404. 400. 402. 403.
 407. 403. 400. 403. 402. 403. 406. 403. 407. 405. 412. 403.]

target_updates[[40 41 42 43 44 45 46 47 48 49 50 51 52 53 54 55 56 57 58 59 60 61 62 63
 64 65 66 67 68 69 70 71 72 73 74 75 76 77 78 79]]: [  1 128  66  86 127 134  58 133 115 116  80 144 147 114 106  30 112 115
 119  93 117  55 115 114  65 127  30 138 133  97  95 124 111  86  96  33
 125 128 121 116]
ntarget_updates[[40 41 42 43 44 45 46 47 48 49 50 51 52 53 54 55 56 57 58 59 60 61 62 63
 64 65 66 67 68 69 70 71 72 73 74 75 76 77 78 79]]: [112 472 210 314 449 517 283 516 386 376 316 522 679 350 379 220 426 465
 420 451 343 285 448 530 297 514 215 482 500 382 262 524 514 436 318 241
 446 485 553 562]
thresholds[[40 41 42 43 44 45 46 47 48 49 50 51 52 53 54 55 56 57 58 59 60 61 62 63
 64 65 66 67 68 69 70 71 72 73 74 75 76 77 78 79]]: [400. 408. 400. 401. 407. 410. 401. 409. 404. 405. 401. 413. 414. 406.
 403. 400. 404. 406. 407. 401. 406. 401. 405. 403. 401. 408. 400. 411.
 409. 402. 403. 407. 403. 401. 403. 400. 407. 408. 405. 404.]

target_updates[[ 80  81  82  83  84  85  86  87  88  89  90  91  92  93  94  95  96  97
  98  99 100 101 102 103 104 105 106 107 108 109 110 111 112 113 114 115
 116 117 118 119]]: [  0  78  98  99 112 134  92  36 112  88  45 126 107 133  74  51  93  94
  66 116 113 116 127 136 110  73 104 106 151 112 143 134 125  48 134 114
 117 111 112 110]
ntarget_updates[[ 80  81  82  83  84  85  86  87  88  89  90  91  92  93  94  95  96  97
  98  99 100 101 102 103 104 105 106 107 108 109 110 111 112 113 114 115
 116 117 118 119]]: [116 230 476 427 566 450 404 242 422 406 224 362 475 445 253 272 418 482
 329 368 454 323 446 481 512 328 432 475 660 413 592 463 450 173 545 543
 290 410 423 420]
thresholds[[ 80  81  82  83  84  85  86  87  88  89  90  91  92  93  94  95  96  97
  98  99 100 101 102 103 104 105 106 107 108 109 110 111 112 113 114 115
 116 117 118 119]]: [400. 402. 402. 400. 403. 410. 401. 400. 407. 401. 400. 408. 401. 409.
 402. 400. 401. 403. 400. 406. 404. 405. 407. 410. 402. 400. 402. 404.
 415. 403. 412. 410. 407. 400. 410. 404. 406. 403. 405. 403.]

target_updates[[120 121 122 123 124 125 126 127 128 129 130 131 132 133 134 135 136 137
 138 139 140 141 142 143 144 145 146 147 148 149 150 151 152 153 154 155
 156 157 158 159]]: [  1  85 108 123  29 115 131 105 120 103 103 130  99 121 117  45 121 126
 106  25 119 113 121  44  71 110 103 113 128 118 107 123  75 117  89 129
 107 119 122 109]
ntarget_updates[[120 121 122 123 124 125 126 127 128 129 130 131 132 133 134 135 136 137
 138 139 140 141 142 143 144 145 146 147 148 149 150 151 152 153 154 155
 156 157 158 159]]: [181 279 332 345 194 663 430 605 425 461 394 432 229 484 359 244 469 545
 566 237 421 344 463 198 245 428 417 399 444 513 318 488 215 751 382 496
 481 312 455 556]
thresholds[[120 121 122 123 124 125 126 127 128 129 130 131 132 133 134 135 136 137
 138 139 140 141 142 143 144 145 146 147 148 149 150 151 152 153 154 155
 156 157 158 159]]: [400. 403. 404. 406. 400. 404. 408. 403. 406. 403. 403. 408. 404. 406.
 404. 400. 406. 407. 403. 400. 405. 405. 405. 401. 401. 402. 403. 405.
 408. 404. 405. 407. 403. 405. 402. 408. 403. 406. 406. 403.]

target_updates[[160 161 162 163 164 165 166 167 168 169 170 171 172 173 174 175 176 177
 178 179 180 181 182 183 184 185 186 187 188 189 190 191 192 193 194 195
 196 197 198 199]]: [  0 159 151 136   6 129 159 133 166 173 119 108 122 179  96 139  18   6
 124   2  99 193  58  62  54  70   2 191 124 140 118  95  13 146 151  25
   4 132 136 112]
ntarget_updates[[160 161 162 163 164 165 166 167 168 169 170 171 172 173 174 175 176 177
 178 179 180 181 182 183 184 185 186 187 188 189 190 191 192 193 194 195
 196 197 198 199]]: [238 410 563 552 252 477 301 502 474 445 443 409 373 500 347 364 315 250
 487 160 229 644 442 450 322 387 221 506 439 513 616 392 160 526 569 193
 260 422 533 514]
thresholds[[160 161 162 163 164 165 166 167 168 169 170 171 172 173 174 175 176 177
 178 179 180 181 182 183 184 185 186 187 188 189 190 191 192 193 194 195
 196 197 198 199]]: [400. 417. 415. 410. 400. 412. 418. 409. 419. 422. 407. 408. 410. 424.
 411. 413. 400. 400. 409. 400. 409. 429. 400. 400. 400. 401. 400. 427.
 409. 411. 406. 403. 400. 415. 415. 401. 400. 410. 410. 404.]

=== Layer 0 ===
	Mean activate weights: 0.30000001192092896 +- 0.040800001472234726 (min:0.15800000727176666 ; max:0.4749999940395355)
	Min firing time: 0.9979356527328491 +- 0.0006562832277268171
	Mean firing time: 0.9980078339576721 +- 0.0006414491799660027
Accuracy on training set after epoch 4: 0.4143
Accuracy on validation set after epoch 4: 0.4142
Accuracy on test set after epoch 4: 0.428
Epoch 5: Train Acc 0.4236
[INFO] Active neurons total=200, per-class=[40, 40, 40, 40, 40], pre=200, post_grow=200, post_prune=200, grew=0, pruned=0
[INFO] Class difficulty=[0.9160000085830688, 0.871999979019165, 0.7820000052452087, 0.7829999923706055, 0.5889999866485596], hardness=[1.0, 0.75, 0.25, 0.5, 0.0], grew_per_class=[0, 0, 0, 0, 0], pruned_per_class=[0, 0, 0, 0, 0]
target_updates[[ 0  1  2  3  4  5  6  7  8  9 10 11 12 13 14 15 16 17 18 19 20 21 22 23
 24 25 26 27 28 29 30 31 32 33 34 35 36 37 38 39]]: [  0 100 110 143 226 131  43 168  15 112  64 134 109 144  22 108 163  58
 145  97 106 129 123 115 136   8  85  65  67 107  19 130  84 101 140  16
 135 132 166  94]
ntarget_updates[[ 0  1  2  3  4  5  6  7  8  9 10 11 12 13 14 15 16 17 18 19 20 21 22 23
 24 25 26 27 28 29 30 31 32 33 34 35 36 37 38 39]]: [ 123  375  465  519 1114  482  176  680  166  515  216  498  349  532
  198  392  484  286  486  390  400  485  483  532  536  151  324  284
  204  388  176  530  356  419  554  134  461  459  514  364]
thresholds[[ 0  1  2  3  4  5  6  7  8  9 10 11 12 13 14 15 16 17 18 19 20 21 22 23
 24 25 26 27 28 29 30 31 32 33 34 35 36 37 38 39]]: [400. 402. 403. 406. 419. 405. 400. 410. 400. 402. 400. 405. 401. 406.
 400. 404. 410. 400. 407. 402. 402. 404. 404. 403. 405. 400. 400. 400.
 402. 402. 400. 404. 400. 401. 406. 400. 405. 405. 411. 401.]

target_updates[[40 41 42 43 44 45 46 47 48 49 50 51 52 53 54 55 56 57 58 59 60 61 62 63
 64 65 66 67 68 69 70 71 72 73 74 75 76 77 78 79]]: [  1 156  34  54 136 179  38 166 119  97  60 185 174 111 106  20 119 115
 128  84 113  19 121 132  25 151  25 166 154  56  76 142 112  51  54  22
 148 151 128 122]
ntarget_updates[[40 41 42 43 44 45 46 47 48 49 50 51 52 53 54 55 56 57 58 59 60 61 62 63
 64 65 66 67 68 69 70 71 72 73 74 75 76 77 78 79]]: [103 528 197 253 439 744 232 593 347 363 298 732 752 349 346 175 424 432
 459 409 295 158 447 579 190 547 193 582 523 282 299 592 493 304 235 184
 476 519 545 582]
thresholds[[40 41 42 43 44 45 46 47 48 49 50 51 52 53 54 55 56 57 58 59 60 61 62 63
 64 65 66 67 68 69 70 71 72 73 74 75 76 77 78 79]]: [400. 408. 400. 400. 406. 412. 400. 410. 403. 402. 400. 413. 411. 404.
 403. 400. 403. 405. 405. 400. 405. 400. 403. 405. 400. 408. 400. 410.
 408. 400. 401. 406. 402. 400. 400. 400. 407. 408. 404. 403.]

target_updates[[ 80  81  82  83  84  85  86  87  88  89  90  91  92  93  94  95  96  97
  98  99 100 101 102 103 104 105 106 107 108 109 110 111 112 113 114 115
 116 117 118 119]]: [  0  49  87  82 119 160  78  27  96  64  31 138 118 156  29  41  68  86
  59 106 131 137 139 158 101  50 101 110 195 111 181 152 133  18 151 128
 121 120 104 115]
ntarget_updates[[ 80  81  82  83  84  85  86  87  88  89  90  91  92  93  94  95  96  97
  98  99 100 101 102 103 104 105 106 107 108 109 110 111 112 113 114 115
 116 117 118 119]]: [108 211 404 360 631 530 374 201 310 324 186 372 532 482 195 232 323 445
 302 344 493 386 423 567 519 268 415 480 883 402 662 450 479 142 562 612
 310 447 362 472]
thresholds[[ 80  81  82  83  84  85  86  87  88  89  90  91  92  93  94  95  96  97
  98  99 100 101 102 103 104 105 106 107 108 109 110 111 112 113 114 115
 116 117 118 119]]: [400. 400. 401. 400. 403. 409. 400. 400. 403. 400. 400. 406. 402. 408.
 400. 400. 400. 402. 400. 403. 405. 406. 406. 409. 400. 400. 400. 402.
 414. 402. 412. 408. 405. 400. 408. 404. 403. 403. 402. 402.]

target_updates[[120 121 122 123 124 125 126 127 128 129 130 131 132 133 134 135 136 137
 138 139 140 141 142 143 144 145 146 147 148 149 150 151 152 153 154 155
 156 157 158 159]]: [  1  16 133 134   6 122 161 110 137  67 133 120  64 141 139  13 137 142
 113   5 131 137 161   7  11 103  94 117 159 136 101 146  19 128  67 154
 120 128 134 103]
ntarget_updates[[120 121 122 123 124 125 126 127 128 129 130 131 132 133 134 135 136 137
 138 139 140 141 142 143 144 145 146 147 148 149 150 151 152 153 154 155
 156 157 158 159]]: [155 158 354 360 173 701 527 560 439 340 416 424 192 487 440 171 545 603
 606 163 465 355 578 164 159 404 376 426 474 554 286 548 167 742 290 581
 507 332 467 511]
thresholds[[120 121 122 123 124 125 126 127 128 129 130 131 132 133 134 135 136 137
 138 139 140 141 142 143 144 145 146 147 148 149 150 151 152 153 154 155
 156 157 158 159]]: [400. 400. 408. 405. 400. 403. 409. 402. 406. 400. 408. 403. 400. 407.
 406. 400. 405. 406. 402. 400. 404. 407. 409. 400. 400. 401. 403. 403.
 409. 405. 404. 407. 400. 404. 401. 408. 403. 404. 405. 402.]

target_updates[[160 161 162 163 164 165 166 167 168 169 170 171 172 173 174 175 176 177
 178 179 180 181 182 183 184 185 186 187 188 189 190 191 192 193 194 195
 196 197 198 199]]: [  0 164 203   3   5 148 217 140 251 284  93   5 123 288 214 129   6   6
  10   1  14 345  21  18  11  11   2 335   8   8 132  41   1 221 197   1
   1 133 158 102]
ntarget_updates[[160 161 162 163 164 165 166 167 168 169 170 171 172 173 174 175 176 177
 178 179 180 181 182 183 184 185 186 187 188 189 190 191 192 193 194 195
 196 197 198 199]]: [ 226  341  744  128  242  548  363  545  699  559  443  133  258  839
  771  348  238  234  139  169  166 1098  326  311  256  235  203  748
  135  120  689  318  188  723  684  188  242  442  623  538]
thresholds[[160 161 162 163 164 165 166 167 168 169 170 171 172 173 174 175 176 177
 178 179 180 181 182 183 184 185 186 187 188 189 190 191 192 193 194 195
 196 197 198 199]]: [400. 409. 416. 400. 400. 409. 418. 406. 423. 428. 401. 400. 408. 429.
 420. 405. 400. 400. 400. 400. 400. 438. 400. 400. 400. 400. 400. 436.
 400. 400. 405. 400. 400. 418. 415. 400. 400. 405. 409. 401.]

=== Layer 0 ===
	Mean activate weights: 0.30000001192092896 +- 0.048700001090765 (min:0.125 ; max:0.5389999747276306)
	Min firing time: 0.9979122281074524 +- 0.0006618085317313671
	Mean firing time: 0.9980075359344482 +- 0.0006409892812371254
Accuracy on training set after epoch 5: 0.4236
Accuracy on validation set after epoch 5: 0.4116
Accuracy on test set after epoch 5: 0.425
neuron 187 Cannot activate next neuron, all neurons of class 4 are already active
Epoch 6: Train Acc 0.4174
[INFO] Active neurons total=200, per-class=[40, 40, 40, 40, 40], pre=200, post_grow=200, post_prune=200, grew=0, pruned=0
[INFO] Class difficulty=[0.9309999942779541, 0.8690000176429749, 0.7900000214576721, 0.7799999713897705, 0.5860000252723694], hardness=[1.0, 0.75, 0.5, 0.25, 0.0], grew_per_class=[0, 0, 0, 0, 0], pruned_per_class=[0, 0, 0, 0, 0]
target_updates[[ 0  1  2  3  4  5  6  7  8  9 10 11 12 13 14 15 16 17 18 19 20 21 22 23
 24 25 26 27 28 29 30 31 32 33 34 35 36 37 38 39]]: [  0 136  82 178 368 157  15 234  11 110  30 157  96 162  13  27 109  44
 180  24 117 152 162 104 148   7  28  20  10 109   6 168  58  91 161   3
 163 159 177  74]
ntarget_updates[[ 0  1  2  3  4  5  6  7  8  9 10 11 12 13 14 15 16 17 18 19 20 21 22 23
 24 25 26 27 28 29 30 31 32 33 34 35 36 37 38 39]]: [ 116  487  352  617 1703  546  137  933  150  509  188  555  290  572
  167  144  259  260  550  157  489  531  605  522  575  142  156  190
  142  347  135  628  277  407  565  111  465  537  373  311]
thresholds[[ 0  1  2  3  4  5  6  7  8  9 10 11 12 13 14 15 16 17 18 19 20 21 22 23
 24 25 26 27 28 29 30 31 32 33 34 35 36 37 38 39]]: [400. 403. 400. 406. 421. 404. 400. 410. 400. 401. 400. 404. 400. 405.
 400. 400. 402. 400. 406. 400. 402. 404. 406. 401. 403. 400. 400. 400.
 400. 402. 400. 405. 400. 400. 404. 400. 405. 404. 406. 400.]

target_updates[[40 41 42 43 44 45 46 47 48 49 50 51 52 53 54 55 56 57 58 59 60 61 62 63
 64 65 66 67 68 69 70 71 72 73 74 75 76 77 78 79]]: [  1 174  22  23  97 278  27 248 105  66  42 292 239  66  75  14 114  59
 134  77  32   8  84 136  16 166  19 188 232  14  35 168  90  39  11  17
 188 206 123 125]
ntarget_updates[[40 41 42 43 44 45 46 47 48 49 50 51 52 53 54 55 56 57 58 59 60 61 62 63
 64 65 66 67 68 69 70 71 72 73 74 75 76 77 78 79]]: [  88  490  176  177  296 1053  195  921  277  336  254 1098  953  252
  285  146  371  286  487  397  138  120  319  608  151  535  173  545
  746  119  197  690  427  253  127  159  544  775  476  560]
thresholds[[40 41 42 43 44 45 46 47 48 49 50 51 52 53 54 55 56 57 58 59 60 61 62 63
 64 65 66 67 68 69 70 71 72 73 74 75 76 77 78 79]]: [400. 405. 400. 400. 401. 414. 400. 411. 401. 400. 400. 415. 411. 400.
 400. 400. 401. 400. 403. 400. 400. 400. 400. 403. 400. 406. 400. 407.
 410. 400. 400. 405. 400. 400. 400. 400. 407. 408. 402. 402.]

target_updates[[ 80  81  82  83  84  85  86  87  88  89  90  91  92  93  94  95  96  97
  98  99 100 101 102 103 104 105 106 107 108 109 110 111 112 113 114 115
 116 117 118 119]]: [  0  31  73  58 146 194  49  24  31  56  20 104 129 182   6  35  50  71
  52  44 155 146 138 206  87  31 104  97 288  88 248 186 128  12 207 147
 109 132  81 105]
ntarget_updates[[ 80  81  82  83  84  85  86  87  88  89  90  91  92  93  94  95  96  97
  98  99 100 101 102 103 104 105 106 107 108 109 110 111 112 113 114 115
 116 117 118 119]]: [ 102  181  362  276  749  525  265  183  191  303  156  232  553  492
  115  214  284  379  285  220  621  370  425  714  449  208  447  447
 1225  375  912  405  424  121  705  747  303  452  349  434]
thresholds[[ 80  81  82  83  84  85  86  87  88  89  90  91  92  93  94  95  96  97
  98  99 100 101 102 103 104 105 106 107 108 109 110 111 112 113 114 115
 116 117 118 119]]: [400. 400. 400. 400. 403. 407. 400. 400. 400. 400. 400. 401. 402. 406.
 400. 400. 400. 401. 400. 400. 404. 404. 403. 408. 400. 400. 400. 401.
 414. 400. 411. 406. 402. 400. 408. 404. 400. 402. 400. 400.]

target_updates[[120 121 122 123 124 125 126 127 128 129 130 131 132 133 134 135 136 137
 138 139 140 141 142 143 144 145 146 147 148 149 150 151 152 153 154 155
 156 157 158 159]]: [  0   0 160 126   4 131 212 111 161  20 232   6  11 100 187   7 132 196
 106   3 174 225 203   2   2  71  17  39 239 199  22 219   7 150  12 193
  98  48 138  87]
ntarget_updates[[120 121 122 123 124 125 126 127 128 129 130 131 132 133 134 135 136 137
 138 139 140 141 142 143 144 145 146 147 148 149 150 151 152 153 154 155
 156 157 158 159]]: [142 127 290 273 152 672 675 587 488 195 713  89 138 293 561 163 462 784
 556 143 509 641 678 145 131 282 139 171 827 887 155 844 161 857 169 681
 412 183 421 404]
thresholds[[120 121 122 123 124 125 126 127 128 129 130 131 132 133 134 135 136 137
 138 139 140 141 142 143 144 145 146 147 148 149 150 151 152 153 154 155
 156 157 158 159]]: [400. 400. 406. 403. 400. 402. 408. 401. 404. 400. 410. 400. 400. 401.
 407. 400. 402. 407. 401. 400. 406. 410. 408. 400. 400. 400. 400. 400.
 411. 408. 400. 409. 400. 404. 400. 407. 400. 400. 403. 400.]

target_updates[[160 161 162 163 164 165 166 167 168 169 170 171 172 173 174 175 176 177
 178 179 180 181 182 183 184 185 186 187 188 189 190 191 192 193 194 195
 196 197 198 199]]: [  0 103   2   3   3   3 272 101 610 594  23   1   9  78  21  32   3   4
   2   1   0 610  13   8   2   0   2 834   1   1 148   6   1 142 237   0
   1  63  78  38]
ntarget_updates[[160 161 162 163 164 165 166 167 168 169 170 171 172 173 174 175 176 177
 178 179 180 181 182 183 184 185 186 187 188 189 190 191 192 193 194 195
 196 197 198 199]]: [ 194  395   74  174  211  130  384  503 2384 1071  261  157  227  153
  148  277  206  203  171  171  168  693  262  238  220  169  184 2452
  176  153  759  226  175  509  826  167  216  389  397  327]
thresholds[[160 161 162 163 164 165 166 167 168 169 170 171 172 173 174 175 176 177
 178 179 180 181 182 183 184 185 186 187 188 189 190 191 192 193 194 195
 196 197 198 199]]: [400. 401. 400. 400. 400. 400. 413. 401. 440. 438. 400. 400. 400. 400.
 400. 400. 400. 400. 400. 400. 400. 440. 400. 400. 400. 400. 400. 457.
 400. 400. 404. 400. 400. 403. 410. 400. 400. 400. 400. 400.]

=== Layer 0 ===
	Mean activate weights: 0.30000001192092896 +- 0.05719999969005585 (min:0.03700000047683716 ; max:0.6790000200271606)
	Min firing time: 0.9978729486465454 +- 0.0006752778426744044
	Mean firing time: 0.9980072379112244 +- 0.0006404966698028147
Accuracy on training set after epoch 6: 0.4174
Accuracy on validation set after epoch 6: 0.4031
Accuracy on test set after epoch 6: 0.4168
neuron 4 Cannot activate next neuron, all neurons of class 0 are already active
neuron 45 Cannot activate next neuron, all neurons of class 1 are already active
neuron 108 Cannot activate next neuron, all neurons of class 2 are already active
neuron 187 Cannot activate next neuron, all neurons of class 4 are already active
Epoch 7: Train Acc 0.4044
[INFO] Active neurons total=200, per-class=[40, 40, 40, 40, 40], pre=200, post_grow=200, post_prune=200, grew=0, pruned=0
[INFO] Class difficulty=[0.9449999928474426, 0.8619999885559082, 0.8059999942779541, 0.7919999957084656, 0.5839999914169312], hardness=[1.0, 0.75, 0.5, 0.25, 0.0], grew_per_class=[0, 0, 0, 0, 0], pruned_per_class=[0, 0, 0, 0, 0]
target_updates[[ 0  1  2  3  4  5  6  7  8  9 10 11 12 13 14 15 16 17 18 19 20 21 22 23
 24 25 26 27 28 29 30 31 32 33 34 35 36 37 38 39]]: [  1 122  62 225 586 143   3 355   8  97  16 130  49 188   8   0  38  24
 250   4  24 167 242  93 154   6   2   7   3  97   5 209  33  62 189   1
 173 144  83  47]
ntarget_updates[[ 0  1  2  3  4  5  6  7  8  9 10 11 12 13 14 15 16 17 18 19 20 21 22 23
 24 25 26 27 28 29 30 31 32 33 34 35 36 37 38 39]]: [ 109  483  287  699 2091  479  111 1354  138  476  160  386  217  636
  135   73  200  212  743  108  131  547  937  471  588  135  100  141
  101  340  129  763  235  334  607  101  522  424  247  250]
thresholds[[ 0  1  2  3  4  5  6  7  8  9 10 11 12 13 14 15 16 17 18 19 20 21 22 23
 24 25 26 27 28 29 30 31 32 33 34 35 36 37 38 39]]: [400. 401. 400. 405. 419. 402. 400. 410. 400. 400. 400. 401. 400. 403.
 400. 400. 400. 400. 406. 400. 400. 402. 406. 400. 402. 400. 400. 400.
 400. 400. 400. 404. 400. 400. 403. 400. 403. 402. 401. 400.]

target_updates[[40 41 42 43 44 45 46 47 48 49 50 51 52 53 54 55 56 57 58 59 60 61 62 63
 64 65 66 67 68 69 70 71 72 73 74 75 76 77 78 79]]: [  1 233  20   9  35 592  20 455  53  27  37 568 185  28  44  10  81  16
  95  63  10   4  28  98  11 105  16 229 156   5   8 153  59  33   6  14
 154 245  81  63]
ntarget_updates[[40 41 42 43 44 45 46 47 48 49 50 51 52 53 54 55 56 57 58 59 60 61 62 63
 64 65 66 67 68 69 70 71 72 73 74 75 76 77 78 79]]: [  85  719  169  125  191 2300  169 1523  188  195  230 2121  502  177
  207  133  275  135  424  368  108   99  167  453  135  426  154  603
  338   85   89  604  350  228  103  152  264  919  350  337]
thresholds[[40 41 42 43 44 45 46 47 48 49 50 51 52 53 54 55 56 57 58 59 60 61 62 63
 64 65 66 67 68 69 70 71 72 73 74 75 76 77 78 79]]: [400. 405. 400. 400. 400. 419. 400. 414. 400. 400. 400. 418. 403. 400.
 400. 400. 400. 400. 400. 400. 400. 400. 400. 400. 400. 401. 400. 405.
 402. 400. 400. 402. 400. 400. 400. 400. 402. 406. 400. 400.]

target_updates[[ 80  81  82  83  84  85  86  87  88  89  90  91  92  93  94  95  96  97
  98  99 100 101 102 103 104 105 106 107 108 109 110 111 112 113 114 115
 116 117 118 119]]: [  0  24  61  30 169 237  31  21   7  37  16  44 135 162   3  29  43  57
  44   4 186 127 113 311  71  25 101  71 545  57 242 136  92   5 264 197
  85 135  49  84]
ntarget_updates[[ 80  81  82  83  84  85  86  87  88  89  90  91  92  93  94  95  96  97
  98  99 100 101 102 103 104 105 106 107 108 109 110 111 112 113 114 115
 116 117 118 119]]: [  97  165  333  181  862  553  208  172  110  231  151  173  591  398
  104  191  238  328  245  105  730  337  395  913  387  184  445  363
 2596  274  357  332  393  105  771  890  204  473  261  354]
thresholds[[ 80  81  82  83  84  85  86  87  88  89  90  91  92  93  94  95  96  97
  98  99 100 101 102 103 104 105 106 107 108 109 110 111 112 113 114 115
 116 117 118 119]]: [400. 400. 400. 400. 403. 405. 400. 400. 400. 400. 400. 400. 401. 402.
 400. 400. 400. 400. 400. 400. 403. 401. 401. 408. 400. 400. 400. 400.
 417. 400. 406. 401. 400. 400. 406. 404. 400. 401. 400. 400.]

target_updates[[120 121 122 123 124 125 126 127 128 129 130 131 132 133 134 135 136 137
 138 139 140 141 142 143 144 145 146 147 148 149 150 151 152 153 154 155
 156 157 158 159]]: [  0   0 116  30   3 164 444  78  86   3 293   0   3  35  28   7  77 124
  84   0 170 255 470   2   1  27   1   1 447 110   1 335   5 187   3 273
  67  10  46  64]
ntarget_updates[[120 121 122 123 124 125 126 127 128 129 130 131 132 133 134 135 136 137
 138 139 140 141 142 143 144 145 146 147 148 149 150 151 152 153 154 155
 156 157 158 159]]: [ 127  116  345  157  143  797 1468  418  328  130  530   96  124  234
   96  152  345  380  450  127  506  436 1755  132  126  150  109  110
 1449  325  116 1245  148  965  130  917  333  132  234  319]
thresholds[[120 121 122 123 124 125 126 127 128 129 130 131 132 133 134 135 136 137
 138 139 140 141 142 143 144 145 146 147 148 149 150 151 152 153 154 155
 156 157 158 159]]: [400. 400. 400. 400. 400. 402. 413. 400. 400. 400. 407. 400. 400. 400.
 400. 400. 400. 401. 400. 400. 403. 406. 414. 400. 400. 400. 400. 400.
 413. 401. 400. 409. 400. 403. 400. 407. 400. 400. 400. 400.]

target_updates[[160 161 162 163 164 165 166 167 168 169 170 171 172 173 174 175 176 177
 178 179 180 181 182 183 184 185 186 187 188 189 190 191 192 193 194 195
 196 197 198 199]]: [   0   61    0    2    2    2  150   37   59  815    4    2    1    9
    7   17    3    4    2    1    0  423    7    5    0    0    2 2018
    0    2  128    4    1   14  225    0    1   23   14    5]
ntarget_updates[[160 161 162 163 164 165 166 167 168 169 170 171 172 173 174 175 176 177
 178 179 180 181 182 183 184 185 186 187 188 189 190 191 192 193 194 195
 196 197 198 199]]: [ 179  422  144  166  204  163  532  383  160 1222  168  162  165  138
  206  237  195  196  177  160  161 1469  232  228  206  167  179 4307
  166  161  755  209  162  298  982  165  200  285  298  191]
thresholds[[160 161 162 163 164 165 166 167 168 169 170 171 172 173 174 175 176 177
 178 179 180 181 182 183 184 185 186 187 188 189 190 191 192 193 194 195
 196 197 198 199]]: [400. 400. 400. 400. 400. 400. 402. 400. 400. 428. 400. 400. 400. 400.
 400. 400. 400. 400. 400. 400. 400. 412. 400. 400. 400. 400. 400. 475.
 400. 400. 401. 400. 400. 400. 405. 400. 400. 400. 400. 400.]

=== Layer 0 ===
	Mean activate weights: 0.30000001192092896 +- 0.066600002348423 (min:0.0 ; max:1.0)
	Min firing time: 0.9978078007698059 +- 0.0007028228719718754
	Mean firing time: 0.9980071187019348 +- 0.0006399488192982972
Accuracy on training set after epoch 7: 0.4044
Accuracy on validation set after epoch 7: 0.404
Accuracy on test set after epoch 7: 0.4138
neuron 7 Cannot activate next neuron, all neurons of class 0 are already active
neuron 51 Cannot activate next neuron, all neurons of class 1 are already active
neuron 108 Cannot activate next neuron, all neurons of class 2 are already active
neuron 126 Cannot activate next neuron, all neurons of class 3 are already active
neuron 187 Cannot activate next neuron, all neurons of class 4 are already active
Epoch 8: Train Acc 0.3975
[INFO] Active neurons total=200, per-class=[40, 40, 40, 40, 40], pre=200, post_grow=200, post_prune=200, grew=0, pruned=0
[INFO] Class difficulty=[0.949999988079071, 0.8399999737739563, 0.8360000252723694, 0.800000011920929, 0.5799999833106995], hardness=[1.0, 0.75, 0.5, 0.25, 0.0], grew_per_class=[0, 0, 0, 0, 0], pruned_per_class=[0, 0, 0, 0, 0]
target_updates[[ 0  1  2  3  4  5  6  7  8  9 10 11 12 13 14 15 16 17 18 19 20 21 22 23
 24 25 26 27 28 29 30 31 32 33 34 35 36 37 38 39]]: [  1  27  25  32 762 101   2 900   6  69   9  76  15 210   6   0  10  19
 264   4   2 135 574  74 162   5   1   5   2  26   4 209  17  31  77   1
  63  73  27  24]
ntarget_updates[[ 0  1  2  3  4  5  6  7  8  9 10 11 12 13 14 15 16 17 18 19 20 21 22 23
 24 25 26 27 28 29 30 31 32 33 34 35 36 37 38 39]]: [  98  141  198  127 2207  383  102 3120  132  382  133  268  147  702
  121   80  146  191  588  113   87  461 1976  422  610  132   92  125
  101  176  117  776  187  251  361   99  212  232  203  201]
thresholds[[ 0  1  2  3  4  5  6  7  8  9 10 11 12 13 14 15 16 17 18 19 20 21 22 23
 24 25 26 27 28 29 30 31 32 33 34 35 36 37 38 39]]: [400. 400. 400. 400. 413. 400. 400. 416. 400. 400. 400. 400. 400. 402.
 400. 400. 400. 400. 403. 400. 400. 401. 409. 400. 401. 400. 400. 400.
 400. 400. 400. 402. 400. 400. 400. 400. 400. 400. 400. 400.]

target_updates[[40 41 42 43 44 45 46 47 48 49 50 51 52 53 54 55 56 57 58 59 60 61 62 63
 64 65 66 67 68 69 70 71 72 73 74 75 76 77 78 79]]: [   1  143   17    4   18  956   18  381   13   21   32 1288   91   13
   18    8   32   11   55   51    6    3    9   49    8   36   13  235
   52    5    0   70   34   24    5   14   37  211   51   17]
ntarget_updates[[40 41 42 43 44 45 46 47 48 49 50 51 52 53 54 55 56 57 58 59 60 61 62 63
 64 65 66 67 68 69 70 71 72 73 74 75 76 77 78 79]]: [  80  636  159   98  142 2791  152  798  119  188  226 4128  458  136
  140  115  174  111  306  316   90   89  101  302  124  267  149  861
  260   84   79  341  253  192   94  139  157  925  268  152]
thresholds[[40 41 42 43 44 45 46 47 48 49 50 51 52 53 54 55 56 57 58 59 60 61 62 63
 64 65 66 67 68 69 70 71 72 73 74 75 76 77 78 79]]: [400. 401. 400. 400. 400. 417. 400. 405. 400. 400. 400. 423. 400. 400.
 400. 400. 400. 400. 400. 400. 400. 400. 400. 400. 400. 400. 400. 403.
 400. 400. 400. 400. 400. 400. 400. 400. 400. 402. 400. 400.]

target_updates[[ 80  81  82  83  84  85  86  87  88  89  90  91  92  93  94  95  96  97
  98  99 100 101 102 103 104 105 106 107 108 109 110 111 112 113 114 115
 116 117 118 119]]: [   0   21   48   20  214  143   16   14    3   16   14   16  129   73
    3   20   37   35   36    2  213   58   79  434   46   22   90   45
 1172   40  123   59   26    4  239  300   44  126   27   43]
ntarget_updates[[ 80  81  82  83  84  85  86  87  88  89  90  91  92  93  94  95  96  97
  98  99 100 101 102 103 104 105 106 107 108 109 110 111 112 113 114 115
 116 117 118 119]]: [  92  158  271  137 1047  393  167  138   92  167  129  120  550  258
   95  163  208  267  231   84  932  217  303 1124  276  172  409  247
 3514  225  458  206  178   97  743 1353  141  439  191  208]
thresholds[[ 80  81  82  83  84  85  86  87  88  89  90  91  92  93  94  95  96  97
  98  99 100 101 102 103 104 105 106 107 108 109 110 111 112 113 114 115
 116 117 118 119]]: [400. 400. 400. 400. 402. 401. 400. 400. 400. 400. 400. 400. 401. 400.
 400. 400. 400. 400. 400. 400. 402. 400. 400. 407. 400. 400. 400. 400.
 421. 400. 400. 400. 400. 400. 403. 404. 400. 401. 400. 400.]

target_updates[[120 121 122 123 124 125 126 127 128 129 130 131 132 133 134 135 136 137
 138 139 140 141 142 143 144 145 146 147 148 149 150 151 152 153 154 155
 156 157 158 159]]: [   0    0    6    1    3  249 1389    6    8    1  356    0    2    6
    1    5   10   21    9    0   71   70  315    2    1    3    1    1
  405   19    0  490    4  239    1  309   20    5    6   15]
ntarget_updates[[120 121 122 123 124 125 126 127 128 129 130 131 132 133 134 135 136 137
 138 139 140 141 142 143 144 145 146 147 148 149 150 151 152 153 154 155
 156 157 158 159]]: [ 118  113  102   90  132 1195 4586  121  131  119  842   98  127  132
   86  140  113  198  156  113  330  423  426  124  115  121  107   99
  667  237  106 1749  136 1179  118  960  190  132  109  160]
thresholds[[120 121 122 123 124 125 126 127 128 129 130 131 132 133 134 135 136 137
 138 139 140 141 142 143 144 145 146 147 148 149 150 151 152 153 154 155
 156 157 158 159]]: [400. 400. 400. 400. 400. 403. 425. 400. 400. 400. 405. 400. 400. 400.
 400. 400. 400. 400. 400. 400. 400. 400. 404. 400. 400. 400. 400. 400.
 406. 400. 400. 408. 400. 403. 400. 404. 400. 400. 400. 400.]

target_updates[[160 161 162 163 164 165 166 167 168 169 170 171 172 173 174 175 176 177
 178 179 180 181 182 183 184 185 186 187 188 189 190 191 192 193 194 195
 196 197 198 199]]: [   0   31    0    2    2    3   66   18   16  704    3    2    0    5
    4   11    3    4    2    1    1   89    6    4    0    0    2 2767
    0    1  112    4    1    7  152    0    1   15    9    2]
ntarget_updates[[160 161 162 163 164 165 166 167 168 169 170 171 172 173 174 175 176 177
 178 179 180 181 182 183 184 185 186 187 188 189 190 191 192 193 194 195
 196 197 198 199]]: [ 186  339  152  181  201  168  418  301  151 1287  173  171  147  167
  168  234  193  197  188  164  177  490  227  228  205  165  176 5760
  167  165  738  212  162  173  919  158  210  258  249  175]
thresholds[[160 161 162 163 164 165 166 167 168 169 170 171 172 173 174 175 176 177
 178 179 180 181 182 183 184 185 186 187 188 189 190 191 192 193 194 195
 196 197 198 199]]: [400. 400. 400. 400. 400. 400. 400. 400. 400. 412. 400. 400. 400. 400.
 400. 400. 400. 400. 400. 400. 400. 400. 400. 400. 400. 400. 400. 452.
 400. 400. 400. 400. 400. 400. 401. 400. 400. 400. 400. 400.]

=== Layer 0 ===
	Mean activate weights: 0.30000001192092896 +- 0.07450000196695328 (min:0.0 ; max:1.0)
	Min firing time: 0.9977375864982605 +- 0.0007239875849336386
	Mean firing time: 0.9980073571205139 +- 0.0006393108633346856
Accuracy on training set after epoch 8: 0.3975
Accuracy on validation set after epoch 8: 0.3996
Accuracy on test set after epoch 8: 0.4198
neuron 7 Cannot activate next neuron, all neurons of class 0 are already active
neuron 108 Cannot activate next neuron, all neurons of class 2 are already active
neuron 51 Cannot activate next neuron, all neurons of class 1 are already active
neuron 126 Cannot activate next neuron, all neurons of class 3 are already active
neuron 187 Cannot activate next neuron, all neurons of class 4 are already active
Epoch 9: Train Acc 0.4109
[INFO] Active neurons total=200, per-class=[40, 40, 40, 40, 40], pre=200, post_grow=200, post_prune=200, grew=0, pruned=0
[INFO] Class difficulty=[0.9309999942779541, 0.8349999785423279, 0.843999981880188, 0.7730000019073486, 0.5889999866485596], hardness=[1.0, 0.5, 0.75, 0.25, 0.0], grew_per_class=[0, 0, 0, 0, 0], pruned_per_class=[0, 0, 0, 0, 0]
target_updates[[ 0  1  2  3  4  5  6  7  8  9 10 11 12 13 14 15 16 17 18 19 20 21 22 23
 24 25 26 27 28 29 30 31 32 33 34 35 36 37 38 39]]: [   1    8   17    0  759   24    1 1597    5   54    8   27   10  184
    6    0    5   17  112    3    1   62  691   55  143    5    1    4
    2    8    5  142   10   19    2    2   13   20   18    9]
ntarget_updates[[ 0  1  2  3  4  5  6  7  8  9 10 11 12 13 14 15 16 17 18 19 20 21 22 23
 24 25 26 27 28 29 30 31 32 33 34 35 36 37 38 39]]: [  99  129  174   78 2109  181   97 4414  126  344  118  204  136  749
  118   86  110  188  372  104   86  292 2435  360  610  130   92  122
   92  132  121  621  165  181   77  102  158  175  169  144]
thresholds[[ 0  1  2  3  4  5  6  7  8  9 10 11 12 13 14 15 16 17 18 19 20 21 22 23
 24 25 26 27 28 29 30 31 32 33 34 35 36 37 38 39]]: [400. 400. 400. 400. 406. 400. 400. 415. 400. 400. 400. 400. 400. 401.
 400. 400. 400. 400. 400. 400. 400. 400. 406. 400. 400. 400. 400. 400.
 400. 400. 400. 400. 400. 400. 400. 400. 400. 400. 400. 400.]

target_updates[[40 41 42 43 44 45 46 47 48 49 50 51 52 53 54 55 56 57 58 59 60 61 62 63
 64 65 66 67 68 69 70 71 72 73 74 75 76 77 78 79]]: [   0   48   16    4    7 1037   18  134    7   10   25 2057   99    9
   13    7   14    9   39   33    5    4    7   29    8   18   11  147
   13    5    0   24   27   21    5   14    9   90   24    3]
ntarget_updates[[40 41 42 43 44 45 46 47 48 49 50 51 52 53 54 55 56 57 58 59 60 61 62 63
 64 65 66 67 68 69 70 71 72 73 74 75 76 77 78 79]]: [  79  327  175  100  109 3161  159  573  102  132  215 5538  542  102
  136  111  157  118  275  253   96   92   99  236  118  197  142  676
  141   89   73  220  236  186   99  148   90  584  211  103]
thresholds[[40 41 42 43 44 45 46 47 48 49 50 51 52 53 54 55 56 57 58 59 60 61 62 63
 64 65 66 67 68 69 70 71 72 73 74 75 76 77 78 79]]: [400. 400. 400. 400. 400. 409. 400. 400. 400. 400. 400. 419. 400. 400.
 400. 400. 400. 400. 400. 400. 400. 400. 400. 400. 400. 400. 400. 400.
 400. 400. 400. 400. 400. 400. 400. 400. 400. 400. 400. 400.]

target_updates[[ 80  81  82  83  84  85  86  87  88  89  90  91  92  93  94  95  96  97
  98  99 100 101 102 103 104 105 106 107 108 109 110 111 112 113 114 115
 116 117 118 119]]: [   0   15   32   11  255   34    8    8    0   11    7    6   87   24
    3   14   23   22   26    2  203   13   42  379   25   19   90   27
 1909   28   19   18    4    1   90  461   12   89   17   16]
ntarget_updates[[ 80  81  82  83  84  85  86  87  88  89  90  91  92  93  94  95  96  97
  98  99 100 101 102 103 104 105 106 107 108 109 110 111 112 113 114 115
 116 117 118 119]]: [  87  146  225  119 1253  184  125  124   77  128  114   97  397  160
   89  149  195  187  204   84  933   84  245 1107  190  159  407  188
 4992  207  176  150  106   87  445 1827   97  370  156  130]
thresholds[[ 80  81  82  83  84  85  86  87  88  89  90  91  92  93  94  95  96  97
  98  99 100 101 102 103 104 105 106 107 108 109 110 111 112 113 114 115
 116 117 118 119]]: [400. 400. 400. 400. 402. 400. 400. 400. 400. 400. 400. 400. 400. 400.
 400. 400. 400. 400. 400. 400. 401. 400. 400. 403. 400. 400. 400. 400.
 418. 400. 400. 400. 400. 400. 400. 404. 400. 400. 400. 400.]

target_updates[[120 121 122 123 124 125 126 127 128 129 130 131 132 133 134 135 136 137
 138 139 140 141 142 143 144 145 146 147 148 149 150 151 152 153 154 155
 156 157 158 159]]: [   0    0    3    1    3  234 2691    2    4    1   39    0    1    5
    1    4    1    8    0    0   21    1   26    2    1    1    1    1
   53    3    0  603    4  218    1  100    7    3    3    3]
ntarget_updates[[120 121 122 123 124 125 126 127 128 129 130 131 132 133 134 135 136 137
 138 139 140 141 142 143 144 145 146 147 148 149 150 151 152 153 154 155
 156 157 158 159]]: [ 109  110   82  101  125 1096 7111  124   99  114  193   93  117  126
   80  137   95  148  107  107  195   70  149  120  118  114  105   97
  242  110  107 2177  135 1136  115  444  143  127  100  122]
thresholds[[120 121 122 123 124 125 126 127 128 129 130 131 132 133 134 135 136 137
 138 139 140 141 142 143 144 145 146 147 148 149 150 151 152 153 154 155
 156 157 158 159]]: [400. 400. 400. 400. 400. 401. 425. 400. 400. 400. 400. 400. 400. 400.
 400. 400. 400. 400. 400. 400. 400. 400. 400. 400. 400. 400. 400. 400.
 400. 400. 400. 405. 400. 401. 400. 400. 400. 400. 400. 400.]

target_updates[[160 161 162 163 164 165 166 167 168 169 170 171 172 173 174 175 176 177
 178 179 180 181 182 183 184 185 186 187 188 189 190 191 192 193 194 195
 196 197 198 199]]: [   0   24    0    2    2    4   46   12    9  827    2    2    0    3
    2   13    3    4    2    1    1   43    4    4    0    0    1 2787
    0    1  110    4    1    8  107    0    1   10    8    2]
ntarget_updates[[160 161 162 163 164 165 166 167 168 169 170 171 172 173 174 175 176 177
 178 179 180 181 182 183 184 185 186 187 188 189 190 191 192 193 194 195
 196 197 198 199]]: [ 183  274  139  175  205  170  355  248  171 1758  170  183  144  172
  169  238  193  194  190  164  172  380  226  222  207  171  169 5804
  173  166  753  215  154  165  726  155  205  231  233  178]
thresholds[[160 161 162 163 164 165 166 167 168 169 170 171 172 173 174 175 176 177
 178 179 180 181 182 183 184 185 186 187 188 189 190 191 192 193 194 195
 196 197 198 199]]: [400. 400. 400. 400. 400. 400. 400. 400. 400. 407. 400. 400. 400. 400.
 400. 400. 400. 400. 400. 400. 400. 400. 400. 400. 400. 400. 400. 426.
 400. 400. 400. 400. 400. 400. 400. 400. 400. 400. 400. 400.]

=== Layer 0 ===
	Mean activate weights: 0.30000001192092896 +- 0.08179999887943268 (min:0.0 ; max:1.0)
	Min firing time: 0.9976799488067627 +- 0.0007128481520339847
	Mean firing time: 0.9980075359344482 +- 0.0006385828601196408
Accuracy on training set after epoch 9: 0.4109
Accuracy on validation set after epoch 9: 0.4018
[INFO] Early stopping triggered (max val_acc:0.4142222222222222)
Accuracy on test set after epoch 9: 0.426
