/Users/sangkiko/SpikeNN/.venv/lib/python3.9/site-packages/urllib3/__init__.py:35: NotOpenSSLWarning: urllib3 v2 only supports OpenSSL 1.1.1+, currently the 'ssl' module is compiled with 'LibreSSL 2.8.3'. See: https://github.com/urllib3/urllib3/issues/3020
  warnings.warn(
Epoch 0: Train Acc 0.2620
[INFO] Active neurons total=200, per-class=[20, 20, 20, 20, 20, 20, 20, 20, 20, 20], pre=200, post_grow=200, post_prune=200, grew=0, pruned=0
[INFO] Class difficulty=[0.8330000042915344, 0.8610000014305115, 0.9520000219345093, 0.9940000176429749, 0.9089999794960022, 0.8610000014305115, 0.7429999709129333, 0.871999979019165, 0.7960000038146973, 0.8690000176429749], hardness=[0.22200000286102295, 0.3330000042915344, 0.8889999985694885, 1.0, 0.777999997138977, 0.4440000057220459, 0.0, 0.6669999957084656, 0.11100000143051147, 0.5559999942779541], grew_per_class=[0, 0, 0, 0, 0, 0, 0, 0, 0, 0], pruned_per_class=[0, 0, 0, 0, 0, 0, 0, 0, 0, 0]
target_updates[[ 0  1  2  3  4  5  6  7  8  9 10 11 12 13 14 15 16 17 18 19]]: [316 227 227 215 222 220 221 214 222 230 228 217 219 218 214 224 206 213
 225 222]
ntarget_updates[[ 0  1  2  3  4  5  6  7  8  9 10 11 12 13 14 15 16 17 18 19]]: [4837 1706 1672 2137 2235 2110 1999 1604 1839 1508 1816 1726 1959 1628
 2042 2134 2114 1836 1947 1651]
thresholds[[ 0  1  2  3  4  5  6  7  8  9 10 11 12 13 14 15 16 17 18 19]]: [1600. 1601. 1620. 1606. 1612. 1617. 1606. 1605. 1616. 1610. 1621. 1613.
 1609. 1618. 1604. 1609. 1605. 1618. 1614. 1620.]

target_updates[[20 21 22 23 24 25 26 27 28 29 30 31 32 33 34 35 36 37 38 39]]: [249 226 220 224 223 225 219 232 221 228 219 226 227 225 222 219 223 224
 227 221]
ntarget_updates[[20 21 22 23 24 25 26 27 28 29 30 31 32 33 34 35 36 37 38 39]]: [4141 2160 1866 2123 2067 1807 1625 1869 2330 1784 1667 1766 2449 1631
 1948 1880 1845 1834 1900 1808]
thresholds[[20 21 22 23 24 25 26 27 28 29 30 31 32 33 34 35 36 37 38 39]]: [1600. 1607. 1615. 1606. 1606. 1623. 1619. 1603. 1611. 1615. 1619. 1613.
 1603. 1617. 1609. 1614. 1614. 1611. 1621. 1601.]

target_updates[[40 41 42 43 44 45 46 47 48 49 50 51 52 53 54 55 56 57 58 59]]: [546 219 182 195 219 211 215 221 219 206 211 182 191 197 214 209 220 213
 216 214]
ntarget_updates[[40 41 42 43 44 45 46 47 48 49 50 51 52 53 54 55 56 57 58 59]]: [2283 1882 1739 1725 2220 2038 2020 2116 2262 2393 2016 1788 2150 1583
 1888 1861 2208 2229 2036 2063]
thresholds[[40 41 42 43 44 45 46 47 48 49 50 51 52 53 54 55 56 57 58 59]]: [1600. 1614. 1604. 1611. 1617. 1606. 1619. 1611. 1614. 1606. 1619. 1603.
 1606. 1602. 1619. 1620. 1612. 1616. 1609. 1610.]

target_updates[[60 61 62 63 64 65 66 67 68 69 70 71 72 73 74 75 76 77 78 79]]: [844 198 194 194 196 205 192 199 201 190 196 180 198 187 173 203 204 165
 184 197]
ntarget_updates[[60 61 62 63 64 65 66 67 68 69 70 71 72 73 74 75 76 77 78 79]]: [2500 1629 2213 2045 1835 2086 2178 1728 1996 2090 2044 1715 2039 1792
 2022 2280 2016 1919 2012 2361]
thresholds[[60 61 62 63 64 65 66 67 68 69 70 71 72 73 74 75 76 77 78 79]]: [1600. 1619. 1617. 1607. 1617. 1613. 1606. 1613. 1618. 1618. 1613. 1602.
 1604. 1621. 1612. 1603. 1614. 1611. 1603. 1606.]

target_updates[[80 81 82 83 84 85 86 87 88 89 90 91 92 93 94 95 96 97 98 99]]: [424 219 218 196 224 219 215 225 228 201 214 203 209 218 218 214 212 210
 215 218]
ntarget_updates[[80 81 82 83 84 85 86 87 88 89 90 91 92 93 94 95 96 97 98 99]]: [2959 1834 2155 1657 2163 1793 1854 2119 2006 2052 1776 2136 1916 1745
 2240 1649 1977 2209 2185 2075]
thresholds[[80 81 82 83 84 85 86 87 88 89 90 91 92 93 94 95 96 97 98 99]]: [1600. 1621. 1605. 1617. 1609. 1610. 1619. 1605. 1607. 1613. 1617. 1617.
 1620. 1602. 1603. 1613. 1614. 1602. 1608. 1611.]

target_updates[[100 101 102 103 104 105 106 107 108 109 110 111 112 113 114 115 116 117
 118 119]]: [354 220 230 223 222 207 217 223 217 230 205 203 218 216 222 222 217 219
 213 222]
ntarget_updates[[100 101 102 103 104 105 106 107 108 109 110 111 112 113 114 115 116 117
 118 119]]: [4290 1887 1640 1899 1724 2033 2061 1880 2165 2149 1911 1599 1718 1775
 2052 1688 2188 2148 1658 2035]
thresholds[[100 101 102 103 104 105 106 107 108 109 110 111 112 113 114 115 116 117
 118 119]]: [1600. 1618. 1617. 1614. 1620. 1607. 1613. 1616. 1611. 1613. 1603. 1606.
 1605. 1618. 1600. 1621. 1613. 1606. 1610. 1607.]

target_updates[[120 121 122 123 124 125 126 127 128 129 130 131 132 133 134 135 136 137
 138 139]]: [181 231 226 226 226 225 231 225 224 228 227 218 233 226 225 233 225 229
 230 231]
ntarget_updates[[120 121 122 123 124 125 126 127 128 129 130 131 132 133 134 135 136 137
 138 139]]: [4485 1980 1836 1801 2077 2075 2087 1726 1941 1959 2137 1945 1951 1637
 1641 1641 2041 1846 1810 1884]
thresholds[[120 121 122 123 124 125 126 127 128 129 130 131 132 133 134 135 136 137
 138 139]]: [1600. 1615. 1614. 1617. 1606. 1605. 1613. 1606. 1617. 1619. 1615. 1604.
 1620. 1604. 1621. 1612. 1608. 1609. 1614. 1600.]

target_updates[[140 141 142 143 144 145 146 147 148 149 150 151 152 153 154 155 156 157
 158 159]]: [549 198 188 224 204 183 198 213 208 218 217 200 217 210 203 220 209 210
 213 218]
ntarget_updates[[140 141 142 143 144 145 146 147 148 149 150 151 152 153 154 155 156 157
 158 159]]: [3014 2020 2171 1402 2028 2193 2406 1830 1994 2096 1989 2168 1729 1913
 1899 2261 1967 1854 1694 1872]
thresholds[[140 141 142 143 144 145 146 147 148 149 150 151 152 153 154 155 156 157
 158 159]]: [1600. 1616. 1611. 1621. 1622. 1619. 1607. 1616. 1607. 1604. 1613. 1622.
 1601. 1607. 1613. 1617. 1612. 1607. 1616. 1606.]

target_updates[[160 161 162 163 164 165 166 167 168 169 170 171 172 173 174 175 176 177
 178 179]]: [271 218 217 227 227 223 228 223 224 228 218 226 224 215 216 220 220 231
 219 225]
ntarget_updates[[160 161 162 163 164 165 166 167 168 169 170 171 172 173 174 175 176 177
 178 179]]: [6829 1888 1617 2273 2091 1867 1915 1625 1487 1682 1564 1754 1265 1792
 1768 1917 1965 1785 1880 1536]
thresholds[[160 161 162 163 164 165 166 167 168 169 170 171 172 173 174 175 176 177
 178 179]]: [1600. 1614. 1615. 1621. 1608. 1603. 1619. 1621. 1610. 1605. 1611. 1617.
 1602. 1605. 1606. 1614. 1610. 1619. 1610. 1616.]

target_updates[[180 181 182 183 184 185 186 187 188 189 190 191 192 193 194 195 196 197
 198 199]]: [247 223 227 222 222 230 208 227 226 226 234 220 229 222 224 217 230 226
 225 215]
ntarget_updates[[180 181 182 183 184 185 186 187 188 189 190 191 192 193 194 195 196 197
 198 199]]: [3576 1981 1686 1566 2062 1916 2488 2040 2041 1852 1890 1868 1909 1835
 2011 2263 1605 1899 1991 2021]
thresholds[[180 181 182 183 184 185 186 187 188 189 190 191 192 193 194 195 196 197
 198 199]]: [1600. 1600. 1618. 1610. 1614. 1614. 1604. 1614. 1617. 1621. 1609. 1603.
 1611. 1617. 1610. 1606. 1606. 1620. 1619. 1608.]

=== Layer 0 ===
	Mean activate weights: 0.30000001192092896 +- 0.01140000019222498 (min:0.23999999463558197 ; max:0.3630000054836273)
	Min firing time: 0.8311606645584106 +- 0.026698151603341103
	Mean firing time: 0.831847071647644 +- 0.02661421149969101
Accuracy on training set after epoch 0: 0.262
Accuracy on validation set after epoch 0: 0.6004
Accuracy on test set after epoch 0: 0.5905
Epoch 1: Train Acc 0.5370
[INFO] Active neurons total=200, per-class=[20, 20, 20, 20, 20, 20, 20, 20, 20, 20], pre=200, post_grow=200, post_prune=200, grew=0, pruned=0
[INFO] Class difficulty=[0.7120000123977661, 0.6510000228881836, 0.8270000219345093, 0.9290000200271606, 0.7919999957084656, 0.7609999775886536, 0.6159999966621399, 0.6970000267028809, 0.6340000033378601, 0.6949999928474426], hardness=[0.5559999942779541, 0.22200000286102295, 0.8889999985694885, 1.0, 0.777999997138977, 0.6669999957084656, 0.0, 0.4440000057220459, 0.11100000143051147, 0.3330000042915344], grew_per_class=[0, 0, 0, 0, 0, 0, 0, 0, 0, 0], pruned_per_class=[0, 0, 0, 0, 0, 0, 0, 0, 0, 0]
target_updates[[ 0  1  2  3  4  5  6  7  8  9 10 11 12 13 14 15 16 17 18 19]]: [ 93 237 227 233 227 235 235 237 224 232 231 239 226 231 234 220 227 238
 236 238]
ntarget_updates[[ 0  1  2  3  4  5  6  7  8  9 10 11 12 13 14 15 16 17 18 19]]: [14392  1283  1429  1306  1406  1036  1528   959  2005  1348  1288   949
  1529  1419  1576  1990  1635  1138  1259  1025]
thresholds[[ 0  1  2  3  4  5  6  7  8  9 10 11 12 13 14 15 16 17 18 19]]: [1600. 1609. 1602. 1603. 1605. 1605. 1604. 1603. 1603. 1603. 1602. 1607.
 1602. 1602. 1604. 1602. 1603. 1604. 1605. 1604.]

target_updates[[20 21 22 23 24 25 26 27 28 29 30 31 32 33 34 35 36 37 38 39]]: [ 16 232 228 239 236 235 231 239 238 235 237 237 235 237 235 239 239 237
 237 238]
ntarget_updates[[20 21 22 23 24 25 26 27 28 29 30 31 32 33 34 35 36 37 38 39]]: [13341  1292  1671  1535  1489  1255  1218  1249  1538  2239  1164  1558
  1721  1371  1233  1188  1555  1272  1341  1270]
thresholds[[20 21 22 23 24 25 26 27 28 29 30 31 32 33 34 35 36 37 38 39]]: [1600. 1604. 1602. 1607. 1605. 1602. 1603. 1607. 1603. 1606. 1606. 1605.
 1604. 1603. 1604. 1604. 1605. 1605. 1605. 1604.]

target_updates[[40 41 42 43 44 45 46 47 48 49 50 51 52 53 54 55 56 57 58 59]]: [ 94 237 227 233 225 235 237 230 231 231 235 232 235 236 228 237 228 233
 227 229]
ntarget_updates[[40 41 42 43 44 45 46 47 48 49 50 51 52 53 54 55 56 57 58 59]]: [9003 1264 1474 1540 1885 1727 1438 1985 1813 1903 1711 1702 1659 1347
 1872 1595 1688 1624 1386 1884]
thresholds[[40 41 42 43 44 45 46 47 48 49 50 51 52 53 54 55 56 57 58 59]]: [1600. 1602. 1601. 1603. 1602. 1605. 1604. 1604. 1603. 1603. 1607. 1607.
 1605. 1602. 1605. 1606. 1602. 1604. 1604. 1603.]

target_updates[[60 61 62 63 64 65 66 67 68 69 70 71 72 73 74 75 76 77 78 79]]: [160 234 227 236 228 234 212 234 228 224 213 233 235 234 209 230 237 230
 227 235]
ntarget_updates[[60 61 62 63 64 65 66 67 68 69 70 71 72 73 74 75 76 77 78 79]]: [10450  1519  1806  1636  1419  1451  1841  1419  1481  1856  1783  1880
  1360  1434  1884  1374  1140  1549  1508  1710]
thresholds[[60 61 62 63 64 65 66 67 68 69 70 71 72 73 74 75 76 77 78 79]]: [1600. 1603. 1603. 1603. 1604. 1604. 1605. 1602. 1602. 1603. 1602. 1603.
 1603. 1605. 1604. 1603. 1604. 1604. 1601. 1603.]

target_updates[[80 81 82 83 84 85 86 87 88 89 90 91 92 93 94 95 96 97 98 99]]: [ 94 236 220 229 237 238 238 233 235 238 239 235 226 238 227 235 236 228
 215 223]
ntarget_updates[[80 81 82 83 84 85 86 87 88 89 90 91 92 93 94 95 96 97 98 99]]: [10350  1252  2064  1627  1129  1395  1076  1170  1388  1387  1076  1349
  1818  1051  1985  1412  1464  2468  2965  2074]
thresholds[[80 81 82 83 84 85 86 87 88 89 90 91 92 93 94 95 96 97 98 99]]: [1600. 1605. 1603. 1603. 1605. 1604. 1604. 1602. 1603. 1604. 1606. 1603.
 1603. 1607. 1602. 1603. 1604. 1603. 1603. 1602.]

target_updates[[100 101 102 103 104 105 106 107 108 109 110 111 112 113 114 115 116 117
 118 119]]: [ 90 232 234 226 236 216 228 235 233 238 237 238 238 229 230 234 231 222
 236 237]
ntarget_updates[[100 101 102 103 104 105 106 107 108 109 110 111 112 113 114 115 116 117
 118 119]]: [12052  1789  1164  1754   950  2282  1765  1364  1511  1025  1043   971
   979  1518  2079  1737  1617  2730  1068  1102]
thresholds[[100 101 102 103 104 105 106 107 108 109 110 111 112 113 114 115 116 117
 118 119]]: [1600. 1602. 1602. 1603. 1603. 1603. 1604. 1604. 1605. 1604. 1603. 1605.
 1603. 1602. 1601. 1604. 1605. 1605. 1602. 1603.]

target_updates[[120 121 122 123 124 125 126 127 128 129 130 131 132 133 134 135 136 137
 138 139]]: [ 36 237 239 237 235 221 236 237 235 236 234 235 234 237 234 237 237 232
 237 234]
ntarget_updates[[120 121 122 123 124 125 126 127 128 129 130 131 132 133 134 135 136 137
 138 139]]: [14574  1373   855  1069  1676  2177  1593  1148  1628  1526  1543  1348
  1230  1055  1065   995  1279  1642  1426  1298]
thresholds[[120 121 122 123 124 125 126 127 128 129 130 131 132 133 134 135 136 137
 138 139]]: [1600. 1605. 1606. 1603. 1604. 1603. 1603. 1603. 1607. 1606. 1603. 1604.
 1602. 1603. 1603. 1602. 1603. 1603. 1603. 1602.]

target_updates[[140 141 142 143 144 145 146 147 148 149 150 151 152 153 154 155 156 157
 158 159]]: [ 45 229 231 240 227 224 221 239 237 239 238 236 236 238 231 234 239 241
 235 240]
ntarget_updates[[140 141 142 143 144 145 146 147 148 149 150 151 152 153 154 155 156 157
 158 159]]: [10011  2072  1952   848  2180  2546  2616  1122  1580  1191  1097  1647
  1597  1300  1924  1785  1280  1166  1442  1144]
thresholds[[140 141 142 143 144 145 146 147 148 149 150 151 152 153 154 155 156 157
 158 159]]: [1600. 1603. 1605. 1606. 1601. 1602. 1604. 1606. 1603. 1605. 1605. 1606.
 1605. 1605. 1602. 1607. 1605. 1609. 1604. 1607.]

target_updates[[160 161 162 163 164 165 166 167 168 169 170 171 172 173 174 175 176 177
 178 179]]: [ 42 228 236 233 229 235 237 239 238 233 229 234 236 233 233 237 235 238
 237 238]
ntarget_updates[[160 161 162 163 164 165 166 167 168 169 170 171 172 173 174 175 176 177
 178 179]]: [16422  1851   966  2409  2096   928  1238  1014   952  1089  1312  1189
   889  1480  1035  1186  1314  1187  1055   888]
thresholds[[160 161 162 163 164 165 166 167 168 169 170 171 172 173 174 175 176 177
 178 179]]: [1600. 1604. 1603. 1610. 1609. 1604. 1604. 1606. 1605. 1604. 1602. 1602.
 1600. 1602. 1605. 1604. 1602. 1606. 1603. 1603.]

target_updates[[180 181 182 183 184 185 186 187 188 189 190 191 192 193 194 195 196 197
 198 199]]: [ 29 232 237 234 236 235 235 234 235 237 237 236 234 233 233 236 235 237
 239 236]
ntarget_updates[[180 181 182 183 184 185 186 187 188 189 190 191 192 193 194 195 196 197
 198 199]]: [13098  1436  1454  1224  1419  1609  1498  1446  1326  1163  1523  1210
  1289  1516  1768  1322  1489  1564  1312  1834]
thresholds[[180 181 182 183 184 185 186 187 188 189 190 191 192 193 194 195 196 197
 198 199]]: [1600. 1602. 1604. 1603. 1605. 1602. 1604. 1603. 1602. 1604. 1602. 1603.
 1601. 1604. 1604. 1602. 1601. 1604. 1605. 1605.]

=== Layer 0 ===
	Mean activate weights: 0.30000001192092896 +- 0.013399999588727951 (min:0.23100000619888306 ; max:0.3799999952316284)
	Min firing time: 0.8304341435432434 +- 0.026781104505062103
	Mean firing time: 0.8318092226982117 +- 0.02661847323179245
Accuracy on training set after epoch 1: 0.537
Accuracy on validation set after epoch 1: 0.6724
Accuracy on test set after epoch 1: 0.6537
Epoch 2: Train Acc 0.6664
[INFO] Active neurons total=200, per-class=[20, 20, 20, 20, 20, 20, 20, 20, 20, 20], pre=200, post_grow=200, post_prune=200, grew=0, pruned=0
[INFO] Class difficulty=[0.6600000262260437, 0.5879999995231628, 0.7409999966621399, 0.8199999928474426, 0.7160000205039978, 0.7080000042915344, 0.5839999914169312, 0.6299999952316284, 0.5929999947547913, 0.628000020980835], hardness=[0.5559999942779541, 0.11100000143051147, 0.8889999985694885, 1.0, 0.777999997138977, 0.6669999957084656, 0.0, 0.4440000057220459, 0.22200000286102295, 0.3330000042915344], grew_per_class=[0, 0, 0, 0, 0, 0, 0, 0, 0, 0], pruned_per_class=[0, 0, 0, 0, 0, 0, 0, 0, 0, 0]
target_updates[[ 0  1  2  3  4  5  6  7  8  9 10 11 12 13 14 15 16 17 18 19]]: [ 80 257 222 235 250 229 232 249 232 210 242 255 206 235 202 220 215 248
 239 242]
ntarget_updates[[ 0  1  2  3  4  5  6  7  8  9 10 11 12 13 14 15 16 17 18 19]]: [17941   997  1319   942  1302   806  1287   670  2133  1328  1121   669
  1412  1303  1136  2328  1357   856   962   631]
thresholds[[ 0  1  2  3  4  5  6  7  8  9 10 11 12 13 14 15 16 17 18 19]]: [1600. 1604. 1601. 1601. 1603. 1601. 1601. 1603. 1602. 1602. 1602. 1604.
 1600. 1602. 1602. 1600. 1601. 1603. 1603. 1601.]

target_updates[[20 21 22 23 24 25 26 27 28 29 30 31 32 33 34 35 36 37 38 39]]: [ 17 224 210 257 253 242 152 252 252 248 247 230 201 245 239 252 267 228
 235 249]
ntarget_updates[[20 21 22 23 24 25 26 27 28 29 30 31 32 33 34 35 36 37 38 39]]: [17608   902  1501  1151  1398   961   789  1065  1372  1887  1038  1320
  1564  1516   892   998  1323  1079  1198   938]
thresholds[[20 21 22 23 24 25 26 27 28 29 30 31 32 33 34 35 36 37 38 39]]: [1600. 1602. 1601. 1604. 1604. 1602. 1600. 1603. 1603. 1605. 1602. 1602.
 1600. 1602. 1602. 1603. 1606. 1601. 1602. 1603.]

target_updates[[40 41 42 43 44 45 46 47 48 49 50 51 52 53 54 55 56 57 58 59]]: [ 64 240 219 213 240 238 259 244 197 220 247 231 238 225 235 259 221 248
 217 245]
ntarget_updates[[40 41 42 43 44 45 46 47 48 49 50 51 52 53 54 55 56 57 58 59]]: [12454   783  1114  1474  1916  1505  1034  1845  1760  1952  1639  1334
  1300  1660  1887  1244  1730  1202  1185  1482]
thresholds[[40 41 42 43 44 45 46 47 48 49 50 51 52 53 54 55 56 57 58 59]]: [1600. 1601. 1601. 1601. 1602. 1601. 1605. 1603. 1601. 1601. 1603. 1601.
 1601. 1600. 1602. 1605. 1601. 1603. 1601. 1602.]

target_updates[[60 61 62 63 64 65 66 67 68 69 70 71 72 73 74 75 76 77 78 79]]: [100 235 211 242 245 248 215 239 232 237 172 236 244 245 200 236 253 241
 234 235]
ntarget_updates[[60 61 62 63 64 65 66 67 68 69 70 71 72 73 74 75 76 77 78 79]]: [13334  1359  1601  1338  1228  1145  1697  1190  1158  1727  1921  1744
  1122  1201  2093  1204   886  1416  1473  1663]
thresholds[[60 61 62 63 64 65 66 67 68 69 70 71 72 73 74 75 76 77 78 79]]: [1600. 1601. 1601. 1602. 1602. 1603. 1601. 1601. 1601. 1601. 1600. 1602.
 1602. 1602. 1601. 1602. 1603. 1602. 1601. 1601.]

target_updates[[80 81 82 83 84 85 86 87 88 89 90 91 92 93 94 95 96 97 98 99]]: [ 39 253 162 236 235 248 237 230 230 259 259 245 238 244 238 243 249 255
 226 174]
ntarget_updates[[80 81 82 83 84 85 86 87 88 89 90 91 92 93 94 95 96 97 98 99]]: [13256  1039  1699  1567   945  1036   820  1042  1175  1209   747  1166
  1832   852  1962  1354  1407  2501  3021  1870]
thresholds[[80 81 82 83 84 85 86 87 88 89 90 91 92 93 94 95 96 97 98 99]]: [1600. 1604. 1601. 1602. 1601. 1602. 1601. 1601. 1601. 1605. 1605. 1602.
 1601. 1603. 1602. 1602. 1603. 1604. 1601. 1600.]

target_updates[[100 101 102 103 104 105 106 107 108 109 110 111 112 113 114 115 116 117
 118 119]]: [ 58 240 238 230 251 214 236 219 240 243 235 253 239 215 221 222 227 236
 239 244]
ntarget_updates[[100 101 102 103 104 105 106 107 108 109 110 111 112 113 114 115 116 117
 118 119]]: [14499  1636   946  1794   759  2500  1704  1135  1645   838   824   728
   733  1318  1920  1406  1528  2828   866   893]
thresholds[[100 101 102 103 104 105 106 107 108 109 110 111 112 113 114 115 116 117
 118 119]]: [1600. 1601. 1602. 1601. 1603. 1601. 1601. 1601. 1602. 1602. 1602. 1604.
 1601. 1600. 1600. 1600. 1601. 1602. 1601. 1602.]

target_updates[[120 121 122 123 124 125 126 127 128 129 130 131 132 133 134 135 136 137
 138 139]]: [ 23 246 257 227 238 197 227 236 257 243 236 226 246 255 249 247 176 221
 251 242]
ntarget_updates[[120 121 122 123 124 125 126 127 128 129 130 131 132 133 134 135 136 137
 138 139]]: [18653  1133   554   809  1517  2239  1409   854  1180  1375  1391  1329
   980   841   815   694  1231  1386  1083  1027]
thresholds[[120 121 122 123 124 125 126 127 128 129 130 131 132 133 134 135 136 137
 138 139]]: [1600. 1603. 1604. 1601. 1602. 1601. 1601. 1602. 1604. 1602. 1601. 1601.
 1602. 1604. 1603. 1602. 1601. 1602. 1603. 1602.]

target_updates[[140 141 142 143 144 145 146 147 148 149 150 151 152 153 154 155 156 157
 158 159]]: [ 27 221 223 263 206 234 191 246 256 230 250 228 244 240 235 222 255 271
 225 233]
ntarget_updates[[140 141 142 143 144 145 146 147 148 149 150 151 152 153 154 155 156 157
 158 159]]: [13786  2011  1872   643  2008  2415  2490   891  1273   904   799  1491
  1699  1133  1630  1469   961   863  1172   990]
thresholds[[140 141 142 143 144 145 146 147 148 149 150 151 152 153 154 155 156 157
 158 159]]: [1600. 1601. 1601. 1605. 1600. 1602. 1600. 1602. 1604. 1601. 1603. 1602.
 1602. 1602. 1600. 1602. 1604. 1607. 1602. 1602.]

target_updates[[160 161 162 163 164 165 166 167 168 169 170 171 172 173 174 175 176 177
 178 179]]: [ 26 230 249 266 250 188 230 264 252 240 162 250 245 210 208 235 239 262
 235 259]
ntarget_updates[[160 161 162 163 164 165 166 167 168 169 170 171 172 173 174 175 176 177
 178 179]]: [19461  2062   645  2249  2077   744   925   861   802   813  1192  1029
   658  1292   976  1020  1135   968   969   622]
thresholds[[160 161 162 163 164 165 166 167 168 169 170 171 172 173 174 175 176 177
 178 179]]: [1600. 1602. 1603. 1607. 1604. 1600. 1601. 1606. 1603. 1602. 1600. 1603.
 1603. 1601. 1601. 1600. 1602. 1605. 1602. 1605.]

target_updates[[180 181 182 183 184 185 186 187 188 189 190 191 192 193 194 195 196 197
 198 199]]: [ 24 235 240 239 245 252 229 231 203 235 234 203 234 228 247 239 224 255
 249 254]
ntarget_updates[[180 181 182 183 184 185 186 187 188 189 190 191 192 193 194 195 196 197
 198 199]]: [17657  1337  1363   895  1122  1290  1342  1098  1031  1017  1137   823
  1008  1616  1491   978  1175  1306  1030  1784]
thresholds[[180 181 182 183 184 185 186 187 188 189 190 191 192 193 194 195 196 197
 198 199]]: [1600. 1601. 1601. 1602. 1602. 1603. 1601. 1602. 1600. 1602. 1601. 1601.
 1601. 1602. 1603. 1601. 1600. 1604. 1603. 1604.]

=== Layer 0 ===
	Mean activate weights: 0.30000001192092896 +- 0.015300000086426735 (min:0.21799999475479126 ; max:0.39800000190734863)
	Min firing time: 0.8297810554504395 +- 0.026861432939767838
	Mean firing time: 0.8318119645118713 +- 0.026617685332894325
Accuracy on training set after epoch 2: 0.6664
Accuracy on validation set after epoch 2: 0.708
Accuracy on test set after epoch 2: 0.6859
