/Users/sangkiko/SpikeNN/.venv/lib/python3.9/site-packages/urllib3/__init__.py:35: NotOpenSSLWarning: urllib3 v2 only supports OpenSSL 1.1.1+, currently the 'ssl' module is compiled with 'LibreSSL 2.8.3'. See: https://github.com/urllib3/urllib3/issues/3020
  warnings.warn(
Epoch 0: Train Acc 0.3030
[INFO] Active neurons total=60, per-class=[12, 12, 12, 12, 12], pre=60, post_grow=60, post_prune=60, grew=0, pruned=0
[INFO] Class difficulty=[0.9459999799728394, 0.9750000238418579, 0.9449999928474426, 0.7490000128746033, 0.628000020980835], hardness=[0.75, 1.0, 0.5, 0.25, 0.0], grew_per_class=[0, 0, 0, 0, 0], pruned_per_class=[0, 0, 0, 0, 0]
target_updates[[ 0  1  2  3  4  5  6  7  8  9 10 11]]: [1405  238  264  257  244  214  204  239  240  257  229  259]
ntarget_updates[[ 0  1  2  3  4  5  6  7  8  9 10 11]]: [ 996 1181 1172 1207 1794 1757 2017 1142 1261 1148 1334 1191]
thresholds[[ 0  1  2  3  4  5  6  7  8  9 10 11]]: [400. 409. 409. 407. 412. 405. 407. 410. 405. 409. 405. 404.]

target_updates[[12 13 14 15 16 17 18 19 20 21 22 23]]: [1764  202  169  193  190  233  164  226  248  249  203  209]
ntarget_updates[[12 13 14 15 16 17 18 19 20 21 22 23]]: [1970  978 3080  802 1114 1123 1458 1057 1030 1237 1312 1039]
thresholds[[12 13 14 15 16 17 18 19 20 21 22 23]]: [400. 404. 414. 408. 406. 409. 401. 411. 410. 408. 407. 409.]

target_updates[[24 25 26 27 28 29 30 31 32 33 34 35]]: [1961  192  199  188  181  209  174  215  176  178  185  192]
ntarget_updates[[24 25 26 27 28 29 30 31 32 33 34 35]]: [1046 1117 1080 1042 2279 1116 1341 1167 1315 2891  910  896]
thresholds[[24 25 26 27 28 29 30 31 32 33 34 35]]: [400. 403. 408. 403. 409. 406. 413. 408. 410. 407. 408. 406.]

target_updates[[36 37 38 39 40 41 42 43 44 45 46 47]]: [1180  271  245  258  270  268  223  249  271  281  264  270]
ntarget_updates[[36 37 38 39 40 41 42 43 44 45 46 47]]: [1045 1172 1377  956  946 1064 3552 1368 1055 1011 1482 1172]
thresholds[[36 37 38 39 40 41 42 43 44 45 46 47]]: [400. 408. 413. 406. 408. 408. 409. 406. 407. 409. 409. 405.]

target_updates[[48 49 50 51 52 53 54 55 56 57 58 59]]: [1678  189  197  234  223  205  231  222  210  208  223  230]
ntarget_updates[[48 49 50 51 52 53 54 55 56 57 58 59]]: [2508 1991 1891 1065  969 1208 1300 1022  934 1302  989 1021]
thresholds[[48 49 50 51 52 53 54 55 56 57 58 59]]: [400. 405. 411. 410. 408. 406. 415. 403. 405. 410. 409. 404.]

=== Layer 0 ===
	Mean activate weights: 0.30000001192092896 +- 0.022700000554323196 (min:0.2150000035762787 ; max:0.3880000114440918)
	Min firing time: 0.9979902505874634 +- 0.0006450432119891047
	Mean firing time: 0.9980100393295288 +- 0.0006420579738914967
Accuracy on training set after epoch 0: 0.303
Accuracy on validation set after epoch 0: 0.376
Accuracy on test set after epoch 0: 0.3878
Epoch 1: Train Acc 0.3722
[INFO] Active neurons total=60, per-class=[12, 12, 12, 12, 12], pre=60, post_grow=60, post_prune=60, grew=0, pruned=0
[INFO] Class difficulty=[0.9300000071525574, 0.9359999895095825, 0.9129999876022339, 0.6930000185966492, 0.5979999899864197], hardness=[0.75, 1.0, 0.5, 0.25, 0.0], grew_per_class=[0, 0, 0, 0, 0], pruned_per_class=[0, 0, 0, 0, 0]
target_updates[[ 0  1  2  3  4  5  6  7  8  9 10 11]]: [466 328 340 330 321 298 305 328 337 335 336 326]
ntarget_updates[[ 0  1  2  3  4  5  6  7  8  9 10 11]]: [ 704 1332 1479 1452 1980 1400 1157 1152 1445 1490 1298 1311]
thresholds[[ 0  1  2  3  4  5  6  7  8  9 10 11]]: [400. 407. 405. 403. 408. 402. 406. 407. 405. 408. 407. 403.]

target_updates[[12 13 14 15 16 17 18 19 20 21 22 23]]: [875 286 205 292 270 303 258 311 331 313 283 323]
ntarget_updates[[12 13 14 15 16 17 18 19 20 21 22 23]]: [1324 1017 2005 1182 1170 1291 1322 1355 1497 1416 1214 1407]
thresholds[[12 13 14 15 16 17 18 19 20 21 22 23]]: [400. 405. 405. 404. 404. 408. 406. 408. 409. 413. 405. 407.]

target_updates[[24 25 26 27 28 29 30 31 32 33 34 35]]: [1096  274  266  247  268  259  270  278  285  260  300  247]
ntarget_updates[[24 25 26 27 28 29 30 31 32 33 34 35]]: [ 789 1358 1416 1347 1442 1321 1445 1487 1312 1615 1355 1313]
thresholds[[24 25 26 27 28 29 30 31 32 33 34 35]]: [400. 410. 403. 405. 405. 405. 402. 409. 405. 401. 404. 407.]

target_updates[[36 37 38 39 40 41 42 43 44 45 46 47]]: [549 334 319 299 273 332 312 318 335 338 311 330]
ntarget_updates[[36 37 38 39 40 41 42 43 44 45 46 47]]: [ 985 1270 1305 1345 1389 1323 1989 1240 1387 1298 1326 1343]
thresholds[[36 37 38 39 40 41 42 43 44 45 46 47]]: [400. 410. 408. 406. 403. 404. 404. 408. 406. 408. 404. 405.]

target_updates[[48 49 50 51 52 53 54 55 56 57 58 59]]: [436 247 337 364 322 312 353 349 304 334 340 352]
ntarget_updates[[48 49 50 51 52 53 54 55 56 57 58 59]]: [1330 1910 1323 1250 1167 1384 1277 1355 1531 1124 1087 1462]
thresholds[[48 49 50 51 52 53 54 55 56 57 58 59]]: [400. 401. 404. 418. 409. 408. 410. 406. 404. 405. 414. 408.]

=== Layer 0 ===
	Mean activate weights: 0.30000001192092896 +- 0.04659999907016754 (min:0.14100000262260437 ; max:0.47099998593330383)
	Min firing time: 0.9979546666145325 +- 0.0006521458271890879
	Mean firing time: 0.9980111718177795 +- 0.0006404891610145569
Accuracy on training set after epoch 1: 0.3722
Accuracy on validation set after epoch 1: 0.3782
Accuracy on test set after epoch 1: 0.3936
Epoch 2: Train Acc 0.3819
[INFO] Active neurons total=60, per-class=[12, 12, 12, 12, 12], pre=60, post_grow=60, post_prune=60, grew=0, pruned=0
[INFO] Class difficulty=[0.9300000071525574, 0.9300000071525574, 0.8930000066757202, 0.6980000138282776, 0.593999981880188], hardness=[1.0, 0.75, 0.5, 0.25, 0.0], grew_per_class=[0, 0, 0, 0, 0], pruned_per_class=[0, 0, 0, 0, 0]
target_updates[[ 0  1  2  3  4  5  6  7  8  9 10 11]]: [128 364 362 352 369 349 331 346 367 371 362 349]
ntarget_updates[[ 0  1  2  3  4  5  6  7  8  9 10 11]]: [ 520 1256 1448 1523 1960 1359 1354 1163 1416 1579 1280 1342]
thresholds[[ 0  1  2  3  4  5  6  7  8  9 10 11]]: [400. 405. 402. 402. 416. 403. 402. 409. 405. 409. 404. 402.]

target_updates[[12 13 14 15 16 17 18 19 20 21 22 23]]: [472 331 258 334 314 327 268 341 361 348 339 357]
ntarget_updates[[12 13 14 15 16 17 18 19 20 21 22 23]]: [ 896 1192 1556 1396 1323 1239 1205 1423 1738 1506 1272 1454]
thresholds[[12 13 14 15 16 17 18 19 20 21 22 23]]: [400. 406. 405. 404. 403. 406. 403. 407. 412. 412. 406. 411.]

target_updates[[24 25 26 27 28 29 30 31 32 33 34 35]]: [286 361 342 333 327 327 316 365 355 354 343 341]
ntarget_updates[[24 25 26 27 28 29 30 31 32 33 34 35]]: [ 473 1419 1723 1476 1266 1472 1400 1627 1306 1167 1273 1598]
thresholds[[24 25 26 27 28 29 30 31 32 33 34 35]]: [400. 411. 406. 402. 400. 402. 404. 411. 409. 405. 404. 406.]

target_updates[[36 37 38 39 40 41 42 43 44 45 46 47]]: [117 365 370 344 334 363 339 359 369 372 355 363]
ntarget_updates[[36 37 38 39 40 41 42 43 44 45 46 47]]: [ 706 1352 1155 1934 1895 1417 1124 1400 1356 1381 1107 1373]
thresholds[[36 37 38 39 40 41 42 43 44 45 46 47]]: [400. 407. 408. 408. 407. 404. 403. 406. 406. 408. 405. 404.]

target_updates[[48 49 50 51 52 53 54 55 56 57 58 59]]: [ 83 313 360 387 366 352 376 372 350 340 383 368]
ntarget_updates[[48 49 50 51 52 53 54 55 56 57 58 59]]: [1001 1996 1072 1348 1415 1585 1183 1382 1391 1223 1105 1499]
thresholds[[48 49 50 51 52 53 54 55 56 57 58 59]]: [400. 400. 408. 425. 411. 406. 414. 407. 401. 411. 421. 410.]

=== Layer 0 ===
	Mean activate weights: 0.30000001192092896 +- 0.07150000333786011 (min:0.06599999964237213 ; max:0.5659999847412109)
	Min firing time: 0.9979099035263062 +- 0.0006625129608437419
	Mean firing time: 0.998012125492096 +- 0.0006387423491105437
Accuracy on training set after epoch 2: 0.3819
Accuracy on validation set after epoch 2: 0.3898
Accuracy on test set after epoch 2: 0.4088
Epoch 3: Train Acc 0.3841
[INFO] Active neurons total=60, per-class=[12, 12, 12, 12, 12], pre=60, post_grow=60, post_prune=60, grew=0, pruned=0
[INFO] Class difficulty=[0.9259999990463257, 0.9340000152587891, 0.8790000081062317, 0.7080000042915344, 0.5929999947547913], hardness=[0.75, 1.0, 0.5, 0.25, 0.0], grew_per_class=[0, 0, 0, 0, 0], pruned_per_class=[0, 0, 0, 0, 0]
target_updates[[ 0  1  2  3  4  5  6  7  8  9 10 11]]: [ 26 370 372 357 402 357 332 365 373 378 369 349]
ntarget_updates[[ 0  1  2  3  4  5  6  7  8  9 10 11]]: [ 477 1250 1469 1563 1927 1363 1324 1290 1337 1569 1289 1342]
thresholds[[ 0  1  2  3  4  5  6  7  8  9 10 11]]: [400. 404. 404. 402. 421. 404. 401. 408. 406. 407. 403. 401.]

target_updates[[12 13 14 15 16 17 18 19 20 21 22 23]]: [184 346 294 367 326 360 283 378 388 380 360 384]
ntarget_updates[[12 13 14 15 16 17 18 19 20 21 22 23]]: [ 616 1258 1275 1511 1288 1468 1236 1464 1888 1590 1201 1405]
thresholds[[12 13 14 15 16 17 18 19 20 21 22 23]]: [400. 403. 402. 407. 402. 407. 402. 412. 413. 412. 408. 414.]

target_updates[[24 25 26 27 28 29 30 31 32 33 34 35]]: [ 43 388 365 357 345 359 299 389 382 367 377 379]
ntarget_updates[[24 25 26 27 28 29 30 31 32 33 34 35]]: [ 391 1420 1704 1467 1453 1423 1347 1668 1319 1095 1288 1625]
thresholds[[24 25 26 27 28 29 30 31 32 33 34 35]]: [400. 415. 403. 404. 400. 401. 403. 414. 411. 408. 409. 408.]

target_updates[[36 37 38 39 40 41 42 43 44 45 46 47]]: [ 21 372 385 372 370 377 278 361 384 380 370 380]
ntarget_updates[[36 37 38 39 40 41 42 43 44 45 46 47]]: [ 575 1397 1114 2019 2036 1496  923 1380 1361 1324 1177 1398]
thresholds[[36 37 38 39 40 41 42 43 44 45 46 47]]: [400. 407. 412. 409. 406. 406. 402. 408. 411. 409. 406. 408.]

target_updates[[48 49 50 51 52 53 54 55 56 57 58 59]]: [  8 282 330 418 396 329 392 367 360 375 410 383]
ntarget_updates[[48 49 50 51 52 53 54 55 56 57 58 59]]: [ 941 1944  905 1431 1367 1510 1217 1340 1616 1413  993 1523]
thresholds[[48 49 50 51 52 53 54 55 56 57 58 59]]: [400. 400. 407. 431. 418. 405. 417. 408. 404. 413. 427. 411.]

=== Layer 0 ===
	Mean activate weights: 0.30000001192092896 +- 0.09600000083446503 (min:0.0 ; max:0.6729999780654907)
	Min firing time: 0.9978644847869873 +- 0.0006725240382365882
	Mean firing time: 0.9980131983757019 +- 0.0006368797621689737
Accuracy on training set after epoch 3: 0.3841
Accuracy on validation set after epoch 3: 0.3964
Accuracy on test set after epoch 3: 0.418
Epoch 4: Train Acc 0.3941
[INFO] Active neurons total=60, per-class=[12, 12, 12, 12, 12], pre=60, post_grow=60, post_prune=60, grew=0, pruned=0
[INFO] Class difficulty=[0.9259999990463257, 0.9290000200271606, 0.8619999885559082, 0.7039999961853027, 0.5929999947547913], hardness=[0.75, 1.0, 0.5, 0.25, 0.0], grew_per_class=[0, 0, 0, 0, 0], pruned_per_class=[0, 0, 0, 0, 0]
target_updates[[ 0  1  2  3  4  5  6  7  8  9 10 11]]: [  9 379 378 358 447 356 315 366 378 397 381 286]
ntarget_updates[[ 0  1  2  3  4  5  6  7  8  9 10 11]]: [ 460 1241 1423 1624 1969 1388 1216 1341 1406 1650 1352 1130]
thresholds[[ 0  1  2  3  4  5  6  7  8  9 10 11]]: [400. 405. 403. 401. 425. 403. 401. 404. 404. 409. 406. 400.]

target_updates[[12 13 14 15 16 17 18 19 20 21 22 23]]: [ 32 364 285 391 312 391 227 409 431 410 378 420]
ntarget_updates[[12 13 14 15 16 17 18 19 20 21 22 23]]: [ 488 1329 1190 1567 1297 1404 1205 1450 1911 1574 1236 1549]
thresholds[[12 13 14 15 16 17 18 19 20 21 22 23]]: [400. 405. 401. 408. 401. 408. 401. 413. 420. 414. 407. 416.]

target_updates[[24 25 26 27 28 29 30 31 32 33 34 35]]: [ 13 418 376 362 348 358 173 426 396 386 400 394]
ntarget_updates[[24 25 26 27 28 29 30 31 32 33 34 35]]: [ 386 1437 1696 1530 1571 1464  925 1790 1263 1062 1395 1681]
thresholds[[24 25 26 27 28 29 30 31 32 33 34 35]]: [400. 416. 405. 406. 402. 401. 400. 418. 411. 410. 411. 409.]

target_updates[[36 37 38 39 40 41 42 43 44 45 46 47]]: [  9 389 410 384 379 387 120 365 410 400 386 411]
ntarget_updates[[36 37 38 39 40 41 42 43 44 45 46 47]]: [ 533 1439 1125 2104 2074 1413  718 1362 1377 1376 1238 1441]
thresholds[[36 37 38 39 40 41 42 43 44 45 46 47]]: [400. 409. 413. 406. 405. 409. 400. 408. 413. 412. 407. 413.]

target_updates[[48 49 50 51 52 53 54 55 56 57 58 59]]: [  3 195 267 486 455 333 409 384 377 382 486 273]
ntarget_updates[[48 49 50 51 52 53 54 55 56 57 58 59]]: [ 880 1620  717 1462 1397 1519 1324 1403 1993 1548 1174 1163]
thresholds[[48 49 50 51 52 53 54 55 56 57 58 59]]: [400. 400. 405. 437. 427. 404. 413. 408. 407. 409. 437. 407.]

=== Layer 0 ===
	Mean activate weights: 0.30000001192092896 +- 0.1200999990105629 (min:0.0 ; max:0.7950000166893005)
	Min firing time: 0.9978195428848267 +- 0.0006812940118834376
	Mean firing time: 0.998013973236084 +- 0.0006350645562633872
Accuracy on training set after epoch 4: 0.3941
Accuracy on validation set after epoch 4: 0.4027
Accuracy on test set after epoch 4: 0.424
neuron 4 Cannot activate next neuron, all neurons of class 0 are already active
neuron 20 Cannot activate next neuron, all neurons of class 1 are already active
neuron 58 Cannot activate next neuron, all neurons of class 4 are already active
Epoch 5: Train Acc 0.4108
[INFO] Active neurons total=60, per-class=[12, 12, 12, 12, 12], pre=60, post_grow=60, post_prune=60, grew=0, pruned=0
[INFO] Class difficulty=[0.925000011920929, 0.9179999828338623, 0.8420000076293945, 0.6959999799728394, 0.5920000076293945], hardness=[1.0, 0.75, 0.5, 0.25, 0.0], grew_per_class=[0, 0, 0, 0, 0], pruned_per_class=[0, 0, 0, 0, 0]
target_updates[[ 0  1  2  3  4  5  6  7  8  9 10 11]]: [  9 380 395 323 531 374 159 320 400 432 408 319]
ntarget_updates[[ 0  1  2  3  4  5  6  7  8  9 10 11]]: [ 437 1246 1465 1537 2130 1448  856 1280 1458 1720 1386 1237]
thresholds[[ 0  1  2  3  4  5  6  7  8  9 10 11]]: [400. 405. 404. 400. 426. 403. 400. 401. 405. 410. 407. 403.]

target_updates[[12 13 14 15 16 17 18 19 20 21 22 23]]: [ 15 368 179 420 205 410 148 456 519 455 382 493]
ntarget_updates[[12 13 14 15 16 17 18 19 20 21 22 23]]: [ 406 1460 1071 1596 1037 1492 1000 1462 2193 1434 1300 1749]
thresholds[[12 13 14 15 16 17 18 19 20 21 22 23]]: [400. 406. 400. 409. 401. 408. 400. 414. 424. 415. 406. 420.]

target_updates[[24 25 26 27 28 29 30 31 32 33 34 35]]: [  4 458 387 343 338 323  66 486 425 385 429 406]
ntarget_updates[[24 25 26 27 28 29 30 31 32 33 34 35]]: [ 357 1486 1772 1475 1589 1356  675 2017 1310  947 1418 1798]
thresholds[[24 25 26 27 28 29 30 31 32 33 34 35]]: [400. 414. 404. 404. 402. 400. 400. 418. 410. 408. 410. 406.]

target_updates[[36 37 38 39 40 41 42 43 44 45 46 47]]: [  3 404 427 372 376 397  35 346 434 423 391 442]
ntarget_updates[[36 37 38 39 40 41 42 43 44 45 46 47]]: [ 499 1553 1172 2001 2021 1388  625 1240 1468 1436 1276 1521]
thresholds[[36 37 38 39 40 41 42 43 44 45 46 47]]: [400. 407. 409. 403. 403. 407. 400. 405. 410. 410. 405. 412.]

target_updates[[48 49 50 51 52 53 54 55 56 57 58 59]]: [  1 115  40 646 547 286 473 334 384 435 750  39]
ntarget_updates[[48 49 50 51 52 53 54 55 56 57 58 59]]: [ 744 1358  594 1672 1425 1463 1502 1289 2156 1650 1627  720]
thresholds[[48 49 50 51 52 53 54 55 56 57 58 59]]: [400. 400. 400. 444. 428. 401. 417. 411. 406. 413. 460. 400.]

=== Layer 0 ===
	Mean activate weights: 0.30000001192092896 +- 0.1429000049829483 (min:0.0 ; max:0.984000027179718)
	Min firing time: 0.9977743029594421 +- 0.0006903557805344462
	Mean firing time: 0.9980142712593079 +- 0.0006333497585728765
Accuracy on training set after epoch 5: 0.4108
Accuracy on validation set after epoch 5: 0.4124
Accuracy on test set after epoch 5: 0.4288
neuron 4 Cannot activate next neuron, all neurons of class 0 are already active
neuron 20 Cannot activate next neuron, all neurons of class 1 are already active
neuron 31 Cannot activate next neuron, all neurons of class 2 are already active
neuron 47 Cannot activate next neuron, all neurons of class 3 are already active
neuron 58 Cannot activate next neuron, all neurons of class 4 are already active
Epoch 6: Train Acc 0.4250
[INFO] Active neurons total=60, per-class=[12, 12, 12, 12, 12], pre=60, post_grow=60, post_prune=60, grew=0, pruned=0
[INFO] Class difficulty=[0.9210000038146973, 0.8939999938011169, 0.8259999752044678, 0.7039999961853027, 0.5920000076293945], hardness=[1.0, 0.75, 0.5, 0.25, 0.0], grew_per_class=[0, 0, 0, 0, 0], pruned_per_class=[0, 0, 0, 0, 0]
target_updates[[ 0  1  2  3  4  5  6  7  8  9 10 11]]: [  7 369 394 259 611 401 111 251 444 468 444 291]
ntarget_updates[[ 0  1  2  3  4  5  6  7  8  9 10 11]]: [ 409 1212 1483 1355 2250 1561  767 1208 1521 1831 1453 1150]
thresholds[[ 0  1  2  3  4  5  6  7  8  9 10 11]]: [400. 403. 402. 400. 419. 404. 400. 400. 406. 408. 406. 401.]

target_updates[[12 13 14 15 16 17 18 19 20 21 22 23]]: [  7 356 111 441  38 399  89 533 666 499 275 636]
ntarget_updates[[12 13 14 15 16 17 18 19 20 21 22 23]]: [ 398 1462  957 1638  515 1484  865 1496 2662 1360 1093 2270]
thresholds[[12 13 14 15 16 17 18 19 20 21 22 23]]: [400. 403. 400. 406. 400. 404. 400. 413. 423. 411. 401. 421.]

target_updates[[24 25 26 27 28 29 30 31 32 33 34 35]]: [  2 513 386 286 319 282  26 628 436 264 474 434]
ntarget_updates[[24 25 26 27 28 29 30 31 32 33 34 35]]: [ 344 1526 1763 1382 1607 1292  471 2410 1294  683 1516 1912]
thresholds[[24 25 26 27 28 29 30 31 32 33 34 35]]: [400. 411. 402. 400. 401. 400. 400. 420. 406. 400. 408. 405.]

target_updates[[36 37 38 39 40 41 42 43 44 45 46 47]]: [  2 386 489 350 382 396   6 249 495 419 355 521]
ntarget_updates[[36 37 38 39 40 41 42 43 44 45 46 47]]: [ 430 1650 1313 1897 1975 1349  476  931 1643 1481 1162 1893]
thresholds[[36 37 38 39 40 41 42 43 44 45 46 47]]: [400. 402. 409. 401. 402. 405. 400. 401. 410. 405. 403. 412.]

target_updates[[48 49 50 51 52 53 54 55 56 57 58 59]]: [   1   76    6  883  650  201  138  145  280  526 1132   12]
ntarget_updates[[48 49 50 51 52 53 54 55 56 57 58 59]]: [ 683 1142  595 2060 1796 1335  726  981 1871 1977 2347  687]
thresholds[[48 49 50 51 52 53 54 55 56 57 58 59]]: [400. 400. 400. 440. 422. 400. 400. 400. 400. 414. 460. 400.]

=== Layer 0 ===
	Mean activate weights: 0.30000001192092896 +- 0.16290000081062317 (min:0.0 ; max:1.0)
	Min firing time: 0.9977291822433472 +- 0.0007000880432315171
	Mean firing time: 0.9980144500732422 +- 0.0006317956722341478
Accuracy on training set after epoch 6: 0.425
Accuracy on validation set after epoch 6: 0.4187
Accuracy on test set after epoch 6: 0.4322
neuron 4 Cannot activate next neuron, all neurons of class 0 are already active
neuron 20 Cannot activate next neuron, all neurons of class 1 are already active
neuron 31 Cannot activate next neuron, all neurons of class 2 are already active
neuron 47 Cannot activate next neuron, all neurons of class 3 are already active
neuron 58 Cannot activate next neuron, all neurons of class 4 are already active
Epoch 7: Train Acc 0.4339
[INFO] Active neurons total=60, per-class=[12, 12, 12, 12, 12], pre=60, post_grow=60, post_prune=60, grew=0, pruned=0
[INFO] Class difficulty=[0.9160000085830688, 0.8640000224113464, 0.8140000104904175, 0.7279999852180481, 0.593999981880188], hardness=[1.0, 0.75, 0.5, 0.25, 0.0], grew_per_class=[0, 0, 0, 0, 0], pruned_per_class=[0, 0, 0, 0, 0]
target_updates[[ 0  1  2  3  4  5  6  7  8  9 10 11]]: [  6 311 456 195 670 424  88 182 514 515 484 205]
ntarget_updates[[ 0  1  2  3  4  5  6  7  8  9 10 11]]: [ 386 1006 1659 1177 2423 1716  739 1009 1702 1971 1506  906]
thresholds[[ 0  1  2  3  4  5  6  7  8  9 10 11]]: [400. 401. 404. 400. 412. 402. 400. 400. 406. 406. 405. 400.]

target_updates[[12 13 14 15 16 17 18 19 20 21 22 23]]: [  6 288  92 365  15 284  64 563 948 427  89 909]
ntarget_updates[[12 13 14 15 16 17 18 19 20 21 22 23]]: [ 380 1451  835 1442  397 1131  747 1684 3311 1181  641 3000]
thresholds[[12 13 14 15 16 17 18 19 20 21 22 23]]: [400. 400. 400. 400. 400. 400. 400. 408. 423. 404. 400. 421.]

target_updates[[24 25 26 27 28 29 30 31 32 33 34 35]]: [  2 561 423 210 307 200  19 915 357 110 467 479]
ntarget_updates[[24 25 26 27 28 29 30 31 32 33 34 35]]: [ 330 1484 1904 1133 1612 1039  419 3020 1159  513 1509 2078]
thresholds[[24 25 26 27 28 29 30 31 32 33 34 35]]: [400. 408. 402. 400. 400. 400. 400. 421. 401. 400. 404. 404.]

target_updates[[36 37 38 39 40 41 42 43 44 45 46 47]]: [  1 310 550 343 391 307   4  71 667 307 332 767]
ntarget_updates[[36 37 38 39 40 41 42 43 44 45 46 47]]: [ 346 1481 1328 1819 1992  966  382  542 2135 1281 1189 2739]
thresholds[[36 37 38 39 40 41 42 43 44 45 46 47]]: [400. 400. 407. 400. 401. 401. 400. 400. 412. 400. 401. 416.]

target_updates[[48 49 50 51 52 53 54 55 56 57 58 59]]: [   1   49    4 1170  772  119    8   67  149  523 1179    9]
ntarget_updates[[48 49 50 51 52 53 54 55 56 57 58 59]]: [ 600  953  535 2926 2522 1172  536  802 1379 2082 2071  622]
thresholds[[48 49 50 51 52 53 54 55 56 57 58 59]]: [400. 400. 400. 431. 416. 400. 400. 400. 400. 407. 432. 400.]

=== Layer 0 ===
	Mean activate weights: 0.30000001192092896 +- 0.17919999361038208 (min:0.0 ; max:1.0)
	Min firing time: 0.997692346572876 +- 0.000702214369084686
	Mean firing time: 0.9980147480964661 +- 0.0006301922840066254
Accuracy on training set after epoch 7: 0.4339
Accuracy on validation set after epoch 7: 0.4231
Accuracy on test set after epoch 7: 0.4422
neuron 4 Cannot activate next neuron, all neurons of class 0 are already active
neuron 23 Cannot activate next neuron, all neurons of class 1 are already active
neuron 31 Cannot activate next neuron, all neurons of class 2 are already active
neuron 47 Cannot activate next neuron, all neurons of class 3 are already active
neuron 51 Cannot activate next neuron, all neurons of class 4 are already active
Epoch 8: Train Acc 0.4424
[INFO] Active neurons total=60, per-class=[12, 12, 12, 12, 12], pre=60, post_grow=60, post_prune=60, grew=0, pruned=0
[INFO] Class difficulty=[0.9070000052452087, 0.8330000042915344, 0.8069999814033508, 0.7509999871253967, 0.5960000157356262], hardness=[1.0, 0.75, 0.5, 0.25, 0.0], grew_per_class=[0, 0, 0, 0, 0], pruned_per_class=[0, 0, 0, 0, 0]
target_updates[[ 0  1  2  3  4  5  6  7  8  9 10 11]]: [  4 163 539 126 714 466  86 116 628 576 499 133]
ntarget_updates[[ 0  1  2  3  4  5  6  7  8  9 10 11]]: [ 361  652 1864  938 2531 1927  713  825 1969 2136 1574  710]
thresholds[[ 0  1  2  3  4  5  6  7  8  9 10 11]]: [400. 400. 403. 400. 407. 402. 400. 400. 405. 404. 403. 400.]

target_updates[[12 13 14 15 16 17 18 19 20 21 22 23]]: [   4  217   89  193   14  147   55  472 1275  180   45 1359]
ntarget_updates[[12 13 14 15 16 17 18 19 20 21 22 23]]: [ 351 1198  806 1024  371  806  706 1807 3813  949  429 3940]
thresholds[[12 13 14 15 16 17 18 19 20 21 22 23]]: [400. 400. 400. 400. 400. 400. 400. 402. 418. 400. 400. 419.]

target_updates[[24 25 26 27 28 29 30 31 32 33 34 35]]: [   2  538  489  135  273  121   15 1238  274   44  373  548]
ntarget_updates[[24 25 26 27 28 29 30 31 32 33 34 35]]: [ 295 1416 2155  827 1529  761  379 3670 1021  402 1404 2341]
thresholds[[24 25 26 27 28 29 30 31 32 33 34 35]]: [400. 403. 402. 400. 400. 400. 400. 417. 400. 400. 400. 404.]

target_updates[[36 37 38 39 40 41 42 43 44 45 46 47]]: [   1  194  555  345  429   52    3   11  827  189  285 1159]
ntarget_updates[[36 37 38 39 40 41 42 43 44 45 46 47]]: [ 298 1032 1417 1812 2123  532  319  342 2381 1028 1126 3790]
thresholds[[36 37 38 39 40 41 42 43 44 45 46 47]]: [400. 400. 404. 400. 401. 400. 400. 400. 409. 400. 400. 415.]

target_updates[[48 49 50 51 52 53 54 55 56 57 58 59]]: [   1   30    4 1379  921   80    2   31   67  434 1094    7]
ntarget_updates[[48 49 50 51 52 53 54 55 56 57 58 59]]: [ 540  822  520 3437 3211 1010  456  668 1016 1971 1980  569]
thresholds[[48 49 50 51 52 53 54 55 56 57 58 59]]: [400. 400. 400. 420. 411. 400. 400. 400. 400. 401. 414. 400.]

=== Layer 0 ===
	Mean activate weights: 0.30000001192092896 +- 0.19349999725818634 (min:0.0 ; max:1.0)
	Min firing time: 0.9976596236228943 +- 0.0006985909421928227
	Mean firing time: 0.9980152249336243 +- 0.0006286925636231899
Accuracy on training set after epoch 8: 0.4424
Accuracy on validation set after epoch 8: 0.428
Accuracy on test set after epoch 8: 0.451
neuron 8 Cannot activate next neuron, all neurons of class 0 are already active
neuron 23 Cannot activate next neuron, all neurons of class 1 are already active
neuron 31 Cannot activate next neuron, all neurons of class 2 are already active
neuron 47 Cannot activate next neuron, all neurons of class 3 are already active
neuron 51 Cannot activate next neuron, all neurons of class 4 are already active
Epoch 9: Train Acc 0.4497
[INFO] Active neurons total=60, per-class=[12, 12, 12, 12, 12], pre=60, post_grow=60, post_prune=60, grew=0, pruned=0
[INFO] Class difficulty=[0.9039999842643738, 0.8100000023841858, 0.8050000071525574, 0.7590000033378601, 0.5979999899864197], hardness=[1.0, 0.75, 0.5, 0.25, 0.0], grew_per_class=[0, 0, 0, 0, 0], pruned_per_class=[0, 0, 0, 0, 0]
target_updates[[ 0  1  2  3  4  5  6  7  8  9 10 11]]: [  2  26 659  78 734 505  86  72 761 574 474  79]
ntarget_updates[[ 0  1  2  3  4  5  6  7  8  9 10 11]]: [ 327  319 2206  708 2645 2147  686  660 2347 2095 1529  531]
thresholds[[ 0  1  2  3  4  5  6  7  8  9 10 11]]: [400. 400. 403. 400. 404. 401. 400. 400. 404. 402. 401. 400.]

target_updates[[12 13 14 15 16 17 18 19 20 21 22 23]]: [   2  157   83  109   11   82   55  244 1420   84   33 1770]
ntarget_updates[[12 13 14 15 16 17 18 19 20 21 22 23]]: [ 322 1049  758  732  348  614  674 1443 4333  660  379 4888]
thresholds[[12 13 14 15 16 17 18 19 20 21 22 23]]: [400. 400. 400. 400. 400. 400. 400. 400. 410. 400. 400. 414.]

target_updates[[24 25 26 27 28 29 30 31 32 33 34 35]]: [   2  464  536   91  254   76   12 1526  195   24  267  603]
ntarget_updates[[24 25 26 27 28 29 30 31 32 33 34 35]]: [ 267 1379 2464  619 1393  552  337 4181  849  353 1201 2605]
thresholds[[24 25 26 27 28 29 30 31 32 33 34 35]]: [400. 401. 402. 400. 400. 400. 400. 411. 400. 400. 400. 402.]

target_updates[[36 37 38 39 40 41 42 43 44 45 46 47]]: [   1  122  453  351  464    6    4    6  677  109  202 1655]
ntarget_updates[[36 37 38 39 40 41 42 43 44 45 46 47]]: [ 253  796 1397 1818 2249  249  291  301 2364  778  864 4840]
thresholds[[36 37 38 39 40 41 42 43 44 45 46 47]]: [400. 400. 401. 400. 401. 400. 400. 400. 403. 400. 400. 413.]

target_updates[[48 49 50 51 52 53 54 55 56 57 58 59]]: [   0   27    3 1632 1045   68    3   18   36  218  990   10]
ntarget_updates[[48 49 50 51 52 53 54 55 56 57 58 59]]: [ 511  744  469 4385 3703  919  424  565  792 1320 1829  539]
thresholds[[48 49 50 51 52 53 54 55 56 57 58 59]]: [400. 400. 400. 412. 407. 400. 400. 400. 400. 400. 406. 400.]

=== Layer 0 ===
	Mean activate weights: 0.30000001192092896 +- 0.20579999685287476 (min:0.0 ; max:1.0)
	Min firing time: 0.9976287484169006 +- 0.0006929015507921576
	Mean firing time: 0.9980159401893616 +- 0.0006274040788412094
Accuracy on training set after epoch 9: 0.4497
Accuracy on validation set after epoch 9: 0.4258
Accuracy on test set after epoch 9: 0.4524
neuron 8 Cannot activate next neuron, all neurons of class 0 are already active
neuron 31 Cannot activate next neuron, all neurons of class 2 are already active
neuron 23 Cannot activate next neuron, all neurons of class 1 are already active
neuron 47 Cannot activate next neuron, all neurons of class 3 are already active
neuron 51 Cannot activate next neuron, all neurons of class 4 are already active
Epoch 10: Train Acc 0.4524
[INFO] Active neurons total=60, per-class=[12, 12, 12, 12, 12], pre=60, post_grow=60, post_prune=60, grew=0, pruned=0
[INFO] Class difficulty=[0.9010000228881836, 0.8040000200271606, 0.8090000152587891, 0.7549999952316284, 0.6000000238418579], hardness=[1.0, 0.5, 0.75, 0.25, 0.0], grew_per_class=[0, 0, 0, 0, 0], pruned_per_class=[0, 0, 0, 0, 0]
target_updates[[ 0  1  2  3  4  5  6  7  8  9 10 11]]: [  2   3 709  50 741 531  83  49 841 543 440  58]
ntarget_updates[[ 0  1  2  3  4  5  6  7  8  9 10 11]]: [ 293  241 2361  561 2722 2296  663  540 2560 2034 1473  456]
thresholds[[ 0  1  2  3  4  5  6  7  8  9 10 11]]: [400. 400. 402. 400. 402. 401. 400. 400. 402. 401. 400. 400.]

target_updates[[12 13 14 15 16 17 18 19 20 21 22 23]]: [   1  129   78   71   10   52   51  129 1475   57   30 1967]
ntarget_updates[[12 13 14 15 16 17 18 19 20 21 22 23]]: [ 299  967  720  579  349  552  627  983 4716  540  371 5497]
thresholds[[12 13 14 15 16 17 18 19 20 21 22 23]]: [400. 400. 400. 400. 400. 400. 400. 400. 405. 400. 400. 408.]

target_updates[[24 25 26 27 28 29 30 31 32 33 34 35]]: [   1  416  591   64  227   53   11 1674  154   16  193  650]
ntarget_updates[[24 25 26 27 28 29 30 31 32 33 34 35]]: [ 250 1308 2633  478 1316  470  299 4578  735  299  990 2844]
thresholds[[24 25 26 27 28 29 30 31 32 33 34 35]]: [400. 400. 401. 400. 400. 400. 400. 406. 400. 400. 400. 401.]

target_updates[[36 37 38 39 40 41 42 43 44 45 46 47]]: [   1   99  348  349  509    5    5    5  279   72  146 2232]
ntarget_updates[[36 37 38 39 40 41 42 43 44 45 46 47]]: [ 234  706 1206 1835 2420  258  265  278 1388  642  641 6327]
thresholds[[36 37 38 39 40 41 42 43 44 45 46 47]]: [400. 400. 400. 400. 401. 400. 400. 400. 400. 400. 400. 409.]

target_updates[[48 49 50 51 52 53 54 55 56 57 58 59]]: [   0   25    3 1761 1147   62    2   15   28  103  894   10]
ntarget_updates[[48 49 50 51 52 53 54 55 56 57 58 59]]: [ 478  676  422 5030 4032  864  414  492  709  844 1740  499]
thresholds[[48 49 50 51 52 53 54 55 56 57 58 59]]: [400. 400. 400. 407. 404. 400. 400. 400. 400. 400. 403. 400.]

=== Layer 0 ===
	Mean activate weights: 0.30000001192092896 +- 0.2160000056028366 (min:0.0 ; max:1.0)
	Min firing time: 0.997602641582489 +- 0.0006870217621326447
	Mean firing time: 0.9980167150497437 +- 0.0006263690302148461
Accuracy on training set after epoch 10: 0.4524
Accuracy on validation set after epoch 10: 0.4249
Accuracy on test set after epoch 10: 0.4516
neuron 8 Cannot activate next neuron, all neurons of class 0 are already active
neuron 31 Cannot activate next neuron, all neurons of class 2 are already active
neuron 23 Cannot activate next neuron, all neurons of class 1 are already active
neuron 47 Cannot activate next neuron, all neurons of class 3 are already active
neuron 51 Cannot activate next neuron, all neurons of class 4 are already active
Epoch 11: Train Acc 0.4568
[INFO] Active neurons total=60, per-class=[12, 12, 12, 12, 12], pre=60, post_grow=60, post_prune=60, grew=0, pruned=0
[INFO] Class difficulty=[0.8989999890327454, 0.8050000071525574, 0.8090000152587891, 0.7440000176429749, 0.6010000109672546], hardness=[1.0, 0.5, 0.75, 0.25, 0.0], grew_per_class=[0, 0, 0, 0, 0], pruned_per_class=[0, 0, 0, 0, 0]
target_updates[[ 0  1  2  3  4  5  6  7  8  9 10 11]]: [  2   2 792  25 744 552  81  36 825 532 413  46]
ntarget_updates[[ 0  1  2  3  4  5  6  7  8  9 10 11]]: [ 268  219 2542  409 2768 2466  635  467 2555 2010 1453  408]
thresholds[[ 0  1  2  3  4  5  6  7  8  9 10 11]]: [400. 400. 401. 400. 401. 400. 400. 400. 401. 400. 400. 400.]

target_updates[[12 13 14 15 16 17 18 19 20 21 22 23]]: [   0  122   77   62   10   44   46   96 1533   51   23 1986]
ntarget_updates[[12 13 14 15 16 17 18 19 20 21 22 23]]: [ 289  898  728  560  347  494  607  769 5038  476  343 5651]
thresholds[[12 13 14 15 16 17 18 19 20 21 22 23]]: [400. 400. 400. 400. 400. 400. 400. 400. 403. 400. 400. 404.]

target_updates[[24 25 26 27 28 29 30 31 32 33 34 35]]: [   1  419  640   48  206   37   10 1719  123   11  159  677]
ntarget_updates[[24 25 26 27 28 29 30 31 32 33 34 35]]: [ 217 1296 2843  415 1237  380  274 4800  619  266  847 3006]
thresholds[[24 25 26 27 28 29 30 31 32 33 34 35]]: [400. 400. 401. 400. 400. 400. 400. 403. 400. 400. 400. 401.]

target_updates[[36 37 38 39 40 41 42 43 44 45 46 47]]: [   0   88  301  365  542    5    6    5  136   65  101 2436]
ntarget_updates[[36 37 38 39 40 41 42 43 44 45 46 47]]: [ 232  662 1075 1918 2543  284  263  278  921  593  495 6936]
thresholds[[36 37 38 39 40 41 42 43 44 45 46 47]]: [400. 400. 400. 400. 400. 400. 400. 400. 400. 400. 400. 405.]

target_updates[[48 49 50 51 52 53 54 55 56 57 58 59]]: [   0   23    3 1819 1214   61    2   17   21   51  829   10]
ntarget_updates[[48 49 50 51 52 53 54 55 56 57 58 59]]: [ 445  619  412 5344 4250  831  397  478  631  574 1733  486]
thresholds[[48 49 50 51 52 53 54 55 56 57 58 59]]: [400. 400. 400. 404. 402. 400. 400. 400. 400. 400. 401. 400.]

=== Layer 0 ===
	Mean activate weights: 0.30000001192092896 +- 0.22439999878406525 (min:0.0 ; max:1.0)
	Min firing time: 0.9975844025611877 +- 0.0006826666067354381
	Mean firing time: 0.9980175495147705 +- 0.0006256325868889689
Accuracy on training set after epoch 11: 0.4568
Accuracy on validation set after epoch 11: 0.4284
Accuracy on test set after epoch 11: 0.4504
neuron 8 Cannot activate next neuron, all neurons of class 0 are already active
neuron 31 Cannot activate next neuron, all neurons of class 2 are already active
neuron 23 Cannot activate next neuron, all neurons of class 1 are already active
neuron 47 Cannot activate next neuron, all neurons of class 3 are already active
neuron 51 Cannot activate next neuron, all neurons of class 4 are already active
Epoch 12: Train Acc 0.4600
[INFO] Active neurons total=60, per-class=[12, 12, 12, 12, 12], pre=60, post_grow=60, post_prune=60, grew=0, pruned=0
[INFO] Class difficulty=[0.8939999938011169, 0.8059999942779541, 0.8069999814033508, 0.7390000224113464, 0.6050000190734863], hardness=[1.0, 0.5, 0.75, 0.25, 0.0], grew_per_class=[0, 0, 0, 0, 0], pruned_per_class=[0, 0, 0, 0, 0]
target_updates[[ 0  1  2  3  4  5  6  7  8  9 10 11]]: [  2   4 805  16 730 574  81  34 839 522 403  40]
ntarget_updates[[ 0  1  2  3  4  5  6  7  8  9 10 11]]: [ 232  224 2601  341 2795 2600  592  443 2597 1973 1431  371]
thresholds[[ 0  1  2  3  4  5  6  7  8  9 10 11]]: [400. 400. 400. 400. 400. 400. 400. 400. 401. 400. 400. 400.]

target_updates[[12 13 14 15 16 17 18 19 20 21 22 23]]: [   1  119   73   62    9   40   41   89 1575   41   24 1976]
ntarget_updates[[12 13 14 15 16 17 18 19 20 21 22 23]]: [ 290  868  702  567  334  474  567  725 5156  438  345 5734]
thresholds[[12 13 14 15 16 17 18 19 20 21 22 23]]: [400. 400. 400. 400. 400. 400. 400. 400. 401. 400. 400. 402.]

target_updates[[24 25 26 27 28 29 30 31 32 33 34 35]]: [   0  449  666   44  196   32   10 1720  103    8  140  682]
ntarget_updates[[24 25 26 27 28 29 30 31 32 33 34 35]]: [ 209 1345 3034  371 1162  342  254 4886  538  236  723 3100]
thresholds[[24 25 26 27 28 29 30 31 32 33 34 35]]: [400. 400. 400. 400. 400. 400. 400. 402. 400. 400. 400. 400.]

target_updates[[36 37 38 39 40 41 42 43 44 45 46 47]]: [   0   76  284  392  588    5    5    6  122   61   54 2457]
ntarget_updates[[36 37 38 39 40 41 42 43 44 45 46 47]]: [ 226  627 1052 2000 2693  295  275  290  839  589  363 6951]
thresholds[[36 37 38 39 40 41 42 43 44 45 46 47]]: [400. 400. 400. 400. 400. 400. 400. 400. 400. 400. 400. 403.]

target_updates[[48 49 50 51 52 53 54 55 56 57 58 59]]: [   0   21    3 1839 1239   68    2   15   21   26  807    9]
ntarget_updates[[48 49 50 51 52 53 54 55 56 57 58 59]]: [ 422  590  395 5475 4373  832  388  449  590  429 1792  465]
thresholds[[48 49 50 51 52 53 54 55 56 57 58 59]]: [400. 400. 400. 402. 401. 400. 400. 400. 400. 400. 400. 400.]

=== Layer 0 ===
	Mean activate weights: 0.30000001192092896 +- 0.23170000314712524 (min:0.0 ; max:1.0)
	Min firing time: 0.9975727200508118 +- 0.0006801376584917307
	Mean firing time: 0.9980185031890869 +- 0.0006251214654184878
Accuracy on training set after epoch 12: 0.46
Accuracy on validation set after epoch 12: 0.4356
Accuracy on test set after epoch 12: 0.455
neuron 8 Cannot activate next neuron, all neurons of class 0 are already active
neuron 23 Cannot activate next neuron, all neurons of class 1 are already active
neuron 31 Cannot activate next neuron, all neurons of class 2 are already active
neuron 47 Cannot activate next neuron, all neurons of class 3 are already active
neuron 51 Cannot activate next neuron, all neurons of class 4 are already active
Epoch 13: Train Acc 0.4636
[INFO] Active neurons total=60, per-class=[12, 12, 12, 12, 12], pre=60, post_grow=60, post_prune=60, grew=0, pruned=0
[INFO] Class difficulty=[0.8899999856948853, 0.8069999814033508, 0.8019999861717224, 0.7350000143051147, 0.6069999933242798], hardness=[1.0, 0.75, 0.5, 0.25, 0.0], grew_per_class=[0, 0, 0, 0, 0], pruned_per_class=[0, 0, 0, 0, 0]
target_updates[[ 0  1  2  3  4  5  6  7  8  9 10 11]]: [  2   4 811  13 720 593  80  29 842 523 393  40]
ntarget_updates[[ 0  1  2  3  4  5  6  7  8  9 10 11]]: [ 215  223 2596  309 2819 2689  571  411 2636 1981 1399  351]
thresholds[[ 0  1  2  3  4  5  6  7  8  9 10 11]]: [400. 400. 400. 400. 400. 400. 400. 400. 400. 400. 400. 400.]

target_updates[[12 13 14 15 16 17 18 19 20 21 22 23]]: [   1  119   70   67    8   40   38   82 1598   34   25 1968]
ntarget_updates[[12 13 14 15 16 17 18 19 20 21 22 23]]: [ 273  839  687  565  316  458  562  664 5305  402  346 5783]
thresholds[[12 13 14 15 16 17 18 19 20 21 22 23]]: [400. 400. 400. 400. 400. 400. 400. 400. 401. 400. 400. 401.]

target_updates[[24 25 26 27 28 29 30 31 32 33 34 35]]: [   0  476  709   34  186   25    9 1698   94    6  129  684]
ntarget_updates[[24 25 26 27 28 29 30 31 32 33 34 35]]: [ 185 1423 3182  332 1125  305  240 4900  490  206  652 3160]
thresholds[[24 25 26 27 28 29 30 31 32 33 34 35]]: [400. 400. 400. 400. 400. 400. 400. 401. 400. 400. 400. 400.]

target_updates[[36 37 38 39 40 41 42 43 44 45 46 47]]: [   0   63  267  403  643    5    4    7  125   57   30 2446]
ntarget_updates[[36 37 38 39 40 41 42 43 44 45 46 47]]: [ 240  576  981 2058 2866  296  275  292  821  561  275 6959]
thresholds[[36 37 38 39 40 41 42 43 44 45 46 47]]: [400. 400. 400. 400. 400. 400. 400. 400. 400. 400. 400. 401.]

target_updates[[48 49 50 51 52 53 54 55 56 57 58 59]]: [   0   21    3 1837 1260   68    2   14   21   21  794    9]
ntarget_updates[[48 49 50 51 52 53 54 55 56 57 58 59]]: [ 402  577  369 5505 4455  821  371  435  567  388 1862  448]
thresholds[[48 49 50 51 52 53 54 55 56 57 58 59]]: [400. 400. 400. 401. 401. 400. 400. 400. 400. 400. 400. 400.]

=== Layer 0 ===
	Mean activate weights: 0.30000001192092896 +- 0.23819999396800995 (min:0.0 ; max:1.0)
	Min firing time: 0.9975645542144775 +- 0.0006786856683902442
	Mean firing time: 0.9980193972587585 +- 0.000624747306574136
Accuracy on training set after epoch 13: 0.4636
Accuracy on validation set after epoch 13: 0.4369
Accuracy on test set after epoch 13: 0.4566
neuron 8 Cannot activate next neuron, all neurons of class 0 are already active
neuron 23 Cannot activate next neuron, all neurons of class 1 are already active
neuron 31 Cannot activate next neuron, all neurons of class 2 are already active
neuron 47 Cannot activate next neuron, all neurons of class 3 are already active
neuron 51 Cannot activate next neuron, all neurons of class 4 are already active
Epoch 14: Train Acc 0.4652
[INFO] Active neurons total=60, per-class=[12, 12, 12, 12, 12], pre=60, post_grow=60, post_prune=60, grew=0, pruned=0
[INFO] Class difficulty=[0.8859999775886536, 0.8090000152587891, 0.800000011920929, 0.7319999933242798, 0.6100000143051147], hardness=[1.0, 0.75, 0.5, 0.25, 0.0], grew_per_class=[0, 0, 0, 0, 0], pruned_per_class=[0, 0, 0, 0, 0]
target_updates[[ 0  1  2  3  4  5  6  7  8  9 10 11]]: [  2   3 815  13 713 609  77  29 831 530 390  38]
ntarget_updates[[ 0  1  2  3  4  5  6  7  8  9 10 11]]: [ 205  221 2584  294 2842 2756  554  384 2638 1998 1386  338]
thresholds[[ 0  1  2  3  4  5  6  7  8  9 10 11]]: [400. 400. 400. 400. 400. 400. 400. 400. 400. 400. 400. 400.]

target_updates[[12 13 14 15 16 17 18 19 20 21 22 23]]: [   1  116   69   62    8   40   38   83 1614   32   25 1962]
ntarget_updates[[12 13 14 15 16 17 18 19 20 21 22 23]]: [ 263  836  666  552  303  428  530  647 5430  370  340 5835]
thresholds[[12 13 14 15 16 17 18 19 20 21 22 23]]: [400. 400. 400. 400. 400. 400. 400. 400. 400. 400. 400. 400.]

target_updates[[24 25 26 27 28 29 30 31 32 33 34 35]]: [   0  506  738   32  178   22    7 1672   84    7  120  684]
ntarget_updates[[24 25 26 27 28 29 30 31 32 33 34 35]]: [ 175 1502 3293  307 1092  278  204 4888  457  197  619 3188]
thresholds[[24 25 26 27 28 29 30 31 32 33 34 35]]: [400. 400. 400. 400. 400. 400. 400. 400. 400. 400. 400. 400.]

target_updates[[36 37 38 39 40 41 42 43 44 45 46 47]]: [   0   50  256  411  694    4    4    7  122   55   14 2433]
ntarget_updates[[36 37 38 39 40 41 42 43 44 45 46 47]]: [ 236  518  923 2070 3042  301  279  294  792  544  243 6958]
thresholds[[36 37 38 39 40 41 42 43 44 45 46 47]]: [400. 400. 400. 400. 400. 400. 400. 400. 400. 400. 400. 401.]

target_updates[[48 49 50 51 52 53 54 55 56 57 58 59]]: [   0   21    2 1838 1268   69    3   14   21   16  789    9]
ntarget_updates[[48 49 50 51 52 53 54 55 56 57 58 59]]: [ 379  552  345 5515 4536  796  364  420  541  361 1950  441]
thresholds[[48 49 50 51 52 53 54 55 56 57 58 59]]: [400. 400. 400. 400. 400. 400. 400. 400. 400. 400. 400. 400.]

=== Layer 0 ===
	Mean activate weights: 0.30000001192092896 +- 0.24410000443458557 (min:0.0 ; max:1.0)
	Min firing time: 0.9975582361221313 +- 0.0006776726222597063
	Mean firing time: 0.9980202317237854 +- 0.0006244456162676215
Accuracy on training set after epoch 14: 0.4652
Accuracy on validation set after epoch 14: 0.4391
Accuracy on test set after epoch 14: 0.4564
neuron 8 Cannot activate next neuron, all neurons of class 0 are already active
neuron 23 Cannot activate next neuron, all neurons of class 1 are already active
neuron 31 Cannot activate next neuron, all neurons of class 2 are already active
neuron 47 Cannot activate next neuron, all neurons of class 3 are already active
neuron 51 Cannot activate next neuron, all neurons of class 4 are already active
Epoch 15: Train Acc 0.4667
[INFO] Active neurons total=60, per-class=[12, 12, 12, 12, 12], pre=60, post_grow=60, post_prune=60, grew=0, pruned=0
[INFO] Class difficulty=[0.8820000290870667, 0.8119999766349792, 0.7979999780654907, 0.7279999852180481, 0.6119999885559082], hardness=[1.0, 0.75, 0.5, 0.25, 0.0], grew_per_class=[0, 0, 0, 0, 0], pruned_per_class=[0, 0, 0, 0, 0]
target_updates[[ 0  1  2  3  4  5  6  7  8  9 10 11]]: [  2   3 828  12 706 614  72  25 840 521 390  37]
ntarget_updates[[ 0  1  2  3  4  5  6  7  8  9 10 11]]: [ 187  198 2618  290 2843 2810  528  359 2630 2011 1397  329]
thresholds[[ 0  1  2  3  4  5  6  7  8  9 10 11]]: [400. 400. 400. 400. 400. 400. 400. 400. 400. 400. 400. 400.]

target_updates[[12 13 14 15 16 17 18 19 20 21 22 23]]: [   1  118   67   57    8   39   38   77 1621   31   26 1967]
ntarget_updates[[12 13 14 15 16 17 18 19 20 21 22 23]]: [ 240  813  627  516  286  424  518  617 5585  344  335 5895]
thresholds[[12 13 14 15 16 17 18 19 20 21 22 23]]: [400. 400. 400. 400. 400. 400. 400. 400. 400. 400. 400. 400.]

target_updates[[24 25 26 27 28 29 30 31 32 33 34 35]]: [   0  542  768   30  172   19    7 1635   75    7  116  679]
ntarget_updates[[24 25 26 27 28 29 30 31 32 33 34 35]]: [ 155 1619 3395  290 1061  266  200 4825  421  187  592 3189]
thresholds[[24 25 26 27 28 29 30 31 32 33 34 35]]: [400. 400. 400. 400. 400. 400. 400. 400. 400. 400. 400. 400.]

target_updates[[36 37 38 39 40 41 42 43 44 45 46 47]]: [   0   42  242  403  754    4    5    6  129   52   13 2400]
ntarget_updates[[36 37 38 39 40 41 42 43 44 45 46 47]]: [ 232  489  869 2080 3207  292  285  287  797  511  223 6928]
thresholds[[36 37 38 39 40 41 42 43 44 45 46 47]]: [400. 400. 400. 400. 400. 400. 400. 400. 400. 400. 400. 400.]

target_updates[[48 49 50 51 52 53 54 55 56 57 58 59]]: [   0   20    2 1827 1274   71    3   15   20   14  796    8]
ntarget_updates[[48 49 50 51 52 53 54 55 56 57 58 59]]: [ 359  517  331 5485 4578  797  363  416  513  353 2057  431]
thresholds[[48 49 50 51 52 53 54 55 56 57 58 59]]: [400. 400. 400. 400. 400. 400. 400. 400. 400. 400. 400. 400.]

=== Layer 0 ===
	Mean activate weights: 0.30000001192092896 +- 0.24940000474452972 (min:0.0 ; max:1.0)
	Min firing time: 0.9975529313087463 +- 0.0006768439779989421
	Mean firing time: 0.9980210065841675 +- 0.0006242162780836225
Accuracy on training set after epoch 15: 0.4667
Accuracy on validation set after epoch 15: 0.4404
Accuracy on test set after epoch 15: 0.4582
neuron 8 Cannot activate next neuron, all neurons of class 0 are already active
neuron 23 Cannot activate next neuron, all neurons of class 1 are already active
neuron 31 Cannot activate next neuron, all neurons of class 2 are already active
neuron 47 Cannot activate next neuron, all neurons of class 3 are already active
neuron 51 Cannot activate next neuron, all neurons of class 4 are already active
Epoch 16: Train Acc 0.4676
[INFO] Active neurons total=60, per-class=[12, 12, 12, 12, 12], pre=60, post_grow=60, post_prune=60, grew=0, pruned=0
[INFO] Class difficulty=[0.8790000081062317, 0.8149999976158142, 0.7960000038146973, 0.7260000109672546, 0.6150000095367432], hardness=[1.0, 0.75, 0.5, 0.25, 0.0], grew_per_class=[0, 0, 0, 0, 0], pruned_per_class=[0, 0, 0, 0, 0]
target_updates[[ 0  1  2  3  4  5  6  7  8  9 10 11]]: [  2   3 828  11 689 626  71  25 842 521 395  37]
ntarget_updates[[ 0  1  2  3  4  5  6  7  8  9 10 11]]: [ 181  195 2589  260 2834 2865  519  337 2666 2035 1396  323]
thresholds[[ 0  1  2  3  4  5  6  7  8  9 10 11]]: [400. 400. 400. 400. 400. 400. 400. 400. 400. 400. 400. 400.]

target_updates[[12 13 14 15 16 17 18 19 20 21 22 23]]: [   1  114   64   57    7   40   36   79 1623   31   26 1972]
ntarget_updates[[12 13 14 15 16 17 18 19 20 21 22 23]]: [ 224  779  607  509  261  396  503  611 5729  325  319 5937]
thresholds[[12 13 14 15 16 17 18 19 20 21 22 23]]: [400. 400. 400. 400. 400. 400. 400. 400. 400. 400. 400. 400.]

target_updates[[24 25 26 27 28 29 30 31 32 33 34 35]]: [   0  583  788   24  168   19    7 1591   72    7  107  684]
ntarget_updates[[24 25 26 27 28 29 30 31 32 33 34 35]]: [ 145 1716 3508  269 1040  247  179 4755  392  183  562 3204]
thresholds[[24 25 26 27 28 29 30 31 32 33 34 35]]: [400. 400. 400. 400. 400. 400. 400. 400. 400. 400. 400. 400.]

target_updates[[36 37 38 39 40 41 42 43 44 45 46 47]]: [   0   38  211  404  808    4    5    6  130   47   10 2387]
ntarget_updates[[36 37 38 39 40 41 42 43 44 45 46 47]]: [ 227  446  787 2063 3412  287  287  277  796  484  219 6915]
thresholds[[36 37 38 39 40 41 42 43 44 45 46 47]]: [400. 400. 400. 400. 400. 400. 400. 400. 400. 400. 400. 400.]

target_updates[[48 49 50 51 52 53 54 55 56 57 58 59]]: [   0   18    2 1825 1274   71    3   17   21   12  800    7]
ntarget_updates[[48 49 50 51 52 53 54 55 56 57 58 59]]: [ 346  486  322 5468 4612  810  356  404  483  319 2180  414]
thresholds[[48 49 50 51 52 53 54 55 56 57 58 59]]: [400. 400. 400. 400. 400. 400. 400. 400. 400. 400. 400. 400.]

=== Layer 0 ===
	Mean activate weights: 0.30000001192092896 +- 0.25429999828338623 (min:0.0 ; max:1.0)
	Min firing time: 0.9975486397743225 +- 0.0006762230768799782
	Mean firing time: 0.9980217814445496 +- 0.0006240066722966731
Accuracy on training set after epoch 16: 0.4676
Accuracy on validation set after epoch 16: 0.4418
Accuracy on test set after epoch 16: 0.4594
neuron 2 Cannot activate next neuron, all neurons of class 0 are already active
neuron 23 Cannot activate next neuron, all neurons of class 1 are already active
neuron 31 Cannot activate next neuron, all neurons of class 2 are already active
neuron 47 Cannot activate next neuron, all neurons of class 3 are already active
neuron 51 Cannot activate next neuron, all neurons of class 4 are already active
Epoch 17: Train Acc 0.4690
[INFO] Active neurons total=60, per-class=[12, 12, 12, 12, 12], pre=60, post_grow=60, post_prune=60, grew=0, pruned=0
[INFO] Class difficulty=[0.8759999871253967, 0.8159999847412109, 0.7950000166893005, 0.722000002861023, 0.6179999709129333], hardness=[1.0, 0.75, 0.5, 0.25, 0.0], grew_per_class=[0, 0, 0, 0, 0], pruned_per_class=[0, 0, 0, 0, 0]
target_updates[[ 0  1  2  3  4  5  6  7  8  9 10 11]]: [  0   4 847  11 679 633  70  23 820 527 397  39]
ntarget_updates[[ 0  1  2  3  4  5  6  7  8  9 10 11]]: [ 166  187 2592  255 2803 2911  518  328 2649 2072 1402  317]
thresholds[[ 0  1  2  3  4  5  6  7  8  9 10 11]]: [400. 400. 400. 400. 400. 400. 400. 400. 400. 400. 400. 400.]

target_updates[[12 13 14 15 16 17 18 19 20 21 22 23]]: [   0  113   64   56    7   40   38   76 1631   30   23 1972]
ntarget_updates[[12 13 14 15 16 17 18 19 20 21 22 23]]: [ 209  767  593  497  251  376  487  594 5798  335  293 6000]
thresholds[[12 13 14 15 16 17 18 19 20 21 22 23]]: [400. 400. 400. 400. 400. 400. 400. 400. 400. 400. 400. 400.]

target_updates[[24 25 26 27 28 29 30 31 32 33 34 35]]: [   1  617  809   20  163   15    7 1553   69    7  102  687]
ntarget_updates[[24 25 26 27 28 29 30 31 32 33 34 35]]: [ 139 1819 3587  253 1015  234  177 4659  372  178  537 3230]
thresholds[[24 25 26 27 28 29 30 31 32 33 34 35]]: [400. 400. 400. 400. 400. 400. 400. 400. 400. 400. 400. 400.]

target_updates[[36 37 38 39 40 41 42 43 44 45 46 47]]: [   0   32  173  409  870    4    3    7  137   43    8 2364]
ntarget_updates[[36 37 38 39 40 41 42 43 44 45 46 47]]: [ 232  411  714 2072 3583  283  271  273  821  466  207 6867]
thresholds[[36 37 38 39 40 41 42 43 44 45 46 47]]: [400. 400. 400. 400. 400. 400. 400. 400. 400. 400. 400. 400.]

target_updates[[48 49 50 51 52 53 54 55 56 57 58 59]]: [   0   17    2 1807 1279   70    3   20   20   12  813    7]
ntarget_updates[[48 49 50 51 52 53 54 55 56 57 58 59]]: [ 334  458  316 5460 4645  788  346  403  473  290 2292  395]
thresholds[[48 49 50 51 52 53 54 55 56 57 58 59]]: [400. 400. 400. 400. 400. 400. 400. 400. 400. 400. 400. 400.]

=== Layer 0 ===
	Mean activate weights: 0.30000001192092896 +- 0.258899986743927 (min:0.0 ; max:1.0)
	Min firing time: 0.9975447654724121 +- 0.0006756037473678589
	Mean firing time: 0.9980223774909973 +- 0.0006238157511688769
Accuracy on training set after epoch 17: 0.469
Accuracy on validation set after epoch 17: 0.4453
Accuracy on test set after epoch 17: 0.4598
neuron 2 Cannot activate next neuron, all neurons of class 0 are already active
neuron 23 Cannot activate next neuron, all neurons of class 1 are already active
neuron 31 Cannot activate next neuron, all neurons of class 2 are already active
neuron 47 Cannot activate next neuron, all neurons of class 3 are already active
neuron 51 Cannot activate next neuron, all neurons of class 4 are already active
Epoch 18: Train Acc 0.4699
[INFO] Active neurons total=60, per-class=[12, 12, 12, 12, 12], pre=60, post_grow=60, post_prune=60, grew=0, pruned=0
[INFO] Class difficulty=[0.8740000128746033, 0.8190000057220459, 0.7940000295639038, 0.718999981880188, 0.6200000047683716], hardness=[1.0, 0.75, 0.5, 0.25, 0.0], grew_per_class=[0, 0, 0, 0, 0], pruned_per_class=[0, 0, 0, 0, 0]
target_updates[[ 0  1  2  3  4  5  6  7  8  9 10 11]]: [  0   4 841  11 671 647  67  19 812 532 407  39]
ntarget_updates[[ 0  1  2  3  4  5  6  7  8  9 10 11]]: [ 164  186 2605  252 2773 2965  501  310 2619 2090 1419  316]
thresholds[[ 0  1  2  3  4  5  6  7  8  9 10 11]]: [400. 400. 400. 400. 400. 400. 400. 400. 400. 400. 400. 400.]

target_updates[[12 13 14 15 16 17 18 19 20 21 22 23]]: [   0  114   65   55    7   42   36   67 1643   29   22 1970]
ntarget_updates[[12 13 14 15 16 17 18 19 20 21 22 23]]: [ 207  768  589  478  236  374  462  557 5874  338  278 6039]
thresholds[[12 13 14 15 16 17 18 19 20 21 22 23]]: [400. 400. 400. 400. 400. 400. 400. 400. 400. 400. 400. 400.]

target_updates[[24 25 26 27 28 29 30 31 32 33 34 35]]: [   1  639  822   16  162   15    7 1527   61    5   99  696]
ntarget_updates[[24 25 26 27 28 29 30 31 32 33 34 35]]: [ 134 1911 3634  234 1022  219  169 4579  356  168  519 3255]
thresholds[[24 25 26 27 28 29 30 31 32 33 34 35]]: [400. 400. 400. 400. 400. 400. 400. 400. 400. 400. 400. 400.]

target_updates[[36 37 38 39 40 41 42 43 44 45 46 47]]: [   0   27  147  414  910    2    3    8  136   40    8 2355]
ntarget_updates[[36 37 38 39 40 41 42 43 44 45 46 47]]: [ 226  389  640 2084 3718  268  267  264  816  450  209 6869]
thresholds[[36 37 38 39 40 41 42 43 44 45 46 47]]: [400. 400. 400. 400. 400. 400. 400. 400. 400. 400. 400. 400.]

target_updates[[48 49 50 51 52 53 54 55 56 57 58 59]]: [   0   15    2 1805 1273   73    3   20   21    9  822    7]
ntarget_updates[[48 49 50 51 52 53 54 55 56 57 58 59]]: [ 321  429  302 5445 4671  798  340  404  450  270 2384  386]
thresholds[[48 49 50 51 52 53 54 55 56 57 58 59]]: [400. 400. 400. 400. 400. 400. 400. 400. 400. 400. 400. 400.]

=== Layer 0 ===
	Mean activate weights: 0.30000001192092896 +- 0.2630999982357025 (min:0.0 ; max:1.0)
	Min firing time: 0.9975413084030151 +- 0.0006751652108505368
	Mean firing time: 0.9980230331420898 +- 0.0006236405461095273
Accuracy on training set after epoch 18: 0.4699
Accuracy on validation set after epoch 18: 0.4471
Accuracy on test set after epoch 18: 0.464
neuron 2 Cannot activate next neuron, all neurons of class 0 are already active
neuron 23 Cannot activate next neuron, all neurons of class 1 are already active
neuron 31 Cannot activate next neuron, all neurons of class 2 are already active
neuron 47 Cannot activate next neuron, all neurons of class 3 are already active
neuron 51 Cannot activate next neuron, all neurons of class 4 are already active
Epoch 19: Train Acc 0.4714
[INFO] Active neurons total=60, per-class=[12, 12, 12, 12, 12], pre=60, post_grow=60, post_prune=60, grew=0, pruned=0
[INFO] Class difficulty=[0.871999979019165, 0.8209999799728394, 0.7919999957084656, 0.7149999737739563, 0.6209999918937683], hardness=[1.0, 0.75, 0.5, 0.25, 0.0], grew_per_class=[0, 0, 0, 0, 0], pruned_per_class=[0, 0, 0, 0, 0]
target_updates[[ 0  1  2  3  4  5  6  7  8  9 10 11]]: [  0   4 856  10 660 649  66  16 795 534 421  39]
ntarget_updates[[ 0  1  2  3  4  5  6  7  8  9 10 11]]: [ 162  180 2598  245 2732 3005  500  283 2593 2136 1446  320]
thresholds[[ 0  1  2  3  4  5  6  7  8  9 10 11]]: [400. 400. 400. 400. 400. 400. 400. 400. 400. 400. 400. 400.]

target_updates[[12 13 14 15 16 17 18 19 20 21 22 23]]: [   0  107   63   53    6   42   36   63 1653   29   23 1975]
ntarget_updates[[12 13 14 15 16 17 18 19 20 21 22 23]]: [ 188  719  587  459  221  386  464  515 5971  332  273 6085]
thresholds[[12 13 14 15 16 17 18 19 20 21 22 23]]: [400. 400. 400. 400. 400. 400. 400. 400. 400. 400. 400. 400.]

target_updates[[24 25 26 27 28 29 30 31 32 33 34 35]]: [   1  668  835   17  158   14    7 1493   56    6   97  698]
ntarget_updates[[24 25 26 27 28 29 30 31 32 33 34 35]]: [ 127 2009 3677  217 1019  209  166 4476  337  165  515 3283]
thresholds[[24 25 26 27 28 29 30 31 32 33 34 35]]: [400. 400. 400. 400. 400. 400. 400. 400. 400. 400. 400. 400.]

target_updates[[36 37 38 39 40 41 42 43 44 45 46 47]]: [   0   22  128  418  944    2    4    8  136   38    7 2343]
ntarget_updates[[36 37 38 39 40 41 42 43 44 45 46 47]]: [ 219  354  562 2125 3852  264  256  264  822  420  206 6856]
thresholds[[36 37 38 39 40 41 42 43 44 45 46 47]]: [400. 400. 400. 400. 400. 400. 400. 400. 400. 400. 400. 400.]

target_updates[[48 49 50 51 52 53 54 55 56 57 58 59]]: [   0   15    2 1801 1262   73    7   19   19    8  837    7]
ntarget_updates[[48 49 50 51 52 53 54 55 56 57 58 59]]: [ 301  413  297 5438 4695  782  329  386  428  261 2492  378]
thresholds[[48 49 50 51 52 53 54 55 56 57 58 59]]: [400. 400. 400. 400. 400. 400. 400. 400. 400. 400. 400. 400.]

=== Layer 0 ===
	Mean activate weights: 0.30000001192092896 +- 0.2669000029563904 (min:0.0 ; max:1.0)
	Min firing time: 0.9975382685661316 +- 0.0006747986772097647
	Mean firing time: 0.998023509979248 +- 0.0006234697066247463
Accuracy on training set after epoch 19: 0.4714
Accuracy on validation set after epoch 19: 0.4444
Accuracy on test set after epoch 19: 0.4646
neuron 2 Cannot activate next neuron, all neurons of class 0 are already active
neuron 23 Cannot activate next neuron, all neurons of class 1 are already active
neuron 31 Cannot activate next neuron, all neurons of class 2 are already active
neuron 47 Cannot activate next neuron, all neurons of class 3 are already active
neuron 51 Cannot activate next neuron, all neurons of class 4 are already active
Epoch 20: Train Acc 0.4727
[INFO] Active neurons total=60, per-class=[12, 12, 12, 12, 12], pre=60, post_grow=60, post_prune=60, grew=0, pruned=0
[INFO] Class difficulty=[0.8690000176429749, 0.8240000009536743, 0.7910000085830688, 0.7110000252723694, 0.6230000257492065], hardness=[1.0, 0.75, 0.5, 0.25, 0.0], grew_per_class=[0, 0, 0, 0, 0], pruned_per_class=[0, 0, 0, 0, 0]
target_updates[[ 0  1  2  3  4  5  6  7  8  9 10 11]]: [  0   5 863   9 646 657  67  15 787 542 420  39]
ntarget_updates[[ 0  1  2  3  4  5  6  7  8  9 10 11]]: [ 157  172 2632  244 2692 3010  497  264 2569 2160 1483  320]
thresholds[[ 0  1  2  3  4  5  6  7  8  9 10 11]]: [400. 400. 400. 400. 400. 400. 400. 400. 400. 400. 400. 400.]

target_updates[[12 13 14 15 16 17 18 19 20 21 22 23]]: [   1  103   62   53    6   41   35   55 1667   27   23 1977]
ntarget_updates[[12 13 14 15 16 17 18 19 20 21 22 23]]: [ 189  708  575  436  203  390  445  471 6032  325  276 6150]
thresholds[[12 13 14 15 16 17 18 19 20 21 22 23]]: [400. 400. 400. 400. 400. 400. 400. 400. 400. 400. 400. 400.]

target_updates[[24 25 26 27 28 29 30 31 32 33 34 35]]: [   1  690  846   16  156   12    7 1462   54    6   92  708]
ntarget_updates[[24 25 26 27 28 29 30 31 32 33 34 35]]: [ 125 2076 3722  211  996  194  162 4429  313  159  499 3314]
thresholds[[24 25 26 27 28 29 30 31 32 33 34 35]]: [400. 400. 400. 400. 400. 400. 400. 400. 400. 400. 400. 400.]

target_updates[[36 37 38 39 40 41 42 43 44 45 46 47]]: [   0   19   95  433  985    2    3    8  138   34    7 2326]
ntarget_updates[[36 37 38 39 40 41 42 43 44 45 46 47]]: [ 214  333  482 2188 3932  259  250  257  828  407  198 6852]
thresholds[[36 37 38 39 40 41 42 43 44 45 46 47]]: [400. 400. 400. 400. 400. 400. 400. 400. 400. 400. 400. 400.]

target_updates[[48 49 50 51 52 53 54 55 56 57 58 59]]: [   0   15    2 1800 1264   73    8   19   18    9  835    7]
ntarget_updates[[48 49 50 51 52 53 54 55 56 57 58 59]]: [ 293  400  282 5446 4708  783  323  379  408  243 2570  365]
thresholds[[48 49 50 51 52 53 54 55 56 57 58 59]]: [400. 400. 400. 400. 400. 400. 400. 400. 400. 400. 400. 400.]

=== Layer 0 ===
	Mean activate weights: 0.30000001192092896 +- 0.2705000042915344 (min:0.0 ; max:1.0)
	Min firing time: 0.9975355863571167 +- 0.0006744618876837194
	Mean firing time: 0.9980241060256958 +- 0.0006233067833818495
Accuracy on training set after epoch 20: 0.4727
Accuracy on validation set after epoch 20: 0.4449
Accuracy on test set after epoch 20: 0.4662
neuron 2 Cannot activate next neuron, all neurons of class 0 are already active
neuron 23 Cannot activate next neuron, all neurons of class 1 are already active
neuron 31 Cannot activate next neuron, all neurons of class 2 are already active
neuron 47 Cannot activate next neuron, all neurons of class 3 are already active
neuron 51 Cannot activate next neuron, all neurons of class 4 are already active
Epoch 21: Train Acc 0.4727
[INFO] Active neurons total=60, per-class=[12, 12, 12, 12, 12], pre=60, post_grow=60, post_prune=60, grew=0, pruned=0
[INFO] Class difficulty=[0.8669999837875366, 0.8259999752044678, 0.7900000214576721, 0.7110000252723694, 0.6240000128746033], hardness=[1.0, 0.75, 0.5, 0.25, 0.0], grew_per_class=[0, 0, 0, 0, 0], pruned_per_class=[0, 0, 0, 0, 0]
target_updates[[ 0  1  2  3  4  5  6  7  8  9 10 11]]: [  0   5 857   9 636 664  66  13 781 551 427  41]
ntarget_updates[[ 0  1  2  3  4  5  6  7  8  9 10 11]]: [ 156  178 2622  232 2646 3029  488  244 2570 2215 1505  315]
thresholds[[ 0  1  2  3  4  5  6  7  8  9 10 11]]: [400. 400. 400. 400. 400. 400. 400. 400. 400. 400. 400. 400.]

target_updates[[12 13 14 15 16 17 18 19 20 21 22 23]]: [   1  101   62   50    6   41   36   51 1671   27   23 1981]
ntarget_updates[[12 13 14 15 16 17 18 19 20 21 22 23]]: [ 171  682  570  403  203  394  435  424 6119  319  275 6205]
thresholds[[12 13 14 15 16 17 18 19 20 21 22 23]]: [400. 400. 400. 400. 400. 400. 400. 400. 400. 400. 400. 400.]

target_updates[[24 25 26 27 28 29 30 31 32 33 34 35]]: [   1  707  861   17  154   11    7 1434   51    8   90  709]
ntarget_updates[[24 25 26 27 28 29 30 31 32 33 34 35]]: [ 114 2154 3775  207 1003  181  146 4374  301  147  476 3322]
thresholds[[24 25 26 27 28 29 30 31 32 33 34 35]]: [400. 400. 400. 400. 400. 400. 400. 400. 400. 400. 400. 400.]

target_updates[[36 37 38 39 40 41 42 43 44 45 46 47]]: [   0   17   76  442 1010    3    2    7  142   34    6 2311]
ntarget_updates[[36 37 38 39 40 41 42 43 44 45 46 47]]: [ 210  305  401 2213 4047  245  248  245  850  384  204 6848]
thresholds[[36 37 38 39 40 41 42 43 44 45 46 47]]: [400. 400. 400. 400. 400. 400. 400. 400. 400. 400. 400. 400.]

target_updates[[48 49 50 51 52 53 54 55 56 57 58 59]]: [   0   15    2 1790 1267   72    9   20   19    9  840    7]
ntarget_updates[[48 49 50 51 52 53 54 55 56 57 58 59]]: [ 278  377  270 5451 4727  774  312  371  404  240 2637  359]
thresholds[[48 49 50 51 52 53 54 55 56 57 58 59]]: [400. 400. 400. 400. 400. 400. 400. 400. 400. 400. 400. 400.]

=== Layer 0 ===
	Mean activate weights: 0.30000001192092896 +- 0.27379998564720154 (min:0.0 ; max:1.0)
	Min firing time: 0.9975332021713257 +- 0.0006741812685504556
	Mean firing time: 0.9980247020721436 +- 0.0006231447914615273
Accuracy on training set after epoch 21: 0.4727
Accuracy on validation set after epoch 21: 0.4458
Accuracy on test set after epoch 21: 0.466
neuron 2 Cannot activate next neuron, all neurons of class 0 are already active
neuron 23 Cannot activate next neuron, all neurons of class 1 are already active
neuron 31 Cannot activate next neuron, all neurons of class 2 are already active
neuron 47 Cannot activate next neuron, all neurons of class 3 are already active
neuron 51 Cannot activate next neuron, all neurons of class 4 are already active
Epoch 22: Train Acc 0.4730
[INFO] Active neurons total=60, per-class=[12, 12, 12, 12, 12], pre=60, post_grow=60, post_prune=60, grew=0, pruned=0
[INFO] Class difficulty=[0.8650000095367432, 0.8289999961853027, 0.7889999747276306, 0.7089999914169312, 0.6259999871253967], hardness=[1.0, 0.75, 0.5, 0.25, 0.0], grew_per_class=[0, 0, 0, 0, 0], pruned_per_class=[0, 0, 0, 0, 0]
target_updates[[ 0  1  2  3  4  5  6  7  8  9 10 11]]: [  0   5 853   9 628 673  65  13 768 563 431  42]
ntarget_updates[[ 0  1  2  3  4  5  6  7  8  9 10 11]]: [ 148  172 2626  224 2609 3051  474  230 2541 2281 1529  315]
thresholds[[ 0  1  2  3  4  5  6  7  8  9 10 11]]: [400. 400. 400. 400. 400. 400. 400. 400. 400. 400. 400. 400.]

target_updates[[12 13 14 15 16 17 18 19 20 21 22 23]]: [   1   96   60   46    6   36   37   49 1676   25   23 1995]
ntarget_updates[[12 13 14 15 16 17 18 19 20 21 22 23]]: [ 165  661  555  398  186  365  451  422 6180  304  274 6239]
thresholds[[12 13 14 15 16 17 18 19 20 21 22 23]]: [400. 400. 400. 400. 400. 400. 400. 400. 400. 400. 400. 400.]

target_updates[[24 25 26 27 28 29 30 31 32 33 34 35]]: [   1  728  869   17  152   11    7 1408   50    8   88  711]
ntarget_updates[[24 25 26 27 28 29 30 31 32 33 34 35]]: [ 110 2224 3815  195  994  168  148 4322  285  141  467 3331]
thresholds[[24 25 26 27 28 29 30 31 32 33 34 35]]: [400. 400. 400. 400. 400. 400. 400. 400. 400. 400. 400. 400.]

target_updates[[36 37 38 39 40 41 42 43 44 45 46 47]]: [   0   15   62  449 1031    3    2    7  142   34    5 2300]
ntarget_updates[[36 37 38 39 40 41 42 43 44 45 46 47]]: [ 205  300  350 2238 4114  246  240  242  850  378  197 6840]
thresholds[[36 37 38 39 40 41 42 43 44 45 46 47]]: [400. 400. 400. 400. 400. 400. 400. 400. 400. 400. 400. 400.]

target_updates[[48 49 50 51 52 53 54 55 56 57 58 59]]: [   0   14    2 1788 1265   73   10   20   18   11  842    7]
ntarget_updates[[48 49 50 51 52 53 54 55 56 57 58 59]]: [ 266  360  260 5478 4734  776  297  352  395  237 2695  350]
thresholds[[48 49 50 51 52 53 54 55 56 57 58 59]]: [400. 400. 400. 400. 400. 400. 400. 400. 400. 400. 400. 400.]

=== Layer 0 ===
	Mean activate weights: 0.30000001192092896 +- 0.2768999934196472 (min:0.0 ; max:1.0)
	Min firing time: 0.9975310564041138 +- 0.0006739595555700362
	Mean firing time: 0.9980251789093018 +- 0.0006229958962649107
Accuracy on training set after epoch 22: 0.473
Accuracy on validation set after epoch 22: 0.4471
Accuracy on test set after epoch 22: 0.465
neuron 2 Cannot activate next neuron, all neurons of class 0 are already active
neuron 23 Cannot activate next neuron, all neurons of class 1 are already active
neuron 31 Cannot activate next neuron, all neurons of class 2 are already active
neuron 47 Cannot activate next neuron, all neurons of class 3 are already active
neuron 51 Cannot activate next neuron, all neurons of class 4 are already active
Epoch 23: Train Acc 0.4735
[INFO] Active neurons total=60, per-class=[12, 12, 12, 12, 12], pre=60, post_grow=60, post_prune=60, grew=0, pruned=0
[INFO] Class difficulty=[0.8629999756813049, 0.8299999833106995, 0.7879999876022339, 0.7080000042915344, 0.6269999742507935], hardness=[1.0, 0.75, 0.5, 0.25, 0.0], grew_per_class=[0, 0, 0, 0, 0], pruned_per_class=[0, 0, 0, 0, 0]
target_updates[[ 0  1  2  3  4  5  6  7  8  9 10 11]]: [  0   5 845   9 621 681  67  12 760 573 434  43]
ntarget_updates[[ 0  1  2  3  4  5  6  7  8  9 10 11]]: [ 144  164 2600  218 2574 3076  471  219 2518 2337 1568  311]
thresholds[[ 0  1  2  3  4  5  6  7  8  9 10 11]]: [400. 400. 400. 400. 400. 400. 400. 400. 400. 400. 400. 400.]

target_updates[[12 13 14 15 16 17 18 19 20 21 22 23]]: [   1   94   56   43    6   36   37   46 1687   27   23 1994]
ntarget_updates[[12 13 14 15 16 17 18 19 20 21 22 23]]: [ 168  646  541  375  195  357  447  407 6240  297  257 6270]
thresholds[[12 13 14 15 16 17 18 19 20 21 22 23]]: [400. 400. 400. 400. 400. 400. 400. 400. 400. 400. 400. 400.]

target_updates[[24 25 26 27 28 29 30 31 32 33 34 35]]: [   1  747  875   16  146   10    7 1387   49    8   89  715]
ntarget_updates[[24 25 26 27 28 29 30 31 32 33 34 35]]: [ 101 2285 3836  188  975  160  145 4270  282  135  473 3350]
thresholds[[24 25 26 27 28 29 30 31 32 33 34 35]]: [400. 400. 400. 400. 400. 400. 400. 400. 400. 400. 400. 400.]

target_updates[[36 37 38 39 40 41 42 43 44 45 46 47]]: [   0   13   55  457 1046    4    1    6  144   35    4 2285]
ntarget_updates[[36 37 38 39 40 41 42 43 44 45 46 47]]: [ 196  278  313 2269 4183  251  241  234  852  368  191 6824]
thresholds[[36 37 38 39 40 41 42 43 44 45 46 47]]: [400. 400. 400. 400. 400. 400. 400. 400. 400. 400. 400. 400.]

target_updates[[48 49 50 51 52 53 54 55 56 57 58 59]]: [   0   14    2 1788 1263   72   11   20   19   10  844    7]
ntarget_updates[[48 49 50 51 52 53 54 55 56 57 58 59]]: [ 253  344  252 5506 4748  758  295  344  385  234 2750  331]
thresholds[[48 49 50 51 52 53 54 55 56 57 58 59]]: [400. 400. 400. 400. 400. 400. 400. 400. 400. 400. 400. 400.]

=== Layer 0 ===
	Mean activate weights: 0.30000001192092896 +- 0.2797999978065491 (min:0.0 ; max:1.0)
	Min firing time: 0.9975292086601257 +- 0.0006737791700288653
	Mean firing time: 0.99802565574646 +- 0.000622856430709362
Accuracy on training set after epoch 23: 0.4735
Accuracy on validation set after epoch 23: 0.4444
[INFO] Early stopping triggered (max val_acc:0.4471111111111111)
Accuracy on test set after epoch 23: 0.4666
