/Users/sangkiko/SpikeNN/.venv/lib/python3.9/site-packages/urllib3/__init__.py:35: NotOpenSSLWarning: urllib3 v2 only supports OpenSSL 1.1.1+, currently the 'ssl' module is compiled with 'LibreSSL 2.8.3'. See: https://github.com/urllib3/urllib3/issues/3020
  warnings.warn(
Epoch 0: Train Acc 0.3658
[INFO] Active neurons total=60, per-class=[12, 12, 12, 12, 12], pre=60, post_grow=60, post_prune=60, grew=0, pruned=0
[INFO] Class difficulty=[0.972000002861023, 0.9150000214576721, 0.8870000243186951, 0.6610000133514404, 0.6510000228881836], hardness=[1.0, 0.75, 0.5, 0.25, 0.0], grew_per_class=[0, 0, 0, 0, 0], pruned_per_class=[0, 0, 0, 0, 0]
target_updates[[ 0  1  2  3  4  5  6  7  8  9 10 11]]: [596 362 357 358 359 363 349 340 343 367 360 346]
ntarget_updates[[ 0  1  2  3  4  5  6  7  8  9 10 11]]: [ 663 1488 1698 1683 1529 1517 1699 1493 1561 1562 1575 1532]
thresholds[[ 0  1  2  3  4  5  6  7  8  9 10 11]]: [400. 405. 406. 404. 402. 404. 402. 406. 407. 405. 404. 403.]

target_updates[[12 13 14 15 16 17 18 19 20 21 22 23]]: [655 360 363 357 346 371 337 349 348 327 343 344]
ntarget_updates[[12 13 14 15 16 17 18 19 20 21 22 23]]: [ 796 1454 1420 1545 1431 1612 1528 1583 1652 1902 1318 1759]
thresholds[[12 13 14 15 16 17 18 19 20 21 22 23]]: [400. 404. 404. 404. 406. 409. 407. 404. 402. 406. 402. 405.]

target_updates[[24 25 26 27 28 29 30 31 32 33 34 35]]: [470 353 370 365 380 374 379 355 371 358 359 366]
ntarget_updates[[24 25 26 27 28 29 30 31 32 33 34 35]]: [1057 1448 1631 1605 1586 1534 1455 1515 1521 1576 1597 1475]
thresholds[[24 25 26 27 28 29 30 31 32 33 34 35]]: [400. 405. 403. 401. 407. 406. 405. 401. 405. 405. 404. 406.]

target_updates[[36 37 38 39 40 41 42 43 44 45 46 47]]: [126 402 400 397 397 398 391 402 391 403 400 393]
ntarget_updates[[36 37 38 39 40 41 42 43 44 45 46 47]]: [ 769 1644 1461 1549 1602 1475 1655 1585 1712 1537 1587 1424]
thresholds[[36 37 38 39 40 41 42 43 44 45 46 47]]: [400. 405. 403. 405. 408. 403. 405. 403. 406. 402. 405. 403.]

target_updates[[48 49 50 51 52 53 54 55 56 57 58 59]]: [251 387 394 376 381 396 389 383 383 386 394 380]
ntarget_updates[[48 49 50 51 52 53 54 55 56 57 58 59]]: [1611 1494 1365 1848 1678 1247 1321 1319 1763 1376 1569 1409]
thresholds[[48 49 50 51 52 53 54 55 56 57 58 59]]: [400. 408. 404. 403. 405. 407. 404. 404. 402. 406. 408. 408.]

=== Layer 0 ===
	Mean activate weights: 0.30000001192092896 +- 0.017799999564886093 (min:0.2290000021457672 ; max:0.4009999930858612)
	Min firing time: 0.9849966764450073 +- 0.007068749517202377
	Mean firing time: 0.9853123426437378 +- 0.0070339287631213665
Accuracy on training set after epoch 0: 0.3658
Accuracy on validation set after epoch 0: 0.5924
Accuracy on test set after epoch 0: 0.5812
Epoch 1: Train Acc 0.5289
[INFO] Active neurons total=60, per-class=[12, 12, 12, 12, 12], pre=60, post_grow=60, post_prune=60, grew=0, pruned=0
[INFO] Class difficulty=[0.9049999713897705, 0.8360000252723694, 0.7429999709129333, 0.5979999899864197, 0.5960000157356262], hardness=[1.0, 0.75, 0.5, 0.25, 0.0], grew_per_class=[0, 0, 0, 0, 0], pruned_per_class=[0, 0, 0, 0, 0]
target_updates[[ 0  1  2  3  4  5  6  7  8  9 10 11]]: [122 406 403 392 398 406 396 376 403 407 393 398]
ntarget_updates[[ 0  1  2  3  4  5  6  7  8  9 10 11]]: [ 782 1511 1594 1561 1700 1434 1706 1620 1524 1454 1547 1567]
thresholds[[ 0  1  2  3  4  5  6  7  8  9 10 11]]: [400. 405. 406. 406. 405. 406. 404. 402. 408. 407. 402. 404.]

target_updates[[12 13 14 15 16 17 18 19 20 21 22 23]]: [ 87 411 403 408 406 396 403 402 402 380 403 399]
ntarget_updates[[12 13 14 15 16 17 18 19 20 21 22 23]]: [ 937 1230 1067 1250  997 2362 1576 1648 1432 2301 1026 2174]
thresholds[[12 13 14 15 16 17 18 19 20 21 22 23]]: [400. 409. 404. 405. 403. 404. 403. 401. 405. 404. 404. 405.]

target_updates[[24 25 26 27 28 29 30 31 32 33 34 35]]: [ 37 404 409 410 409 407 409 403 398 403 406 405]
ntarget_updates[[24 25 26 27 28 29 30 31 32 33 34 35]]: [1541 1467 1450 1412 1406 1422 1498 1616 1497 1736 1515 1440]
thresholds[[24 25 26 27 28 29 30 31 32 33 34 35]]: [400. 401. 404. 403. 405. 405. 403. 402. 404. 404. 401. 403.]

target_updates[[36 37 38 39 40 41 42 43 44 45 46 47]]: [  6 409 410 409 408 408 407 408 407 410 410 408]
ntarget_updates[[36 37 38 39 40 41 42 43 44 45 46 47]]: [1169 1534 1429 1439 1562 1546 1612 1572 1549 1568 1592 1428]
thresholds[[36 37 38 39 40 41 42 43 44 45 46 47]]: [400. 404. 404. 404. 403. 404. 403. 401. 404. 403. 404. 403.]

target_updates[[48 49 50 51 52 53 54 55 56 57 58 59]]: [ 41 403 408 395 399 412 411 410 395 408 408 410]
ntarget_updates[[48 49 50 51 52 53 54 55 56 57 58 59]]: [2838 1285 1244 1864 1893  913 1242 1274 1860  945 1435 1207]
thresholds[[48 49 50 51 52 53 54 55 56 57 58 59]]: [400. 406. 404. 402. 403. 409. 409. 406. 402. 405. 402. 409.]

=== Layer 0 ===
	Mean activate weights: 0.30000001192092896 +- 0.026799999177455902 (min:0.1850000023841858 ; max:0.4410000145435333)
	Min firing time: 0.9845917820930481 +- 0.00708452332764864
	Mean firing time: 0.9853205680847168 +- 0.007023055572062731
Accuracy on training set after epoch 1: 0.5289
Accuracy on validation set after epoch 1: 0.6232
Accuracy on test set after epoch 1: 0.6196
Epoch 2: Train Acc 0.5803
[INFO] Active neurons total=60, per-class=[12, 12, 12, 12, 12], pre=60, post_grow=60, post_prune=60, grew=0, pruned=0
[INFO] Class difficulty=[0.8560000061988831, 0.8040000200271606, 0.7099999785423279, 0.5960000157356262, 0.5839999914169312], hardness=[1.0, 0.75, 0.5, 0.25, 0.0], grew_per_class=[0, 0, 0, 0, 0], pruned_per_class=[0, 0, 0, 0, 0]
target_updates[[ 0  1  2  3  4  5  6  7  8  9 10 11]]: [ 58 410 406 404 398 408 407 384 411 408 395 411]
ntarget_updates[[ 0  1  2  3  4  5  6  7  8  9 10 11]]: [ 961 1518 1541 1455 1894 1343 1713 1667 1502 1430 1474 1502]
thresholds[[ 0  1  2  3  4  5  6  7  8  9 10 11]]: [400. 406. 406. 406. 404. 405. 406. 401. 408. 406. 402. 405.]

target_updates[[12 13 14 15 16 17 18 19 20 21 22 23]]: [ 29 416 409 411 410 388 406 405 413 395 411 407]
ntarget_updates[[12 13 14 15 16 17 18 19 20 21 22 23]]: [1068 1246  942 1181  795 3089 1499 1765 1180 2347  789 2099]
thresholds[[12 13 14 15 16 17 18 19 20 21 22 23]]: [400. 409. 403. 405. 402. 400. 403. 402. 407. 402. 404. 404.]

target_updates[[24 25 26 27 28 29 30 31 32 33 34 35]]: [ 28 412 411 407 410 408 408 402 401 401 405 407]
ntarget_updates[[24 25 26 27 28 29 30 31 32 33 34 35]]: [2806 1266 1396 1330 1137 1148 1344 1596 1551 1683 1391 1352]
thresholds[[24 25 26 27 28 29 30 31 32 33 34 35]]: [400. 405. 404. 403. 404. 403. 401. 403. 402. 403. 401. 404.]

target_updates[[36 37 38 39 40 41 42 43 44 45 46 47]]: [  4 410 412 408 410 409 411 409 407 410 413 397]
ntarget_updates[[36 37 38 39 40 41 42 43 44 45 46 47]]: [1828 1476 1356 1370 1483 1525 1505 1530 1532 1430 1486 1479]
thresholds[[36 37 38 39 40 41 42 43 44 45 46 47]]: [400. 402. 404. 402. 403. 404. 403. 403. 401. 405. 405. 403.]

target_updates[[48 49 50 51 52 53 54 55 56 57 58 59]]: [ 31 404 413 390 399 415 415 408 397 409 409 410]
ntarget_updates[[48 49 50 51 52 53 54 55 56 57 58 59]]: [4722 1162 1207 1410 1495  820 1078 1132 1758  721 1180 1315]
thresholds[[48 49 50 51 52 53 54 55 56 57 58 59]]: [400. 407. 406. 400. 402. 409. 409. 403. 403. 405. 402. 405.]

=== Layer 0 ===
	Mean activate weights: 0.30000001192092896 +- 0.0340999998152256 (min:0.14800000190734863 ; max:0.4860000014305115)
	Min firing time: 0.9842774271965027 +- 0.00712372362613678
	Mean firing time: 0.9853242039680481 +- 0.007015130948275328
Accuracy on training set after epoch 2: 0.5803
Accuracy on validation set after epoch 2: 0.644
Accuracy on test set after epoch 2: 0.6412
Epoch 3: Train Acc 0.6180
[INFO] Active neurons total=60, per-class=[12, 12, 12, 12, 12], pre=60, post_grow=60, post_prune=60, grew=0, pruned=0
[INFO] Class difficulty=[0.8159999847412109, 0.7839999794960022, 0.6869999766349792, 0.5920000076293945, 0.5759999752044678], hardness=[1.0, 0.75, 0.5, 0.25, 0.0], grew_per_class=[0, 0, 0, 0, 0], pruned_per_class=[0, 0, 0, 0, 0]
target_updates[[ 0  1  2  3  4  5  6  7  8  9 10 11]]: [ 37 413 415 399 404 408 413 394 416 410 375 416]
ntarget_updates[[ 0  1  2  3  4  5  6  7  8  9 10 11]]: [1364 1472 1461 1492 1902 1234 1685 1604 1526 1370 1456 1434]
thresholds[[ 0  1  2  3  4  5  6  7  8  9 10 11]]: [400. 405. 407. 404. 404. 403. 406. 401. 407. 404. 402. 406.]

target_updates[[12 13 14 15 16 17 18 19 20 21 22 23]]: [ 15 420 409 415 412 380 404 405 422 404 405 409]
ntarget_updates[[12 13 14 15 16 17 18 19 20 21 22 23]]: [1126 1105  902 1067  751 3687 1442 1926 1098 2267  653 1976]
thresholds[[12 13 14 15 16 17 18 19 20 21 22 23]]: [400. 408. 403. 405. 403. 400. 402. 401. 408. 402. 403. 402.]

target_updates[[24 25 26 27 28 29 30 31 32 33 34 35]]: [ 33 412 411 411 414 411 410 393 395 395 408 407]
ntarget_updates[[24 25 26 27 28 29 30 31 32 33 34 35]]: [3850 1192 1300 1259  982 1037 1150 1574 1438 1658 1243 1317]
thresholds[[24 25 26 27 28 29 30 31 32 33 34 35]]: [400. 404. 403. 403. 403. 403. 402. 402. 402. 402. 402. 402.]

target_updates[[36 37 38 39 40 41 42 43 44 45 46 47]]: [  6 413 415 412 409 409 411 409 406 414 416 380]
ntarget_updates[[36 37 38 39 40 41 42 43 44 45 46 47]]: [2615 1336 1287 1364 1431 1490 1420 1425 1423 1355 1388 1466]
thresholds[[36 37 38 39 40 41 42 43 44 45 46 47]]: [400. 403. 404. 403. 403. 403. 402. 402. 402. 403. 404. 402.]

target_updates[[48 49 50 51 52 53 54 55 56 57 58 59]]: [ 31 412 415 395 377 419 422 405 398 405 413 408]
ntarget_updates[[48 49 50 51 52 53 54 55 56 57 58 59]]: [6252 1104  917 1331 1101  710  920 1118 1432  658 1011 1446]
thresholds[[48 49 50 51 52 53 54 55 56 57 58 59]]: [400. 407. 404. 400. 401. 407. 408. 401. 402. 404. 403. 403.]

=== Layer 0 ===
	Mean activate weights: 0.30000001192092896 +- 0.04039999842643738 (min:0.1120000034570694 ; max:0.5320000052452087)
	Min firing time: 0.9840214252471924 +- 0.007178091909736395
	Mean firing time: 0.9853271842002869 +- 0.007009678985923529
Accuracy on training set after epoch 3: 0.618
Accuracy on validation set after epoch 3: 0.6568
Accuracy on test set after epoch 3: 0.6574
Epoch 4: Train Acc 0.6518
[INFO] Active neurons total=60, per-class=[12, 12, 12, 12, 12], pre=60, post_grow=60, post_prune=60, grew=0, pruned=0
[INFO] Class difficulty=[0.7820000052452087, 0.7639999985694885, 0.6700000166893005, 0.5849999785423279, 0.5699999928474426], hardness=[1.0, 0.75, 0.5, 0.25, 0.0], grew_per_class=[0, 0, 0, 0, 0], pruned_per_class=[0, 0, 0, 0, 0]
target_updates[[ 0  1  2  3  4  5  6  7  8  9 10 11]]: [ 25 419 428 388 399 416 419 403 420 408 349 426]
ntarget_updates[[ 0  1  2  3  4  5  6  7  8  9 10 11]]: [1787 1488 1354 1409 1954 1190 1520 1592 1516 1335 1443 1412]
thresholds[[ 0  1  2  3  4  5  6  7  8  9 10 11]]: [400. 406. 407. 403. 403. 404. 404. 401. 405. 403. 401. 405.]

target_updates[[12 13 14 15 16 17 18 19 20 21 22 23]]: [ 10 429 403 421 415 373 401 400 432 403 402 411]
ntarget_updates[[12 13 14 15 16 17 18 19 20 21 22 23]]: [1378 1003  908 1024  702 3757 1421 1904 1018 2337  629 1919]
thresholds[[12 13 14 15 16 17 18 19 20 21 22 23]]: [400. 407. 402. 404. 403. 400. 402. 401. 407. 401. 402. 402.]

target_updates[[24 25 26 27 28 29 30 31 32 33 34 35]]: [ 32 418 411 414 422 417 406 373 395 400 407 405]
ntarget_updates[[24 25 26 27 28 29 30 31 32 33 34 35]]: [4523 1125 1164 1229  895  933 1066 1534 1422 1692 1141 1276]
thresholds[[24 25 26 27 28 29 30 31 32 33 34 35]]: [400. 404. 404. 402. 404. 403. 402. 401. 402. 402. 401. 402.]

target_updates[[36 37 38 39 40 41 42 43 44 45 46 47]]: [  8 418 423 412 409 413 409 419 405 418 424 342]
ntarget_updates[[36 37 38 39 40 41 42 43 44 45 46 47]]: [3160 1284 1225 1341 1355 1454 1367 1410 1324 1348 1309 1423]
thresholds[[36 37 38 39 40 41 42 43 44 45 46 47]]: [400. 403. 404. 402. 403. 403. 402. 404. 402. 403. 405. 401.]

target_updates[[48 49 50 51 52 53 54 55 56 57 58 59]]: [ 30 420 413 400 335 429 430 409 407 395 419 413]
ntarget_updates[[48 49 50 51 52 53 54 55 56 57 58 59]]: [7223 1032  859 1180  876  669  863 1117 1269  570  932 1410]
thresholds[[48 49 50 51 52 53 54 55 56 57 58 59]]: [400. 406. 403. 401. 401. 407. 407. 401. 403. 404. 403. 402.]

=== Layer 0 ===
	Mean activate weights: 0.30000001192092896 +- 0.04600000008940697 (min:0.08100000023841858 ; max:0.5849999785423279)
	Min firing time: 0.983797550201416 +- 0.007237729150801897
	Mean firing time: 0.9853287935256958 +- 0.007005671504884958
Accuracy on training set after epoch 4: 0.6518
Accuracy on validation set after epoch 4: 0.6704
Accuracy on test set after epoch 4: 0.6698
Epoch 5: Train Acc 0.6832
[INFO] Active neurons total=60, per-class=[12, 12, 12, 12, 12], pre=60, post_grow=60, post_prune=60, grew=0, pruned=0
[INFO] Class difficulty=[0.746999979019165, 0.7450000047683716, 0.6579999923706055, 0.5770000219345093, 0.5649999976158142], hardness=[1.0, 0.75, 0.5, 0.25, 0.0], grew_per_class=[0, 0, 0, 0, 0], pruned_per_class=[0, 0, 0, 0, 0]
target_updates[[ 0  1  2  3  4  5  6  7  8  9 10 11]]: [ 21 433 447 348 395 426 428 408 427 397 335 435]
ntarget_updates[[ 0  1  2  3  4  5  6  7  8  9 10 11]]: [2144 1496 1255 1341 1912 1172 1459 1573 1507 1339 1462 1340]
thresholds[[ 0  1  2  3  4  5  6  7  8  9 10 11]]: [400. 405. 406. 401. 402. 404. 403. 401. 403. 402. 400. 404.]

target_updates[[12 13 14 15 16 17 18 19 20 21 22 23]]: [  7 452 388 430 412 352 400 392 451 405 393 418]
ntarget_updates[[12 13 14 15 16 17 18 19 20 21 22 23]]: [1816  972  887 1012  682 3567 1401 1833 1014 2338  599 1879]
thresholds[[12 13 14 15 16 17 18 19 20 21 22 23]]: [400. 407. 401. 404. 402. 400. 401. 401. 407. 401. 400. 402.]

target_updates[[24 25 26 27 28 29 30 31 32 33 34 35]]: [ 30 426 422 416 435 431 410 343 385 397 408 397]
ntarget_updates[[24 25 26 27 28 29 30 31 32 33 34 35]]: [4954 1074 1086 1201  842  897  996 1431 1391 1770 1110 1248]
thresholds[[24 25 26 27 28 29 30 31 32 33 34 35]]: [400. 404. 403. 402. 404. 404. 402. 400. 401. 401. 401. 401.]

target_updates[[36 37 38 39 40 41 42 43 44 45 46 47]]: [ 12 425 431 414 412 422 410 428 399 421 437 289]
ntarget_updates[[36 37 38 39 40 41 42 43 44 45 46 47]]: [3543 1262 1217 1286 1384 1445 1333 1370 1284 1276 1254 1346]
thresholds[[36 37 38 39 40 41 42 43 44 45 46 47]]: [400. 403. 403. 402. 402. 403. 402. 403. 401. 402. 405. 400.]

target_updates[[48 49 50 51 52 53 54 55 56 57 58 59]]: [ 33 435 412 403 271 441 444 416 417 379 428 421]
ntarget_updates[[48 49 50 51 52 53 54 55 56 57 58 59]]: [7796 1000  798 1089  723  656  840 1123 1172  490  878 1435]
thresholds[[48 49 50 51 52 53 54 55 56 57 58 59]]: [400. 405. 402. 401. 400. 405. 406. 402. 403. 402. 403. 403.]

=== Layer 0 ===
	Mean activate weights: 0.30000001192092896 +- 0.051100000739097595 (min:0.05700000002980232 ; max:0.6290000081062317)
	Min firing time: 0.9835916757583618 +- 0.007297508418560028
	Mean firing time: 0.9853293299674988 +- 0.007002080325037241
Accuracy on training set after epoch 5: 0.6832
Accuracy on validation set after epoch 5: 0.6808
Accuracy on test set after epoch 5: 0.6798
Epoch 6: Train Acc 0.7073
[INFO] Active neurons total=60, per-class=[12, 12, 12, 12, 12], pre=60, post_grow=60, post_prune=60, grew=0, pruned=0
[INFO] Class difficulty=[0.7229999899864197, 0.7279999852180481, 0.6480000019073486, 0.5720000267028809, 0.5600000023841858], hardness=[0.75, 1.0, 0.5, 0.25, 0.0], grew_per_class=[0, 0, 0, 0, 0], pruned_per_class=[0, 0, 0, 0, 0]
target_updates[[ 0  1  2  3  4  5  6  7  8  9 10 11]]: [ 18 448 464 296 400 432 435 418 428 397 314 450]
ntarget_updates[[ 0  1  2  3  4  5  6  7  8  9 10 11]]: [2482 1519 1180 1195 1850 1131 1458 1569 1478 1371 1461 1306]
thresholds[[ 0  1  2  3  4  5  6  7  8  9 10 11]]: [400. 403. 405. 400. 401. 402. 402. 401. 402. 402. 400. 403.]

target_updates[[12 13 14 15 16 17 18 19 20 21 22 23]]: [  7 485 378 441 416 333 395 378 483 393 364 427]
ntarget_updates[[12 13 14 15 16 17 18 19 20 21 22 23]]: [2328  974  859 1002  702 3347 1387 1777 1011 2212  559 1842]
thresholds[[12 13 14 15 16 17 18 19 20 21 22 23]]: [400. 406. 400. 403. 401. 400. 400. 401. 406. 400. 400. 402.]

target_updates[[24 25 26 27 28 29 30 31 32 33 34 35]]: [ 32 441 431 412 460 454 405 314 375 386 414 376]
ntarget_updates[[24 25 26 27 28 29 30 31 32 33 34 35]]: [5282 1081 1077 1159  806  882  931 1360 1357 1789 1064 1212]
thresholds[[24 25 26 27 28 29 30 31 32 33 34 35]]: [400. 403. 402. 401. 404. 404. 401. 400. 400. 400. 401. 400.]

target_updates[[36 37 38 39 40 41 42 43 44 45 46 47]]: [ 13 431 448 412 394 439 412 445 391 418 455 242]
ntarget_updates[[36 37 38 39 40 41 42 43 44 45 46 47]]: [3877 1258 1181 1267 1289 1447 1302 1386 1226 1250 1206 1311]
thresholds[[36 37 38 39 40 41 42 43 44 45 46 47]]: [400. 402. 403. 401. 401. 403. 401. 403. 401. 401. 404. 400.]

target_updates[[48 49 50 51 52 53 54 55 56 57 58 59]]: [ 32 457 383 412 205 469 474 423 429 341 442 433]
ntarget_updates[[48 49 50 51 52 53 54 55 56 57 58 59]]: [8213 1020  775 1033  562  659  834 1089 1092  462  852 1409]
thresholds[[48 49 50 51 52 53 54 55 56 57 58 59]]: [400. 404. 401. 401. 400. 405. 405. 401. 402. 401. 403. 402.]

=== Layer 0 ===
	Mean activate weights: 0.30000001192092896 +- 0.05570000037550926 (min:0.032999999821186066 ; max:0.6650000214576721)
	Min firing time: 0.9834081530570984 +- 0.007349876221269369
	Mean firing time: 0.9853308796882629 +- 0.006998000200837851
Accuracy on training set after epoch 6: 0.7073
Accuracy on validation set after epoch 6: 0.6856
Accuracy on test set after epoch 6: 0.6888
neuron 13 Cannot activate next neuron, all neurons of class 1 are already active
neuron 54 Cannot activate next neuron, all neurons of class 4 are already active
Epoch 7: Train Acc 0.7259
[INFO] Active neurons total=60, per-class=[12, 12, 12, 12, 12], pre=60, post_grow=60, post_prune=60, grew=0, pruned=0
[INFO] Class difficulty=[0.7049999833106995, 0.7170000076293945, 0.6399999856948853, 0.5669999718666077, 0.5559999942779541], hardness=[0.75, 1.0, 0.5, 0.25, 0.0], grew_per_class=[0, 0, 0, 0, 0], pruned_per_class=[0, 0, 0, 0, 0]
target_updates[[ 0  1  2  3  4  5  6  7  8  9 10 11]]: [ 17 478 472 274 385 432 444 419 423 381 312 463]
ntarget_updates[[ 0  1  2  3  4  5  6  7  8  9 10 11]]: [2829 1552 1082 1174 1732 1094 1442 1539 1462 1316 1483 1295]
thresholds[[ 0  1  2  3  4  5  6  7  8  9 10 11]]: [400. 403. 403. 400. 400. 401. 401. 401. 401. 401. 400. 402.]

target_updates[[12 13 14 15 16 17 18 19 20 21 22 23]]: [  8 523 368 445 396 326 391 356 523 379 356 429]
ntarget_updates[[12 13 14 15 16 17 18 19 20 21 22 23]]: [2644  953  853 1020  674 3270 1389 1708 1044 2111  552 1782]
thresholds[[12 13 14 15 16 17 18 19 20 21 22 23]]: [400. 405. 400. 402. 400. 400. 400. 400. 405. 400. 400. 401.]

target_updates[[24 25 26 27 28 29 30 31 32 33 34 35]]: [ 34 457 447 388 490 483 392 287 371 379 419 353]
ntarget_updates[[24 25 26 27 28 29 30 31 32 33 34 35]]: [5505 1085 1027 1106  792  912  886 1293 1333 1826 1059 1176]
thresholds[[24 25 26 27 28 29 30 31 32 33 34 35]]: [400. 402. 402. 400. 403. 403. 400. 400. 400. 400. 401. 400.]

target_updates[[36 37 38 39 40 41 42 43 44 45 46 47]]: [ 13 438 470 404 373 464 409 467 367 402 481 212]
ntarget_updates[[36 37 38 39 40 41 42 43 44 45 46 47]]: [4158 1222 1156 1228 1255 1452 1286 1415 1167 1174 1216 1271]
thresholds[[36 37 38 39 40 41 42 43 44 45 46 47]]: [400. 401. 402. 400. 401. 402. 401. 402. 400. 400. 403. 400.]

target_updates[[48 49 50 51 52 53 54 55 56 57 58 59]]: [ 30 473 346 413 135 502 529 418 455 294 459 446]
ntarget_updates[[48 49 50 51 52 53 54 55 56 57 58 59]]: [8511 1023  730  994  448  694  840 1060 1056  405  845 1394]
thresholds[[48 49 50 51 52 53 54 55 56 57 58 59]]: [400. 403. 400. 401. 400. 404. 405. 401. 402. 401. 402. 402.]

=== Layer 0 ===
	Mean activate weights: 0.30000001192092896 +- 0.05979999899864197 (min:0.010999999940395355 ; max:0.6959999799728394)
	Min firing time: 0.9832468628883362 +- 0.007395941298455
	Mean firing time: 0.9853342771530151 +- 0.006993448827415705
Accuracy on training set after epoch 7: 0.7259
Accuracy on validation set after epoch 7: 0.6896
Accuracy on test set after epoch 7: 0.6958
neuron 20 Cannot activate next neuron, all neurons of class 1 are already active
neuron 28 Cannot activate next neuron, all neurons of class 2 are already active
neuron 46 Cannot activate next neuron, all neurons of class 3 are already active
neuron 54 Cannot activate next neuron, all neurons of class 4 are already active
Epoch 8: Train Acc 0.7405
[INFO] Active neurons total=60, per-class=[12, 12, 12, 12, 12], pre=60, post_grow=60, post_prune=60, grew=0, pruned=0
[INFO] Class difficulty=[0.6890000104904175, 0.7089999914169312, 0.6340000033378601, 0.5640000104904175, 0.5529999732971191], hardness=[0.75, 1.0, 0.5, 0.25, 0.0], grew_per_class=[0, 0, 0, 0, 0], pruned_per_class=[0, 0, 0, 0, 0]
target_updates[[ 0  1  2  3  4  5  6  7  8  9 10 11]]: [ 17 490 470 259 370 432 459 420 417 372 316 478]
ntarget_updates[[ 0  1  2  3  4  5  6  7  8  9 10 11]]: [3181 1538 1006 1152 1627 1057 1445 1523 1448 1271 1493 1259]
thresholds[[ 0  1  2  3  4  5  6  7  8  9 10 11]]: [400. 402. 401. 400. 400. 401. 401. 400. 400. 400. 400. 401.]

target_updates[[12 13 14 15 16 17 18 19 20 21 22 23]]: [  8 555 370 443 375 321 383 346 566 374 340 419]
ntarget_updates[[12 13 14 15 16 17 18 19 20 21 22 23]]: [2874  951  855  999  641 3202 1362 1705 1069 2092  551 1699]
thresholds[[12 13 14 15 16 17 18 19 20 21 22 23]]: [400. 403. 400. 401. 400. 400. 400. 400. 403. 400. 400. 400.]

target_updates[[24 25 26 27 28 29 30 31 32 33 34 35]]: [ 35 474 456 371 530 515 369 263 365 378 417 327]
ntarget_updates[[24 25 26 27 28 29 30 31 32 33 34 35]]: [5699 1091 1015 1053  785  899  835 1266 1320 1843 1039 1155]
thresholds[[24 25 26 27 28 29 30 31 32 33 34 35]]: [400. 401. 401. 400. 402. 402. 400. 400. 400. 400. 400. 400.]

target_updates[[36 37 38 39 40 41 42 43 44 45 46 47]]: [ 12 438 510 395 343 484 383 486 358 375 526 190]
ntarget_updates[[36 37 38 39 40 41 42 43 44 45 46 47]]: [4451 1257 1173 1166 1162 1460 1206 1397 1151 1091 1213 1273]
thresholds[[36 37 38 39 40 41 42 43 44 45 46 47]]: [400. 401. 402. 400. 400. 402. 400. 402. 400. 400. 402. 400.]

target_updates[[48 49 50 51 52 53 54 55 56 57 58 59]]: [ 30 481 302 398  89 547 588 408 482 234 484 457]
ntarget_updates[[48 49 50 51 52 53 54 55 56 57 58 59]]: [8735 1001  650  937  374  709  853 1048 1066  375  849 1403]
thresholds[[48 49 50 51 52 53 54 55 56 57 58 59]]: [400. 402. 400. 400. 400. 403. 404. 400. 402. 400. 402. 401.]

=== Layer 0 ===
	Mean activate weights: 0.30000001192092896 +- 0.06369999796152115 (min:0.0 ; max:0.7210000157356262)
	Min firing time: 0.9831061363220215 +- 0.007433941122144461
	Mean firing time: 0.9853395819664001 +- 0.0069883945398032665
Accuracy on training set after epoch 8: 0.7405
Accuracy on validation set after epoch 8: 0.6984
Accuracy on test set after epoch 8: 0.7032
neuron 20 Cannot activate next neuron, all neurons of class 1 are already active
neuron 1 Cannot activate next neuron, all neurons of class 0 are already active
neuron 28 Cannot activate next neuron, all neurons of class 2 are already active
neuron 46 Cannot activate next neuron, all neurons of class 3 are already active
neuron 54 Cannot activate next neuron, all neurons of class 4 are already active
Epoch 9: Train Acc 0.7516
[INFO] Active neurons total=60, per-class=[12, 12, 12, 12, 12], pre=60, post_grow=60, post_prune=60, grew=0, pruned=0
[INFO] Class difficulty=[0.6779999732971191, 0.699999988079071, 0.6299999952316284, 0.5619999766349792, 0.550000011920929], hardness=[0.75, 1.0, 0.5, 0.25, 0.0], grew_per_class=[0, 0, 0, 0, 0], pruned_per_class=[0, 0, 0, 0, 0]
target_updates[[ 0  1  2  3  4  5  6  7  8  9 10 11]]: [ 15 505 467 243 365 433 464 421 416 367 322 482]
ntarget_updates[[ 0  1  2  3  4  5  6  7  8  9 10 11]]: [3509 1511  973 1100 1531 1026 1413 1492 1424 1250 1544 1227]
thresholds[[ 0  1  2  3  4  5  6  7  8  9 10 11]]: [400. 401. 401. 400. 400. 400. 401. 400. 400. 400. 400. 401.]

target_updates[[12 13 14 15 16 17 18 19 20 21 22 23]]: [  9 573 361 443 356 319 378 339 605 373 335 409]
ntarget_updates[[12 13 14 15 16 17 18 19 20 21 22 23]]: [3029  933  863 1001  622 3154 1362 1703 1075 2071  547 1640]
thresholds[[12 13 14 15 16 17 18 19 20 21 22 23]]: [400. 402. 400. 400. 400. 400. 400. 400. 402. 400. 400. 400.]

target_updates[[24 25 26 27 28 29 30 31 32 33 34 35]]: [ 35 472 456 363 563 535 353 257 364 372 412 318]
ntarget_updates[[24 25 26 27 28 29 30 31 32 33 34 35]]: [5850 1067  986 1028  775  901  803 1276 1302 1861 1015 1136]
thresholds[[24 25 26 27 28 29 30 31 32 33 34 35]]: [400. 401. 401. 400. 402. 401. 400. 400. 400. 400. 400. 400.]

target_updates[[36 37 38 39 40 41 42 43 44 45 46 47]]: [ 13 426 559 384 310 501 355 506 352 346 571 177]
ntarget_updates[[36 37 38 39 40 41 42 43 44 45 46 47]]: [4727 1189 1202 1094 1074 1435 1170 1410 1125 1032 1259 1283]
thresholds[[36 37 38 39 40 41 42 43 44 45 46 47]]: [400. 400. 401. 400. 400. 401. 400. 401. 400. 400. 402. 400.]

target_updates[[48 49 50 51 52 53 54 55 56 57 58 59]]: [ 29 491 264 367  67 573 661 392 501 184 506 465]
ntarget_updates[[48 49 50 51 52 53 54 55 56 57 58 59]]: [8931  980  604  888  335  729  889 1050 1040  346  841 1367]
thresholds[[48 49 50 51 52 53 54 55 56 57 58 59]]: [400. 401. 400. 400. 400. 402. 403. 400. 401. 400. 401. 401.]

=== Layer 0 ===
	Mean activate weights: 0.30000001192092896 +- 0.06719999760389328 (min:0.0 ; max:0.7429999709129333)
	Min firing time: 0.9829858541488647 +- 0.007466583512723446
	Mean firing time: 0.9853465557098389 +- 0.006982807070016861
Accuracy on training set after epoch 9: 0.7516
Accuracy on validation set after epoch 9: 0.7028
Accuracy on test set after epoch 9: 0.7064
neuron 20 Cannot activate next neuron, all neurons of class 1 are already active
neuron 1 Cannot activate next neuron, all neurons of class 0 are already active
neuron 28 Cannot activate next neuron, all neurons of class 2 are already active
neuron 46 Cannot activate next neuron, all neurons of class 3 are already active
neuron 54 Cannot activate next neuron, all neurons of class 4 are already active
Epoch 10: Train Acc 0.7611
[INFO] Active neurons total=60, per-class=[12, 12, 12, 12, 12], pre=60, post_grow=60, post_prune=60, grew=0, pruned=0
[INFO] Class difficulty=[0.6700000166893005, 0.6940000057220459, 0.625, 0.5600000023841858, 0.5479999780654907], hardness=[0.75, 1.0, 0.5, 0.25, 0.0], grew_per_class=[0, 0, 0, 0, 0], pruned_per_class=[0, 0, 0, 0, 0]
target_updates[[ 0  1  2  3  4  5  6  7  8  9 10 11]]: [ 15 506 465 240 368 434 468 417 417 363 323 484]
ntarget_updates[[ 0  1  2  3  4  5  6  7  8  9 10 11]]: [3747 1465  930 1084 1477 1012 1422 1467 1402 1243 1540 1211]
thresholds[[ 0  1  2  3  4  5  6  7  8  9 10 11]]: [400. 400. 400. 400. 400. 400. 400. 400. 400. 400. 400. 400.]

target_updates[[12 13 14 15 16 17 18 19 20 21 22 23]]: [  9 583 360 442 347 317 377 335 626 372 333 399]
ntarget_updates[[12 13 14 15 16 17 18 19 20 21 22 23]]: [3180  923  858  982  627 3100 1353 1705 1074 2052  556 1590]
thresholds[[12 13 14 15 16 17 18 19 20 21 22 23]]: [400. 401. 400. 400. 400. 400. 400. 400. 401. 400. 400. 400.]

target_updates[[24 25 26 27 28 29 30 31 32 33 34 35]]: [ 34 465 457 357 571 549 345 255 363 372 416 316]
ntarget_updates[[24 25 26 27 28 29 30 31 32 33 34 35]]: [5986 1053  975  996  735  901  776 1263 1306 1871 1010 1128]
thresholds[[24 25 26 27 28 29 30 31 32 33 34 35]]: [400. 400. 400. 400. 401. 401. 400. 400. 400. 400. 400. 400.]

target_updates[[36 37 38 39 40 41 42 43 44 45 46 47]]: [ 12 415 599 373 291 507 342 519 341 324 605 172]
ntarget_updates[[36 37 38 39 40 41 42 43 44 45 46 47]]: [4974 1173 1212 1069 1038 1412 1121 1409 1094  976 1227 1295]
thresholds[[36 37 38 39 40 41 42 43 44 45 46 47]]: [400. 400. 401. 400. 400. 400. 400. 400. 400. 400. 401. 400.]

target_updates[[48 49 50 51 52 53 54 55 56 57 58 59]]: [ 29 493 242 356  47 586 705 385 518 151 521 467]
ntarget_updates[[48 49 50 51 52 53 54 55 56 57 58 59]]: [9072  958  589  860  289  733  906 1040 1029  330  852 1342]
thresholds[[48 49 50 51 52 53 54 55 56 57 58 59]]: [400. 400. 400. 400. 400. 401. 401. 400. 400. 400. 401. 400.]

=== Layer 0 ===
	Mean activate weights: 0.30000001192092896 +- 0.0706000030040741 (min:0.0 ; max:0.7639999985694885)
	Min firing time: 0.9828802347183228 +- 0.007492525968700647
	Mean firing time: 0.9853545427322388 +- 0.006977207958698273
Accuracy on training set after epoch 10: 0.7611
Accuracy on validation set after epoch 10: 0.7076
Accuracy on test set after epoch 10: 0.71
neuron 20 Cannot activate next neuron, all neurons of class 1 are already active
neuron 1 Cannot activate next neuron, all neurons of class 0 are already active
neuron 28 Cannot activate next neuron, all neurons of class 2 are already active
neuron 46 Cannot activate next neuron, all neurons of class 3 are already active
neuron 54 Cannot activate next neuron, all neurons of class 4 are already active
Epoch 11: Train Acc 0.7685
[INFO] Active neurons total=60, per-class=[12, 12, 12, 12, 12], pre=60, post_grow=60, post_prune=60, grew=0, pruned=0
[INFO] Class difficulty=[0.6620000004768372, 0.6890000104904175, 0.6230000257492065, 0.5580000281333923, 0.5460000038146973], hardness=[0.75, 1.0, 0.5, 0.25, 0.0], grew_per_class=[0, 0, 0, 0, 0], pruned_per_class=[0, 0, 0, 0, 0]
target_updates[[ 0  1  2  3  4  5  6  7  8  9 10 11]]: [ 15 512 466 234 366 430 472 413 418 363 328 483]
ntarget_updates[[ 0  1  2  3  4  5  6  7  8  9 10 11]]: [3936 1459  909 1075 1449  973 1420 1434 1390 1233 1540 1182]
thresholds[[ 0  1  2  3  4  5  6  7  8  9 10 11]]: [400. 400. 400. 400. 400. 400. 400. 400. 400. 400. 400. 400.]

target_updates[[12 13 14 15 16 17 18 19 20 21 22 23]]: [  9 583 361 446 346 312 377 334 631 373 331 397]
ntarget_updates[[12 13 14 15 16 17 18 19 20 21 22 23]]: [3302  912  868  994  630 3052 1360 1721 1063 2028  546 1524]
thresholds[[12 13 14 15 16 17 18 19 20 21 22 23]]: [400. 400. 400. 400. 400. 400. 400. 400. 401. 400. 400. 400.]

target_updates[[24 25 26 27 28 29 30 31 32 33 34 35]]: [ 34 469 457 353 576 552 338 255 364 374 416 312]
ntarget_updates[[24 25 26 27 28 29 30 31 32 33 34 35]]: [6097 1020  959  968  749  880  774 1257 1299 1892  982 1123]
thresholds[[24 25 26 27 28 29 30 31 32 33 34 35]]: [400. 400. 400. 400. 400. 400. 400. 400. 400. 400. 400. 400.]

target_updates[[36 37 38 39 40 41 42 43 44 45 46 47]]: [ 12 405 614 372 281 506 329 527 337 306 642 169]
ntarget_updates[[36 37 38 39 40 41 42 43 44 45 46 47]]: [5174 1122 1198 1041 1020 1397 1086 1384 1071  964 1232 1311]
thresholds[[36 37 38 39 40 41 42 43 44 45 46 47]]: [400. 400. 401. 400. 400. 400. 400. 400. 400. 400. 401. 400.]

target_updates[[48 49 50 51 52 53 54 55 56 57 58 59]]: [ 29 494 235 341  40 591 745 385 519 132 522 467]
ntarget_updates[[48 49 50 51 52 53 54 55 56 57 58 59]]: [9177  951  593  851  259  717  926 1036 1023  314  832 1321]
thresholds[[48 49 50 51 52 53 54 55 56 57 58 59]]: [400. 400. 400. 400. 400. 400. 401. 400. 400. 400. 400. 400.]

=== Layer 0 ===
	Mean activate weights: 0.30000001192092896 +- 0.07370000332593918 (min:0.0 ; max:0.7870000004768372)
	Min firing time: 0.9827888607978821 +- 0.007515300530940294
	Mean firing time: 0.9853635430335999 +- 0.006971416529268026
Accuracy on training set after epoch 11: 0.7685
Accuracy on validation set after epoch 11: 0.7096
Accuracy on test set after epoch 11: 0.7112
neuron 20 Cannot activate next neuron, all neurons of class 1 are already active
neuron 1 Cannot activate next neuron, all neurons of class 0 are already active
neuron 28 Cannot activate next neuron, all neurons of class 2 are already active
neuron 46 Cannot activate next neuron, all neurons of class 3 are already active
neuron 54 Cannot activate next neuron, all neurons of class 4 are already active
Epoch 12: Train Acc 0.7772
[INFO] Active neurons total=60, per-class=[12, 12, 12, 12, 12], pre=60, post_grow=60, post_prune=60, grew=0, pruned=0
[INFO] Class difficulty=[0.652999997138977, 0.6830000281333923, 0.6200000047683716, 0.5569999814033508, 0.5440000295639038], hardness=[0.75, 1.0, 0.5, 0.25, 0.0], grew_per_class=[0, 0, 0, 0, 0], pruned_per_class=[0, 0, 0, 0, 0]
target_updates[[ 0  1  2  3  4  5  6  7  8  9 10 11]]: [ 14 514 463 233 364 433 470 410 418 365 335 481]
ntarget_updates[[ 0  1  2  3  4  5  6  7  8  9 10 11]]: [4159 1421  881 1085 1405  975 1379 1408 1366 1220 1554 1147]
thresholds[[ 0  1  2  3  4  5  6  7  8  9 10 11]]: [400. 400. 400. 400. 400. 400. 400. 400. 400. 400. 400. 400.]

target_updates[[12 13 14 15 16 17 18 19 20 21 22 23]]: [  9 579 357 451 345 312 377 333 633 374 333 397]
ntarget_updates[[12 13 14 15 16 17 18 19 20 21 22 23]]: [3415  894  875  989  630 2989 1353 1736 1043 2042  547 1487]
thresholds[[12 13 14 15 16 17 18 19 20 21 22 23]]: [400. 400. 400. 400. 400. 400. 400. 400. 400. 400. 400. 400.]

target_updates[[24 25 26 27 28 29 30 31 32 33 34 35]]: [ 34 465 462 352 580 550 336 254 363 374 418 312]
ntarget_updates[[24 25 26 27 28 29 30 31 32 33 34 35]]: [6164 1014  943  954  708  878  758 1272 1299 1883  988 1139]
thresholds[[24 25 26 27 28 29 30 31 32 33 34 35]]: [400. 400. 400. 400. 400. 400. 400. 400. 400. 400. 400. 400.]

target_updates[[36 37 38 39 40 41 42 43 44 45 46 47]]: [ 11 395 626 371 273 509 319 533 336 295 666 166]
ntarget_updates[[36 37 38 39 40 41 42 43 44 45 46 47]]: [5380 1111 1159 1008  991 1357 1081 1383 1060  937 1195 1338]
thresholds[[36 37 38 39 40 41 42 43 44 45 46 47]]: [400. 400. 400. 400. 400. 400. 400. 400. 400. 400. 400. 400.]

target_updates[[48 49 50 51 52 53 54 55 56 57 58 59]]: [ 29 492 233 330  37 596 766 386 525 117 521 468]
ntarget_updates[[48 49 50 51 52 53 54 55 56 57 58 59]]: [9286  935  586  827  253  710  928 1058 1013  305  803 1296]
thresholds[[48 49 50 51 52 53 54 55 56 57 58 59]]: [400. 400. 400. 400. 400. 400. 400. 400. 400. 400. 400. 400.]

=== Layer 0 ===
	Mean activate weights: 0.30000001192092896 +- 0.07660000026226044 (min:0.0 ; max:0.8169999718666077)
	Min firing time: 0.9827049374580383 +- 0.007536622229963541
	Mean firing time: 0.9853723049163818 +- 0.0069657862186431885
Accuracy on training set after epoch 12: 0.7772
Accuracy on validation set after epoch 12: 0.7116
Accuracy on test set after epoch 12: 0.7142
neuron 20 Cannot activate next neuron, all neurons of class 1 are already active
neuron 1 Cannot activate next neuron, all neurons of class 0 are already active
neuron 28 Cannot activate next neuron, all neurons of class 2 are already active
neuron 46 Cannot activate next neuron, all neurons of class 3 are already active
neuron 54 Cannot activate next neuron, all neurons of class 4 are already active
Epoch 13: Train Acc 0.7840
[INFO] Active neurons total=60, per-class=[12, 12, 12, 12, 12], pre=60, post_grow=60, post_prune=60, grew=0, pruned=0
[INFO] Class difficulty=[0.6470000147819519, 0.6790000200271606, 0.6169999837875366, 0.5550000071525574, 0.5429999828338623], hardness=[0.75, 1.0, 0.5, 0.25, 0.0], grew_per_class=[0, 0, 0, 0, 0], pruned_per_class=[0, 0, 0, 0, 0]
target_updates[[ 0  1  2  3  4  5  6  7  8  9 10 11]]: [ 14 517 462 232 363 433 472 409 417 366 335 480]
ntarget_updates[[ 0  1  2  3  4  5  6  7  8  9 10 11]]: [4333 1394  857 1098 1371  970 1356 1389 1345 1235 1541 1111]
thresholds[[ 0  1  2  3  4  5  6  7  8  9 10 11]]: [400. 400. 400. 400. 400. 400. 400. 400. 400. 400. 400. 400.]

target_updates[[12 13 14 15 16 17 18 19 20 21 22 23]]: [  9 582 356 451 346 311 380 333 630 374 332 396]
ntarget_updates[[12 13 14 15 16 17 18 19 20 21 22 23]]: [3492  874  881  985  629 2963 1357 1746 1015 2033  562 1463]
thresholds[[12 13 14 15 16 17 18 19 20 21 22 23]]: [400. 400. 400. 400. 400. 400. 400. 400. 400. 400. 400. 400.]

target_updates[[24 25 26 27 28 29 30 31 32 33 34 35]]: [ 34 467 466 351 580 549 332 254 365 372 418 312]
ntarget_updates[[24 25 26 27 28 29 30 31 32 33 34 35]]: [6218  999  928  956  710  844  765 1286 1309 1884  977 1124]
thresholds[[24 25 26 27 28 29 30 31 32 33 34 35]]: [400. 400. 400. 400. 400. 400. 400. 400. 400. 400. 400. 400.]

target_updates[[36 37 38 39 40 41 42 43 44 45 46 47]]: [ 11 383 636 369 270 509 313 541 327 288 690 163]
ntarget_updates[[36 37 38 39 40 41 42 43 44 45 46 47]]: [5562 1092 1143  991  998 1320 1059 1354 1041  910 1180 1350]
thresholds[[36 37 38 39 40 41 42 43 44 45 46 47]]: [400. 400. 400. 400. 400. 400. 400. 400. 400. 400. 400. 400.]

target_updates[[48 49 50 51 52 53 54 55 56 57 58 59]]: [ 28 494 230 330  33 597 779 387 526 111 520 465]
ntarget_updates[[48 49 50 51 52 53 54 55 56 57 58 59]]: [9383  931  581  824  257  710  924 1034  987  302  798 1269]
thresholds[[48 49 50 51 52 53 54 55 56 57 58 59]]: [400. 400. 400. 400. 400. 400. 400. 400. 400. 400. 400. 400.]

=== Layer 0 ===
	Mean activate weights: 0.30000001192092896 +- 0.07940000295639038 (min:0.0 ; max:0.843999981880188)
	Min firing time: 0.9826323986053467 +- 0.00755216833204031
	Mean firing time: 0.9853814840316772 +- 0.0069600907154381275
Accuracy on training set after epoch 13: 0.784
Accuracy on validation set after epoch 13: 0.7136
Accuracy on test set after epoch 13: 0.7164
neuron 20 Cannot activate next neuron, all neurons of class 1 are already active
neuron 1 Cannot activate next neuron, all neurons of class 0 are already active
neuron 28 Cannot activate next neuron, all neurons of class 2 are already active
neuron 46 Cannot activate next neuron, all neurons of class 3 are already active
neuron 54 Cannot activate next neuron, all neurons of class 4 are already active
Epoch 14: Train Acc 0.7890
[INFO] Active neurons total=60, per-class=[12, 12, 12, 12, 12], pre=60, post_grow=60, post_prune=60, grew=0, pruned=0
[INFO] Class difficulty=[0.6420000195503235, 0.6759999990463257, 0.6140000224113464, 0.5529999732971191, 0.5419999957084656], hardness=[0.75, 1.0, 0.5, 0.25, 0.0], grew_per_class=[0, 0, 0, 0, 0], pruned_per_class=[0, 0, 0, 0, 0]
target_updates[[ 0  1  2  3  4  5  6  7  8  9 10 11]]: [ 13 519 456 232 363 438 473 406 417 366 338 479]
ntarget_updates[[ 0  1  2  3  4  5  6  7  8  9 10 11]]: [4505 1349  846 1091 1347  947 1339 1378 1326 1233 1541 1098]
thresholds[[ 0  1  2  3  4  5  6  7  8  9 10 11]]: [400. 400. 400. 400. 400. 400. 400. 400. 400. 400. 400. 400.]

target_updates[[12 13 14 15 16 17 18 19 20 21 22 23]]: [  9 579 356 452 347 312 380 333 635 374 327 396]
ntarget_updates[[12 13 14 15 16 17 18 19 20 21 22 23]]: [3580  870  886  986  625 2945 1349 1741 1011 2022  552 1433]
thresholds[[12 13 14 15 16 17 18 19 20 21 22 23]]: [400. 400. 400. 400. 400. 400. 400. 400. 400. 400. 400. 400.]

target_updates[[24 25 26 27 28 29 30 31 32 33 34 35]]: [ 34 469 464 350 582 548 332 251 366 372 418 314]
ntarget_updates[[24 25 26 27 28 29 30 31 32 33 34 35]]: [6277  988  923  950  682  843  761 1293 1291 1908  971 1113]
thresholds[[24 25 26 27 28 29 30 31 32 33 34 35]]: [400. 400. 400. 400. 400. 400. 400. 400. 400. 400. 400. 400.]

target_updates[[36 37 38 39 40 41 42 43 44 45 46 47]]: [ 11 373 641 369 265 508 309 546 324 283 707 164]
ntarget_updates[[36 37 38 39 40 41 42 43 44 45 46 47]]: [5725 1069 1101  982  975 1292 1033 1350 1024  892 1160 1397]
thresholds[[36 37 38 39 40 41 42 43 44 45 46 47]]: [400. 400. 400. 400. 400. 400. 400. 400. 400. 400. 400. 400.]

target_updates[[48 49 50 51 52 53 54 55 56 57 58 59]]: [ 28 495 227 321  31 596 794 387 526 107 520 468]
ntarget_updates[[48 49 50 51 52 53 54 55 56 57 58 59]]: [9450  923  592  823  248  697  931 1037  971  301  775 1252]
thresholds[[48 49 50 51 52 53 54 55 56 57 58 59]]: [400. 400. 400. 400. 400. 400. 400. 400. 400. 400. 400. 400.]

=== Layer 0 ===
	Mean activate weights: 0.30000001192092896 +- 0.08209999650716782 (min:0.0 ; max:0.8709999918937683)
	Min firing time: 0.9825655221939087 +- 0.007566286716610193
	Mean firing time: 0.9853906035423279 +- 0.006954411044716835
Accuracy on training set after epoch 14: 0.789
Accuracy on validation set after epoch 14: 0.7156
Accuracy on test set after epoch 14: 0.7184
neuron 20 Cannot activate next neuron, all neurons of class 1 are already active
neuron 1 Cannot activate next neuron, all neurons of class 0 are already active
neuron 28 Cannot activate next neuron, all neurons of class 2 are already active
neuron 46 Cannot activate next neuron, all neurons of class 3 are already active
neuron 54 Cannot activate next neuron, all neurons of class 4 are already active
Epoch 15: Train Acc 0.7938
[INFO] Active neurons total=60, per-class=[12, 12, 12, 12, 12], pre=60, post_grow=60, post_prune=60, grew=0, pruned=0
[INFO] Class difficulty=[0.6370000243186951, 0.6729999780654907, 0.6110000014305115, 0.5529999732971191, 0.5419999957084656], hardness=[0.75, 1.0, 0.5, 0.25, 0.0], grew_per_class=[0, 0, 0, 0, 0], pruned_per_class=[0, 0, 0, 0, 0]
target_updates[[ 0  1  2  3  4  5  6  7  8  9 10 11]]: [ 13 521 457 229 363 435 475 406 417 367 339 478]
ntarget_updates[[ 0  1  2  3  4  5  6  7  8  9 10 11]]: [4664 1330  816 1082 1325  937 1329 1371 1316 1229 1536 1065]
thresholds[[ 0  1  2  3  4  5  6  7  8  9 10 11]]: [400. 400. 400. 400. 400. 400. 400. 400. 400. 400. 400. 400.]

target_updates[[12 13 14 15 16 17 18 19 20 21 22 23]]: [  9 579 358 453 347 312 378 333 635 374 327 395]
ntarget_updates[[12 13 14 15 16 17 18 19 20 21 22 23]]: [3648  857  878  982  638 2937 1344 1736  985 2022  559 1414]
thresholds[[12 13 14 15 16 17 18 19 20 21 22 23]]: [400. 400. 400. 400. 400. 400. 400. 400. 400. 400. 400. 400.]

target_updates[[24 25 26 27 28 29 30 31 32 33 34 35]]: [ 34 467 465 350 581 548 332 249 367 374 419 314]
ntarget_updates[[24 25 26 27 28 29 30 31 32 33 34 35]]: [6323  973  915  942  666  839  772 1278 1298 1904  979 1111]
thresholds[[24 25 26 27 28 29 30 31 32 33 34 35]]: [400. 400. 400. 400. 400. 400. 400. 400. 400. 400. 400. 400.]

target_updates[[36 37 38 39 40 41 42 43 44 45 46 47]]: [ 11 369 650 372 262 505 303 552 319 279 716 162]
ntarget_updates[[36 37 38 39 40 41 42 43 44 45 46 47]]: [5827 1054 1091  966  977 1274 1007 1344 1015  890 1129 1426]
thresholds[[36 37 38 39 40 41 42 43 44 45 46 47]]: [400. 400. 400. 400. 400. 400. 400. 400. 400. 400. 400. 400.]

target_updates[[48 49 50 51 52 53 54 55 56 57 58 59]]: [ 28 495 223 316  31 600 807 387 522 101 520 470]
ntarget_updates[[48 49 50 51 52 53 54 55 56 57 58 59]]: [9517  919  593  801  261  684  921 1044  962  291  771 1236]
thresholds[[48 49 50 51 52 53 54 55 56 57 58 59]]: [400. 400. 400. 400. 400. 400. 400. 400. 400. 400. 400. 400.]

=== Layer 0 ===
	Mean activate weights: 0.30000001192092896 +- 0.08460000157356262 (min:0.0 ; max:0.8970000147819519)
	Min firing time: 0.9825049638748169 +- 0.00758011918514967
	Mean firing time: 0.9853998422622681 +- 0.00694890134036541
Accuracy on training set after epoch 15: 0.7938
Accuracy on validation set after epoch 15: 0.7172
Accuracy on test set after epoch 15: 0.7198
neuron 20 Cannot activate next neuron, all neurons of class 1 are already active
neuron 1 Cannot activate next neuron, all neurons of class 0 are already active
neuron 28 Cannot activate next neuron, all neurons of class 2 are already active
neuron 46 Cannot activate next neuron, all neurons of class 3 are already active
neuron 54 Cannot activate next neuron, all neurons of class 4 are already active
Epoch 16: Train Acc 0.7986
[INFO] Active neurons total=60, per-class=[12, 12, 12, 12, 12], pre=60, post_grow=60, post_prune=60, grew=0, pruned=0
[INFO] Class difficulty=[0.6320000290870667, 0.6690000295639038, 0.6100000143051147, 0.5519999861717224, 0.5410000085830688], hardness=[0.75, 1.0, 0.5, 0.25, 0.0], grew_per_class=[0, 0, 0, 0, 0], pruned_per_class=[0, 0, 0, 0, 0]
target_updates[[ 0  1  2  3  4  5  6  7  8  9 10 11]]: [ 13 523 454 230 360 437 476 407 417 366 340 477]
ntarget_updates[[ 0  1  2  3  4  5  6  7  8  9 10 11]]: [4805 1303  805 1075 1295  927 1323 1379 1303 1208 1520 1057]
thresholds[[ 0  1  2  3  4  5  6  7  8  9 10 11]]: [400. 400. 400. 400. 400. 400. 400. 400. 400. 400. 400. 400.]

target_updates[[12 13 14 15 16 17 18 19 20 21 22 23]]: [  9 578 357 455 347 310 379 332 638 374 325 396]
ntarget_updates[[12 13 14 15 16 17 18 19 20 21 22 23]]: [3695  852  883  985  646 2928 1323 1749  966 2014  560 1399]
thresholds[[12 13 14 15 16 17 18 19 20 21 22 23]]: [400. 400. 400. 400. 400. 400. 400. 400. 400. 400. 400. 400.]

target_updates[[24 25 26 27 28 29 30 31 32 33 34 35]]: [ 33 466 463 352 579 549 333 249 367 375 421 313]
ntarget_updates[[24 25 26 27 28 29 30 31 32 33 34 35]]: [6369  975  903  947  665  808  757 1291 1292 1914  968 1111]
thresholds[[24 25 26 27 28 29 30 31 32 33 34 35]]: [400. 400. 400. 400. 400. 400. 400. 400. 400. 400. 400. 400.]

target_updates[[36 37 38 39 40 41 42 43 44 45 46 47]]: [ 11 367 651 370 262 506 300 558 317 275 722 161]
ntarget_updates[[36 37 38 39 40 41 42 43 44 45 46 47]]: [5925 1051 1077  972  962 1254 1003 1321  993  875 1103 1464]
thresholds[[36 37 38 39 40 41 42 43 44 45 46 47]]: [400. 400. 400. 400. 400. 400. 400. 400. 400. 400. 400. 400.]

target_updates[[48 49 50 51 52 53 54 55 56 57 58 59]]: [ 28 495 221 315  30 601 813 386 525  97 521 468]
ntarget_updates[[48 49 50 51 52 53 54 55 56 57 58 59]]: [9580  911  589  810  264  683  913 1037  939  295  755 1224]
thresholds[[48 49 50 51 52 53 54 55 56 57 58 59]]: [400. 400. 400. 400. 400. 400. 400. 400. 400. 400. 400. 400.]

=== Layer 0 ===
	Mean activate weights: 0.30000001192092896 +- 0.08699999749660492 (min:0.0 ; max:0.9210000038146973)
	Min firing time: 0.982446551322937 +- 0.00759127689525485
	Mean firing time: 0.9854084849357605 +- 0.006943552754819393
Accuracy on training set after epoch 16: 0.7986
Accuracy on validation set after epoch 16: 0.7184
Accuracy on test set after epoch 16: 0.7218
neuron 20 Cannot activate next neuron, all neurons of class 1 are already active
neuron 1 Cannot activate next neuron, all neurons of class 0 are already active
neuron 28 Cannot activate next neuron, all neurons of class 2 are already active
neuron 46 Cannot activate next neuron, all neurons of class 3 are already active
neuron 54 Cannot activate next neuron, all neurons of class 4 are already active
Epoch 17: Train Acc 0.8033
[INFO] Active neurons total=60, per-class=[12, 12, 12, 12, 12], pre=60, post_grow=60, post_prune=60, grew=0, pruned=0
[INFO] Class difficulty=[0.628000020980835, 0.6650000214576721, 0.6069999933242798, 0.5509999990463257, 0.5410000085830688], hardness=[0.75, 1.0, 0.5, 0.25, 0.0], grew_per_class=[0, 0, 0, 0, 0], pruned_per_class=[0, 0, 0, 0, 0]
target_updates[[ 0  1  2  3  4  5  6  7  8  9 10 11]]: [ 15 523 451 231 358 438 476 406 417 366 341 478]
ntarget_updates[[ 0  1  2  3  4  5  6  7  8  9 10 11]]: [4923 1296  777 1086 1278  921 1306 1369 1297 1201 1516 1030]
thresholds[[ 0  1  2  3  4  5  6  7  8  9 10 11]]: [400. 400. 400. 400. 400. 400. 400. 400. 400. 400. 400. 400.]

target_updates[[12 13 14 15 16 17 18 19 20 21 22 23]]: [  9 578 357 455 346 309 379 332 639 374 326 396]
ntarget_updates[[12 13 14 15 16 17 18 19 20 21 22 23]]: [3738  842  891  970  648 2920 1324 1744  954 2017  562 1390]
thresholds[[12 13 14 15 16 17 18 19 20 21 22 23]]: [400. 400. 400. 400. 400. 400. 400. 400. 400. 400. 400. 400.]

target_updates[[24 25 26 27 28 29 30 31 32 33 34 35]]: [ 33 464 462 352 585 546 333 248 369 375 420 313]
ntarget_updates[[24 25 26 27 28 29 30 31 32 33 34 35]]: [6428  950  891  953  649  806  757 1289 1286 1926  963 1102]
thresholds[[24 25 26 27 28 29 30 31 32 33 34 35]]: [400. 400. 400. 400. 400. 400. 400. 400. 400. 400. 400. 400.]

target_updates[[36 37 38 39 40 41 42 43 44 45 46 47]]: [ 11 365 654 371 261 505 299 558 315 269 731 161]
ntarget_updates[[36 37 38 39 40 41 42 43 44 45 46 47]]: [6034 1047 1053  940  953 1257  984 1316 1001  858 1068 1489]
thresholds[[36 37 38 39 40 41 42 43 44 45 46 47]]: [400. 400. 400. 400. 400. 400. 400. 400. 400. 400. 400. 400.]

target_updates[[48 49 50 51 52 53 54 55 56 57 58 59]]: [ 28 496 217 314  30 599 818 385 529  94 520 470]
ntarget_updates[[48 49 50 51 52 53 54 55 56 57 58 59]]: [9638  899  591  806  270  674  909 1020  940  286  765 1202]
thresholds[[48 49 50 51 52 53 54 55 56 57 58 59]]: [400. 400. 400. 400. 400. 400. 400. 400. 400. 400. 400. 400.]

=== Layer 0 ===
	Mean activate weights: 0.30000001192092896 +- 0.0892999991774559 (min:0.0 ; max:0.9440000057220459)
	Min firing time: 0.9823933839797974 +- 0.007602652534842491
	Mean firing time: 0.9854169487953186 +- 0.006938508246093988
Accuracy on training set after epoch 17: 0.8033
Accuracy on validation set after epoch 17: 0.72
Accuracy on test set after epoch 17: 0.7224
neuron 20 Cannot activate next neuron, all neurons of class 1 are already active
neuron 1 Cannot activate next neuron, all neurons of class 0 are already active
neuron 28 Cannot activate next neuron, all neurons of class 2 are already active
neuron 46 Cannot activate next neuron, all neurons of class 3 are already active
neuron 54 Cannot activate next neuron, all neurons of class 4 are already active
Epoch 18: Train Acc 0.8083
[INFO] Active neurons total=60, per-class=[12, 12, 12, 12, 12], pre=60, post_grow=60, post_prune=60, grew=0, pruned=0
[INFO] Class difficulty=[0.6240000128746033, 0.6600000262260437, 0.6050000190734863, 0.550000011920929, 0.5389999747276306], hardness=[0.75, 1.0, 0.5, 0.25, 0.0], grew_per_class=[0, 0, 0, 0, 0], pruned_per_class=[0, 0, 0, 0, 0]
target_updates[[ 0  1  2  3  4  5  6  7  8  9 10 11]]: [ 15 527 452 230 357 437 477 406 418 365 341 475]
ntarget_updates[[ 0  1  2  3  4  5  6  7  8  9 10 11]]: [5041 1270  771 1070 1254  910 1317 1363 1291 1186 1502 1025]
thresholds[[ 0  1  2  3  4  5  6  7  8  9 10 11]]: [400. 400. 400. 400. 400. 400. 400. 400. 400. 400. 400. 400.]

target_updates[[12 13 14 15 16 17 18 19 20 21 22 23]]: [  9 578 359 456 346 307 379 331 639 374 324 398]
ntarget_updates[[12 13 14 15 16 17 18 19 20 21 22 23]]: [3780  838  895  984  657 2907 1318 1745  943 2017  548 1368]
thresholds[[12 13 14 15 16 17 18 19 20 21 22 23]]: [400. 400. 400. 400. 400. 400. 400. 400. 400. 400. 400. 400.]

target_updates[[24 25 26 27 28 29 30 31 32 33 34 35]]: [ 33 464 464 353 585 544 328 248 369 376 421 315]
ntarget_updates[[24 25 26 27 28 29 30 31 32 33 34 35]]: [6456  955  891  939  627  795  762 1292 1277 1924  976 1106]
thresholds[[24 25 26 27 28 29 30 31 32 33 34 35]]: [400. 400. 400. 400. 400. 400. 400. 400. 400. 400. 400. 400.]

target_updates[[36 37 38 39 40 41 42 43 44 45 46 47]]: [ 11 365 657 371 257 505 299 559 314 270 733 159]
ntarget_updates[[36 37 38 39 40 41 42 43 44 45 46 47]]: [6123 1037 1057  921  936 1225  976 1316  984  847 1048 1530]
thresholds[[36 37 38 39 40 41 42 43 44 45 46 47]]: [400. 400. 400. 400. 400. 400. 400. 400. 400. 400. 400. 400.]

target_updates[[48 49 50 51 52 53 54 55 56 57 58 59]]: [ 27 494 214 312  30 603 823 385 530  89 521 472]
ntarget_updates[[48 49 50 51 52 53 54 55 56 57 58 59]]: [9693  893  588  805  276  660  898 1019  942  283  750 1193]
thresholds[[48 49 50 51 52 53 54 55 56 57 58 59]]: [400. 400. 400. 400. 400. 400. 400. 400. 400. 400. 400. 400.]

=== Layer 0 ===
	Mean activate weights: 0.30000001192092896 +- 0.09149999916553497 (min:0.0 ; max:0.9660000205039978)
	Min firing time: 0.9823456406593323 +- 0.0076116169802844524
	Mean firing time: 0.9854253530502319 +- 0.006933548022061586
Accuracy on training set after epoch 18: 0.8083
Accuracy on validation set after epoch 18: 0.7228
Accuracy on test set after epoch 18: 0.725
neuron 20 Cannot activate next neuron, all neurons of class 1 are already active
neuron 1 Cannot activate next neuron, all neurons of class 0 are already active
neuron 28 Cannot activate next neuron, all neurons of class 2 are already active
neuron 46 Cannot activate next neuron, all neurons of class 3 are already active
neuron 54 Cannot activate next neuron, all neurons of class 4 are already active
Epoch 19: Train Acc 0.8121
[INFO] Active neurons total=60, per-class=[12, 12, 12, 12, 12], pre=60, post_grow=60, post_prune=60, grew=0, pruned=0
[INFO] Class difficulty=[0.6200000047683716, 0.6579999923706055, 0.6039999723434448, 0.550000011920929, 0.5389999747276306], hardness=[0.75, 1.0, 0.5, 0.25, 0.0], grew_per_class=[0, 0, 0, 0, 0], pruned_per_class=[0, 0, 0, 0, 0]
target_updates[[ 0  1  2  3  4  5  6  7  8  9 10 11]]: [ 15 526 451 230 357 438 477 406 419 367 340 474]
ntarget_updates[[ 0  1  2  3  4  5  6  7  8  9 10 11]]: [5161 1255  763 1069 1251  903 1284 1355 1276 1184 1498 1001]
thresholds[[ 0  1  2  3  4  5  6  7  8  9 10 11]]: [400. 400. 400. 400. 400. 400. 400. 400. 400. 400. 400. 400.]

target_updates[[12 13 14 15 16 17 18 19 20 21 22 23]]: [  9 576 359 459 346 307 378 332 638 373 324 399]
ntarget_updates[[12 13 14 15 16 17 18 19 20 21 22 23]]: [3817  840  888  976  663 2906 1325 1746  936 1986  561 1356]
thresholds[[12 13 14 15 16 17 18 19 20 21 22 23]]: [400. 400. 400. 400. 400. 400. 400. 400. 400. 400. 400. 400.]

target_updates[[24 25 26 27 28 29 30 31 32 33 34 35]]: [ 33 467 465 354 580 546 329 248 369 377 420 312]
ntarget_updates[[24 25 26 27 28 29 30 31 32 33 34 35]]: [6481  936  876  948  642  793  753 1282 1275 1944  962 1108]
thresholds[[24 25 26 27 28 29 30 31 32 33 34 35]]: [400. 400. 400. 400. 400. 400. 400. 400. 400. 400. 400. 400.]

target_updates[[36 37 38 39 40 41 42 43 44 45 46 47]]: [ 11 361 658 371 256 504 297 560 314 270 738 160]
ntarget_updates[[36 37 38 39 40 41 42 43 44 45 46 47]]: [6212 1048 1029  936  920 1206  981 1279  979  823 1040 1547]
thresholds[[36 37 38 39 40 41 42 43 44 45 46 47]]: [400. 400. 400. 400. 400. 400. 400. 400. 400. 400. 400. 400.]

target_updates[[48 49 50 51 52 53 54 55 56 57 58 59]]: [ 27 498 212 311  30 604 824 385 528  88 521 472]
ntarget_updates[[48 49 50 51 52 53 54 55 56 57 58 59]]: [9751  896  579  785  280  654  895 1017  932  288  740 1183]
thresholds[[48 49 50 51 52 53 54 55 56 57 58 59]]: [400. 400. 400. 400. 400. 400. 400. 400. 400. 400. 400. 400.]

=== Layer 0 ===
	Mean activate weights: 0.30000001192092896 +- 0.09359999746084213 (min:0.0 ; max:0.9869999885559082)
	Min firing time: 0.9822999238967896 +- 0.0076200333423912525
	Mean firing time: 0.9854333996772766 +- 0.006928631570190191
Accuracy on training set after epoch 19: 0.8121
Accuracy on validation set after epoch 19: 0.7248
Accuracy on test set after epoch 19: 0.7258
neuron 20 Cannot activate next neuron, all neurons of class 1 are already active
neuron 1 Cannot activate next neuron, all neurons of class 0 are already active
neuron 28 Cannot activate next neuron, all neurons of class 2 are already active
neuron 46 Cannot activate next neuron, all neurons of class 3 are already active
neuron 54 Cannot activate next neuron, all neurons of class 4 are already active
Epoch 20: Train Acc 0.8166
[INFO] Active neurons total=60, per-class=[12, 12, 12, 12, 12], pre=60, post_grow=60, post_prune=60, grew=0, pruned=0
[INFO] Class difficulty=[0.6159999966621399, 0.6539999842643738, 0.6010000109672546, 0.5490000247955322, 0.5379999876022339], hardness=[0.75, 1.0, 0.5, 0.25, 0.0], grew_per_class=[0, 0, 0, 0, 0], pruned_per_class=[0, 0, 0, 0, 0]
target_updates[[ 0  1  2  3  4  5  6  7  8  9 10 11]]: [ 15 525 451 231 354 437 479 404 420 369 342 473]
ntarget_updates[[ 0  1  2  3  4  5  6  7  8  9 10 11]]: [5237 1241  749 1076 1231  894 1281 1348 1269 1194 1496  984]
thresholds[[ 0  1  2  3  4  5  6  7  8  9 10 11]]: [400. 400. 400. 400. 400. 400. 400. 400. 400. 400. 400. 400.]

target_updates[[12 13 14 15 16 17 18 19 20 21 22 23]]: [  9 575 357 459 348 307 379 332 637 373 325 399]
ntarget_updates[[12 13 14 15 16 17 18 19 20 21 22 23]]: [3838  835  889  969  650 2911 1323 1760  933 1976  569 1347]
thresholds[[12 13 14 15 16 17 18 19 20 21 22 23]]: [400. 400. 400. 400. 400. 400. 400. 400. 400. 400. 400. 400.]

target_updates[[24 25 26 27 28 29 30 31 32 33 34 35]]: [ 33 467 465 353 585 542 328 247 370 377 421 312]
ntarget_updates[[24 25 26 27 28 29 30 31 32 33 34 35]]: [6511  939  876  936  627  772  756 1286 1267 1943  980 1107]
thresholds[[24 25 26 27 28 29 30 31 32 33 34 35]]: [400. 400. 400. 400. 400. 400. 400. 400. 400. 400. 400. 400.]

target_updates[[36 37 38 39 40 41 42 43 44 45 46 47]]: [ 12 360 657 371 253 505 297 561 314 268 743 159]
ntarget_updates[[36 37 38 39 40 41 42 43 44 45 46 47]]: [6308 1028 1023  921  921 1174  950 1271  969  828 1020 1587]
thresholds[[36 37 38 39 40 41 42 43 44 45 46 47]]: [400. 400. 400. 400. 400. 400. 400. 400. 400. 400. 400. 400.]

target_updates[[48 49 50 51 52 53 54 55 56 57 58 59]]: [ 27 498 212 310  30 603 826 381 529  87 524 473]
ntarget_updates[[48 49 50 51 52 53 54 55 56 57 58 59]]: [9808  871  597  793  288  651  891 1015  909  289  738 1150]
thresholds[[48 49 50 51 52 53 54 55 56 57 58 59]]: [400. 400. 400. 400. 400. 400. 400. 400. 400. 400. 400. 400.]

=== Layer 0 ===
	Mean activate weights: 0.30000001192092896 +- 0.09560000151395798 (min:0.0 ; max:0.9990000128746033)
	Min firing time: 0.9822576642036438 +- 0.007628301158547401
	Mean firing time: 0.9854413270950317 +- 0.0069238790310919285
Accuracy on training set after epoch 20: 0.8166
Accuracy on validation set after epoch 20: 0.7268
Accuracy on test set after epoch 20: 0.7274
neuron 20 Cannot activate next neuron, all neurons of class 1 are already active
neuron 1 Cannot activate next neuron, all neurons of class 0 are already active
neuron 28 Cannot activate next neuron, all neurons of class 2 are already active
neuron 46 Cannot activate next neuron, all neurons of class 3 are already active
neuron 54 Cannot activate next neuron, all neurons of class 4 are already active
Epoch 21: Train Acc 0.8201
[INFO] Active neurons total=60, per-class=[12, 12, 12, 12, 12], pre=60, post_grow=60, post_prune=60, grew=0, pruned=0
[INFO] Class difficulty=[0.6140000224113464, 0.6520000100135803, 0.5989999771118164, 0.5479999780654907, 0.5370000004768372], hardness=[0.75, 1.0, 0.5, 0.25, 0.0], grew_per_class=[0, 0, 0, 0, 0], pruned_per_class=[0, 0, 0, 0, 0]
target_updates[[ 0  1  2  3  4  5  6  7  8  9 10 11]]: [ 14 526 449 232 354 436 479 401 421 369 345 474]
ntarget_updates[[ 0  1  2  3  4  5  6  7  8  9 10 11]]: [5302 1234  743 1082 1227  881 1273 1336 1265 1194 1483  980]
thresholds[[ 0  1  2  3  4  5  6  7  8  9 10 11]]: [400. 400. 400. 400. 400. 400. 400. 400. 400. 400. 400. 400.]

target_updates[[12 13 14 15 16 17 18 19 20 21 22 23]]: [  9 571 357 462 349 307 379 332 637 373 325 399]
ntarget_updates[[12 13 14 15 16 17 18 19 20 21 22 23]]: [3883  812  896  966  655 2921 1315 1755  928 1973  561 1335]
thresholds[[12 13 14 15 16 17 18 19 20 21 22 23]]: [400. 400. 400. 400. 400. 400. 400. 400. 400. 400. 400. 400.]

target_updates[[24 25 26 27 28 29 30 31 32 33 34 35]]: [ 33 468 469 353 584 538 328 247 371 377 421 311]
ntarget_updates[[24 25 26 27 28 29 30 31 32 33 34 35]]: [6540  934  861  945  628  778  758 1291 1263 1942  965 1095]
thresholds[[24 25 26 27 28 29 30 31 32 33 34 35]]: [400. 400. 400. 400. 400. 400. 400. 400. 400. 400. 400. 400.]

target_updates[[36 37 38 39 40 41 42 43 44 45 46 47]]: [ 11 359 659 371 251 505 296 562 314 266 747 159]
ntarget_updates[[36 37 38 39 40 41 42 43 44 45 46 47]]: [6381  997 1007  899  911 1180  950 1261  959  822 1015 1618]
thresholds[[36 37 38 39 40 41 42 43 44 45 46 47]]: [400. 400. 400. 400. 400. 400. 400. 400. 400. 400. 400. 400.]

target_updates[[48 49 50 51 52 53 54 55 56 57 58 59]]: [ 27 498 209 308  30 602 833 380 530  84 526 473]
ntarget_updates[[48 49 50 51 52 53 54 55 56 57 58 59]]: [9845  865  593  798  289  653  884 1010  902  281  731 1149]
thresholds[[48 49 50 51 52 53 54 55 56 57 58 59]]: [400. 400. 400. 400. 400. 400. 400. 400. 400. 400. 400. 400.]

=== Layer 0 ===
	Mean activate weights: 0.30000001192092896 +- 0.09749999642372131 (min:0.0 ; max:0.9990000128746033)
	Min firing time: 0.9822191596031189 +- 0.007635149639099836
	Mean firing time: 0.9854491353034973 +- 0.006919332314282656
Accuracy on training set after epoch 21: 0.8201
Accuracy on validation set after epoch 21: 0.7264
Accuracy on test set after epoch 21: 0.7274
neuron 20 Cannot activate next neuron, all neurons of class 1 are already active
neuron 1 Cannot activate next neuron, all neurons of class 0 are already active
neuron 28 Cannot activate next neuron, all neurons of class 2 are already active
neuron 46 Cannot activate next neuron, all neurons of class 3 are already active
neuron 54 Cannot activate next neuron, all neurons of class 4 are already active
Epoch 22: Train Acc 0.8240
[INFO] Active neurons total=60, per-class=[12, 12, 12, 12, 12], pre=60, post_grow=60, post_prune=60, grew=0, pruned=0
[INFO] Class difficulty=[0.6110000014305115, 0.6489999890327454, 0.597000002861023, 0.546999990940094, 0.5370000004768372], hardness=[0.75, 1.0, 0.5, 0.25, 0.0], grew_per_class=[0, 0, 0, 0, 0], pruned_per_class=[0, 0, 0, 0, 0]
target_updates[[ 0  1  2  3  4  5  6  7  8  9 10 11]]: [ 13 525 450 233 353 435 481 401 422 371 345 471]
ntarget_updates[[ 0  1  2  3  4  5  6  7  8  9 10 11]]: [5362 1219  746 1089 1221  888 1254 1344 1256 1176 1473  972]
thresholds[[ 0  1  2  3  4  5  6  7  8  9 10 11]]: [400. 400. 400. 400. 400. 400. 400. 400. 400. 400. 400. 400.]

target_updates[[12 13 14 15 16 17 18 19 20 21 22 23]]: [  9 571 357 464 349 306 379 332 635 373 325 400]
ntarget_updates[[12 13 14 15 16 17 18 19 20 21 22 23]]: [3920  817  892  960  658 2897 1317 1750  925 1975  567 1322]
thresholds[[12 13 14 15 16 17 18 19 20 21 22 23]]: [400. 400. 400. 400. 400. 400. 400. 400. 400. 400. 400. 400.]

target_updates[[24 25 26 27 28 29 30 31 32 33 34 35]]: [ 33 469 470 353 582 538 329 247 371 377 421 310]
ntarget_updates[[24 25 26 27 28 29 30 31 32 33 34 35]]: [6563  910  857  937  624  770  765 1293 1260 1942  976 1103]
thresholds[[24 25 26 27 28 29 30 31 32 33 34 35]]: [400. 400. 400. 400. 400. 400. 400. 400. 400. 400. 400. 400.]

target_updates[[36 37 38 39 40 41 42 43 44 45 46 47]]: [ 11 357 660 371 250 506 294 564 314 265 749 159]
ntarget_updates[[36 37 38 39 40 41 42 43 44 45 46 47]]: [6441  998  987  908  899 1170  942 1248  961  819 1010 1617]
thresholds[[36 37 38 39 40 41 42 43 44 45 46 47]]: [400. 400. 400. 400. 400. 400. 400. 400. 400. 400. 400. 400.]

target_updates[[48 49 50 51 52 53 54 55 56 57 58 59]]: [ 27 498 209 308  28 601 835 381 530  84 526 473]
ntarget_updates[[48 49 50 51 52 53 54 55 56 57 58 59]]: [9877  860  589  790  288  634  884 1021  893  293  731 1140]
thresholds[[48 49 50 51 52 53 54 55 56 57 58 59]]: [400. 400. 400. 400. 400. 400. 400. 400. 400. 400. 400. 400.]

=== Layer 0 ===
	Mean activate weights: 0.30000001192092896 +- 0.09929999709129333 (min:0.0 ; max:0.9990000128746033)
	Min firing time: 0.9821835160255432 +- 0.007642173673957586
	Mean firing time: 0.9854565858840942 +- 0.0069150496274232864
Accuracy on training set after epoch 22: 0.824
Accuracy on validation set after epoch 22: 0.7284
Accuracy on test set after epoch 22: 0.7284
neuron 20 Cannot activate next neuron, all neurons of class 1 are already active
neuron 1 Cannot activate next neuron, all neurons of class 0 are already active
neuron 28 Cannot activate next neuron, all neurons of class 2 are already active
neuron 46 Cannot activate next neuron, all neurons of class 3 are already active
neuron 54 Cannot activate next neuron, all neurons of class 4 are already active
Epoch 23: Train Acc 0.8272
[INFO] Active neurons total=60, per-class=[12, 12, 12, 12, 12], pre=60, post_grow=60, post_prune=60, grew=0, pruned=0
[INFO] Class difficulty=[0.6079999804496765, 0.6470000147819519, 0.5950000286102295, 0.5460000038146973, 0.5360000133514404], hardness=[0.75, 1.0, 0.5, 0.25, 0.0], grew_per_class=[0, 0, 0, 0, 0], pruned_per_class=[0, 0, 0, 0, 0]
target_updates[[ 0  1  2  3  4  5  6  7  8  9 10 11]]: [ 13 525 449 233 353 436 481 400 422 371 346 471]
ntarget_updates[[ 0  1  2  3  4  5  6  7  8  9 10 11]]: [5417 1214  730 1083 1205  875 1265 1342 1249 1179 1465  976]
thresholds[[ 0  1  2  3  4  5  6  7  8  9 10 11]]: [400. 400. 400. 400. 400. 400. 400. 400. 400. 400. 400. 400.]

target_updates[[12 13 14 15 16 17 18 19 20 21 22 23]]: [  9 572 358 462 349 306 379 332 636 373 324 400]
ntarget_updates[[12 13 14 15 16 17 18 19 20 21 22 23]]: [3938  807  890  962  674 2893 1310 1753  914 1969  573 1317]
thresholds[[12 13 14 15 16 17 18 19 20 21 22 23]]: [400. 400. 400. 400. 400. 400. 400. 400. 400. 400. 400. 400.]

target_updates[[24 25 26 27 28 29 30 31 32 33 34 35]]: [ 33 469 470 353 582 538 327 247 372 377 421 311]
ntarget_updates[[24 25 26 27 28 29 30 31 32 33 34 35]]: [6577  909  863  928  621  758  767 1297 1259 1940  979 1102]
thresholds[[24 25 26 27 28 29 30 31 32 33 34 35]]: [400. 400. 400. 400. 400. 400. 400. 400. 400. 400. 400. 400.]

target_updates[[36 37 38 39 40 41 42 43 44 45 46 47]]: [ 11 357 659 371 248 506 293 566 314 264 753 158]
ntarget_updates[[36 37 38 39 40 41 42 43 44 45 46 47]]: [6493  991  975  900  892 1164  941 1241  951  818  988 1646]
thresholds[[36 37 38 39 40 41 42 43 44 45 46 47]]: [400. 400. 400. 400. 400. 400. 400. 400. 400. 400. 400. 400.]

target_updates[[48 49 50 51 52 53 54 55 56 57 58 59]]: [ 27 498 208 308  28 601 838 380 528  82 528 474]
ntarget_updates[[48 49 50 51 52 53 54 55 56 57 58 59]]: [9926  850  591  792  290  641  872 1002  880  290  731 1135]
thresholds[[48 49 50 51 52 53 54 55 56 57 58 59]]: [400. 400. 400. 400. 400. 400. 400. 400. 400. 400. 400. 400.]

=== Layer 0 ===
	Mean activate weights: 0.30000001192092896 +- 0.10109999775886536 (min:0.0 ; max:0.9990000128746033)
	Min firing time: 0.9821500182151794 +- 0.007648172788321972
	Mean firing time: 0.9854639172554016 +- 0.006910825148224831
Accuracy on training set after epoch 23: 0.8272
Accuracy on validation set after epoch 23: 0.7296
Accuracy on test set after epoch 23: 0.7302
neuron 20 Cannot activate next neuron, all neurons of class 1 are already active
neuron 1 Cannot activate next neuron, all neurons of class 0 are already active
neuron 28 Cannot activate next neuron, all neurons of class 2 are already active
neuron 46 Cannot activate next neuron, all neurons of class 3 are already active
neuron 54 Cannot activate next neuron, all neurons of class 4 are already active
Epoch 24: Train Acc 0.8309
[INFO] Active neurons total=60, per-class=[12, 12, 12, 12, 12], pre=60, post_grow=60, post_prune=60, grew=0, pruned=0
[INFO] Class difficulty=[0.6039999723434448, 0.6439999938011169, 0.5929999947547913, 0.5450000166893005, 0.5360000133514404], hardness=[0.75, 1.0, 0.5, 0.25, 0.0], grew_per_class=[0, 0, 0, 0, 0], pruned_per_class=[0, 0, 0, 0, 0]
target_updates[[ 0  1  2  3  4  5  6  7  8  9 10 11]]: [ 14 526 450 233 352 435 482 400 422 370 346 470]
ntarget_updates[[ 0  1  2  3  4  5  6  7  8  9 10 11]]: [5474 1199  730 1079 1202  875 1262 1341 1234 1172 1469  963]
thresholds[[ 0  1  2  3  4  5  6  7  8  9 10 11]]: [400. 400. 400. 400. 400. 400. 400. 400. 400. 400. 400. 400.]

target_updates[[12 13 14 15 16 17 18 19 20 21 22 23]]: [  9 571 358 464 348 306 380 331 635 373 324 401]
ntarget_updates[[12 13 14 15 16 17 18 19 20 21 22 23]]: [3963  803  898  950  666 2883 1307 1751  909 1982  574 1314]
thresholds[[12 13 14 15 16 17 18 19 20 21 22 23]]: [400. 400. 400. 400. 400. 400. 400. 400. 400. 400. 400. 400.]

target_updates[[24 25 26 27 28 29 30 31 32 33 34 35]]: [ 33 468 472 352 580 539 329 247 372 377 420 311]
ntarget_updates[[24 25 26 27 28 29 30 31 32 33 34 35]]: [6591  913  848  927  618  754  771 1291 1261 1962  967 1097]
thresholds[[24 25 26 27 28 29 30 31 32 33 34 35]]: [400. 400. 400. 400. 400. 400. 400. 400. 400. 400. 400. 400.]

target_updates[[36 37 38 39 40 41 42 43 44 45 46 47]]: [ 11 356 661 371 248 504 292 565 314 265 756 157]
ntarget_updates[[36 37 38 39 40 41 42 43 44 45 46 47]]: [6540  995  986  894  894 1153  926 1229  941  817  962 1663]
thresholds[[36 37 38 39 40 41 42 43 44 45 46 47]]: [400. 400. 400. 400. 400. 400. 400. 400. 400. 400. 400. 400.]

target_updates[[48 49 50 51 52 53 54 55 56 57 58 59]]: [ 27 499 207 307  28 599 841 381 529  81 527 474]
ntarget_updates[[48 49 50 51 52 53 54 55 56 57 58 59]]: [9953  840  584  786  299  639  865 1007  875  297  726 1129]
thresholds[[48 49 50 51 52 53 54 55 56 57 58 59]]: [400. 400. 400. 400. 400. 400. 400. 400. 400. 400. 400. 400.]

=== Layer 0 ===
	Mean activate weights: 0.30000001192092896 +- 0.10279999673366547 (min:0.0 ; max:1.0)
	Min firing time: 0.9821182489395142 +- 0.007654028013348579
	Mean firing time: 0.9854710698127747 +- 0.0069066486321389675
Accuracy on training set after epoch 24: 0.8309
Accuracy on validation set after epoch 24: 0.7304
Accuracy on test set after epoch 24: 0.7322
neuron 20 Cannot activate next neuron, all neurons of class 1 are already active
neuron 1 Cannot activate next neuron, all neurons of class 0 are already active
neuron 28 Cannot activate next neuron, all neurons of class 2 are already active
neuron 46 Cannot activate next neuron, all neurons of class 3 are already active
neuron 54 Cannot activate next neuron, all neurons of class 4 are already active
Epoch 25: Train Acc 0.8331
[INFO] Active neurons total=60, per-class=[12, 12, 12, 12, 12], pre=60, post_grow=60, post_prune=60, grew=0, pruned=0
[INFO] Class difficulty=[0.6029999852180481, 0.6420000195503235, 0.5920000076293945, 0.5440000295639038, 0.5350000262260437], hardness=[0.75, 1.0, 0.5, 0.25, 0.0], grew_per_class=[0, 0, 0, 0, 0], pruned_per_class=[0, 0, 0, 0, 0]
target_updates[[ 0  1  2  3  4  5  6  7  8  9 10 11]]: [ 14 526 449 233 352 436 482 400 422 371 346 469]
ntarget_updates[[ 0  1  2  3  4  5  6  7  8  9 10 11]]: [5543 1184  714 1079 1190  881 1266 1331 1224 1179 1460  949]
thresholds[[ 0  1  2  3  4  5  6  7  8  9 10 11]]: [400. 400. 400. 400. 400. 400. 400. 400. 400. 400. 400. 400.]

target_updates[[12 13 14 15 16 17 18 19 20 21 22 23]]: [  9 569 358 466 348 306 380 331 635 373 324 401]
ntarget_updates[[12 13 14 15 16 17 18 19 20 21 22 23]]: [3980  807  913  949  675 2895 1300 1747  904 1963  563 1304]
thresholds[[12 13 14 15 16 17 18 19 20 21 22 23]]: [400. 400. 400. 400. 400. 400. 400. 400. 400. 400. 400. 400.]

target_updates[[24 25 26 27 28 29 30 31 32 33 34 35]]: [ 33 471 471 352 581 537 328 247 373 377 420 310]
ntarget_updates[[24 25 26 27 28 29 30 31 32 33 34 35]]: [6612  896  852  920  611  754  773 1299 1259 1937  967 1120]
thresholds[[24 25 26 27 28 29 30 31 32 33 34 35]]: [400. 400. 400. 400. 400. 400. 400. 400. 400. 400. 400. 400.]

target_updates[[36 37 38 39 40 41 42 43 44 45 46 47]]: [ 11 358 660 370 247 503 292 566 315 263 758 157]
ntarget_updates[[36 37 38 39 40 41 42 43 44 45 46 47]]: [6605  984  957  888  891 1123  936 1224  940  802  969 1681]
thresholds[[36 37 38 39 40 41 42 43 44 45 46 47]]: [400. 400. 400. 400. 400. 400. 400. 400. 400. 400. 400. 400.]

target_updates[[48 49 50 51 52 53 54 55 56 57 58 59]]: [ 27 497 205 305  28 600 844 381 529  81 528 475]
ntarget_updates[[48 49 50 51 52 53 54 55 56 57 58 59]]: [9981  835  592  795  294  645  861  992  866  294  728 1117]
thresholds[[48 49 50 51 52 53 54 55 56 57 58 59]]: [400. 400. 400. 400. 400. 400. 400. 400. 400. 400. 400. 400.]

=== Layer 0 ===
	Mean activate weights: 0.30000001192092896 +- 0.10440000146627426 (min:0.0 ; max:1.0)
	Min firing time: 0.9820888638496399 +- 0.007659134455025196
	Mean firing time: 0.9854780435562134 +- 0.006902724038809538
Accuracy on training set after epoch 25: 0.8331
Accuracy on validation set after epoch 25: 0.732
Accuracy on test set after epoch 25: 0.733
neuron 20 Cannot activate next neuron, all neurons of class 1 are already active
neuron 1 Cannot activate next neuron, all neurons of class 0 are already active
neuron 28 Cannot activate next neuron, all neurons of class 2 are already active
neuron 46 Cannot activate next neuron, all neurons of class 3 are already active
neuron 54 Cannot activate next neuron, all neurons of class 4 are already active
Epoch 26: Train Acc 0.8357
[INFO] Active neurons total=60, per-class=[12, 12, 12, 12, 12], pre=60, post_grow=60, post_prune=60, grew=0, pruned=0
[INFO] Class difficulty=[0.6019999980926514, 0.6399999856948853, 0.5899999737739563, 0.5440000295639038, 0.5350000262260437], hardness=[0.75, 1.0, 0.5, 0.25, 0.0], grew_per_class=[0, 0, 0, 0, 0], pruned_per_class=[0, 0, 0, 0, 0]
target_updates[[ 0  1  2  3  4  5  6  7  8  9 10 11]]: [ 14 526 447 233 351 437 483 400 422 371 346 470]
ntarget_updates[[ 0  1  2  3  4  5  6  7  8  9 10 11]]: [5589 1190  710 1082 1197  867 1250 1337 1218 1156 1453  951]
thresholds[[ 0  1  2  3  4  5  6  7  8  9 10 11]]: [400. 400. 400. 400. 400. 400. 400. 400. 400. 400. 400. 400.]

target_updates[[12 13 14 15 16 17 18 19 20 21 22 23]]: [ 10 567 359 466 349 304 381 331 635 373 323 402]
ntarget_updates[[12 13 14 15 16 17 18 19 20 21 22 23]]: [4005  800  901  953  669 2894 1290 1754  899 1969  577 1289]
thresholds[[12 13 14 15 16 17 18 19 20 21 22 23]]: [400. 400. 400. 400. 400. 400. 400. 400. 400. 400. 400. 400.]

target_updates[[24 25 26 27 28 29 30 31 32 33 34 35]]: [ 33 468 470 352 584 537 326 247 375 377 420 311]
ntarget_updates[[24 25 26 27 28 29 30 31 32 33 34 35]]: [6646  906  837  930  598  745  778 1304 1254 1940  970 1092]
thresholds[[24 25 26 27 28 29 30 31 32 33 34 35]]: [400. 400. 400. 400. 400. 400. 400. 400. 400. 400. 400. 400.]

target_updates[[36 37 38 39 40 41 42 43 44 45 46 47]]: [ 11 356 663 371 245 503 292 565 314 264 759 157]
ntarget_updates[[36 37 38 39 40 41 42 43 44 45 46 47]]: [6641  978  953  891  877 1116  942 1228  932  797  958 1687]
thresholds[[36 37 38 39 40 41 42 43 44 45 46 47]]: [400. 400. 400. 400. 400. 400. 400. 400. 400. 400. 400. 400.]

target_updates[[48 49 50 51 52 53 54 55 56 57 58 59]]: [ 27 497 206 305  28 600 847 380 530  79 527 474]
ntarget_updates[[48 49 50 51 52 53 54 55 56 57 58 59]]: [10013   830   588   794   301   633   858  1000   860   294   725  1104]
thresholds[[48 49 50 51 52 53 54 55 56 57 58 59]]: [400. 400. 400. 400. 400. 400. 400. 400. 400. 400. 400. 400.]

=== Layer 0 ===
	Mean activate weights: 0.30000001192092896 +- 0.10599999874830246 (min:0.0 ; max:1.0)
	Min firing time: 0.9820604920387268 +- 0.007664163131266832
	Mean firing time: 0.9854848384857178 +- 0.006898803636431694
Accuracy on training set after epoch 26: 0.8357
Accuracy on validation set after epoch 26: 0.7324
Accuracy on test set after epoch 26: 0.734
neuron 20 Cannot activate next neuron, all neurons of class 1 are already active
neuron 1 Cannot activate next neuron, all neurons of class 0 are already active
neuron 28 Cannot activate next neuron, all neurons of class 2 are already active
neuron 46 Cannot activate next neuron, all neurons of class 3 are already active
neuron 54 Cannot activate next neuron, all neurons of class 4 are already active
Epoch 27: Train Acc 0.8380
[INFO] Active neurons total=60, per-class=[12, 12, 12, 12, 12], pre=60, post_grow=60, post_prune=60, grew=0, pruned=0
[INFO] Class difficulty=[0.6000000238418579, 0.6380000114440918, 0.5889999866485596, 0.5429999828338623, 0.5339999794960022], hardness=[0.75, 1.0, 0.5, 0.25, 0.0], grew_per_class=[0, 0, 0, 0, 0], pruned_per_class=[0, 0, 0, 0, 0]
target_updates[[ 0  1  2  3  4  5  6  7  8  9 10 11]]: [ 14 527 446 233 351 437 482 400 423 370 346 471]
ntarget_updates[[ 0  1  2  3  4  5  6  7  8  9 10 11]]: [5639 1174  710 1078 1186  861 1252 1331 1218 1158 1444  949]
thresholds[[ 0  1  2  3  4  5  6  7  8  9 10 11]]: [400. 400. 400. 400. 400. 400. 400. 400. 400. 400. 400. 400.]

target_updates[[12 13 14 15 16 17 18 19 20 21 22 23]]: [ 10 566 357 467 350 304 381 332 633 373 325 402]
ntarget_updates[[12 13 14 15 16 17 18 19 20 21 22 23]]: [4022  802  904  941  672 2885 1298 1756  894 1974  574 1278]
thresholds[[12 13 14 15 16 17 18 19 20 21 22 23]]: [400. 400. 400. 400. 400. 400. 400. 400. 400. 400. 400. 400.]

target_updates[[24 25 26 27 28 29 30 31 32 33 34 35]]: [ 33 468 470 352 583 536 327 247 375 377 420 312]
ntarget_updates[[24 25 26 27 28 29 30 31 32 33 34 35]]: [6669  883  839  928  615  746  766 1288 1273 1928  961 1104]
thresholds[[24 25 26 27 28 29 30 31 32 33 34 35]]: [400. 400. 400. 400. 400. 400. 400. 400. 400. 400. 400. 400.]

target_updates[[36 37 38 39 40 41 42 43 44 45 46 47]]: [ 11 356 663 368 246 503 293 564 316 264 759 157]
ntarget_updates[[36 37 38 39 40 41 42 43 44 45 46 47]]: [6692  980  945  882  877 1116  920 1204  943  781  958 1702]
thresholds[[36 37 38 39 40 41 42 43 44 45 46 47]]: [400. 400. 400. 400. 400. 400. 400. 400. 400. 400. 400. 400.]

target_updates[[48 49 50 51 52 53 54 55 56 57 58 59]]: [ 27 497 207 304  28 596 848 380 532  78 529 474]
ntarget_updates[[48 49 50 51 52 53 54 55 56 57 58 59]]: [10032   821   585   792   303   631   858   988   873   294   721  1102]
thresholds[[48 49 50 51 52 53 54 55 56 57 58 59]]: [400. 400. 400. 400. 400. 400. 400. 400. 400. 400. 400. 400.]

=== Layer 0 ===
	Mean activate weights: 0.30000001192092896 +- 0.10750000178813934 (min:0.0 ; max:1.0)
	Min firing time: 0.9820336699485779 +- 0.007668126840144396
	Mean firing time: 0.9854913949966431 +- 0.006895008496940136
Accuracy on training set after epoch 27: 0.838
Accuracy on validation set after epoch 27: 0.7348
Accuracy on test set after epoch 27: 0.7346
neuron 20 Cannot activate next neuron, all neurons of class 1 are already active
neuron 1 Cannot activate next neuron, all neurons of class 0 are already active
neuron 28 Cannot activate next neuron, all neurons of class 2 are already active
neuron 46 Cannot activate next neuron, all neurons of class 3 are already active
neuron 54 Cannot activate next neuron, all neurons of class 4 are already active
Epoch 28: Train Acc 0.8408
[INFO] Active neurons total=60, per-class=[12, 12, 12, 12, 12], pre=60, post_grow=60, post_prune=60, grew=0, pruned=0
[INFO] Class difficulty=[0.5979999899864197, 0.6349999904632568, 0.5879999995231628, 0.5429999828338623, 0.5339999794960022], hardness=[0.75, 1.0, 0.5, 0.25, 0.0], grew_per_class=[0, 0, 0, 0, 0], pruned_per_class=[0, 0, 0, 0, 0]
target_updates[[ 0  1  2  3  4  5  6  7  8  9 10 11]]: [ 14 528 444 232 351 438 483 399 423 370 348 470]
ntarget_updates[[ 0  1  2  3  4  5  6  7  8  9 10 11]]: [5690 1177  689 1075 1179  862 1259 1327 1221 1148 1441  932]
thresholds[[ 0  1  2  3  4  5  6  7  8  9 10 11]]: [400. 400. 400. 400. 400. 400. 400. 400. 400. 400. 400. 400.]

target_updates[[12 13 14 15 16 17 18 19 20 21 22 23]]: [ 10 567 357 468 352 304 381 332 629 373 324 403]
ntarget_updates[[12 13 14 15 16 17 18 19 20 21 22 23]]: [4049  803  894  941  676 2879 1293 1753  884 1958  590 1280]
thresholds[[12 13 14 15 16 17 18 19 20 21 22 23]]: [400. 400. 400. 400. 400. 400. 400. 400. 400. 400. 400. 400.]

target_updates[[24 25 26 27 28 29 30 31 32 33 34 35]]: [ 33 471 472 352 580 535 325 247 375 377 421 312]
ntarget_updates[[24 25 26 27 28 29 30 31 32 33 34 35]]: [6686  891  835  922  594  741  781 1288 1256 1932  976 1098]
thresholds[[24 25 26 27 28 29 30 31 32 33 34 35]]: [400. 400. 400. 400. 400. 400. 400. 400. 400. 400. 400. 400.]

target_updates[[36 37 38 39 40 41 42 43 44 45 46 47]]: [ 11 355 663 369 243 503 292 567 314 263 762 158]
ntarget_updates[[36 37 38 39 40 41 42 43 44 45 46 47]]: [6725  986  954  862  881 1088  921 1194  927  776  950 1736]
thresholds[[36 37 38 39 40 41 42 43 44 45 46 47]]: [400. 400. 400. 400. 400. 400. 400. 400. 400. 400. 400. 400.]

target_updates[[48 49 50 51 52 53 54 55 56 57 58 59]]: [ 27 497 206 304  28 596 850 378 529  79 531 475]
ntarget_updates[[48 49 50 51 52 53 54 55 56 57 58 59]]: [10057   818   582   791   310   637   849   991   856   292   730  1087]
thresholds[[48 49 50 51 52 53 54 55 56 57 58 59]]: [400. 400. 400. 400. 400. 400. 400. 400. 400. 400. 400. 400.]

=== Layer 0 ===
	Mean activate weights: 0.30000001192092896 +- 0.10899999737739563 (min:0.0 ; max:1.0)
	Min firing time: 0.9820070266723633 +- 0.007672986015677452
	Mean firing time: 0.9854978919029236 +- 0.006891298573464155
Accuracy on training set after epoch 28: 0.8408
Accuracy on validation set after epoch 28: 0.7348
Accuracy on test set after epoch 28: 0.7348
neuron 20 Cannot activate next neuron, all neurons of class 1 are already active
neuron 1 Cannot activate next neuron, all neurons of class 0 are already active
neuron 28 Cannot activate next neuron, all neurons of class 2 are already active
neuron 46 Cannot activate next neuron, all neurons of class 3 are already active
neuron 54 Cannot activate next neuron, all neurons of class 4 are already active
Epoch 29: Train Acc 0.8427
[INFO] Active neurons total=60, per-class=[12, 12, 12, 12, 12], pre=60, post_grow=60, post_prune=60, grew=0, pruned=0
[INFO] Class difficulty=[0.5960000157356262, 0.6340000033378601, 0.5870000123977661, 0.5419999957084656, 0.5339999794960022], hardness=[0.75, 1.0, 0.5, 0.25, 0.0], grew_per_class=[0, 0, 0, 0, 0], pruned_per_class=[0, 0, 0, 0, 0]
target_updates[[ 0  1  2  3  4  5  6  7  8  9 10 11]]: [ 14 528 443 231 350 440 484 398 422 371 349 470]
ntarget_updates[[ 0  1  2  3  4  5  6  7  8  9 10 11]]: [5719 1175  700 1066 1186  864 1245 1317 1208 1152 1442  926]
thresholds[[ 0  1  2  3  4  5  6  7  8  9 10 11]]: [400. 400. 400. 400. 400. 400. 400. 400. 400. 400. 400. 400.]

target_updates[[12 13 14 15 16 17 18 19 20 21 22 23]]: [ 10 568 356 467 351 304 382 332 630 373 324 403]
ntarget_updates[[12 13 14 15 16 17 18 19 20 21 22 23]]: [4070  798  908  943  685 2867 1302 1751  881 1961  569 1265]
thresholds[[12 13 14 15 16 17 18 19 20 21 22 23]]: [400. 400. 400. 400. 400. 400. 400. 400. 400. 400. 400. 400.]

target_updates[[24 25 26 27 28 29 30 31 32 33 34 35]]: [ 32 470 471 353 581 535 327 247 375 378 420 311]
ntarget_updates[[24 25 26 27 28 29 30 31 32 33 34 35]]: [6708  880  836  924  605  730  773 1304 1255 1928  968 1089]
thresholds[[24 25 26 27 28 29 30 31 32 33 34 35]]: [400. 400. 400. 400. 400. 400. 400. 400. 400. 400. 400. 400.]

target_updates[[36 37 38 39 40 41 42 43 44 45 46 47]]: [  9 355 662 370 243 503 293 568 314 264 761 158]
ntarget_updates[[36 37 38 39 40 41 42 43 44 45 46 47]]: [6770  964  929  870  864 1079  911 1200  935  786  943 1749]
thresholds[[36 37 38 39 40 41 42 43 44 45 46 47]]: [400. 400. 400. 400. 400. 400. 400. 400. 400. 400. 400. 400.]

target_updates[[48 49 50 51 52 53 54 55 56 57 58 59]]: [ 27 497 207 303  28 597 853 378 529  79 528 474]
ntarget_updates[[48 49 50 51 52 53 54 55 56 57 58 59]]: [10070   819   586   791   314   620   835   984   860   300   734  1087]
thresholds[[48 49 50 51 52 53 54 55 56 57 58 59]]: [400. 400. 400. 400. 400. 400. 400. 400. 400. 400. 400. 400.]

=== Layer 0 ===
	Mean activate weights: 0.30000001192092896 +- 0.1103999987244606 (min:0.0 ; max:1.0)
	Min firing time: 0.981983482837677 +- 0.007676878944039345
	Mean firing time: 0.9855040907859802 +- 0.0068877087906003
Accuracy on training set after epoch 29: 0.8427
Accuracy on validation set after epoch 29: 0.7376
Accuracy on test set after epoch 29: 0.7354
