/Users/sangkiko/SpikeNN/.venv/lib/python3.9/site-packages/urllib3/__init__.py:35: NotOpenSSLWarning: urllib3 v2 only supports OpenSSL 1.1.1+, currently the 'ssl' module is compiled with 'LibreSSL 2.8.3'. See: https://github.com/urllib3/urllib3/issues/3020
  warnings.warn(
Epoch 0: Train Acc 0.5538
[INFO] Active neurons total=50, per-class=[5, 5, 5, 5, 5, 5, 5, 5, 5, 5], pre=50, post_grow=50, post_prune=50, grew=0, pruned=0
[INFO] Class difficulty=[0.7889999747276306, 0.7590000033378601, 0.8679999709129333, 0.9150000214576721, 0.8349999785423279, 0.8140000104904175, 0.7289999723434448, 0.7820000052452087, 0.7429999709129333, 0.765999972820282], hardness=[0.5559999942779541, 0.22200000286102295, 0.8889999985694885, 1.0, 0.777999997138977, 0.6669999957084656, 0.0, 0.4440000057220459, 0.11100000143051147, 0.3330000042915344], grew_per_class=[0, 0, 0, 0, 0, 0, 0, 0, 0, 0], pruned_per_class=[0, 0, 0, 0, 0, 0, 0, 0, 0, 0]
target_updates[[ 0  1  2  3  4  5  6  7  8  9 10 11 12 13 14 15 16 17 18 19 20 21 22 23
 24 25 26 27 28 29 30 31 32 33 34 35 36 37 38 39]]: [ 145 1086 1089 1094 1086    0    0    0    0    0    0    0    0    0
    0    0    0    0    0    0    0    0    0    0    0    0    0    0
    0    0    0    0    0    0    0    0    0    0    0    0]
ntarget_updates[[ 0  1  2  3  4  5  6  7  8  9 10 11 12 13 14 15 16 17 18 19 20 21 22 23
 24 25 26 27 28 29 30 31 32 33 34 35 36 37 38 39]]: [17106  5663  5406  6007  6318     0     0     0     0     0     0     0
     0     0     0     0     0     0     0     0     0     0     0     0
     0     0     0     0     0     0     0     0     0     0     0     0
     0     0     0     0]
thresholds[[ 0  1  2  3  4  5  6  7  8  9 10 11 12 13 14 15 16 17 18 19 20 21 22 23
 24 25 26 27 28 29 30 31 32 33 34 35 36 37 38 39]]: [1600. 1615. 1610. 1605. 1600. 1600. 1600. 1600. 1600. 1600. 1600. 1600.
 1600. 1600. 1600. 1600. 1600. 1600. 1600. 1600. 1600. 1600. 1600. 1600.
 1600. 1600. 1600. 1600. 1600. 1600. 1600. 1600. 1600. 1600. 1600. 1600.
 1600. 1600. 1600. 1600.]

target_updates[[40 41 42 43 44 45 46 47 48 49 50 51 52 53 54 55 56 57 58 59 60 61 62 63
 64 65 66 67 68 69 70 71 72 73 74 75 76 77 78 79]]: [  48 1108 1113 1114 1117    0    0    0    0    0    0    0    0    0
    0    0    0    0    0    0    0    0    0    0    0    0    0    0
    0    0    0    0    0    0    0    0    0    0    0    0]
ntarget_updates[[40 41 42 43 44 45 46 47 48 49 50 51 52 53 54 55 56 57 58 59 60 61 62 63
 64 65 66 67 68 69 70 71 72 73 74 75 76 77 78 79]]: [15933  5937  6111  6033  6486     0     0     0     0     0     0     0
     0     0     0     0     0     0     0     0     0     0     0     0
     0     0     0     0     0     0     0     0     0     0     0     0
     0     0     0     0]
thresholds[[40 41 42 43 44 45 46 47 48 49 50 51 52 53 54 55 56 57 58 59 60 61 62 63
 64 65 66 67 68 69 70 71 72 73 74 75 76 77 78 79]]: [1600. 1600. 1610. 1615. 1605. 1600. 1600. 1600. 1600. 1600. 1600. 1600.
 1600. 1600. 1600. 1600. 1600. 1600. 1600. 1600. 1600. 1600. 1600. 1600.
 1600. 1600. 1600. 1600. 1600. 1600. 1600. 1600. 1600. 1600. 1600. 1600.
 1600. 1600. 1600. 1600.]

target_updates[[ 80  81  82  83  84  85  86  87  88  89  90  91  92  93  94  95  96  97
  98  99 100 101 102 103 104 105 106 107 108 109 110 111 112 113 114 115
 116 117 118 119]]: [ 153 1090 1090 1072 1095    0    0    0    0    0    0    0    0    0
    0    0    0    0    0    0    0    0    0    0    0    0    0    0
    0    0    0    0    0    0    0    0    0    0    0    0]
ntarget_updates[[ 80  81  82  83  84  85  86  87  88  89  90  91  92  93  94  95  96  97
  98  99 100 101 102 103 104 105 106 107 108 109 110 111 112 113 114 115
 116 117 118 119]]: [12311  6839  7005  6895  7450     0     0     0     0     0     0     0
     0     0     0     0     0     0     0     0     0     0     0     0
     0     0     0     0     0     0     0     0     0     0     0     0
     0     0     0     0]
thresholds[[ 80  81  82  83  84  85  86  87  88  89  90  91  92  93  94  95  96  97
  98  99 100 101 102 103 104 105 106 107 108 109 110 111 112 113 114 115
 116 117 118 119]]: [1600. 1615. 1610. 1605. 1600. 1600. 1600. 1600. 1600. 1600. 1600. 1600.
 1600. 1600. 1600. 1600. 1600. 1600. 1600. 1600. 1600. 1600. 1600. 1600.
 1600. 1600. 1600. 1600. 1600. 1600. 1600. 1600. 1600. 1600. 1600. 1600.
 1600. 1600. 1600. 1600.]

target_updates[[120 121 122 123 124 125 126 127 128 129 130 131 132 133 134 135 136 137
 138 139 140 141 142 143 144 145 146 147 148 149 150 151 152 153 154 155
 156 157 158 159]]: [ 245 1062 1061 1077 1055    0    0    0    0    0    0    0    0    0
    0    0    0    0    0    0    0    0    0    0    0    0    0    0
    0    0    0    0    0    0    0    0    0    0    0    0]
ntarget_updates[[120 121 122 123 124 125 126 127 128 129 130 131 132 133 134 135 136 137
 138 139 140 141 142 143 144 145 146 147 148 149 150 151 152 153 154 155
 156 157 158 159]]: [13217  6690  6824  6706  7063     0     0     0     0     0     0     0
     0     0     0     0     0     0     0     0     0     0     0     0
     0     0     0     0     0     0     0     0     0     0     0     0
     0     0     0     0]
thresholds[[120 121 122 123 124 125 126 127 128 129 130 131 132 133 134 135 136 137
 138 139 140 141 142 143 144 145 146 147 148 149 150 151 152 153 154 155
 156 157 158 159]]: [1600. 1600. 1605. 1615. 1610. 1600. 1600. 1600. 1600. 1600. 1600. 1600.
 1600. 1600. 1600. 1600. 1600. 1600. 1600. 1600. 1600. 1600. 1600. 1600.
 1600. 1600. 1600. 1600. 1600. 1600. 1600. 1600. 1600. 1600. 1600. 1600.
 1600. 1600. 1600. 1600.]

target_updates[[160 161 162 163 164 165 166 167 168 169 170 171 172 173 174 175 176 177
 178 179 180 181 182 183 184 185 186 187 188 189 190 191 192 193 194 195
 196 197 198 199]]: [ 185 1075 1078 1084 1078    0    0    0    0    0    0    0    0    0
    0    0    0    0    0    0    0    0    0    0    0    0    0    0
    0    0    0    0    0    0    0    0    0    0    0    0]
ntarget_updates[[160 161 162 163 164 165 166 167 168 169 170 171 172 173 174 175 176 177
 178 179 180 181 182 183 184 185 186 187 188 189 190 191 192 193 194 195
 196 197 198 199]]: [13786  6814  6915  6797  6188     0     0     0     0     0     0     0
     0     0     0     0     0     0     0     0     0     0     0     0
     0     0     0     0     0     0     0     0     0     0     0     0
     0     0     0     0]
thresholds[[160 161 162 163 164 165 166 167 168 169 170 171 172 173 174 175 176 177
 178 179 180 181 182 183 184 185 186 187 188 189 190 191 192 193 194 195
 196 197 198 199]]: [1600. 1610. 1605. 1600. 1615. 1600. 1600. 1600. 1600. 1600. 1600. 1600.
 1600. 1600. 1600. 1600. 1600. 1600. 1600. 1600. 1600. 1600. 1600. 1600.
 1600. 1600. 1600. 1600. 1600. 1600. 1600. 1600. 1600. 1600. 1600. 1600.
 1600. 1600. 1600. 1600.]

target_updates[[200 201 202 203 204 205 206 207 208 209 210 211 212 213 214 215 216 217
 218 219 220 221 222 223 224 225 226 227 228 229 230 231 232 233 234 235
 236 237 238 239]]: [ 158 1089 1080 1080 1093    0    0    0    0    0    0    0    0    0
    0    0    0    0    0    0    0    0    0    0    0    0    0    0
    0    0    0    0    0    0    0    0    0    0    0    0]
ntarget_updates[[200 201 202 203 204 205 206 207 208 209 210 211 212 213 214 215 216 217
 218 219 220 221 222 223 224 225 226 227 228 229 230 231 232 233 234 235
 236 237 238 239]]: [14572  6194  6559  6272  6903     0     0     0     0     0     0     0
     0     0     0     0     0     0     0     0     0     0     0     0
     0     0     0     0     0     0     0     0     0     0     0     0
     0     0     0     0]
thresholds[[200 201 202 203 204 205 206 207 208 209 210 211 212 213 214 215 216 217
 218 219 220 221 222 223 224 225 226 227 228 229 230 231 232 233 234 235
 236 237 238 239]]: [1600. 1610. 1615. 1605. 1600. 1600. 1600. 1600. 1600. 1600. 1600. 1600.
 1600. 1600. 1600. 1600. 1600. 1600. 1600. 1600. 1600. 1600. 1600. 1600.
 1600. 1600. 1600. 1600. 1600. 1600. 1600. 1600. 1600. 1600. 1600. 1600.
 1600. 1600. 1600. 1600.]

target_updates[[240 241 242 243 244 245 246 247 248 249 250 251 252 253 254 255 256 257
 258 259 260 261 262 263 264 265 266 267 268 269 270 271 272 273 274 275
 276 277 278 279]]: [  77 1108 1101 1103 1111    0    0    0    0    0    0    0    0    0
    0    0    0    0    0    0    0    0    0    0    0    0    0    0
    0    0    0    0    0    0    0    0    0    0    0    0]
ntarget_updates[[240 241 242 243 244 245 246 247 248 249 250 251 252 253 254 255 256 257
 258 259 260 261 262 263 264 265 266 267 268 269 270 271 272 273 274 275
 276 277 278 279]]: [17116  6179  5926  5575  5704     0     0     0     0     0     0     0
     0     0     0     0     0     0     0     0     0     0     0     0
     0     0     0     0     0     0     0     0     0     0     0     0
     0     0     0     0]
thresholds[[240 241 242 243 244 245 246 247 248 249 250 251 252 253 254 255 256 257
 258 259 260 261 262 263 264 265 266 267 268 269 270 271 272 273 274 275
 276 277 278 279]]: [1600. 1605. 1610. 1600. 1615. 1600. 1600. 1600. 1600. 1600. 1600. 1600.
 1600. 1600. 1600. 1600. 1600. 1600. 1600. 1600. 1600. 1600. 1600. 1600.
 1600. 1600. 1600. 1600. 1600. 1600. 1600. 1600. 1600. 1600. 1600. 1600.
 1600. 1600. 1600. 1600.]

target_updates[[280 281 282 283 284 285 286 287 288 289 290 291 292 293 294 295 296 297
 298 299 300 301 302 303 304 305 306 307 308 309 310 311 312 313 314 315
 316 317 318 319]]: [ 130 1099 1079 1100 1092    0    0    0    0    0    0    0    0    0
    0    0    0    0    0    0    0    0    0    0    0    0    0    0
    0    0    0    0    0    0    0    0    0    0    0    0]
ntarget_updates[[280 281 282 283 284 285 286 287 288 289 290 291 292 293 294 295 296 297
 298 299 300 301 302 303 304 305 306 307 308 309 310 311 312 313 314 315
 316 317 318 319]]: [13743  6826  6295  7245  6391     0     0     0     0     0     0     0
     0     0     0     0     0     0     0     0     0     0     0     0
     0     0     0     0     0     0     0     0     0     0     0     0
     0     0     0     0]
thresholds[[280 281 282 283 284 285 286 287 288 289 290 291 292 293 294 295 296 297
 298 299 300 301 302 303 304 305 306 307 308 309 310 311 312 313 314 315
 316 317 318 319]]: [1600. 1600. 1615. 1605. 1610. 1600. 1600. 1600. 1600. 1600. 1600. 1600.
 1600. 1600. 1600. 1600. 1600. 1600. 1600. 1600. 1600. 1600. 1600. 1600.
 1600. 1600. 1600. 1600. 1600. 1600. 1600. 1600. 1600. 1600. 1600. 1600.
 1600. 1600. 1600. 1600.]

target_updates[[320 321 322 323 324 325 326 327 328 329 330 331 332 333 334 335 336 337
 338 339 340 341 342 343 344 345 346 347 348 349 350 351 352 353 354 355
 356 357 358 359]]: [  88 1105 1099 1107 1101    0    0    0    0    0    0    0    0    0
    0    0    0    0    0    0    0    0    0    0    0    0    0    0
    0    0    0    0    0    0    0    0    0    0    0    0]
ntarget_updates[[320 321 322 323 324 325 326 327 328 329 330 331 332 333 334 335 336 337
 338 339 340 341 342 343 344 345 346 347 348 349 350 351 352 353 354 355
 356 357 358 359]]: [18972  5330  5459  5419  5320     0     0     0     0     0     0     0
     0     0     0     0     0     0     0     0     0     0     0     0
     0     0     0     0     0     0     0     0     0     0     0     0
     0     0     0     0]
thresholds[[320 321 322 323 324 325 326 327 328 329 330 331 332 333 334 335 336 337
 338 339 340 341 342 343 344 345 346 347 348 349 350 351 352 353 354 355
 356 357 358 359]]: [1600. 1600. 1610. 1605. 1615. 1600. 1600. 1600. 1600. 1600. 1600. 1600.
 1600. 1600. 1600. 1600. 1600. 1600. 1600. 1600. 1600. 1600. 1600. 1600.
 1600. 1600. 1600. 1600. 1600. 1600. 1600. 1600. 1600. 1600. 1600. 1600.
 1600. 1600. 1600. 1600.]

target_updates[[360 361 362 363 364 365 366 367 368 369 370 371 372 373 374 375 376 377
 378 379 380 381 382 383 384 385 386 387 388 389 390 391 392 393 394 395
 396 397 398 399]]: [  52 1112 1111 1115 1110    0    0    0    0    0    0    0    0    0
    0    0    0    0    0    0    0    0    0    0    0    0    0    0
    0    0    0    0    0    0    0    0    0    0    0    0]
ntarget_updates[[360 361 362 363 364 365 366 367 368 369 370 371 372 373 374 375 376 377
 378 379 380 381 382 383 384 385 386 387 388 389 390 391 392 393 394 395
 396 397 398 399]]: [15489  6144  6104  6107  6656     0     0     0     0     0     0     0
     0     0     0     0     0     0     0     0     0     0     0     0
     0     0     0     0     0     0     0     0     0     0     0     0
     0     0     0     0]
thresholds[[360 361 362 363 364 365 366 367 368 369 370 371 372 373 374 375 376 377
 378 379 380 381 382 383 384 385 386 387 388 389 390 391 392 393 394 395
 396 397 398 399]]: [1600. 1610. 1605. 1600. 1615. 1600. 1600. 1600. 1600. 1600. 1600. 1600.
 1600. 1600. 1600. 1600. 1600. 1600. 1600. 1600. 1600. 1600. 1600. 1600.
 1600. 1600. 1600. 1600. 1600. 1600. 1600. 1600. 1600. 1600. 1600. 1600.
 1600. 1600. 1600. 1600.]

=== Layer 0 ===
	Mean activate weights: 0.30000001192092896 +- 0.01590000092983246 (min:0.2240000069141388 ; max:0.40700000524520874)
	Min firing time: 0.8303700685501099 +- 0.026796886697411537
	Mean firing time: 0.9789765477180481 +- 0.0033272618893533945
Accuracy on training set after epoch 0: 0.5538
Accuracy on validation set after epoch 0: 0.662
Accuracy on test set after epoch 0: 0.6493
Epoch 1: Train Acc 0.6199
[INFO] Active neurons total=53, per-class=[5, 5, 6, 6, 5, 6, 5, 5, 5, 5], pre=50, post_grow=53, post_prune=53, grew=3, pruned=0
[INFO] Class difficulty=[0.6110000014305115, 0.5080000162124634, 0.6959999799728394, 0.7910000085830688, 0.6620000004768372, 0.6880000233650208, 0.5339999794960022, 0.5699999928474426, 0.5299999713897705, 0.5920000076293945], hardness=[0.5559999942779541, 0.0, 0.8889999985694885, 1.0, 0.6669999957084656, 0.777999997138977, 0.22200000286102295, 0.3330000042915344, 0.11100000143051147, 0.4440000057220459], grew_per_class=[0, 0, 1, 1, 0, 1, 0, 0, 0, 0], pruned_per_class=[0, 0, 0, 0, 0, 0, 0, 0, 0, 0]
target_updates[[ 0  1  2  3  4  5  6  7  8  9 10 11 12 13 14 15 16 17 18 19 20 21 22 23
 24 25 26 27 28 29 30 31 32 33 34 35 36 37 38 39]]: [ 181 1066 1104 1069 1080    0    0    0    0    0    0    0    0    0
    0    0    0    0    0    0    0    0    0    0    0    0    0    0
    0    0    0    0    0    0    0    0    0    0    0    0]
ntarget_updates[[ 0  1  2  3  4  5  6  7  8  9 10 11 12 13 14 15 16 17 18 19 20 21 22 23
 24 25 26 27 28 29 30 31 32 33 34 35 36 37 38 39]]: [24237  4570  3134  4599  3960     0     0     0     0     0     0     0
     0     0     0     0     0     0     0     0     0     0     0     0
     0     0     0     0     0     0     0     0     0     0     0     0
     0     0     0     0]
thresholds[[ 0  1  2  3  4  5  6  7  8  9 10 11 12 13 14 15 16 17 18 19 20 21 22 23
 24 25 26 27 28 29 30 31 32 33 34 35 36 37 38 39]]: [1600. 1602. 1603. 1606. 1608. 1600. 1600. 1600. 1600. 1600. 1600. 1600.
 1600. 1600. 1600. 1600. 1600. 1600. 1600. 1600. 1600. 1600. 1600. 1600.
 1600. 1600. 1600. 1600. 1600. 1600. 1600. 1600. 1600. 1600. 1600. 1600.
 1600. 1600. 1600. 1600.]

target_updates[[40 41 42 43 44 45 46 47 48 49 50 51 52 53 54 55 56 57 58 59 60 61 62 63
 64 65 66 67 68 69 70 71 72 73 74 75 76 77 78 79]]: [  51 1106 1109 1114 1120    0    0    0    0    0    0    0    0    0
    0    0    0    0    0    0    0    0    0    0    0    0    0    0
    0    0    0    0    0    0    0    0    0    0    0    0]
ntarget_updates[[40 41 42 43 44 45 46 47 48 49 50 51 52 53 54 55 56 57 58 59 60 61 62 63
 64 65 66 67 68 69 70 71 72 73 74 75 76 77 78 79]]: [23246  4309  4385  4112  4448     0     0     0     0     0     0     0
     0     0     0     0     0     0     0     0     0     0     0     0
     0     0     0     0     0     0     0     0     0     0     0     0
     0     0     0     0]
thresholds[[40 41 42 43 44 45 46 47 48 49 50 51 52 53 54 55 56 57 58 59 60 61 62 63
 64 65 66 67 68 69 70 71 72 73 74 75 76 77 78 79]]: [1600. 1602. 1604. 1610. 1605. 1600. 1600. 1600. 1600. 1600. 1600. 1600.
 1600. 1600. 1600. 1600. 1600. 1600. 1600. 1600. 1600. 1600. 1600. 1600.
 1600. 1600. 1600. 1600. 1600. 1600. 1600. 1600. 1600. 1600. 1600. 1600.
 1600. 1600. 1600. 1600.]

target_updates[[ 80  81  82  83  84  85  86  87  88  89  90  91  92  93  94  95  96  97
  98  99 100 101 102 103 104 105 106 107 108 109 110 111 112 113 114 115
 116 117 118 119]]: [ 231 1054 1081 1077 1057    0    0    0    0    0    0    0    0    0
    0    0    0    0    0    0    0    0    0    0    0    0    0    0
    0    0    0    0    0    0    0    0    0    0    0    0]
ntarget_updates[[ 80  81  82  83  84  85  86  87  88  89  90  91  92  93  94  95  96  97
  98  99 100 101 102 103 104 105 106 107 108 109 110 111 112 113 114 115
 116 117 118 119]]: [19230  5471  5100  5277  5422     0     0     0     0     0     0     0
     0     0     0     0     0     0     0     0     0     0     0     0
     0     0     0     0     0     0     0     0     0     0     0     0
     0     0     0     0]
thresholds[[ 80  81  82  83  84  85  86  87  88  89  90  91  92  93  94  95  96  97
  98  99 100 101 102 103 104 105 106 107 108 109 110 111 112 113 114 115
 116 117 118 119]]: [1600. 1604. 1606. 1606. 1605. 1600. 1600. 1600. 1600. 1600. 1600. 1600.
 1600. 1600. 1600. 1600. 1600. 1600. 1600. 1600. 1600. 1600. 1600. 1600.
 1600. 1600. 1600. 1600. 1600. 1600. 1600. 1600. 1600. 1600. 1600. 1600.
 1600. 1600. 1600. 1600.]

target_updates[[120 121 122 123 124 125 126 127 128 129 130 131 132 133 134 135 136 137
 138 139 140 141 142 143 144 145 146 147 148 149 150 151 152 153 154 155
 156 157 158 159]]: [ 310 1078  950 1096 1066    0    0    0    0    0    0    0    0    0
    0    0    0    0    0    0    0    0    0    0    0    0    0    0
    0    0    0    0    0    0    0    0    0    0    0    0]
ntarget_updates[[120 121 122 123 124 125 126 127 128 129 130 131 132 133 134 135 136 137
 138 139 140 141 142 143 144 145 146 147 148 149 150 151 152 153 154 155
 156 157 158 159]]: [19763  4742  6508  4548  4939     0     0     0     0     0     0     0
     0     0     0     0     0     0     0     0     0     0     0     0
     0     0     0     0     0     0     0     0     0     0     0     0
     0     0     0     0]
thresholds[[120 121 122 123 124 125 126 127 128 129 130 131 132 133 134 135 136 137
 138 139 140 141 142 143 144 145 146 147 148 149 150 151 152 153 154 155
 156 157 158 159]]: [1600. 1602. 1606. 1604. 1603. 1600. 1600. 1600. 1600. 1600. 1600. 1600.
 1600. 1600. 1600. 1600. 1600. 1600. 1600. 1600. 1600. 1600. 1600. 1600.
 1600. 1600. 1600. 1600. 1600. 1600. 1600. 1600. 1600. 1600. 1600. 1600.
 1600. 1600. 1600. 1600.]

target_updates[[160 161 162 163 164 165 166 167 168 169 170 171 172 173 174 175 176 177
 178 179 180 181 182 183 184 185 186 187 188 189 190 191 192 193 194 195
 196 197 198 199]]: [ 228 1071 1083 1012 1106    0    0    0    0    0    0    0    0    0
    0    0    0    0    0    0    0    0    0    0    0    0    0    0
    0    0    0    0    0    0    0    0    0    0    0    0]
ntarget_updates[[160 161 162 163 164 165 166 167 168 169 170 171 172 173 174 175 176 177
 178 179 180 181 182 183 184 185 186 187 188 189 190 191 192 193 194 195
 196 197 198 199]]: [20524  5311  4481  6167  4017     0     0     0     0     0     0     0
     0     0     0     0     0     0     0     0     0     0     0     0
     0     0     0     0     0     0     0     0     0     0     0     0
     0     0     0     0]
thresholds[[160 161 162 163 164 165 166 167 168 169 170 171 172 173 174 175 176 177
 178 179 180 181 182 183 184 185 186 187 188 189 190 191 192 193 194 195
 196 197 198 199]]: [1600. 1604. 1604. 1607. 1604. 1600. 1600. 1600. 1600. 1600. 1600. 1600.
 1600. 1600. 1600. 1600. 1600. 1600. 1600. 1600. 1600. 1600. 1600. 1600.
 1600. 1600. 1600. 1600. 1600. 1600. 1600. 1600. 1600. 1600. 1600. 1600.
 1600. 1600. 1600. 1600.]

target_updates[[200 201 202 203 204 205 206 207 208 209 210 211 212 213 214 215 216 217
 218 219 220 221 222 223 224 225 226 227 228 229 230 231 232 233 234 235
 236 237 238 239]]: [ 173 1106 1090 1047 1084    0    0    0    0    0    0    0    0    0
    0    0    0    0    0    0    0    0    0    0    0    0    0    0
    0    0    0    0    0    0    0    0    0    0    0    0]
ntarget_updates[[200 201 202 203 204 205 206 207 208 209 210 211 212 213 214 215 216 217
 218 219 220 221 222 223 224 225 226 227 228 229 230 231 232 233 234 235
 236 237 238 239]]: [20547  4003  4807  6090  5053     0     0     0     0     0     0     0
     0     0     0     0     0     0     0     0     0     0     0     0
     0     0     0     0     0     0     0     0     0     0     0     0
     0     0     0     0]
thresholds[[200 201 202 203 204 205 206 207 208 209 210 211 212 213 214 215 216 217
 218 219 220 221 222 223 224 225 226 227 228 229 230 231 232 233 234 235
 236 237 238 239]]: [1600. 1606. 1606. 1600. 1604. 1600. 1600. 1600. 1600. 1600. 1600. 1600.
 1600. 1600. 1600. 1600. 1600. 1600. 1600. 1600. 1600. 1600. 1600. 1600.
 1600. 1600. 1600. 1600. 1600. 1600. 1600. 1600. 1600. 1600. 1600. 1600.
 1600. 1600. 1600. 1600.]

target_updates[[240 241 242 243 244 245 246 247 248 249 250 251 252 253 254 255 256 257
 258 259 260 261 262 263 264 265 266 267 268 269 270 271 272 273 274 275
 276 277 278 279]]: [ 104 1105 1091 1112 1088    0    0    0    0    0    0    0    0    0
    0    0    0    0    0    0    0    0    0    0    0    0    0    0
    0    0    0    0    0    0    0    0    0    0    0    0]
ntarget_updates[[240 241 242 243 244 245 246 247 248 249 250 251 252 253 254 255 256 257
 258 259 260 261 262 263 264 265 266 267 268 269 270 271 272 273 274 275
 276 277 278 279]]: [24576  3608  4184  3467  4665     0     0     0     0     0     0     0
     0     0     0     0     0     0     0     0     0     0     0     0
     0     0     0     0     0     0     0     0     0     0     0     0
     0     0     0     0]
thresholds[[240 241 242 243 244 245 246 247 248 249 250 251 252 253 254 255 256 257
 258 259 260 261 262 263 264 265 266 267 268 269 270 271 272 273 274 275
 276 277 278 279]]: [1600. 1605. 1603. 1602. 1606. 1600. 1600. 1600. 1600. 1600. 1600. 1600.
 1600. 1600. 1600. 1600. 1600. 1600. 1600. 1600. 1600. 1600. 1600. 1600.
 1600. 1600. 1600. 1600. 1600. 1600. 1600. 1600. 1600. 1600. 1600. 1600.
 1600. 1600. 1600. 1600.]

target_updates[[280 281 282 283 284 285 286 287 288 289 290 291 292 293 294 295 296 297
 298 299 300 301 302 303 304 305 306 307 308 309 310 311 312 313 314 315
 316 317 318 319]]: [ 154 1101 1105 1035 1105    0    0    0    0    0    0    0    0    0
    0    0    0    0    0    0    0    0    0    0    0    0    0    0
    0    0    0    0    0    0    0    0    0    0    0    0]
ntarget_updates[[280 281 282 283 284 285 286 287 288 289 290 291 292 293 294 295 296 297
 298 299 300 301 302 303 304 305 306 307 308 309 310 311 312 313 314 315
 316 317 318 319]]: [21292  4780  4270  6472  3686     0     0     0     0     0     0     0
     0     0     0     0     0     0     0     0     0     0     0     0
     0     0     0     0     0     0     0     0     0     0     0     0
     0     0     0     0]
thresholds[[280 281 282 283 284 285 286 287 288 289 290 291 292 293 294 295 296 297
 298 299 300 301 302 303 304 305 306 307 308 309 310 311 312 313 314 315
 316 317 318 319]]: [1600. 1608. 1607. 1604. 1601. 1600. 1600. 1600. 1600. 1600. 1600. 1600.
 1600. 1600. 1600. 1600. 1600. 1600. 1600. 1600. 1600. 1600. 1600. 1600.
 1600. 1600. 1600. 1600. 1600. 1600. 1600. 1600. 1600. 1600. 1600. 1600.
 1600. 1600. 1600. 1600.]

target_updates[[320 321 322 323 324 325 326 327 328 329 330 331 332 333 334 335 336 337
 338 339 340 341 342 343 344 345 346 347 348 349 350 351 352 353 354 355
 356 357 358 359]]: [ 118 1089 1115 1112 1066    0    0    0    0    0    0    0    0    0
    0    0    0    0    0    0    0    0    0    0    0    0    0    0
    0    0    0    0    0    0    0    0    0    0    0    0]
ntarget_updates[[320 321 322 323 324 325 326 327 328 329 330 331 332 333 334 335 336 337
 338 339 340 341 342 343 344 345 346 347 348 349 350 351 352 353 354 355
 356 357 358 359]]: [24964  4088  3130  3712  4606     0     0     0     0     0     0     0
     0     0     0     0     0     0     0     0     0     0     0     0
     0     0     0     0     0     0     0     0     0     0     0     0
     0     0     0     0]
thresholds[[320 321 322 323 324 325 326 327 328 329 330 331 332 333 334 335 336 337
 338 339 340 341 342 343 344 345 346 347 348 349 350 351 352 353 354 355
 356 357 358 359]]: [1600. 1607. 1604. 1610. 1604. 1600. 1600. 1600. 1600. 1600. 1600. 1600.
 1600. 1600. 1600. 1600. 1600. 1600. 1600. 1600. 1600. 1600. 1600. 1600.
 1600. 1600. 1600. 1600. 1600. 1600. 1600. 1600. 1600. 1600. 1600. 1600.
 1600. 1600. 1600. 1600.]

target_updates[[360 361 362 363 364 365 366 367 368 369 370 371 372 373 374 375 376 377
 378 379 380 381 382 383 384 385 386 387 388 389 390 391 392 393 394 395
 396 397 398 399]]: [  71 1102 1110 1107 1110    0    0    0    0    0    0    0    0    0
    0    0    0    0    0    0    0    0    0    0    0    0    0    0
    0    0    0    0    0    0    0    0    0    0    0    0]
ntarget_updates[[360 361 362 363 364 365 366 367 368 369 370 371 372 373 374 375 376 377
 378 379 380 381 382 383 384 385 386 387 388 389 390 391 392 393 394 395
 396 397 398 399]]: [23320  4449  3956  4408  4367     0     0     0     0     0     0     0
     0     0     0     0     0     0     0     0     0     0     0     0
     0     0     0     0     0     0     0     0     0     0     0     0
     0     0     0     0]
thresholds[[360 361 362 363 364 365 366 367 368 369 370 371 372 373 374 375 376 377
 378 379 380 381 382 383 384 385 386 387 388 389 390 391 392 393 394 395
 396 397 398 399]]: [1600. 1606. 1604. 1604. 1602. 1600. 1600. 1600. 1600. 1600. 1600. 1600.
 1600. 1600. 1600. 1600. 1600. 1600. 1600. 1600. 1600. 1600. 1600. 1600.
 1600. 1600. 1600. 1600. 1600. 1600. 1600. 1600. 1600. 1600. 1600. 1600.
 1600. 1600. 1600. 1600.]

=== Layer 0 ===
	Mean activate weights: 0.30000001192092896 +- 0.020899999886751175 (min:0.1889999955892563 ; max:0.4490000009536743)
	Min firing time: 0.8295846581459045 +- 0.026882674545049667
	Mean firing time: 0.9789875149726868 +- 0.003325323574244976
Accuracy on training set after epoch 1: 0.6199
Accuracy on validation set after epoch 1: 0.7088
Accuracy on test set after epoch 1: 0.6936
